-0.498 1.44109e-06 2.47658e-06
-0.496 6.11796e-06 1.18164e-05
-0.494 1.6285e-05 3.08662e-05
-0.492 3.91934e-05 6.23083e-05
-0.49 8.78675e-05 0.000108364
-0.488 0.000176649 0.000170361
-0.486 0.00031179 0.000248292
-0.484 0.0004808 0.000340543
-0.482 0.000646018 0.000443947
-0.48 0.000746917 0.000554195
-0.478 0.000712913 0.000666498
-0.476 0.00048505 0.000776287
-0.474 4.14709e-05 0.000879704
-0.472 -0.000581908 0.000973735
-0.47 -0.00128575 0.00105599
-0.468 -0.00192397 0.0011243
-0.466 -0.00234197 0.00117657
-0.464 -0.00242564 0.00121095
-0.462 -0.0021442 0.00122674
-0.46 -0.00157042 0.00122561
-0.458 -0.000870281 0.00121281
-0.456 -0.000263843 0.0011978
-0.454 3.30121e-05 0.0011938
-0.452 -0.000127186 0.00121612
-0.45 -0.000769427 0.00127957
-0.448 -0.00177071 0.00139538
-0.446 -0.00287808 0.00156862
-0.444 -0.00377221 0.00179669
-0.442 -0.00415932 0.00206947
-0.44 -0.00385984 0.00237103
-0.438 -0.0028605 0.00268209
-0.436 -0.00131217 0.0029823
-0.434 0.000521415 0.00325118
-0.432 0.00234024 0.00346764
-0.43 0.00388398 0.00360862
-0.428 0.00498891 0.00364816
-0.426 0.00561488 0.00355831
-0.424 0.0058348 0.00331297
-0.422 0.00578475 0.00289455
-0.42 0.00558619 0.00230235
-0.418 0.00526708 0.00156029
-0.416 0.00471581 0.000721413
-0.414 0.00369271 -0.000133253
-0.412 0.00189835 -0.000902448
-0.41 -0.000928513 -0.00147851
-0.408 -0.00492071 -0.00176476
-0.406 -0.0100262 -0.00169258
-0.404 -0.015995 -0.00123385
-0.402 -0.0224111 -0.000405799
-0.4 -0.0287658 0.000732871
-0.398 -0.0345562 0.00209309
-0.396 -0.0393725 0.00357038
-0.394 -0.0429376 0.0050594
-0.392 -0.0450821 0.00646383
-0.39 -0.0456779 0.00769948
-0.388 -0.0445764 0.00869091
-0.386 -0.0415953 0.009365
-0.384 -0.0365675 0.00964643
-0.382 -0.0294339 0.00945958
-0.38 -0.0203471 0.00873951
-0.378 -0.00975833 0.00745093
-0.376 0.00153265 0.00561073
-0.374 0.0123926 0.00330687
-0.372 0.0214692 0.000705644
-0.37 0.0274163 -0.00195818
-0.368 0.0291884 -0.00440977
-0.366 0.0263121 -0.00637676
-0.364 0.0190411 -0.00763643
-0.362 0.00834584 -0.00805572
-0.36 -0.00424741 -0.00761347
-0.358 -0.016922 -0.00639868
-0.356 -0.0278845 -0.00458523
-0.354 -0.035677 -0.00238936
-0.352 -0.0394293 -2.11279e-05
-0.35 -0.0389892 0.00235766
-0.348 -0.0348865 0.00465812
-0.346 -0.028136 0.00686535
-0.344 -0.0199501 0.00901724
-0.342 -0.0114601 0.0111693
-0.34 -0.00352141 0.0133586
-0.338 0.00337624 0.015579
-0.336 0.0091051 0.0177756
-0.334 0.0138125 0.0198575
-0.332 0.0177647 0.0217229
-0.33 0.0211667 0.0232848
-0.328 0.0240318 0.0244879
-0.326 0.0261633 0.0253086
-0.324 0.0272465 0.0257387
-0.322 0.0269828 0.025757
-0.32 0.0251826 0.0252999
-0.318 0.0217869 0.0242428
-0.316 0.0168578 0.0224031
-0.314 0.0105972 0.0195699
-0.312 0.00339794 0.0155546
-0.31 -0.00413313 0.0102532
-0.308 -0.011239 0.00370191
-0.306 -0.0171594 -0.00388746
-0.304 -0.0212983 -0.0121248
-0.302 -0.0233476 -0.0204731
-0.3 -0.0233461 -0.0283101
-0.298 -0.0217044 -0.0350047
-0.296 -0.0192192 -0.0399947
-0.294 -0.0170448 -0.0428477
-0.292 -0.0165393 -0.0432979
-0.29 -0.0189419 -0.0412573
-0.288 -0.0249525 -0.0368088
-0.286 -0.034386 -0.030192
-0.284 -0.0460594 -0.021788
-0.282 -0.0579646 -0.0121063
-0.28 -0.0676587 -0.00176916
-0.278 -0.0727577 0.00851589
-0.276 -0.0714492 0.0180014
-0.274 -0.0629655 0.0259668
-0.272 -0.0479341 0.0318032
-0.27 -0.0284678 0.0351048
-0.268 -0.00784586 0.0357486
-0.266 0.010245 0.0339421
-0.264 0.0227318 0.0302196
-0.262 0.0280768 0.0253782
-0.26 0.02673 0.0203618
-0.258 0.0209391 0.0161132
-0.256 0.0140311 0.0134264
-0.254 0.00944826 0.0128302
-0.252 0.00980664 0.0145254
-0.25 0.016137 0.0183838
-0.248 0.0274142 0.0239994
-0.246 0.0405161 0.0307716
-0.244 0.0507718 0.0379963
-0.242 0.0531448 0.0449398
-0.24 0.0438083 0.0508875
-0.238 0.0215835 0.055166
-0.236 -0.0113362 0.0571546
-0.234 -0.0496759 0.0563063
-0.232 -0.0862499 0.0521968
-0.23 -0.113592 0.0446083
-0.228 -0.125603 0.0336336
-0.226 -0.118911 0.0197696
-0.224 -0.0937486 0.00396225
-0.222 -0.0541262 -0.0124294
-0.22 -0.00713363 -0.0277619
-0.218 0.038643 -0.040318
-0.216 0.0752269 -0.0485654
-0.214 0.0972284 -0.0514136
-0.212 0.103048 -0.0484118
-0.21 0.0949618 -0.0398402
-0.208 0.0781821 -0.0266691
-0.206 0.0592473 -0.0103884
-0.204 0.0442006 0.00725236
-0.202 0.0369505 0.0245354
-0.2 0.0381671 0.0400299
-0.198 0.0450235 0.052759
-0.196 0.0519552 0.0622548
-0.194 0.0523085 0.0685105
-0.192 0.040414 0.0718663
-0.19 0.0134583 0.0728787
-0.188 -0.0273817 0.0722194
-0.186 -0.0768423 0.0706307
-0.184 -0.126543 0.0689348
-0.182 -0.166805 0.0680668
-0.18 -0.18891 0.0690841
-0.178 -0.18726 0.0731081
-0.176 -0.160886 0.081178
-0.174 -0.113899 0.0940301
-0.172 -0.0547308 0.111849
-0.17 0.00564729 0.134056
-0.168 0.0560987 0.159211
-0.166 0.0877981 0.185067
-0.164 0.0962901 0.208806
-0.162 0.0826098 0.227415
-0.16 0.0530612 0.23814
-0.158 0.0176022 0.238927
-0.156 -0.0127385 0.228763
-0.154 -0.0286595 0.207829
-0.152 -0.0248369 0.177466
-0.15 -0.00112354 0.139944
-0.148 0.0374724 0.0981062
-0.146 0.0819301 0.0549809
-0.144 0.121234 0.0134411
-0.142 0.144918 -0.0240269
-0.14 0.145621 -0.0554268
-0.138 0.121004 -0.0792538
-0.136 0.0744051 -0.0944426
-0.134 0.0139908 -0.100314
-0.132 -0.0493022 -0.0965484
-0.13 -0.104393 -0.0831999
-0.128 -0.142555 -0.0607172
-0.126 -0.159252 -0.0299519
-0.124 -0.154962 0.00789256
-0.122 -0.13483 0.051392
-0.12 -0.10718 0.0991121
-0.118 -0.0812338 0.14986
-0.116 -0.0646215 0.202907
-0.114 -0.0614632 0.258101
-0.112 -0.0716232 0.315812
-0.11 -0.0913022 0.376697
-0.108 -0.114606 0.441318
-0.106 -0.135451 0.509713
-0.104 -0.149218 0.581006
-0.102 -0.153807 0.653175
-0.1 -0.149906 0.723005
-0.098 -0.140471 0.786267
-0.096 -0.129493 0.838081
-0.094 -0.120353 0.873388
-0.092 -0.114276 0.887443
-0.09 -0.109508 0.876264
-0.088 -0.101741 0.836979
-0.086 -0.0857664 0.768067
-0.084 -0.0577845 0.669546
-0.082 -0.0174152 0.543111
-0.08 0.0313997 0.392273
-0.078 0.0809373 0.222454
-0.076 0.121438 0.0410009
-0.074 0.143483 -0.142964
-0.072 0.140396 -0.318913
-0.07 0.110166 -0.475545
-0.068 0.0564093 -0.601682
-0.066 -0.0121352 -0.687333
-0.064 -0.0837826 -0.724801
-0.062 -0.147345 -0.709622
-0.06 -0.195739 -0.64116
-0.058 -0.22842 -0.522697
-0.056 -0.251746 -0.360979
-0.054 -0.277111 -0.165276
-0.052 -0.317455 0.05386
-0.05 -0.38312 0.285939
-0.048 -0.47803 0.521724
-0.046 -0.597125 0.754123
-0.044 -0.725898 0.978683
-0.042 -0.842679 1.19371
-0.04 -0.923505 1.40008
-0.038 -0.948369 1.601
-0.036 -0.906844 1.80161
-0.034 -0.801236 2.00869
-0.032 -0.646264 2.23034
-0.03 -0.46538 2.47546
-0.028 -0.284651 2.75312
-0.026 -0.125571 3.07158
-0.024 0.00148739 3.43711
-0.022 0.101398 3.85278
-0.02 0.194373 4.31727
-0.018 0.311382 4.82408
-0.016 0.485718 5.36132
-0.014 0.743002 5.91211
-0.012 1.09242 6.45571
-0.01 1.52144 6.96915
-0.008 1.99524 7.42909
-0.006 2.46105 7.81368
-0.004 2.85693 8.10419
-0.002 3.12359 8.28627
0 3.21678 8.35083
0.002 3.11735 8.29447
0.004 2.83596 8.11975
0.006 2.41116 7.83505
0.008 1.90131 7.4541
0.01 1.37273 6.99525
0.012 0.88699 6.48018
0.014 0.489985 5.93231
0.016 0.204763 5.37496
0.018 0.0293182 4.82939
0.02 -0.0601136 4.31315
0.022 -0.100981 3.83888
0.024 -0.133635 3.41384
0.026 -0.190747 3.04004
0.028 -0.28969 2.71504
0.03 -0.429578 2.43307
0.032 -0.593223 2.18625
0.034 -0.752963 1.96576
0.036 -0.878677 1.76272
0.038 -0.945967 1.56887
0.04 -0.942536 1.37706
0.042 -0.871159 1.18157
0.044 -0.748537 0.978495
0.046 -0.600545 0.766136
0.048 -0.455434 0.545352
0.05 -0.336959 0.319802
0.052 -0.259176 0.0959073
0.054 -0.223996 -0.117595
0.056 -0.221871 -0.31051
0.058 -0.235304 -0.472376
0.06 -0.244292 -0.59382
0.062 -0.232251 -0.667832
0.064 -0.190748 -0.690741
0.066 -0.121626 -0.662718
0.068 -0.0359871 -0.587721
0.07 0.0494222 -0.472925
0.072 0.117119 -0.327783
0.074 0.15359 -0.162921
0.076 0.152585 0.0109263
0.078 0.116328 0.183784
0.08 0.05453 0.34702
0.082 -0.0184052 0.493655
0.084 -0.0872526 0.618436
0.086 -0.139875 0.717774
0.088 -0.170064 0.78963
0.09 -0.178475 0.833396
0.092 -0.171421 0.84982
0.094 -0.158032 0.840915
0.096 -0.1468 0.809834
0.098 -0.142681 0.760633
0.1 -0.145668 0.697922
0.102 -0.151179 0.626414
0.104 -0.151984 0.550461
0.106 -0.140924 0.473635
0.108 -0.113582 0.398476
0.11 -0.0701487 0.326433
0.112 -0.0159709 0.258028
0.114 0.0394897 0.193178
0.116 0.0851116 0.131604
0.118 0.111358 0.0732199
0.12 0.113287 0.0184055
0.122 0.0922364 -0.0318931
0.124 0.0555168 -0.076247
0.126 0.0141518 -0.112974
0.128 -0.0205041 -0.140441
0.13 -0.0401143 -0.157354
0.132 -0.0416723 -0.162963
0.134 -0.0282326 -0.157171
0.136 -0.0079644 -0.14053
0.138 0.00823507 -0.114171
0.14 0.0100496 -0.0797058
0.142 -0.0088333 -0.039119
0.144 -0.048201 0.0053132
0.146 -0.10064 0.0510994
0.148 -0.15317 0.0956154
0.15 -0.190851 0.136224
0.152 -0.201258 0.17045
0.154 -0.178357 0.196214
0.156 -0.124568 0.212081
0.158 -0.0504519 0.217493
0.16 0.0278121 0.212895
0.162 0.0924029 0.199721
0.164 0.128294 0.180218
0.166 0.127081 0.157125
0.168 0.0892366 0.133277
0.17 0.0241555 0.111201
0.172 -0.0522009 0.0927915
0.174 -0.121511 0.0791136
0.176 -0.167999 0.0703682
0.178 -0.182563 0.0660044
0.18 -0.1649 0.0649407
0.182 -0.123089 0.0658292
0.184 -0.0709262 0.0672961
0.186 -0.0238951 0.0681128
0.188 0.00510102 0.0672839
0.19 0.00920104 0.0640707
0.192 -0.0105945 0.0579845
0.194 -0.0457475 0.0487832
0.196 -0.0826596 0.0364925
0.198 -0.10668 0.0214491
0.2 -0.106464 0.00435083
0.202 -0.0773261 -0.0137175
0.204 -0.022564 -0.031314
0.206 0.0474963 -0.0467486
0.208 0.118273 -0.0582743
0.21 0.174616 -0.064339
0.212 0.204473 -0.0638488
0.214 0.20176 -0.0563834
0.216 0.167801 -0.0423089
0.218 0.110958 -0.0227586
0.22 0.0444394 0.000518447
0.222 -0.0171461 0.0254083
0.224 -0.0614544 0.0497295
0.226 -0.0811937 0.0715188
0.228 -0.0753323 0.0892539
0.23 -0.0486553 0.101981
0.232 -0.0100797 0.109338
0.234 0.0296994 0.111487
0.236 0.060712 0.108993
0.238 0.0759079 0.102679
0.24 0.0725907 0.0935103
0.242 0.0527189 0.0824997
0.244 0.0219996 0.0706561
0.246 -0.0118902 0.0589431
0.248 -0.0413326 0.0482392
0.25 -0.0604528 0.039288
0.252 -0.0661252 0.0326344
0.254 -0.0582769 0.0285579
0.256 -0.0396255 0.0270156
0.258 -0.0149927 0.0276174
0.26 0.00970179 0.0296499
0.262 0.0286244 0.032161
0.264 0.0371674 0.0340972
0.266 0.0327885 0.0344687
0.268 0.0154011 0.0325076
0.27 -0.0126846 0.0277835
0.272 -0.0471767 0.0202572
0.274 -0.0824917 0.0102671
0.276 -0.11267 -0.00153982
0.278 -0.132443 -0.014313
0.28 -0.138281 -0.0271167
0.282 -0.129177 -0.039041
0.284 -0.106937 -0.049287
0.286 -0.0758445 -0.0572197
0.288 -0.04177 -0.0623887
0.29 -0.0109152 -0.0645267
0.292 0.0115149 -0.0635399
0.294 0.0224191 -0.0594986
0.296 0.0214398 -0.052631
0.298 0.0109824 -0.0433167
0.3 -0.00442333 -0.0320719
0.302 -0.0193004 -0.0195195
0.304 -0.0286602 -0.00634235
0.306 -0.0293073 0.00677542
0.308 -0.0206425 0.0192122
0.31 -0.00473425 0.030464
0.312 0.0143492 0.0401792
0.314 0.0317396 0.0481665
0.316 0.0431534 0.0543727
0.318 0.0460773 0.058839
0.32 0.0404365 0.0616491
0.322 0.0285633 0.0628837
0.324 0.0144631 0.0625948
0.326 0.00257828 0.060804
0.328 -0.00357451 0.0575236
0.33 -0.00245804 0.0527906
0.332 0.00506887 0.0467021
0.334 0.0160732 0.039441
0.336 0.0264683 0.0312818
0.338 0.0322332 0.0225765
0.34 0.0305834 0.0137229
0.342 0.0207908 0.00512431
0.344 0.00443866 -0.00284788
0.346 -0.0149743 -0.00988213
0.348 -0.0330006 -0.0157393
0.35 -0.0455128 -0.0202517
0.352 -0.0498726 -0.023314
0.354 -0.0456188 -0.0248728
0.356 -0.0344784 -0.0249209
0.358 -0.01976 -0.0235015
0.36 -0.00537816 -0.0207189
0.362 0.00518444 -0.0167519
0.364 0.0097212 -0.0118617
0.366 0.00777891 -0.00638682
0.368 0.000666138 -0.000721363
0.37 -0.00902157 0.00472139
0.372 -0.0182399 0.00955489
0.374 -0.0244322 0.013465
0.376 -0.0262393 0.0162468
0.378 -0.023751 0.0178249
0.38 -0.0182669 0.0182538
0.382 -0.0117278 0.0176983
0.384 -0.00605641 0.0163994
0.386 -0.00260804 0.0146321
0.388 -0.00184645 0.0126668
0.39 -0.00328809 0.0107386
0.392 -0.0057189 0.00903015
0.394 -0.0076318 0.00766592
0.396 -0.00775378 0.00671495
0.398 -0.00547459 0.00619807
0.4 -0.00101556 0.00609596
0.402 0.00470908 0.00635604
0.404 0.0104501 0.00689789
0.406 0.0150355 0.00761813
0.408 0.0176866 0.00839637
0.41 0.0181658 0.00910416
0.412 0.0167528 0.00961719
0.414 0.0140915 0.00982996
0.416 0.0109582 0.00967018
0.418 0.00801647 0.00910937
0.42 0.00563548 0.008167
0.422 0.00383394 0.00690692
0.424 0.00236626 0.00542691
0.426 0.000906245 0.00384372
0.428 -0.000758594 0.00227664
0.43 -0.0026059 0.000832541
0.432 -0.00437333 -0.000405247
0.434 -0.00565846 -0.00138302
0.436 -0.00607481 -0.00207744
0.438 -0.00540294 -0.00249195
0.44 -0.00368497 -0.00265043
0.442 -0.00123313 -0.00259009
0.444 0.00144879 -0.0023551
0.446 0.00380472 -0.00199175
0.448 0.0053801 -0.00154521
0.45 0.0059402 -0.0010575
0.452 0.00551614 -0.000566179
0.454 0.00436838 -0.000103207
0.456 0.00288559 0.000305955
0.458 0.00145711 0.000643204
0.46 0.000362599 0.00089833
0.462 -0.000287057 0.001069
0.464 -0.000544605 0.00115998
0.466 -0.00056829 0.00118154
0.468 -0.000539681 0.00114724
0.47 -0.00059054 0.00107164
0.472 -0.000762984 0.000968318
0.474 -0.00101124 0.000848698
0.476 -0.00123739 0.00072171
0.478 -0.00134253 0.000594128
0.48 -0.00127167 0.00047123
0.482 -0.00103516 0.000357399
0.484 -0.00070062 0.000256422
0.486 -0.000361645 0.000171396
0.488 -9.90762e-05 0.000104355
0.49 4.76411e-05 5.58211e-05
0.492 8.75924e-05 2.45462e-05
0.494 6.36127e-05 7.59606e-06
0.496 2.51974e-05 8.29364e-07
0.498 3.41863e-06 -3.31545e-07
0.4 0.0249396 0.860994
0.8 0.0251849 0.860443
1.2 0.0255904 0.859529
1.6 0.0261513 0.858259
2 0.026861 0.856642
2.4 0.027711 0.854689
2.8 0.0286916 0.852415
3.2 0.0297915 0.849834
3.6 0.0309983 0.846964
4 0.0322988 0.843824
4.4 0.0336789 0.840433
4.8 0.0351242 0.836813
5.2 0.0366201 0.832984
5.6 0.0381522 0.828969
6 0.0397063 0.824788
6.4 0.0412686 0.820464
6.8 0.0428263 0.816017
7.2 0.0443677 0.811467
7.6 0.045882 0.806832
8 0.0473599 0.802132
8.4 0.0487934 0.797381
8.8 0.0501763 0.792596
9.2 0.0515037 0.78779
9.6 0.0527725 0.782974
10 0.0539813 0.778159
10.4 0.0551301 0.773355
10.8 0.0562205 0.768569
11.2 0.0572557 0.763806
11.6 0.0582399 0.759071
12 0.0591786 0.754369
12.4 0.0600784 0.749702
12.8 0.0609465 0.745072
13.2 0.0617907 0.74048
13.6 0.0626194 0.735927
14 0.0634411 0.731413
14.4 0.0642642 0.726938
14.8 0.0650971 0.722503
15.2 0.0659477 0.718108
15.6 0.0668233 0.713753
16 0.0677306 0.709438
16.4 0.0686754 0.705166
16.8 0.0696626 0.700937
17.2 0.0706961 0.696753
17.6 0.0717785 0.692617
18 0.0729115 0.688532
18.4 0.0740956 0.6845
18.8 0.07533 0.680525
19.2 0.076613 0.67661
19.6 0.0779419 0.67276
20 0.079313 0.668979
20.4 0.0807216 0.66527
20.8 0.0821626 0.661637
21.2 0.0836302 0.658084
21.6 0.085118 0.654613
22 0.0866195 0.651229
22.4 0.088128 0.647932
22.8 0.0896368 0.644725
23.2 0.0911391 0.641609
23.6 0.0926288 0.638584
24 0.0940997 0.63565
24.4 0.0955465 0.632805
24.8 0.0969643 0.630049
25.2 0.0983487 0.627378
25.6 0.0996962 0.624789
26 0.101004 0.622279
26.4 0.10227 0.619843
26.8 0.103493 0.617477
27.2 0.104672 0.615176
27.6 0.105808 0.612933
28 0.1069 0.610743
28.4 0.107951 0.608602
28.8 0.108961 0.606502
29.2 0.109934 0.604438
29.6 0.11087 0.602404
30 0.111774 0.600396
30.4 0.112647 0.598409
30.8 0.113491 0.596438
31.2 0.11431 0.594478
31.6 0.115105 0.592527
32 0.115879 0.590582
32.4 0.116633 0.588639
32.8 0.117368 0.586697
33.2 0.118084 0.584755
33.6 0.118783 0.582812
34 0.119465 0.580868
34.4 0.120128 0.578923
34.8 0.120771 0.576977
35.2 0.121395 0.575032
35.6 0.121996 0.573089
36 0.122575 0.57115
36.4 0.123128 0.569216
36.8 0.123654 0.567291
37.2 0.124153 0.565375
37.6 0.124622 0.563473
38 0.125061 0.561585
38.4 0.125469 0.559715
38.8 0.125846 0.557864
39.2 0.126194 0.556035
39.6 0.126513 0.554229
40 0.126807 0.552449
40.4 0.127077 0.550696
40.8 0.127329 0.548971
41.2 0.127566 0.547275
41.6 0.127794 0.54561
42 0.12802 0.543975
42.4 0.128249 0.542371
42.8 0.128491 0.540798
43.2 0.128752 0.539255
43.6 0.129041 0.537742
44 0.129366 0.536258
44.4 0.129736 0.534802
44.8 0.130159 0.533371
45.2 0.130642 0.531964
45.6 0.131193 0.53058
46 0.131819 0.529215
46.4 0.132524 0.527867
46.8 0.133314 0.526534
47.2 0.134191 0.525211
47.6 0.135158 0.523896
48 0.136214 0.522585
48.4 0.137358 0.521274
48.8 0.138587 0.519959
49.2 0.139897 0.518636
49.6 0.14128 0.5173
50 0.142729 0.515946
50.4 0.144233 0.51457
50.8 0.145782 0.513168
51.2 0.147363 0.511733
51.6 0.148963 0.510261
52 0.150565 0.508747
52.4 0.152156 0.507187
52.8 0.153718 0.505574
53.2 0.155235 0.503906
53.6 0.156691 0.502176
54 0.158071 0.500382
54.4 0.159358 0.498519
54.8 0.160539 0.496583
55.2 0.161599 0.494572
55.6 0.162528 0.492483
56 0.163314 0.490313
56.4 0.16395 0.488062
56.8 0.164429 0.485729
57.2 0.164747 0.483314
57.6 0.164902 0.480816
58 0.164895 0.478237
58.4 0.164729 0.47558
58.8 0.164409 0.472846
59.2 0.163943 0.470039
59.6 0.163341 0.467164
60 0.162615 0.464223
60.4 0.161778 0.461223
60.8 0.160847 0.458169
61.2 0.159838 0.455067
61.6 0.15877 0.451924
62 0.157661 0.448745
62.4 0.156531 0.445537
62.8 0.155399 0.442307
63.2 0.154286 0.439061
63.6 0.15321 0.435805
64 0.15219 0.432544
64.4 0.151243 0.429284
64.8 0.150386 0.426028
65.2 0.149631 0.42278
65.6 0.148993 0.419541
66 0.148482 0.416314
66.4 0.148106 0.413098
66.8 0.147871 0.409891
67.2 0.147782 0.406692
67.6 0.147841 0.403495
68 0.148046 0.400295
68.4 0.148394 0.397085
68.8 0.148881 0.393857
69.2 0.1495 0.3906
69.6 0.150242 0.387303
70 0.151096 0.383954
70.4 0.152051 0.380539
70.8 0.153093 0.377044
71.2 0.154209 0.373454
71.6 0.155385 0.369753
72 0.156604 0.365924
72.4 0.157853 0.361952
72.8 0.159116 0.357821
73.2 0.160378 0.353515
73.6 0.161627 0.34902
74 0.16285 0.344321
74.4 0.164033 0.339406
74.8 0.165166 0.334264
75.2 0.16624 0.328885
75.6 0.167246 0.323262
76 0.168177 0.317389
76.4 0.169029 0.311264
76.8 0.169796 0.304886
77.2 0.170477 0.298257
77.6 0.17107 0.291382
78 0.171576 0.284268
78.4 0.171994 0.276926
78.8 0.172329 0.269368
79.2 0.172582 0.26161
79.6 0.172758 0.25367
80 0.172861 0.245568
80.4 0.172897 0.237326
80.8 0.17287 0.228969
81.2 0.172785 0.220523
81.6 0.172649 0.212015
82 0.172467 0.203474
82.4 0.172244 0.194928
82.8 0.171984 0.186407
83.2 0.171692 0.17794
83.6 0.171373 0.169557
84 0.171029 0.161286
84.4 0.170664 0.153156
84.8 0.17028 0.145191
85.2 0.169879 0.137417
85.6 0.169463 0.129856
86 0.169031 0.12253
86.4 0.168585 0.115456
86.8 0.168125 0.108651
87.2 0.16765 0.102128
87.6 0.167158 0.095897
88 0.16665 0.0899662
88.4 0.166124 0.0843406
88.8 0.165579 0.0790225
89.2 0.165012 0.0740116
89.6 0.164423 0.0693049
90 0.163809 0.0648973
90.4 0.163169 0.0607811
90.8 0.1625 0.0569471
91.2 0.161802 0.0533838
91.6 0.161072 0.0500787
92 0.160308 0.0470176
92.4 0.159509 0.0441858
92.8 0.158673 0.0415677
93.2 0.157798 0.0391472
93.6 0.156882 0.0369086
94 0.155923 0.0348359
94.4 0.154919 0.0329139
94.8 0.153868 0.0311279
95.2 0.152769 0.0294643
95.6 0.151618 0.0279104
96 0.150415 0.0264552
96.4 0.149156 0.0250887
96.8 0.147841 0.0238027
97.2 0.146467 0.0225906
97.6 0.145032 0.0214475
98 0.143536 0.02037
98.4 0.141977 0.0193567
98.8 0.140354 0.0184074
99.2 0.138668 0.0175237
99.6 0.136919 0.0167085
100 0.135108 0.0159661
100.4 0.133236 0.0153018
100.8 0.131308 0.0147218
101.2 0.129324 0.0142332
101.6 0.127292 0.0138436
102 0.125214 0.0135608
102.4 0.123099 0.013393
102.8 0.120953 0.013348
103.2 0.118783 0.0134336
103.6 0.1166 0.0136569
104 0.114413 0.0140244
104.4 0.112232 0.0145416
104.8 0.110069 0.0152132
105.2 0.107935 0.0160424
105.6 0.105842 0.0170314
106 0.103803 0.0181808
106.4 0.101829 0.0194898
106.8 0.0999316 0.0209561
107.2 0.0981231 0.0225758
107.6 0.0964138 0.0243434
108 0.0948138 0.0262521
108.4 0.093332 0.0282935
108.8 0.0919759 0.0304577
109.2 0.0907518 0.0327338
109.6 0.0896644 0.0351097
110 0.0887167 0.0375721
110.4 0.0879097 0.040107
110.8 0.0872426 0.0427
111.2 0.0867128 0.0453358
111.6 0.0863153 0.0479991
112 0.0860434 0.0506747
112.4 0.0858885 0.0533472
112.8 0.0858399 0.0560018
113.2 0.0858855 0.0586241
113.6 0.0860114 0.0612006
114 0.0862024 0.0637186
114.4 0.0864421 0.0661667
114.8 0.0867133 0.0685344
115.2 0.0869978 0.0708129
115.6 0.0872775 0.0729947
116 0.0875339 0.0750737
116.4 0.0877488 0.0770458
116.8 0.0879044 0.078908
117.2 0.087984 0.0806595
117.6 0.0879718 0.0823006
118 0.0878533 0.0838334
118.4 0.0876156 0.0852613
118.8 0.0872479 0.0865893
119.2 0.086741 0.0878233
119.6 0.0860882 0.0889705
120 0.0852849 0.090039
120.4 0.0843288 0.0910374
120.8 0.08322 0.091975
121.2 0.0819612 0.0928614
121.6 0.0805569 0.0937064
122 0.0790142 0.0945194
122.4 0.0773421 0.0953099
122.8 0.0755515 0.0960866
123.2 0.0736549 0.0968578
123.6 0.0716663 0.0976307
124 0.069601 0.0984116
124.4 0.0674748 0.0992058
124.8 0.0653045 0.100017
125.2 0.0631069 0.100849
125.6 0.060899 0.101701
126 0.0586975 0.102575
126.4 0.0565183 0.103469
126.8 0.0543767 0.104379
127.2 0.0522868 0.105302
127.6 0.0502616 0.106233
128 0.0483125 0.107165
128.4 0.0464492 0.108091
128.8 0.04468 0.109002
129.2 0.0430113 0.10989
129.6 0.0414477 0.110745
130 0.0399923 0.111557
130.4 0.0386461 0.112318
130.8 0.0374089 0.113017
131.2 0.036279 0.113644
131.6 0.0352532 0.114191
132 0.0343275 0.11465
132.4 0.0334968 0.115013
132.8 0.0327554 0.115274
133.2 0.0320973 0.115426
133.6 0.0315161 0.115466
134 0.0310055 0.115391
134.4 0.0305595 0.115198
134.8 0.0301725 0.114887
135.2 0.0298396 0.114459
135.6 0.0295565 0.113917
136 0.02932 0.113263
136.4 0.0291278 0.112502
136.8 0.0289785 0.11164
137.2 0.0288721 0.110684
137.6 0.0288093 0.109641
138 0.0287919 0.10852
138.4 0.0288226 0.107331
138.8 0.0289047 0.106082
139.2 0.0290424 0.104783
139.6 0.0292399 0.103446
140 0.0295019 0.102079
140.4 0.0298329 0.100694
140.8 0.0302373 0.0992998
141.2 0.0307187 0.0979064
141.6 0.0312805 0.0965229
142 0.0319246 0.0951578
142.4 0.0326523 0.0938192
142.8 0.0334633 0.0925142
143.2 0.0343558 0.0912494
143.6 0.0353268 0.0900305
144 0.0363712 0.0888626
144.4 0.0374827 0.0877496
144.8 0.038653 0.0866951
145.2 0.0398725 0.0857014
145.6 0.0411296 0.0847705
146 0.042412 0.0839034
146.4 0.0437055 0.0831005
146.8 0.0449955 0.0823617
147.2 0.0462663 0.0816862
147.6 0.0475017 0.0810728
148 0.0486856 0.0805197
148.4 0.0498018 0.0800248
148.8 0.0508345 0.0795856
149.2 0.0517688 0.0791992
149.6 0.0525906 0.0788627
150 0.0532874 0.0785725
150.4 0.0538481 0.0783253
150.8 0.0542635 0.078117
151.2 0.0545266 0.0779439
151.6 0.0546324 0.0778016
152 0.0545783 0.0776859
152.4 0.0543641 0.0775922
152.8 0.0539922 0.0775157
153.2 0.0534673 0.0774516
153.6 0.0527964 0.0773946
154 0.051989 0.0773396
154.4 0.0510564 0.0772809
154.8 0.050012 0.0772129
155.2 0.0488707 0.0771297
155.6 0.0476488 0.0770253
156 0.0463636 0.0768935
156.4 0.0450333 0.076728
156.8 0.0436764 0.0765225
157.2 0.0423114 0.0762706
157.6 0.0409565 0.0759659
158 0.0396295 0.0756023
158.4 0.038347 0.0751737
158.8 0.0371246 0.0746742
159.2 0.0359762 0.0740983
159.6 0.0349141 0.0734408
160 0.0339488 0.0726972
160.4 0.0330886 0.0718632
160.8 0.0323397 0.0709354
161.2 0.0317059 0.069911
161.6 0.0311892 0.068788
162 0.030789 0.0675652
162.4 0.0305029 0.0662422
162.8 0.0303263 0.0648196
163.2 0.030253 0.063299
163.6 0.0302749 0.0616829
164 0.0303827 0.0599746
164.4 0.030566 0.0581787
164.8 0.0308135 0.0563003
165.2 0.0311132 0.0543458
165.6 0.0314527 0.0523222
166 0.0318199 0.0502372
166.4 0.0322026 0.0480993
166.8 0.0325892 0.0459176
167.2 0.0329688 0.0437016
167.6 0.0333314 0.0414613
168 0.0336683 0.0392069
168.4 0.0339718 0.0369488
168.8 0.0342357 0.0346974
169.2 0.0344553 0.032463
169.6 0.0346274 0.0302557
170 0.0347502 0.0280855
170.4 0.0348236 0.0259615
170.8 0.0348487 0.0238928
171.2 0.034828 0.0218876
171.6 0.0347653 0.0199533
172 0.0346654 0.0180968
172.4 0.0345341 0.016324
172.8 0.0343778 0.0146399
173.2 0.0342034 0.0130487
173.6 0.0340184 0.0115536
174 0.0338301 0.0101567
174.4 0.0336459 0.00885961
174.8 0.0334731 0.00766258
175.2 0.0333184 0.00656521
175.6 0.033188 0.00556622
176 0.0330873 0.00466356
176.4 0.0330209 0.00385446
176.8 0.0329926 0.0031355
177.2 0.0330049 0.0025027
177.6 0.0330595 0.0019516
178 0.033157 0.00147732
178.4 0.0332966 0.00107467
178.8 0.0334769 0.000738213
179.2 0.0336951 0.000462379
179.6 0.0339476 0.000241513
180 0.03423 6.99683e-05
180.4 0.0345371 -5.78256e-05
180.8 0.034863 -0.000147299
181.2 0.0352011 -0.000203681
181.6 0.0355448 -0.000231953
182 0.0358868 -0.0002368
182.4 0.0362201 -0.000222578
182.8 0.0365372 -0.000193287
183.2 0.0368312 -0.00015255
183.6 0.0370951 -0.000103603
184 0.0373224 -4.92914e-05
184.4 0.0375071 7.93036e-06
184.8 0.0376438 6.59865e-05
185.2 0.0377275 0.000123167
185.6 0.0377541 0.000178106
186 0.0377203 0.000229762
186.4 0.0376236 0.000277386
186.8 0.0374621 0.000320493
187.2 0.0372351 0.000358836
187.6 0.0369424 0.000392364
188 0.036585 0.0004212
188.4 0.0361644 0.0004456
188.8 0.035683 0.000465931
189.2 0.0351441 0.000482633
189.6 0.0345515 0.0004962
190 0.0339097 0.00050715
190.4 0.0332238 0.000516006
190.8 0.0324995 0.000523277
191.2 0.0317426 0.000529444
191.6 0.0309598 0.000534942
192 0.0301575 0.000540159
192.4 0.0293429 0.000545423
192.8 0.0285228 0.000551
193.2 0.0277045 0.000557095
193.6 0.0268948 0.000563853
194 0.0261009 0.000571359
194.4 0.0253294 0.000579646
194.8 0.0245868 0.0005887
195.2 0.0238794 0.000598466
195.6 0.0232128 0.000608859
196 0.0225923 0.000619767
196.4 0.0220228 0.000631063
196.8 0.0215085 0.000642611
197.2 0.0210529 0.000654273
197.6 0.0206591 0.000665915
198 0.0203291 0.000677413
198.4 0.0200646 0.000688659
198.8 0.0198663 0.00069956
199.2 0.0197344 0.000710047
199.6 0.0196683 0.000720068
200 0.0196664 0.000729598
200.4 0.0197269 0.000738627
200.8 0.019847 0.00074717
201.2 0.0200234 0.000755256
201.6 0.0202522 0.000762929
202 0.0205292 0.000770243
202.4 0.0208494 0.00077726
202.8 0.0212077 0.000784047
203.2 0.0215987 0.000790669
203.6 0.0220168 0.000797188
204 0.0224562 0.000803658
204.4 0.0229112 0.000810127
204.8 0.023376 0.000816627
205.2 0.023845 0.000823178
205.6 0.0243131 0.000829787
206 0.024775 0.000836443
206.4 0.0252262 0.000843122
206.8 0.0256624 0.000849787
207.2 0.02608 0.000856384
207.6 0.0264757 0.000862854
208 0.0268469 0.000869126
208.4 0.0271915 0.000875124
208.8 0.0275082 0.000880771
209.2 0.0277961 0.000885987
209.6 0.0280549 0.0008907
210 0.0282851 0.000894842
210.4 0.0284874 0.000898355
210.8 0.0286633 0.000901194
211.2 0.0288146 0.000903329
211.6 0.0289435 0.000904745
212 0.0290526 0.000905446
212.4 0.0291448 0.000905456
212.8 0.0292232 0.000904816
213.2 0.029291 0.00090359
213.6 0.0293516 0.000901856
214 0.0294084 0.000899713
214.4 0.0294647 0.000897276
214.8 0.0295239 0.00089467
215.2 0.0295892 0.000892036
215.6 0.0296636 0.00088952
216 0.0297501 0.000887276
216.4 0.0298513 0.000885459
216.8 0.0299697 0.000884225
217.2 0.0301077 0.000883725
217.6 0.0302674 0.000884105
218 0.0304505 0.000885499
218.4 0.0306589 0.000888031
218.8 0.0308939 0.00089181
219.2 0.031157 0.000896929
219.6 0.0314492 0.000903461
220 0.0317718 0.000911462
220.4 0.0321257 0.000920968
220.8 0.0325117 0.000931991
221.2 0.0329306 0.000944528
221.6 0.0333832 0.000958552
222 0.03387 0.000974018
222.4 0.0343915 0.000990863
222.8 0.0349482 0.00100901
223.2 0.0355403 0.00102836
223.6 0.036168 0.0010488
224 0.0368312 0.00107023
224.4 0.0375295 0.0010925
224.8 0.0382624 0.00111549
225.2 0.0390289 0.00113906
225.6 0.0398277 0.00116307
226 0.040657 0.00118737
226.4 0.0415145 0.00121184
226.8 0.0423975 0.00123633
227.2 0.0433024 0.00126073
227.6 0.0442253 0.0012849
228 0.0451615 0.00130874
228.4 0.0461056 0.00133216
228.8 0.0470517 0.00135507
229.2 0.047993 0.00137739
229.6 0.0489223 0.00139906
230 0.0498315 0.00142005
230.4 0.0507122 0.00144031
230.8 0.0515554 0.00145983
231.2 0.0523519 0.00147861
231.6 0.0530918 0.00149667
232 0.0537654 0.00151403
232.4 0.0543629 0.00153073
232.8 0.0548742 0.00154683
233.2 0.0552899 0.00156238
233.6 0.0556007 0.00157747
234 0.0557978 0.00159218
234.4 0.0558732 0.00160659
234.8 0.0558197 0.00162081
235.2 0.0556309 0.00163492
235.6 0.0553018 0.00164904
236 0.0548284 0.00166326
236.4 0.0542081 0.00167767
236.8 0.0534398 0.00169237
237.2 0.052524 0.00170744
237.6 0.0514626 0.00172295
238 0.0502592 0.00173896
238.4 0.0489193 0.00175552
238.8 0.0474498 0.00177264
239.2 0.0458592 0.00179034
239.6 0.0441579 0.00180859
240 0.0423573 0.00182737
240.4 0.0404708 0.00184661
240.8 0.0385125 0.00186622
241.2 0.0364982 0.00188609
241.6 0.0344442 0.00190607
242 0.0323681 0.001926
242.4 0.0302876 0.0019457
242.8 0.0282214 0.00196495
243.2 0.0261879 0.00198351
243.6 0.0242059 0.00200113
244 0.0222938 0.00201754
244.4 0.0204697 0.00203247
244.8 0.0187509 0.00204561
245.2 0.0171541 0.00205669
245.6 0.0156946 0.00206541
246 0.0143869 0.00207147
246.4 0.0132438 0.0020746
246.8 0.0122766 0.00207454
247.2 0.011495 0.00207104
247.6 0.0109068 0.0020639
248 0.0105179 0.00205291
248.4 0.0103323 0.00203794
248.8 0.0103517 0.00201886
249.2 0.0105761 0.00199561
249.6 0.0110032 0.00196814
250 0.0116287 0.00193649
250.4 0.0124464 0.00190072
250.8 0.0134479 0.00186094
251.2 0.0146233 0.00181732
251.6 0.0159608 0.00177007
252 0.017447 0.00171944
252.4 0.0190671 0.00166574
252.8 0.0208052 0.00160931
253.2 0.022644 0.00155051
253.6 0.0245655 0.00148976
254 0.0265511 0.0014275
254.4 0.0285816 0.00136416
254.8 0.0306376 0.00130022
255.2 0.0326996 0.00123614
255.6 0.0347483 0.0011724
256 0.036765 0.00110946
256.4 0.0387314 0.00104777
256.8 0.0406299 0.000987772
257.2 0.0424442 0.000929857
257.6 0.044159 0.000874404
258 0.0457602 0.000821751
258.4 0.0472353 0.000772193
258.8 0.0485734 0.000725983
259.2 0.0497651 0.000683324
259.6 0.0508028 0.000644373
260 0.0516807 0.000609233
260.4 0.0523949 0.00057796
260.8 0.052943 0.000550557
261.2 0.0533247 0.00052698
261.6 0.0535412 0.000507142
262 0.0535953 0.000490908
262.4 0.0534916 0.000478108
262.8 0.053236 0.000468536
263.2 0.0528355 0.000461957
263.6 0.0522985 0.000458113
264 0.0516343 0.000456724
264.4 0.0508529 0.000457501
264.8 0.0499652 0.000460146
265.2 0.0489822 0.000464357
265.6 0.0479153 0.00046984
266 0.0467761 0.000476307
266.4 0.0455758 0.000483482
266.8 0.0443256 0.000491108
267.2 0.0430362 0.000498947
267.6 0.0417175 0.000506785
268 0.040379 0.000514431
268.4 0.0390292 0.000521722
268.8 0.0376758 0.000528518
269.2 0.0363255 0.000534707
269.6 0.0349839 0.0005402
270 0.0336557 0.000544933
270.4 0.0323445 0.000548857
270.8 0.031053 0.000551945
271.2 0.0297828 0.000554179
271.6 0.0285348 0.000555553
272 0.027309 0.000556064
272.4 0.0261046 0.000555712
272.8 0.0249204 0.000554492
273.2 0.0237547 0.000552391
273.6 0.0226055 0.000549387
274 0.0214703 0.000545439
274.4 0.0203471 0.000540491
274.8 0.0192334 0.000534467
275.2 0.0181273 0.000527265
275.6 0.017027 0.000518764
276 0.0159313 0.000508816
276.4 0.0148392 0.000497253
276.8 0.0137506 0.000483883
277.2 0.0126658 0.000468497
277.6 0.011586 0.000450867
278 0.0105128 0.000430754
278.4 0.00944876 0.000407912
278.8 0.00839688 0.000382092
279.2 0.00736085 0.000353046
279.6 0.0063449 0.000320537
280 0.0053537 0.000284341
280.4 0.00439229 0.000244258
280.8 0.00346597 0.000200114
281.2 0.00258016 0.000151769
281.6 0.0017403 9.91245e-05
282 0.000951706 4.21251e-05
282.4 0.000219464 -1.92336e-05
282.8 -0.000451726 -8.4902e-05
283.2 -0.00105765 -0.000154773
283.6 -0.00159469 -0.000228682
284 -0.00205995 -0.000306401
284.4 -0.00245128 -0.000387643
284.8 -0.00276741 -0.00047206
285.2 -0.00300797 -0.000559248
285.6 -0.00317353 -0.000648748
286 -0.00326558 -0.00074005
286.4 -0.00328657 -0.0008326
286.8 -0.00323985 -0.000925806
287.2 -0.00312964 -0.00101904
287.6 -0.00296092 -0.00111167
288 -0.0027394 -0.00120301
288.4 -0.00247141 -0.00129241
288.8 -0.00216375 -0.0013792
289.2 -0.00182362 -0.00146272
289.6 -0.00145845 -0.00154235
290 -0.00107582 -0.00161749
290.4 -0.000683253 -0.00168757
290.8 -0.000288151 -0.00175207
291.2 0.000102367 -0.00181055
291.6 0.000481576 -0.00186259
292 0.000843253 -0.00190787
292.4 0.00118178 -0.00194613
292.8 0.00149222 -0.00197717
293.2 0.00177038 -0.00200089
293.6 0.00201289 -0.00201725
294 0.0022172 -0.00202629
294.4 0.0023816 -0.00202813
294.8 0.00250525 -0.00202296
295.2 0.00258813 -0.00201103
295.6 0.00263098 -0.00199266
296 0.00263532 -0.00196824
296.4 0.00260331 -0.00193819
296.8 0.00253772 -0.00190297
297.2 0.00244182 -0.00186311
297.6 0.00231929 -0.00181914
298 0.00217414 -0.00177161
298.4 0.00201056 -0.00172109
298.8 0.00183288 -0.00166815
299.2 0.00164543 -0.00161334
299.6 0.00145246 -0.00155723
300 0.00125805 -0.00150035
300.4 0.00106602 -0.00144319
300.8 0.000879883 -0.00138623
301.2 0.000702762 -0.0013299
301.6 0.00053736 -0.00127461
302 0.000385916 -0.00122069
302.4 0.00025019 -0.00116846
302.8 0.000131449 -0.00111816
303.2 3.04747e-05 -0.00107002
303.6 -5.24242e-05 -0.00102417
304 -0.000117385 -0.00098075
304.4 -0.000164957 -0.000939816
304.8 -0.000196057 -0.0009014
305.2 -0.000211922 -0.00086549
305.6 -0.00021405 -0.000832042
306 -0.00020415 -0.00080098
306.4 -0.000184074 -0.000772202
306.8 -0.000155765 -0.000745586
307.2 -0.000121194 -0.00072099
307.6 -8.23101e-05 -0.000698261
308 -4.09864e-05 -0.000677239
308.4 1.02216e-06 -0.000657756
308.8 4.21183e-05 -0.000639648
309.2 8.08937e-05 -0.000622751
309.6 0.000116153 -0.00060691
310 0.000146931 -0.000591975
310.4 0.0001725 -0.00057781
310.8 0.000192372 -0.00056429
311.2 0.000206293 -0.000551305
311.6 0.000214232 -0.000538758
312 0.000216364 -0.000526569
312.4 0.000213042 -0.00051467
312.8 0.00020478 -0.00050301
313.2 0.000192216 -0.000491548
313.6 0.000176086 -0.000480258
314 0.000157192 -0.000469126
314.4 0.000136367 -0.000458144
314.8 0.000114451 -0.000447315
315.2 9.22583e-05 -0.000436648
315.6 7.0553e-05 -0.000426157
316 5.00292e-05 -0.000415858
316.4 3.12908e-05 -0.000405771
316.8 1.48386e-05 -0.000395916
317.2 1.05986e-06 -0.000386311
317.6 -9.77634e-06 -0.000376974
318 -1.75205e-05 -0.000367921
318.4 -2.21398e-05 -0.000359162
318.8 -2.37111e-05 -0.000350707
319.2 -2.24115e-05 -0.00034256
319.6 -1.85058e-05 -0.000334721
320 -1.23315e-05 -0.000327187
320.4 -4.28266e-06 -0.000319951
320.8 5.20693e-06 -0.000313002
321.2 1.56814e-05 -0.000306327
321.6 2.66798e-05 -0.000299909
322 3.77521e-05 -0.000293731
322.4 4.84743e-05 -0.000287774
322.8 5.84615e-05 -0.000282017
323.2 6.73784e-05 -0.00027644
323.6 7.49485e-05 -0.000271024
324 8.09595e-05 -0.000265749
324.4 8.52674e-05 -0.000260598
324.8 8.77971e-05 -0.000255555
325.2 8.85408e-05 -0.000250604
325.6 8.75545e-05 -0.000245734
326 8.49521e-05 -0.000240936
326.4 8.08977e-05 -0.0002362
326.8 7.55975e-05 -0.000231521
327.2 6.92891e-05 -0.000226897
327.6 6.22321e-05 -0.000222324
328 5.4697e-05 -0.000217803
328.4 4.69552e-05 -0.000213336
328.8 3.9269e-05 -0.000208924
329.2 3.1883e-05 -0.000204572
329.6 2.50163e-05 -0.000200284
330 1.88556e-05 -0.000196063
330.4 1.35512e-05 -0.000191915
330.8 9.2129e-06 -0.000187844
331.2 5.90861e-06 -0.000183854
331.6 3.66431e-06 -0.000179948
332 2.46541e-06 -0.000176129
332.4 2.25965e-06 -0.0001724
332.8 2.96115e-06 -0.00016876
333.2 4.45548e-06 -0.000165212
333.6 6.60553e-06 -0.000161753
334 9.25791e-06 -0.000158383
334.4 1.22496e-05 -0.0001551
334.8 1.54146e-05 -0.000151901
335.2 1.85905e-05 -0.000148783
335.6 2.16241e-05 -0.000145741
336 2.43774e-05 -0.000142772
336.4 2.67312e-05 -0.000139872
336.8 2.85896e-05 -0.000137035
337.2 2.98819e-05 -0.000134257
337.6 3.05641e-05 -0.000131534
338 3.06197e-05 -0.000128861
338.4 3.00586e-05 -0.000126234
338.8 2.89152e-05 -0.00012365
339.2 2.72467e-05 -0.000121105
339.6 2.51291e-05 -0.000118595
340 2.26533e-05 -0.000116118
340.4 1.99216e-05 -0.000113672
340.8 1.70422e-05 -0.000111254
341.2 1.41255e-05 -0.000108862
341.6 1.12788e-05 -0.000106496
342 8.60291e-06 -0.000104153
342.4 6.18805e-06 -0.000101833
342.8 4.11059e-06 -9.95357e-05
343.2 2.43065e-06 -9.72599e-05
343.6 1.19024e-06 -9.50058e-05
344 4.12182e-07 -9.27733e-05
344.4 9.98505e-08 -9.05626e-05
344.8 2.37635e-07 -8.83738e-05
345.2 7.92121e-07 -8.62076e-05
345.6 1.71391e-06 -8.40645e-05
346 2.94001e-06 -8.19453e-05
346.4 4.39659e-06 -7.98509e-05
346.8 6.00219e-06 -7.77823e-05
347.2 7.67097e-06 -7.57407e-05
347.6 9.31612e-06 -7.37274e-05
348 1.08531e-05 -7.17438e-05
348.4 1.2203e-05 -6.97913e-05
348.8 1.32949e-05 -6.78716e-05
349.2 1.40687e-05 -6.59863e-05
349.6 1.44769e-05 -6.41371e-05
350 1.44859e-05 -6.23255e-05
350.4 1.40772e-05 -6.05532e-05
350.8 1.32472e-05 -5.88217e-05
351.2 1.20071e-05 -5.71324e-05
351.6 1.03822e-05 -5.54866e-05
352 8.41043e-06 -5.38853e-05
352.4 6.14063e-06 -5.23293e-05
352.8 3.63041e-06 -5.08193e-05
353.2 9.43892e-07 -4.93555e-05
353.6 -1.85085e-06 -4.7938e-05
354 -4.68431e-06 -4.65663e-05
354.4 -7.48804e-06 -4.524e-05
354.8 -1.01971e-05 -4.39581e-05
355.2 -1.27521e-05 -4.27193e-05
355.6 -1.51011e-05 -4.15221e-05
356 -1.72014e-05 -4.03648e-05
356.4 -1.90201e-05 -3.92454e-05
356.8 -2.05353e-05 -3.81617e-05
357.2 -2.1736e-05 -3.71114e-05
357.6 -2.26223e-05 -3.60921e-05
358 -2.32044e-05 -3.51015e-05
358.4 -2.35021e-05 -3.41369e-05
358.8 -2.3543e-05 -3.31962e-05
359.2 -2.33616e-05 -3.22769e-05
359.6 -2.2997e-05 -3.13769e-05
360 -2.24915e-05 -3.04943e-05
360.4 -2.18885e-05 -2.96271e-05
360.8 -2.12306e-05 -2.8774e-05
361.2 -2.05582e-05 -2.79334e-05
361.6 -1.99075e-05 -2.71044e-05
362 -1.93097e-05 -2.6286e-05
362.4 -1.87893e-05 -2.54777e-05
362.8 -1.83638e-05 -2.46791e-05
363.2 -1.80432e-05 -2.38901e-05
363.6 -1.78298e-05 -2.31106e-05
364 -1.77185e-05 -2.23408e-05
364.4 -1.76971e-05 -2.15812e-05
364.8 -1.77477e-05 -2.0832e-05
365.2 -1.7847e-05 -2.0094e-05
365.6 -1.79682e-05 -1.93675e-05
366 -1.80819e-05 -1.86534e-05
366.4 -1.81578e-05 -1.79521e-05
366.8 -1.81662e-05 -1.72643e-05
367.2 -1.80791e-05 -1.65905e-05
367.6 -1.7872e-05 -1.59314e-05
368 -1.75244e-05 -1.52874e-05
368.4 -1.70214e-05 -1.46589e-05
368.8 -1.6354e-05 -1.40465e-05
369.2 -1.55199e-05 -1.34503e-05
369.6 -1.45233e-05 -1.28708e-05
370 -1.33751e-05 -1.23082e-05
370.4 -1.20923e-05 -1.17628e-05
370.8 -1.06979e-05 -1.12349e-05
371.2 -9.21937e-06 -1.07247e-05
371.6 -7.6881e-06 -1.02324e-05
372 -6.13809e-06 -9.75836e-06
372.4 -4.60473e-06 -9.30286e-06
372.8 -3.12341e-06 -8.86619e-06
373.2 -1.72831e-06 -8.4487e-06
373.6 -4.51067e-07 -8.05074e-06
374 6.8035e-07 -7.67265e-06
374.4 1.64263e-06 -7.31479e-06
374.8 2.41798e-06 -6.97751e-06
375.2 2.99469e-06 -6.66112e-06
375.6 3.36757e-06 -6.36591e-06
376 3.53804e-06 -6.0921e-06
376.4 3.51406e-06 -5.83982e-06
376.8 3.30976e-06 -5.60916e-06
377.2 2.94487e-06 -5.40007e-06
377.6 2.44396e-06 -5.21241e-06
378 1.83554e-06 -5.04591e-06
378.4 1.15092e-06 -4.90019e-06
378.8 4.23142e-07 -4.77474e-06
379.2 -3.14284e-07 -4.66891e-06
379.6 -1.02852e-06 -4.58195e-06
380 -1.68859e-06 -4.51299e-06
380.4 -2.26641e-06 -4.46106e-06
380.8 -2.73774e-06 -4.42511e-06
381.2 -3.08296e-06 -4.40401e-06
381.6 -3.28767e-06 -4.39659e-06
382 -3.34308e-06 -4.40165e-06
382.4 -3.24618e-06 -4.41799e-06
382.8 -2.99973e-06 -4.44439e-06
383.2 -2.61198e-06 -4.47968e-06
383.6 -2.09625e-06 -4.52274e-06
384 -1.47032e-06 -4.5725e-06
384.4 -7.55605e-07 -4.62795e-06
384.8 2.36668e-08 -4.68819e-06
385.2 8.41477e-07 -4.75237e-06
385.6 1.67102e-06 -4.81977e-06
386 2.48572e-06 -4.88973e-06
386.4 3.26026e-06 -4.96167e-06
386.8 3.97147e-06 -5.03511e-06
387.2 4.59917e-06 -5.10962e-06
387.6 5.12687e-06 -5.18483e-06
388 5.54232e-06 -5.26043e-06
388.4 5.83787e-06 -5.3361e-06
388.8 6.01066e-06 -5.41158e-06
389.2 6.06263e-06 -5.4866e-06
389.6 6.00036e-06 -5.56087e-06
390 5.8347e-06 -5.63411e-06
390.4 5.5803e-06 -5.706e-06
390.8 5.25495e-06 -5.77619e-06
391.2 4.87885e-06 -5.84431e-06
391.6 4.47382e-06 -5.90994e-06
392 4.06239e-06 -5.97267e-06
392.4 3.66697e-06 -6.03203e-06
392.8 3.30897e-06 -6.08757e-06
393.2 3.00804e-06 -6.13883e-06
393.6 2.78129e-06 -6.18535e-06
394 2.64276e-06 -6.22671e-06
394.4 2.60287e-06 -6.26253e-06
394.8 2.66811e-06 -6.29248e-06
395.2 2.84087e-06 -6.3163e-06
395.6 3.11937e-06 -6.33381e-06
396 3.49783e-06 -6.34491e-06
396.4 3.96672e-06 -6.34961e-06
396.8 4.51317e-06 -6.34801e-06
397.2 5.12152e-06 -6.34034e-06
397.6 5.77392e-06 -6.3269e-06
398 6.45104e-06 -6.30811e-06
398.4 7.13279e-06 -6.28449e-06
398.8 7.79909e-06 -6.25662e-06
399.2 8.43064e-06 -6.22517e-06
399.6 9.00956e-06 -6.19087e-06
400 9.52008e-06 -6.15447e-06
