-0.498 2.55825e-06 6.51708e-06
-0.496 2.31064e-05 2.31605e-05
-0.494 6.83213e-05 4.49625e-05
-0.492 0.000120899 6.69278e-05
-0.49 0.00014229 8.49144e-05
-0.488 8.86501e-05 9.62888e-05
-0.486 -6.6789e-05 0.000100311
-0.484 -0.000315225 9.82653e-05
-0.482 -0.000606991 9.33489e-05
-0.48 -0.000864047 9.02942e-05
-0.478 -0.00100781 9.46472e-05
-0.476 -0.000992451 0.000111682
-0.474 -0.000829265 0.000145054
-0.472 -0.000589012 0.000195482
-0.47 -0.000377373 0.000259867
-0.468 -0.000290665 0.000331235
-0.466 -0.000369406 0.000399719
-0.464 -0.000570341 0.000454488
-0.462 -0.000770888 0.000486257
-0.46 -0.000806961 0.000489738
-0.458 -0.00053246 0.000465343
-0.456 0.000119365 0.000419543
-0.454 0.00109492 0.000363656
-0.452 0.00221821 0.000311375
-0.45 0.00323546 0.000275763
-0.448 0.0038966 0.000266682
-0.446 0.00404663 0.000289477
-0.444 0.00368995 0.000345348
-0.442 0.00299777 0.000433212
-0.44 0.00225011 0.00055215
-0.438 0.00173258 0.00070305
-0.436 0.00162771 0.00088812
-0.434 0.00194163 0.00110769
-0.432 0.00249198 0.00135508
-0.43 0.00296068 0.00161147
-0.428 0.00299635 0.00184359
-0.426 0.00233626 0.00200629
-0.424 0.000909574 0.00205083
-0.422 -0.00111743 0.00193777
-0.42 -0.00338069 0.00165111
-0.418 -0.00544049 0.00120985
-0.416 -0.00694722 0.000672845
-0.414 -0.00778354 0.00013478
-0.412 -0.00811693 -0.000287077
-0.41 -0.00833177 -0.000473182
-0.408 -0.00886422 -0.00032477
-0.406 -0.0100084 0.000215829
-0.404 -0.0117756 0.00115286
-0.402 -0.0138625 0.00243619
-0.4 -0.0157413 0.00397214
-0.398 -0.0168416 0.00564319
-0.396 -0.0167658 0.00733108
-0.394 -0.0154677 0.00893662
-0.392 -0.0133214 0.0103904
-0.39 -0.0110291 0.0116517
-0.388 -0.00936387 0.0126959
-0.386 -0.00881435 0.0134966
-0.384 -0.00926458 0.0140088
-0.382 -0.00986293 0.0141614
-0.38 -0.00918232 0.0138641
-0.378 -0.00566086 0.0130278
-0.376 0.00180608 0.0115941
-0.374 0.0133172 0.00956504
-0.372 0.02765 0.00702167
-0.37 0.0423085 0.00412455
-0.368 0.0539769 0.00109381
-0.366 0.0593117 -0.00182722
-0.364 0.0559005 -0.0044153
-0.362 0.0431169 -0.00650618
-0.36 0.0225785 -0.00801883
-0.358 -0.00201044 -0.00895879
-0.356 -0.0256618 -0.00940013
-0.354 -0.0433505 -0.009451
-0.352 -0.0513383 -0.00921306
-0.35 -0.0481782 -0.00874701
-0.348 -0.035115 -0.00805461
-0.346 -0.0157768 -0.00708276
-0.344 0.00476195 -0.00574746
-0.342 0.0213144 -0.0039694
-0.34 0.0299762 -0.00170951
-0.338 0.0291955 0.00100647
-0.336 0.020178 0.00408093
-0.334 0.00645695 0.00735515
-0.332 -0.00726367 0.0106332
-0.33 -0.0166097 0.0137099
-0.328 -0.0188686 0.016395
-0.326 -0.0137224 0.0185246
-0.324 -0.00318912 0.0199607
-0.322 0.00915061 0.0205797
-0.32 0.0193588 0.0202614
-0.318 0.0244025 0.0188873
-0.316 0.0231083 0.0163549
-0.314 0.0165353 0.0126085
-0.312 0.00762638 0.00767655
-0.31 0.000198236 0.00170428
-0.308 -0.00243799 -0.0050318
-0.306 0.00125252 -0.0121333
-0.304 0.0103503 -0.0191139
-0.302 0.0216687 -0.0254519
-0.3 0.0307481 -0.0306497
-0.298 0.0333086 -0.0342889
-0.296 0.0266789 -0.0360694
-0.294 0.0107488 -0.0358256
-0.292 -0.011832 -0.0335196
-0.29 -0.03626 -0.0292215
-0.288 -0.0568154 -0.0230874
-0.286 -0.0683911 -0.0153489
-0.284 -0.0678819 -0.00631878
-0.282 -0.0550269 0.00359186
-0.28 -0.0324552 0.0138585
-0.278 -0.00493887 0.0238464
-0.276 0.0218825 0.0328456
-0.274 0.0428931 0.040142
-0.272 0.0545976 0.0451173
-0.27 0.0556579 0.0473615
-0.268 0.046812 0.0467686
-0.266 0.0303148 0.0435893
-0.264 0.00915975 0.0384166
-0.262 -0.0136305 0.0320985
-0.26 -0.035424 0.0255929
-0.258 -0.0540322 0.0197966
-0.256 -0.0675094 0.0153907
-0.254 -0.0739543 0.0127373
-0.252 -0.0715901 0.0118504
-0.25 -0.0592569 0.0124421
-0.248 -0.037205 0.0140263
-0.246 -0.00784296 0.0160507
-0.244 0.0239882 0.0180188
-0.242 0.0515324 0.019567
-0.24 0.0674682 0.0204766
-0.238 0.0658209 0.0206203
-0.236 0.043924 0.0198716
-0.234 0.00382299 0.0180194
-0.232 -0.0474012 0.0147309
-0.23 -0.0986689 0.00959129
-0.228 -0.137238 0.00221606
-0.226 -0.151898 -0.00759289
-0.224 -0.136233 -0.0196976
-0.222 -0.0909814 -0.0335325
-0.22 -0.024611 -0.0481106
-0.218 0.0482979 -0.0621413
-0.216 0.110601 -0.0742423
-0.214 0.147146 -0.0831986
-0.212 0.148999 -0.0882044
-0.21 0.116066 -0.0890243
-0.208 0.057279 -0.0860302
-0.206 -0.0117004 -0.0801027
-0.204 -0.072646 -0.0724223
-0.202 -0.109709 -0.0642048
-0.2 -0.113827 -0.0564504
-0.198 -0.0853568 -0.0497685
-0.196 -0.0340852 -0.0443212
-0.194 0.0235414 -0.0398885
-0.192 0.0692559 -0.036028
-0.19 0.0884527 -0.0322725
-0.188 0.0745926 -0.0283003
-0.186 0.031112 -0.0240297
-0.184 -0.0297592 -0.0196144
-0.182 -0.0908603 -0.0153543
-0.18 -0.13542 -0.0115622
-0.178 -0.152228 -0.00843805
-0.176 -0.139115 -0.00600046
-0.174 -0.103659 -0.00410209
-0.172 -0.0608209 -0.00252569
-0.17 -0.0281525 -0.00112848
-0.168 -0.0199765 1.72428e-05
-0.166 -0.0423783 0.000540839
-0.164 -0.0906584 -0.000215487
-0.162 -0.150162 -0.00308244
-0.16 -0.200319 -0.00887052
-0.158 -0.220729 -0.0181492
-0.156 -0.197494 -0.0310623
-0.154 -0.127948 -0.0472364
-0.152 -0.0223464 -0.0658095
-0.15 0.0981185 -0.0855728
-0.148 0.206534 -0.105181
-0.146 0.277315 -0.123371
-0.144 0.293084 -0.139131
-0.142 0.249397 -0.151795
-0.14 0.155934 -0.161038
-0.138 0.033841 -0.16682
-0.136 -0.0899255 -0.169274
-0.134 -0.189618 -0.168601
-0.132 -0.247108 -0.164983
-0.13 -0.256016 -0.158527
-0.128 -0.222561 -0.149242
-0.126 -0.163046 -0.137023
-0.124 -0.0988388 -0.121616
-0.122 -0.0503097 -0.102568
-0.12 -0.0314401 -0.0791463
-0.118 -0.0465396 -0.0502919
-0.116 -0.089896 -0.0146201
-0.114 -0.148319 0.0294608
-0.112 -0.205675 0.0835023
-0.11 -0.247905 0.148651
-0.108 -0.266932 0.225217
-0.106 -0.262323 0.312277
-0.104 -0.240443 0.407384
-0.102 -0.211685 0.506507
-0.1 -0.186879 0.604199
-0.098 -0.174001 0.694014
-0.096 -0.176012 0.769084
-0.094 -0.19024 0.82278
-0.092 -0.209382 0.849327
-0.09 -0.223835 0.844316
-0.088 -0.224689 0.805042
-0.086 -0.2064 0.730689
-0.084 -0.168191 0.622391
-0.082 -0.113808 0.483237
-0.08 -0.0499724 0.318239
-0.078 0.0155809 0.134281
-0.076 0.0756627 -0.0599929
-0.074 0.124416 -0.254409
-0.072 0.157443 -0.437681
-0.07 0.171571 -0.598062
-0.068 0.164517 -0.724235
-0.066 0.134543 -0.806365
-0.064 0.0802784 -0.837188
-0.062 0.000988338 -0.812932
-0.06 -0.102504 -0.733872
-0.058 -0.226523 -0.604364
-0.056 -0.363614 -0.432328
-0.054 -0.50274 -0.228233
-0.052 -0.630814 -0.00375737
-0.05 -0.735104 0.229637
-0.048 -0.805643 0.462001
-0.046 -0.836922 0.685864
-0.044 -0.828551 0.896777
-0.042 -0.785046 1.09344
-0.04 -0.714913 1.27749
-0.038 -0.629126 1.45314
-0.036 -0.539093 1.62673
-0.034 -0.454487 1.80626
-0.032 -0.381491 2.00095
-0.03 -0.321843 2.22073
-0.028 -0.272657 2.47545
-0.026 -0.226696 2.77404
-0.024 -0.172813 3.12333
-0.022 -0.0965379 3.52682
-0.02 0.0188257 3.98352
-0.018 0.190188 4.48708
-0.016 0.431615 5.02553
-0.014 0.75064 5.58164
-0.012 1.14466 6.13397
-0.01 1.59825 6.65856
-0.008 2.08205 7.13082
-0.006 2.55418 7.52755
-0.004 2.96444 7.82872
-0.002 3.26133 8.01885
0 3.40084 8.08805
0.002 3.35534 8.03253
0.004 3.12043 7.85489
0.006 2.71774 7.56388
0.008 2.19257 7.17391
0.01 1.6066 6.70414
0.012 1.02716 6.17723
0.014 0.515476 5.61757
0.016 0.116207 5.04952
0.018 -0.149349 4.49543
0.02 -0.285286 3.97398
0.022 -0.317976 3.499
0.024 -0.288566 3.07883
0.026 -0.242741 2.71638
0.028 -0.220079 2.40967
0.03 -0.245645 2.15288
0.032 -0.325924 1.93742
0.034 -0.449809 1.75306
0.036 -0.59379 1.58898
0.038 -0.729337 1.43457
0.04 -0.830258 1.2802
0.042 -0.878328 1.11785
0.044 -0.86634 0.941729
0.046 -0.798426 0.748801
0.048 -0.687907 0.539248
0.05 -0.5533 0.316683
0.052 -0.413537 0.0880335
0.054 -0.283852 -0.136997
0.056 -0.173544 -0.346889
0.058 -0.085988 -0.529596
0.06 -0.0203191 -0.673974
0.062 0.0263876 -0.771128
0.064 0.0574332 -0.815471
0.066 0.0756898 -0.80533
0.068 0.0834374 -0.743048
0.07 0.0824233 -0.634597
0.072 0.0739741 -0.488826
0.074 0.0592012 -0.31649
0.076 0.0392444 -0.129233
0.078 0.0152866 0.0613492
0.08 -0.011832 0.244477
0.082 -0.0421632 0.410754
0.084 -0.076802 0.552553
0.086 -0.117184 0.664247
0.088 -0.163609 0.742323
0.09 -0.213689 0.785413
0.092 -0.261635 0.79424
0.094 -0.29898 0.771467
0.096 -0.316602 0.721432
0.098 -0.307378 0.649758
0.1 -0.268677 0.562836
0.102 -0.204021 0.467253
0.104 -0.123453 0.369209
0.106 -0.0422326 0.274022
0.108 0.0221612 0.185792
0.11 0.0542357 0.107254
0.112 0.0448099 0.0398341
0.114 -0.00593762 -0.0161438
0.116 -0.087848 -0.0611538
0.118 -0.182933 -0.0961481
0.12 -0.269671 -0.122275
0.122 -0.328176 -0.14067
0.124 -0.34488 -0.152339
0.126 -0.315637 -0.158114
0.128 -0.246605 -0.158665
0.13 -0.152633 -0.154544
0.132 -0.0534721 -0.146221
0.134 0.0313136 -0.134113
0.136 0.0873058 -0.118611
0.138 0.10859 -0.100111
0.14 0.0985073 -0.0790803
0.142 0.0676855 -0.0561422
0.144 0.0301518 -0.0321576
0.146 -0.0011491 -0.0082728
0.148 -0.0180889 0.0141033
0.15 -0.0193808 0.0334049
0.152 -0.0104476 0.0480936
0.154 -0.00123009 0.056892
0.156 -0.00258378 0.0590224
0.158 -0.0223652 0.0543928
0.16 -0.0624544 0.0436797
0.162 -0.117668 0.0282708
0.164 -0.176885 0.0100673
0.166 -0.225972 -0.00881402
0.168 -0.251602 -0.0263707
0.17 -0.244862 -0.0410006
0.172 -0.203779 -0.0516861
0.174 -0.134154 -0.0580502
0.176 -0.0485003 -0.0602938
0.178 0.036756 -0.0590459
0.18 0.105136 -0.0551771
0.182 0.143969 -0.0496267
0.184 0.147181 -0.0432857
0.186 0.116325 -0.036951
0.188 0.0597786 -0.0313417
0.19 -0.00948354 -0.0271408
0.192 -0.0768907 -0.0250177
0.194 -0.129394 -0.0255967
0.196 -0.1581 -0.0293629
0.198 -0.159895 -0.0365265
0.2 -0.137702 -0.0468867
0.202 -0.0993104 -0.0597425
0.204 -0.0552151 -0.0738923
0.206 -0.0161175 -0.0877395
0.208 0.00925613 -0.099499
0.21 0.0156887 -0.107469
0.212 0.00226962 -0.110311
0.214 -0.0275596 -0.107284
0.216 -0.0667563 -0.098369
0.218 -0.106214 -0.0842637
0.22 -0.136838 -0.066256
0.222 -0.151643 -0.0460006
0.224 -0.147257 -0.0252576
0.226 -0.124468 -0.00564608
0.228 -0.0877932 0.0115423
0.23 -0.044327 0.0254455
0.232 -0.00218663 0.0356476
0.234 0.031232 0.0421268
0.236 0.0509114 0.0451642
0.238 0.0553922 0.0452447
0.24 0.047045 0.0429736
0.242 0.031225 0.0390202
0.244 0.014516 0.0340841
0.246 0.00265151 0.0288734
0.248 -0.00119507 0.0240755
0.25 0.00275582 0.0203141
0.252 0.011099 0.0180894
0.254 0.0183781 0.0177112
0.256 0.0188588 0.0192419
0.258 0.00853038 0.0224659
0.26 -0.0132159 0.0268988
0.262 -0.0428484 0.0318436
0.264 -0.0733169 0.036488
0.266 -0.0959834 0.0400242
0.268 -0.10329 0.0417694
0.27 -0.0912828 0.0412601
0.272 -0.06116 0.038304
0.274 -0.0193236 0.0329866
0.276 0.024103 0.0256392
0.278 0.057902 0.0167811
0.28 0.0728374 0.00705216
0.282 0.064359 -0.00285706
0.284 0.0341574 -0.0122685
0.286 -0.00996627 -0.0205712
0.288 -0.056004 -0.0272644
0.29 -0.090951 -0.0319905
0.292 -0.104416 -0.0345564
0.294 -0.091579 -0.0349448
0.296 -0.0546323 -0.0333132
0.298 -0.00227966 -0.0299763
0.3 0.0525849 -0.0253695
0.302 0.096378 -0.0199953
0.304 0.118533 -0.0143609
0.306 0.114368 -0.00891769
0.308 0.0863085 -0.00401479
0.31 0.0431127 0.0001272
0.312 -0.00265583 0.0034165
0.314 -0.0381708 0.00586637
0.316 -0.0538785 0.00755351
0.318 -0.0460381 0.00857037
0.32 -0.0175823 0.0089859
0.322 0.022895 0.00882678
0.324 0.0636896 0.00808384
0.326 0.0933062 0.00673946
0.328 0.10358 0.00480416
0.33 0.0917334 0.00234775
0.332 0.0608476 -0.000487009
0.334 0.0186978 -0.00349409
0.336 -0.0246208 -0.00643437
0.338 -0.0595428 -0.00907723
0.34 -0.0795321 -0.0112407
0.342 -0.082554 -0.0128183
0.344 -0.071176 -0.0137844
0.346 -0.0513584 -0.014177
0.348 -0.0303771 -0.0140643
0.35 -0.0145497 -0.0135053
0.352 -0.00745791 -0.0125206
0.354 -0.00916339 -0.01108
0.356 -0.016575 -0.00911611
0.358 -0.0247605 -0.00655658
0.36 -0.0287215 -0.00336863
0.362 -0.0250568 0.000400166
0.364 -0.0130199 0.00459811
0.366 0.00529786 0.00897196
0.368 0.0256602 0.0131973
0.37 0.0429997 0.0169299
0.372 0.0529329 0.0198643
0.374 0.0530156 0.0217868
0.376 0.0433738 0.0226079
0.378 0.0265529 0.022371
0.38 0.00667897 0.0212343
0.382 -0.0117641 0.0194344
0.384 -0.0251417 0.0172388
0.386 -0.0315095 0.0149023
0.388 -0.0308961 0.012633
0.39 -0.0250245 0.0105765
0.392 -0.0166238 0.00881619
0.394 -0.0085654 0.00738598
0.396 -0.00307113 0.00628766
0.398 -0.00120051 0.00550633
0.4 -0.00273116 0.00501954
0.402 -0.00642703 0.00479895
0.404 -0.010568 0.00480646
0.406 -0.013541 0.00498809
0.408 -0.0142966 0.00526971
0.41 -0.0125514 0.00555843
0.412 -0.0087267 0.00575104
0.414 -0.0036984 0.00574876
0.416 0.00152209 0.00547464
0.418 0.00606875 0.00488901
0.42 0.00939369 0.00399834
0.422 0.0113093 0.00285539
0.424 0.0119196 0.00155046
0.426 0.011489 0.000196194
0.428 0.0103103 -0.00109037
0.43 0.00862168 -0.00220491
0.432 0.00659382 -0.00306882
0.434 0.00437224 -0.00363626
0.436 0.00213562 -0.00389483
0.438 0.000128224 -0.00386113
0.44 -0.00135933 -0.00357343
0.442 -0.0020597 -0.00308381
0.444 -0.00182242 -0.00245128
0.446 -0.000690604 -0.0017365
0.448 0.00107635 -0.000997822
0.45 0.00305121 -0.000287939
0.452 0.00474726 0.000348895
0.454 0.00575107 0.000879241
0.456 0.00583483 0.00128212
0.458 0.00501173 0.0015497
0.46 0.00351972 0.00168674
0.462 0.00174211 0.00170871
0.464 9.22625e-05 0.00163877
0.466 -0.00110144 0.00150379
0.468 -0.00167558 0.00133048
0.47 -0.00165414 0.00114208
0.472 -0.00121094 0.000956429
0.474 -0.000591108 0.000785384
0.476 -2.36855e-05 0.000635352
0.478 0.000343396 0.000508488
0.48 0.000467905 0.000404051
0.482 0.000397635 0.000319582
0.484 0.00022883 0.000251768
0.486 5.87315e-05 0.000197007
0.488 -4.99481e-05 0.000151811
0.49 -8.22738e-05 0.000113204
0.492 -6.15258e-05 7.91868e-05
0.494 -2.54717e-05 4.91607e-05
0.496 -2.20755e-06 2.41481e-05
0.498 2.24955e-06 6.63284e-06
0.4 0.0128344 0.7356
0.8 0.01309 0.735502
1.2 0.0135148 0.735341
1.6 0.0141068 0.735118
2 0.0148634 0.734835
2.4 0.0157812 0.734496
2.8 0.0168561 0.734104
3.2 0.0180833 0.733663
3.6 0.0194575 0.733178
4 0.0209725 0.732652
4.4 0.0226217 0.73209
4.8 0.0243982 0.731496
5.2 0.0262942 0.730875
5.6 0.0283018 0.730229
6 0.0304126 0.729561
6.4 0.0326179 0.728874
6.8 0.0349088 0.728169
7.2 0.0372761 0.727447
7.6 0.0397105 0.726707
8 0.0422029 0.725949
8.4 0.0447437 0.72517
8.8 0.0473238 0.724366
9.2 0.049934 0.723535
9.6 0.0525652 0.722672
10 0.0552086 0.72177
10.4 0.0578558 0.720823
10.8 0.0604983 0.719825
11.2 0.0631285 0.718769
11.6 0.0657386 0.717646
12 0.0683216 0.71645
12.4 0.0708709 0.715172
12.8 0.0733801 0.713805
13.2 0.0758434 0.712343
13.6 0.0782556 0.710778
14 0.0806118 0.709104
14.4 0.0829077 0.707316
14.8 0.0851393 0.70541
15.2 0.0873032 0.703383
15.6 0.0893964 0.701231
16 0.0914164 0.698954
16.4 0.0933611 0.696551
16.8 0.0952287 0.694023
17.2 0.097018 0.691372
17.6 0.0987282 0.688602
18 0.100359 0.685716
18.4 0.101909 0.682719
18.8 0.10338 0.679617
19.2 0.104772 0.676417
19.6 0.106086 0.673126
20 0.107322 0.669751
20.4 0.108484 0.666302
20.8 0.109572 0.662785
21.2 0.11059 0.659211
21.6 0.111539 0.655586
22 0.112423 0.65192
22.4 0.113245 0.64822
22.8 0.114009 0.644494
23.2 0.114718 0.64075
23.6 0.115378 0.636995
24 0.115993 0.633234
24.4 0.116567 0.629474
24.8 0.117105 0.625719
25.2 0.117614 0.621975
25.6 0.118098 0.618245
26 0.118564 0.614533
26.4 0.119016 0.610843
26.8 0.119461 0.607176
27.2 0.119904 0.603535
27.6 0.12035 0.599922
28 0.120805 0.59634
28.4 0.121274 0.59279
28.8 0.12176 0.589275
29.2 0.122269 0.585796
29.6 0.122804 0.582356
30 0.123367 0.578957
30.4 0.123962 0.575603
30.8 0.124588 0.572296
31.2 0.125249 0.56904
31.6 0.125942 0.56584
32 0.126669 0.562699
32.4 0.127426 0.559624
32.8 0.128212 0.556618
33.2 0.129023 0.553688
33.6 0.129856 0.55084
34 0.130706 0.548079
34.4 0.131567 0.545411
34.8 0.132434 0.542843
35.2 0.133301 0.54038
35.6 0.134161 0.538028
36 0.135008 0.535792
36.4 0.135834 0.533676
36.8 0.136634 0.531685
37.2 0.137401 0.529821
37.6 0.138128 0.528087
38 0.13881 0.526484
38.4 0.139442 0.525011
38.8 0.14002 0.523668
39.2 0.14054 0.522452
39.6 0.141 0.52136
40 0.141397 0.520387
40.4 0.141731 0.519526
40.8 0.142003 0.51877
41.2 0.142213 0.51811
41.6 0.142364 0.517538
42 0.142459 0.517041
42.4 0.142503 0.516608
42.8 0.142501 0.516227
43.2 0.142458 0.515884
43.6 0.14238 0.515567
44 0.142276 0.51526
44.4 0.142151 0.514951
44.8 0.142014 0.514625
45.2 0.141871 0.514269
45.6 0.141731 0.51387
46 0.141601 0.513414
46.4 0.141487 0.512891
46.8 0.141395 0.512289
47.2 0.141332 0.511599
47.6 0.141301 0.510813
48 0.141308 0.509923
48.4 0.141355 0.508923
48.8 0.141444 0.507809
49.2 0.141576 0.50658
49.6 0.141752 0.505232
50 0.141972 0.503767
50.4 0.142232 0.502186
50.8 0.142532 0.500493
51.2 0.142867 0.498691
51.6 0.143235 0.496786
52 0.14363 0.494785
52.4 0.144047 0.492695
52.8 0.144482 0.490525
53.2 0.14493 0.488282
53.6 0.145385 0.485977
54 0.145843 0.483618
54.4 0.146298 0.481215
54.8 0.146745 0.478777
55.2 0.147182 0.476312
55.6 0.147605 0.47383
56 0.14801 0.471337
56.4 0.148397 0.468841
56.8 0.148762 0.466347
57.2 0.149107 0.463861
57.6 0.14943 0.461387
58 0.149734 0.458928
58.4 0.150018 0.456485
58.8 0.150285 0.454059
59.2 0.150538 0.45165
59.6 0.150779 0.449255
60 0.151011 0.446873
60.4 0.151239 0.4445
60.8 0.151464 0.442131
61.2 0.151692 0.439762
61.6 0.151925 0.437386
62 0.152167 0.434998
62.4 0.15242 0.43259
62.8 0.152686 0.430155
63.2 0.15297 0.427687
63.6 0.153271 0.425178
64 0.153591 0.422621
64.4 0.153931 0.420009
64.8 0.154292 0.417335
65.2 0.154673 0.414592
65.6 0.155075 0.411774
66 0.155496 0.408876
66.4 0.155935 0.405892
66.8 0.156391 0.402817
67.2 0.156864 0.399647
67.6 0.157351 0.396377
68 0.157852 0.393004
68.4 0.158366 0.389526
68.8 0.158891 0.385937
69.2 0.159427 0.382237
69.6 0.159974 0.378423
70 0.160531 0.374492
70.4 0.161099 0.370442
70.8 0.161679 0.366271
71.2 0.162272 0.361978
71.6 0.162878 0.35756
72 0.1635 0.353015
72.4 0.164138 0.348343
72.8 0.164794 0.34354
73.2 0.16547 0.338606
73.6 0.166167 0.333538
74 0.166886 0.328337
74.4 0.167627 0.322999
74.8 0.168391 0.317525
75.2 0.169178 0.311915
75.6 0.169986 0.306168
76 0.170812 0.300285
76.4 0.171655 0.294267
76.8 0.172511 0.288118
77.2 0.173374 0.28184
77.6 0.174241 0.275437
78 0.175103 0.268914
78.4 0.175955 0.262278
78.8 0.176788 0.255536
79.2 0.177595 0.248697
79.6 0.178366 0.24177
80 0.179092 0.234767
80.4 0.179765 0.227699
80.8 0.180376 0.220581
81.2 0.180914 0.213425
81.6 0.181373 0.206249
82 0.181745 0.199066
82.4 0.182023 0.191895
82.8 0.182201 0.184751
83.2 0.182276 0.177653
83.6 0.182243 0.170618
84 0.182101 0.163664
84.4 0.18185 0.156806
84.8 0.181492 0.150064
85.2 0.18103 0.143451
85.6 0.180468 0.136984
86 0.179813 0.130677
86.4 0.179071 0.124542
86.8 0.178252 0.118591
87.2 0.177366 0.112835
87.6 0.176424 0.107281
88 0.175436 0.101938
88.4 0.174416 0.0968094
88.8 0.173373 0.0918993
89.2 0.172321 0.0872094
89.6 0.171271 0.0827397
90 0.170233 0.0784886
90.4 0.169217 0.0744529
90.8 0.168231 0.0706279
91.2 0.167283 0.0670076
91.6 0.166376 0.063585
92 0.165516 0.0603518
92.4 0.164702 0.0572992
92.8 0.163935 0.0544175
93.2 0.163213 0.0516966
93.6 0.162529 0.0491263
94 0.161878 0.0466964
94.4 0.161251 0.0443965
94.8 0.160638 0.042217
95.2 0.160026 0.0401484
95.6 0.159403 0.0381824
96 0.158755 0.0363109
96.4 0.158067 0.0345272
96.8 0.157323 0.0328254
97.2 0.156509 0.0312009
97.6 0.155609 0.0296502
98 0.154609 0.0281709
98.4 0.153496 0.0267619
98.8 0.152259 0.0254234
99.2 0.150886 0.0241565
99.6 0.149369 0.0229635
100 0.147704 0.0218477
100.4 0.145884 0.0208134
100.8 0.14391 0.0198654
101.2 0.141782 0.0190093
101.6 0.139505 0.0182512
102 0.137085 0.0175975
102.4 0.13453 0.0170547
102.8 0.131854 0.0166293
103.2 0.129069 0.0163279
103.6 0.126192 0.0161564
104 0.12324 0.0161205
104.4 0.120233 0.0162253
104.8 0.117191 0.016475
105.2 0.114136 0.016873
105.6 0.11109 0.0174218
106 0.108073 0.0181229
106.4 0.105109 0.0189765
106.8 0.102217 0.0199817
107.2 0.0994185 0.0211365
107.6 0.0967308 0.0224377
108 0.0941712 0.0238808
108.4 0.0917543 0.0254601
108.8 0.0894928 0.027169
109.2 0.0873967 0.0289996
109.6 0.0854736 0.0309434
110 0.0837283 0.0329906
110.4 0.0821632 0.035131
110.8 0.0807776 0.0373537
111.2 0.0795683 0.0396473
111.6 0.0785298 0.042
112 0.0776538 0.0443999
112.4 0.0769303 0.046835
112.8 0.0763471 0.0492937
113.2 0.0758904 0.0517643
113.6 0.0755452 0.0542357
114 0.0752954 0.0566974
114.4 0.0751241 0.0591396
114.8 0.0750144 0.0615531
115.2 0.0749491 0.0639299
115.6 0.0749117 0.0662628
116 0.074886 0.0685457
116.4 0.0748571 0.0707739
116.8 0.0748112 0.0729435
117.2 0.074736 0.0750519
117.6 0.074621 0.0770978
118 0.0744574 0.079081
118.4 0.0742386 0.0810023
118.8 0.0739597 0.0828637
119.2 0.0736182 0.084668
119.6 0.0732134 0.0864191
120 0.0727467 0.0881215
120.4 0.0722213 0.0897802
120.8 0.0716423 0.091401
121.2 0.071016 0.0929898
121.6 0.0703503 0.0945529
122 0.0696539 0.0960963
122.4 0.0689365 0.0976262
122.8 0.0682082 0.0991484
123.2 0.0674795 0.100668
123.6 0.0667605 0.102191
124 0.0660613 0.10372
124.4 0.0653913 0.105259
124.8 0.0647588 0.106811
125.2 0.0641712 0.108376
125.6 0.0636346 0.109956
126 0.0631535 0.111549
126.4 0.0627309 0.113154
126.8 0.062368 0.114768
127.2 0.0620642 0.116387
127.6 0.0618171 0.118005
128 0.0616227 0.119617
128.4 0.0614751 0.121215
128.8 0.0613669 0.122792
129.2 0.0612893 0.12434
129.6 0.0612322 0.125848
130 0.0611843 0.127309
130.4 0.0611337 0.128712
130.8 0.0610679 0.130047
131.2 0.0609741 0.131304
131.6 0.0608393 0.132475
132 0.0606511 0.133549
132.4 0.0603974 0.134519
132.8 0.0600671 0.135377
133.2 0.0596501 0.136115
133.6 0.0591376 0.136726
134 0.0585225 0.137207
134.4 0.0577992 0.137553
134.8 0.0569641 0.137761
135.2 0.0560155 0.137829
135.6 0.0549539 0.137756
136 0.0537815 0.137545
136.4 0.0525031 0.137196
136.8 0.0511251 0.136712
137.2 0.0496559 0.136098
137.6 0.0481058 0.13536
138 0.0464866 0.134503
138.4 0.0448117 0.133535
138.8 0.0430953 0.132463
139.2 0.041353 0.131296
139.6 0.0396007 0.130042
140 0.037855 0.128712
140.4 0.0361324 0.127314
140.8 0.0344491 0.125859
141.2 0.0328212 0.124355
141.6 0.0312637 0.122812
142 0.0297907 0.12124
142.4 0.0284153 0.119647
142.8 0.0271488 0.118041
143.2 0.0260011 0.11643
143.6 0.0249803 0.114822
144 0.0240927 0.113223
144.4 0.0233424 0.111638
144.8 0.0227319 0.110074
145.2 0.0222614 0.108533
145.6 0.0219296 0.107021
146 0.021733 0.10554
146.4 0.0216667 0.104092
146.8 0.0217239 0.102679
147.2 0.0218969 0.101302
147.6 0.0221765 0.0999615
148 0.0225526 0.0986575
148.4 0.0230146 0.0973894
148.8 0.0235513 0.0961561
149.2 0.0241514 0.0949564
149.6 0.0248034 0.0937887
150 0.0254965 0.0926509
150.4 0.0262199 0.0915408
150.8 0.0269641 0.0904562
151.2 0.02772 0.0893943
151.6 0.0284798 0.0883526
152 0.029237 0.0873283
152.4 0.0299861 0.0863183
152.8 0.0307233 0.0853197
153.2 0.0314459 0.0843295
153.6 0.0321528 0.0833445
154 0.0328442 0.0823615
154.4 0.0335218 0.0813773
154.8 0.0341881 0.0803886
155.2 0.0348471 0.0793921
155.6 0.0355035 0.0783845
156 0.0361629 0.0773623
156.4 0.0368316 0.0763222
156.8 0.037516 0.0752608
157.2 0.038223 0.0741748
157.6 0.0389594 0.0730609
158 0.0397319 0.0719159
158.4 0.0405466 0.0707367
158.8 0.0414094 0.0695206
159.2 0.0423252 0.0682646
159.6 0.0432981 0.0669665
160 0.0443312 0.0656241
160.4 0.0454265 0.0642356
160.8 0.0465849 0.0627995
161.2 0.0478059 0.0613149
161.6 0.0490881 0.0597813
162 0.0504285 0.0581987
162.4 0.051823 0.0565677
162.8 0.0532664 0.0548895
163.2 0.0547525 0.0531657
163.6 0.056274 0.0513987
164 0.0578229 0.0495915
164.4 0.0593904 0.0477476
164.8 0.0609672 0.0458711
165.2 0.0625437 0.0439668
165.6 0.0641099 0.0420397
166 0.0656558 0.0400957
166.4 0.0671718 0.0381406
166.8 0.0686483 0.036181
167.2 0.0700762 0.0342236
167.6 0.071447 0.0322752
168 0.072753 0.0303428
168.4 0.0739871 0.0284334
168.8 0.0751434 0.0265541
169.2 0.0762167 0.0247116
169.6 0.0772031 0.0229125
170 0.0780995 0.0211631
170.4 0.0789042 0.0194694
170.8 0.0796162 0.0178366
171.2 0.0802358 0.0162698
171.6 0.0807641 0.0147732
172 0.0812032 0.0133505
172.4 0.0815559 0.0120049
172.8 0.0818257 0.0107385
173.2 0.0820169 0.00955306
173.6 0.082134 0.00844952
174 0.0821818 0.00742811
174.4 0.0821655 0.00648838
174.8 0.0820903 0.00562925
175.2 0.0819611 0.00484902
175.6 0.0817829 0.00414542
176 0.0815602 0.00351567
176.4 0.081297 0.00295654
176.8 0.0809969 0.00246439
177.2 0.0806628 0.00203528
177.6 0.0802969 0.00166501
178 0.0799006 0.00134917
178.4 0.0794747 0.00108327
178.8 0.079019 0.000862746
179.2 0.0785326 0.000683041
179.6 0.0780137 0.000539681
180 0.0774601 0.000428311
180.4 0.0768687 0.00034475
180.8 0.0762358 0.000285031
181.2 0.0755574 0.000245436
181.6 0.0748291 0.000222521
182 0.0740461 0.000213144
182.4 0.0732039 0.000214469
182.8 0.0722976 0.00022398
183.2 0.0713229 0.000239476
183.6 0.0702758 0.00025907
184 0.0691527 0.000281174
184.4 0.0679508 0.000304488
184.8 0.0666683 0.000327975
185.2 0.065304 0.000350842
185.6 0.0638584 0.000372515
186 0.0623326 0.000392611
186.4 0.0607296 0.000410913
186.8 0.0590534 0.000427341
187.2 0.0573097 0.000441928
187.6 0.0555056 0.000454789
188 0.0536496 0.000466106
188.4 0.0517519 0.000476099
188.8 0.0498239 0.000485013
189.2 0.0478783 0.000493095
189.6 0.0459293 0.000500588
190 0.0439917 0.000507716
190.4 0.0420816 0.000514675
190.8 0.0402156 0.000521631
191.2 0.0384109 0.000528718
191.6 0.0366849 0.000536031
192 0.0350549 0.000543635
192.4 0.0335381 0.000551562
192.8 0.0321512 0.000559819
193.2 0.03091 0.000568391
193.6 0.0298292 0.000577246
194 0.0289224 0.000586341
194.4 0.0282015 0.000595628
194.8 0.0276765 0.000605061
195.2 0.0273554 0.000614594
195.6 0.0272443 0.000624194
196 0.0273466 0.000633835
196.4 0.0276632 0.000643508
196.8 0.0281928 0.000653214
197.2 0.0289312 0.000662971
197.6 0.0298716 0.00067281
198 0.0310046 0.000682772
198.4 0.0323185 0.000692909
198.8 0.033799 0.000703278
199.2 0.0354297 0.00071394
199.6 0.0371922 0.000724956
200 0.0390663 0.000736381
200.4 0.0410302 0.000748265
200.8 0.043061 0.000760647
201.2 0.0451349 0.000773553
201.6 0.0472275 0.000786994
202 0.0493143 0.000800964
202.4 0.0513707 0.00081544
202.8 0.0533728 0.000830383
203.2 0.0552976 0.000845734
203.6 0.0571231 0.000861419
204 0.0588289 0.000877353
204.4 0.0603962 0.000893435
204.8 0.0618085 0.000909557
205.2 0.0630514 0.000925606
205.6 0.0641128 0.000941463
206 0.0649835 0.000957011
206.4 0.0656566 0.000972139
206.8 0.0661283 0.000986738
207.2 0.0663972 0.00100071
207.6 0.0664648 0.00101397
208 0.0663352 0.00102644
208.4 0.0660147 0.00103807
208.8 0.0655124 0.00104882
209.2 0.0648391 0.00105864
209.6 0.0640077 0.00106754
210 0.0630327 0.00107551
210.4 0.0619299 0.00108257
210.8 0.0607162 0.00108874
211.2 0.0594092 0.00109406
211.6 0.0580272 0.00109857
212 0.0565884 0.00110232
212.4 0.055111 0.00110534
212.8 0.0536128 0.0011077
213.2 0.0521109 0.00110944
213.6 0.0506216 0.00111059
214 0.0491601 0.00111119
214.4 0.0477401 0.00111128
214.8 0.0463742 0.00111088
215.2 0.0450733 0.00110999
215.6 0.0438468 0.00110863
216 0.0427023 0.00110681
216.4 0.0416458 0.00110451
216.8 0.0406818 0.00110174
217.2 0.039813 0.00109848
217.6 0.0390407 0.00109473
218 0.0383648 0.00109049
218.4 0.0377838 0.00108575
218.8 0.0372952 0.00108053
219.2 0.0368952 0.00107484
219.6 0.0365794 0.00106872
220 0.0363425 0.0010622
220.4 0.0361788 0.00105534
220.8 0.036082 0.00104821
221.2 0.0360456 0.00104089
221.6 0.0360631 0.00103348
222 0.0361276 0.00102607
222.4 0.0362326 0.0010188
222.8 0.0363717 0.00101178
223.2 0.0365386 0.00100514
223.6 0.0367273 0.000999009
224 0.0369323 0.000993527
224.4 0.0371482 0.000988814
224.8 0.03737 0.00098499
225.2 0.0375931 0.000982162
225.6 0.0378132 0.000980422
226 0.0380262 0.000979846
226.4 0.0382284 0.000980491
226.8 0.0384161 0.000982391
227.2 0.0385861 0.000985558
227.6 0.038735 0.000989981
228 0.0388598 0.000995625
228.4 0.0389575 0.00100243
228.8 0.039025 0.00101033
229.2 0.0390595 0.00101921
229.6 0.0390582 0.00102898
230 0.0390183 0.00103949
230.4 0.038937 0.00105063
230.8 0.0388118 0.00106225
231.2 0.0386403 0.00107422
231.6 0.0384201 0.00108641
232 0.0381491 0.0010987
232.4 0.0378257 0.00111099
232.8 0.0374482 0.0011232
233.2 0.0370157 0.00113527
233.6 0.0365275 0.00114717
234 0.0359833 0.0011589
234.4 0.0353835 0.0011705
234.8 0.0347289 0.00118204
235.2 0.034021 0.00119361
235.6 0.0332616 0.00120536
236 0.0324533 0.00121745
236.4 0.0315992 0.00123008
236.8 0.0307029 0.00124347
237.2 0.0297686 0.00125787
237.6 0.0288006 0.00127352
238 0.0278038 0.0012907
238.4 0.0267835 0.00130966
238.8 0.025745 0.00133068
239.2 0.0246938 0.00135399
239.6 0.0236353 0.00137982
240 0.0225751 0.00140837
240.4 0.0215183 0.00143978
240.8 0.0204701 0.00147418
241.2 0.019435 0.00151162
241.6 0.0184174 0.00155211
242 0.0174209 0.00159559
242.4 0.016449 0.00164195
242.8 0.0155043 0.00169099
243.2 0.0145887 0.00174247
243.6 0.013704 0.00179604
244 0.0128509 0.00185133
244.4 0.0120297 0.00190787
244.8 0.0112404 0.00196516
245.2 0.0104821 0.00202263
245.6 0.0097539 0.00207966
246 0.00905437 0.0021356
246.4 0.00838191 0.00218977
246.8 0.0077348 0.00224147
247.2 0.00711129 0.00229
247.6 0.00650973 0.00233465
248 0.00592865 0.00237473
248.4 0.00536688 0.00240959
248.8 0.00482363 0.0024386
249.2 0.00429859 0.00246119
249.6 0.00379198 0.00247684
250 0.00330462 0.00248511
250.4 0.002838 0.00248563
250.8 0.00239423 0.00247813
251.2 0.00197611 0.00246241
251.6 0.00158708 0.00243839
252 0.00123121 0.00240606
252.4 0.000913091 0.00236555
252.8 0.000637818 0.00231705
253.2 0.000410858 0.00226088
253.6 0.000237949 0.00219744
254 0.000124976 0.00212722
254.4 7.78355e-05 0.00205079
254.8 0.000102286 0.0019688
255.2 0.000203802 0.00188198
255.6 0.000387415 0.00179108
256 0.000657565 0.00169691
256.4 0.00101795 0.00160032
256.8 0.0014714 0.00150216
257.2 0.0020197 0.0014033
257.6 0.00266356 0.00130459
258 0.00340242 0.00120687
258.4 0.00423443 0.00111093
258.8 0.00515641 0.00101753
259.2 0.00616375 0.000927384
259.6 0.00725044 0.00084112
260 0.00840911 0.000759305
260.4 0.009631 0.00068243
260.8 0.0109061 0.000610898
261.2 0.0122233 0.000545028
261.6 0.0135702 0.000485051
262 0.0149336 0.000431108
262.4 0.0162996 0.000383255
262.8 0.0176536 0.000341462
263.2 0.0189805 0.000305624
263.6 0.0202652 0.00027556
264 0.0214924 0.000251026
264.4 0.0226471 0.000231718
264.8 0.0237148 0.000217285
265.2 0.0246814 0.000207337
265.6 0.0255338 0.000201456
266 0.02626 0.000199203
266.4 0.026849 0.000200131
266.8 0.0272913 0.000203793
267.2 0.0275791 0.000209751
267.6 0.027706 0.000217586
268 0.0276674 0.000226901
268.4 0.0274608 0.000237331
268.8 0.0270852 0.000248549
269.2 0.0265419 0.000260263
269.6 0.0258339 0.000272226
270 0.0249662 0.000284232
270.4 0.0239455 0.000296117
270.8 0.0227805 0.000307757
271.2 0.0214814 0.000319065
271.6 0.0200598 0.000329989
272 0.0185289 0.000340502
272.4 0.0169031 0.000350601
272.8 0.0151976 0.000360299
273.2 0.0134286 0.000369615
273.6 0.011613 0.000378574
274 0.00976779 0.000387193
274.4 0.00791043 0.000395476
274.8 0.00605819 0.000403413
275.2 0.00422811 0.000410967
275.6 0.00243678 0.000418073
276 0.00070009 0.000424634
276.4 -0.000966934 0.000430519
276.8 -0.0025503 0.00043556
277.2 -0.00403723 0.000439553
277.6 -0.00541629 0.000442258
278 -0.0066775 0.000443404
278.4 -0.00781245 0.00044269
278.8 -0.0088144 0.000439791
279.2 -0.00967825 0.000434367
279.6 -0.0104007 0.000426063
280 -0.01098 0.000414525
280.4 -0.0114164 0.000399403
280.8 -0.0117115 0.000380361
281.2 -0.0118686 0.000357086
281.6 -0.0118927 0.000329299
282 -0.0117898 0.000296758
282.4 -0.0115676 0.000259275
282.8 -0.0112347 0.000216712
283.2 -0.0108006 0.000168999
283.6 -0.0102758 0.000116131
284 -0.00967151 5.8175e-05
284.4 -0.00899923 -4.72671e-06
284.8 -0.0082709 -7.23559e-05
285.2 -0.00749855 -0.000144418
285.6 -0.00669421 -0.000220547
286 -0.00586969 -0.000300302
286.4 -0.00503646 -0.000383179
286.8 -0.00420549 -0.000468614
287.2 -0.00338713 -0.000555989
287.6 -0.00259098 -0.000644644
288 -0.0018258 -0.000733882
288.4 -0.0010994 -0.000822984
288.8 -0.000418602 -0.000911216
289.2 0.000210819 -0.000997841
289.6 0.000784175 -0.00108213
290 0.00129787 -0.00116338
290.4 0.0017494 -0.00124091
290.8 0.00213732 -0.00131408
291.2 0.00246121 -0.00138231
291.6 0.00272165 -0.00144507
292 0.0029201 -0.0015019
292.4 0.00305887 -0.0015524
292.8 0.00314101 -0.00159626
293.2 0.00317022 -0.00163325
293.6 0.00315075 -0.00166323
294 0.00308727 -0.00168611
294.4 0.00298483 -0.00170193
294.8 0.00284866 -0.00171076
295.2 0.00268417 -0.0017128
295.6 0.00249674 -0.00170827
296 0.00229171 -0.00169749
296.4 0.00207427 -0.00168083
296.8 0.00184935 -0.0016587
297.2 0.00162157 -0.00163158
297.6 0.00139522 -0.00159996
298 0.00117413 -0.00156436
298.4 0.000961695 -0.00152534
298.8 0.00076083 -0.00148343
299.2 0.000573951 -0.00143919
299.6 0.000402968 -0.00139316
300 0.000249299 -0.00134587
300.4 0.000113878 -0.00129782
300.8 -2.81775e-06 -0.00124949
301.2 -0.00010074 -0.00120132
301.6 -0.000180231 -0.0011537
302 -0.000241978 -0.00110701
302.4 -0.000286972 -0.00106155
302.8 -0.000316453 -0.00101759
303.2 -0.000331864 -0.000975356
303.6 -0.000334798 -0.000935026
304 -0.000326946 -0.000896728
304.4 -0.000310052 -0.000860551
304.8 -0.000285868 -0.000826541
305.2 -0.00025611 -0.000794705
305.6 -0.000222421 -0.000765019
306 -0.000186342 -0.000737425
306.4 -0.000149283 -0.000711843
306.8 -0.000112502 -0.000688167
307.2 -7.70884e-05 -0.000666275
307.6 -4.3956e-05 -0.000646033
308 -1.38355e-05 -0.000627297
308.4 1.27238e-05 -0.000609918
308.8 3.5349e-05 -0.000593746
309.2 5.38343e-05 -0.000578633
309.6 6.81283e-05 -0.000564435
310 7.83182e-05 -0.000551018
310.4 8.46117e-05 -0.000538256
310.8 8.73174e-05 -0.000526036
311.2 8.6824e-05 -0.000514256
311.6 8.358e-05 -0.000502828
312 7.80726e-05 -0.00049168
312.4 7.08079e-05 -0.000480751
312.8 6.22933e-05 -0.000469996
313.2 5.30203e-05 -0.000459382
313.6 4.34499e-05 -0.000448887
314 3.40012e-05 -0.000438503
314.4 2.50411e-05 -0.000428228
314.8 1.68773e-05 -0.00041807
315.2 9.75452e-06 -0.000408045
315.6 3.85155e-06 -0.000398171
316 -7.17668e-07 -0.000388472
316.4 -3.90178e-06 -0.000378974
316.8 -5.7076e-06 -0.000369702
317.2 -6.19414e-06 -0.000360683
317.6 -5.46535e-06 -0.00035194
318 -3.66199e-06 -0.000343496
318.4 -9.52932e-07 -0.000335368
318.8 2.47385e-06 -0.000327571
319.2 6.42012e-06 -0.000320114
319.6 1.06859e-05 -0.000313003
320 1.50771e-05 -0.000306237
320.4 1.94132e-05 -0.000299813
320.8 2.35322e-05 -0.000293721
321.2 2.72962e-05 -0.000287949
321.6 3.05946e-05 -0.000282479
322 3.33466e-05 -0.00027729
322.4 3.55019e-05 -0.00027236
322.8 3.70405e-05 -0.000267665
323.2 3.79716e-05 -0.000263177
323.6 3.83309e-05 -0.000258869
324 3.81777e-05 -0.000254714
324.4 3.75908e-05 -0.000250685
324.8 3.6664e-05 -0.000246757
325.2 3.55018e-05 -0.000242905
325.6 3.42142e-05 -0.000239107
326 3.29122e-05 -0.000235343
326.4 3.17031e-05 -0.000231596
326.8 3.06865e-05 -0.00022785
327.2 2.99505e-05 -0.000224094
327.6 2.95693e-05 -0.00022032
328 2.95998e-05 -0.00021652
328.4 3.00813e-05 -0.000212693
328.8 3.10336e-05 -0.000208835
329.2 3.24576e-05 -0.00020495
329.6 3.43359e-05 -0.000201041
330 3.66337e-05 -0.000197112
330.4 3.93009e-05 -0.00019317
330.8 4.22746e-05 -0.000189222
331.2 4.54814e-05 -0.000185277
331.6 4.88408e-05 -0.000181344
332 5.22677e-05 -0.00017743
332.4 5.56762e-05 -0.000173544
332.8 5.89819e-05 -0.000169694
333.2 6.21049e-05 -0.000165888
333.6 6.49725e-05 -0.000162132
334 6.75211e-05 -0.000158431
334.4 6.96978e-05 -0.000154791
334.8 7.14616e-05 -0.000151216
335.2 7.27845e-05 -0.000147706
335.6 7.36511e-05 -0.000144266
336 7.40591e-05 -0.000140895
336.4 7.40177e-05 -0.000137593
336.8 7.35474e-05 -0.00013436
337.2 7.26778e-05 -0.000131194
337.6 7.14467e-05 -0.000128096
338 6.98973e-05 -0.000125062
338.4 6.80773e-05 -0.000122091
338.8 6.60357e-05 -0.000119181
339.2 6.38218e-05 -0.000116331
339.6 6.1483e-05 -0.000113539
340 5.9063e-05 -0.000110805
340.4 5.66004e-05 -0.000108127
340.8 5.41281e-05 -0.000105506
341.2 5.16717e-05 -0.000102941
341.6 4.92496e-05 -0.000100433
342 4.68726e-05 -9.79817e-05
342.4 4.45444e-05 -9.55883e-05
342.8 4.22616e-05 -9.32535e-05
343.2 4.00149e-05 -9.09779e-05
343.6 3.779e-05 -8.87623e-05
344 3.55686e-05 -8.66069e-05
344.4 3.33302e-05 -8.45118e-05
344.8 3.10531e-05 -8.24765e-05
345.2 2.87158e-05 -8.05004e-05
345.6 2.62986e-05 -7.85819e-05
346 2.37849e-05 -7.67192e-05
346.4 2.11619e-05 -7.49096e-05
346.8 1.84222e-05 -7.31502e-05
347.2 1.55639e-05 -7.14373e-05
347.6 1.25914e-05 -6.9767e-05
348 9.51558e-06 -6.81349e-05
348.4 6.35353e-06 -6.65364e-05
348.8 3.12852e-06 -6.49668e-05
349.2 -1.30716e-07 -6.34215e-05
349.6 -3.39077e-06 -6.1896e-05
350 -6.61448e-06 -6.03863e-05
350.4 -9.76208e-06 -5.88885e-05
350.8 -1.27924e-05 -5.73996e-05
351.2 -1.5664e-05 -5.59172e-05
351.6 -1.83369e-05 -5.44399e-05
352 -2.07733e-05 -5.29668e-05
352.4 -2.29391e-05 -5.14983e-05
352.8 -2.48047e-05 -5.00355e-05
353.2 -2.63462e-05 -4.85805e-05
353.6 -2.75459e-05 -4.71363e-05
354 -2.83928e-05 -4.57066e-05
354.4 -2.8883e-05 -4.42959e-05
354.8 -2.90198e-05 -4.29093e-05
355.2 -2.88132e-05 -4.15521e-05
355.6 -2.82801e-05 -4.023e-05
356 -2.74431e-05 -3.89488e-05
356.4 -2.63302e-05 -3.77139e-05
356.8 -2.49737e-05 -3.65308e-05
357.2 -2.34095e-05 -3.54042e-05
357.6 -2.16754e-05 -3.43382e-05
358 -1.98107e-05 -3.33361e-05
358.4 -1.78548e-05 -3.24004e-05
358.8 -1.58461e-05 -3.15324e-05
359.2 -1.38211e-05 -3.07325e-05
359.6 -1.18134e-05 -2.99998e-05
360 -9.8531e-06 -2.93325e-05
360.4 -7.96632e-06 -2.87275e-05
360.8 -6.17446e-06 -2.81809e-05
361.2 -4.49416e-06 -2.76878e-05
361.6 -2.93716e-06 -2.72425e-05
362 -1.51042e-06 -2.68388e-05
362.4 -2.16382e-07 -2.647e-05
362.8 9.46667e-07 -2.61291e-05
363.2 1.98405e-06 -2.58092e-05
363.6 2.90408e-06 -2.55032e-05
364 3.71739e-06 -2.52046e-05
364.4 4.43617e-06 -2.49072e-05
364.8 5.07348e-06 -2.46055e-05
365.2 5.64246e-06 -2.42947e-05
365.6 6.15569e-06 -2.39709e-05
366 6.62456e-06 -2.36311e-05
366.4 7.05879e-06 -2.32732e-05
366.8 7.46593e-06 -2.28961e-05
367.2 7.85115e-06 -2.24998e-05
367.6 8.21702e-06 -2.20849e-05
368 8.5635e-06 -2.16531e-05
368.4 8.88797e-06 -2.12067e-05
368.8 9.18551e-06 -2.07484e-05
369.2 9.44916e-06 -2.02817e-05
369.6 9.67032e-06 -1.98099e-05
370 9.83924e-06 -1.93369e-05
370.4 9.94552e-06 -1.88662e-05
370.8 9.9787e-06 -1.84013e-05
371.2 9.92878e-06 -1.79453e-05
371.6 9.78673e-06 -1.7501e-05
372 9.54507e-06 -1.70704e-05
372.4 9.19824e-06 -1.66553e-05
372.8 8.74296e-06 -1.62564e-05
373.2 8.17854e-06 -1.5874e-05
373.6 7.50703e-06 -1.55077e-05
374 6.73328e-06 -1.51565e-05
374.4 5.8649e-06 -1.48188e-05
374.8 4.91213e-06 -1.44926e-05
375.2 3.88757e-06 -1.41754e-05
375.6 2.80584e-06 -1.38646e-05
376 1.68321e-06 -1.35575e-05
376.4 5.37086e-07 -1.32514e-05
376.8 -6.14486e-07 -1.29436e-05
377.2 -1.75336e-06 -1.26318e-05
377.6 -2.86181e-06 -1.23142e-05
378 -3.92309e-06 -1.19893e-05
378.4 -4.92189e-06 -1.16562e-05
378.8 -5.84481e-06 -1.13147e-05
379.2 -6.68067e-06 -1.09652e-05
379.6 -7.42088e-06 -1.06088e-05
380 -8.05958e-06 -1.0247e-05
380.4 -8.59379e-06 -9.8823e-06
380.8 -9.02341e-06 -9.51729e-06
381.2 -9.35115e-06 -9.15521e-06
381.6 -9.58236e-06 -8.79952e-06
382 -9.72477e-06 -8.45388e-06
382.4 -9.78819e-06 -8.12202e-06
382.8 -9.78409e-06 -7.80754e-06
383.2 -9.72521e-06 -7.51384e-06
383.6 -9.62508e-06 -7.24399e-06
384 -9.49759e-06 -7.00056e-06
384.4 -9.35645e-06 -6.78559e-06
384.8 -9.21483e-06 -6.60044e-06
385.2 -9.08488e-06 -6.44581e-06
385.6 -8.97741e-06 -6.32162e-06
386 -8.90157e-06 -6.22709e-06
386.4 -8.86458e-06 -6.16068e-06
386.8 -8.87161e-06 -6.12019e-06
387.2 -8.92565e-06 -6.10281e-06
387.6 -9.02751e-06 -6.10521e-06
388 -9.17588e-06 -6.12363e-06
388.4 -9.36741e-06 -6.15404e-06
388.8 -9.59694e-06 -6.19225e-06
389.2 -9.85773e-06 -6.23403e-06
389.6 -1.01417e-05 -6.27529e-06
390 -1.04398e-05 -6.31219e-06
390.4 -1.07421e-05 -6.34125e-06
390.8 -1.10386e-05 -6.35947e-06
391.2 -1.13189e-05 -6.36446e-06
391.6 -1.1573e-05 -6.35444e-06
392 -1.17913e-05 -6.32834e-06
392.4 -1.19651e-05 -6.28584e-06
392.8 -1.20862e-05 -6.2273e-06
393.2 -1.21477e-05 -6.15379e-06
393.6 -1.21436e-05 -6.06706e-06
394 -1.20691e-05 -5.96939e-06
394.4 -1.19204e-05 -5.86358e-06
394.8 -1.16946e-05 -5.75281e-06
395.2 -1.13899e-05 -5.64052e-06
395.6 -1.10051e-05 -5.5303e-06
396 -1.05395e-05 -5.42576e-06
396.4 -9.99296e-06 -5.3304e-06
396.8 -9.36543e-06 -5.2475e-06
397.2 -8.65695e-06 -5.18001e-06
397.6 -7.86746e-06 -5.13044e-06
398 -6.99664e-06 -5.10081e-06
398.4 -6.04386e-06 -5.09257e-06
398.8 -5.00807e-06 -5.10655e-06
399.2 -3.88784e-06 -5.14299e-06
399.6 -2.68132e-06 -5.20148e-06
400 -1.38638e-06 -5.28105e-06
