-0.498 1.74856e-06 3.83182e-06
-0.496 2.7199e-06 1.14735e-05
-0.494 2.85269e-06 1.70045e-05
-0.492 1.14533e-05 1.55613e-05
-0.49 4.36983e-05 4.60602e-06
-0.488 0.000112075 -1.53527e-05
-0.486 0.000215152 -4.06644e-05
-0.484 0.000328081 -6.49801e-05
-0.482 0.000400392 -8.00564e-05
-0.48 0.000365791 -7.6745e-05
-0.478 0.00016466 -4.60682e-05
-0.476 -0.00022628 1.9599e-05
-0.474 -0.000768444 0.000125143
-0.472 -0.00135293 0.000271071
-0.47 -0.001818 0.000451749
-0.468 -0.0019926 0.000653939
-0.466 -0.00175603 0.000856232
-0.464 -0.0010959 0.00103
-0.462 -0.000142572 0.00114224
-0.46 0.000839112 0.00116012
-0.458 0.00151087 0.00105678
-0.456 0.0015676 0.000817038
-0.454 0.000862004 0.000442025
-0.452 -0.000496716 -4.85881e-05
-0.45 -0.00211538 -0.000617281
-0.448 -0.0033889 -0.00121238
-0.446 -0.0036677 -0.00177405
-0.444 -0.00248089 -0.00224124
-0.442 0.000251919 -0.00255823
-0.44 0.00409496 -0.0026795
-0.438 0.00811688 -0.00257254
-0.436 0.0110786 -0.00221897
-0.434 0.0117567 -0.00161474
-0.432 0.00932081 -0.000770256
-0.43 0.0036532 0.000289169
-0.428 -0.00449553 0.00152245
-0.426 -0.0135855 0.00287211
-0.424 -0.0216113 0.00426492
-0.422 -0.0266083 0.00561521
-0.42 -0.0272156 0.00683181
-0.418 -0.0231291 0.00782832
-0.416 -0.0152855 0.00853509
-0.414 -0.00568637 0.00891015
-0.412 0.0031218 0.00894617
-0.41 0.00877096 0.00867148
-0.408 0.00978264 0.00814458
-0.406 0.006047 0.00744343
-0.404 -0.00107985 0.00665163
-0.402 -0.00910276 0.00584438
-0.4 -0.0150703 0.00507691
-0.398 -0.016447 0.0043777
-0.396 -0.0119364 0.00374778
-0.394 -0.00199895 0.00316586
-0.392 0.011135 0.00259733
-0.39 0.0240088 0.00200426
-0.388 0.0329058 0.00135373
-0.386 0.034952 0.000622886
-0.384 0.0290147 -0.000198794
-0.382 0.0161227 -0.00110841
-0.38 -0.000720523 -0.002088
-0.378 -0.0172971 -0.00310143
-0.376 -0.0293221 -0.00409051
-0.374 -0.0336761 -0.00497176
-0.372 -0.0293622 -0.00563594
-0.37 -0.017876 -0.00595198
-0.368 -0.00283602 -0.00577669
-0.366 0.011038 -0.00497051
-0.364 0.0192931 -0.003418
-0.362 0.0190444 -0.00104956
-0.36 0.00983418 0.00214082
-0.358 -0.00617632 0.0060871
-0.356 -0.0247255 0.0106549
-0.354 -0.040549 0.0156567
-0.352 -0.0487835 0.0208756
-0.35 -0.0463045 0.0260905
-0.348 -0.032617 0.0310993
-0.346 -0.0100289 0.0357355
-0.344 0.0169435 0.0398761
-0.342 0.0427477 0.0434429
-0.34 0.0621835 0.0463977
-0.338 0.0716174 0.0487359
-0.336 0.0697251 0.0504809
-0.334 0.057627 0.0516796
-0.332 0.0384343 0.0524012
-0.33 0.0163572 0.0527336
-0.328 -0.0043761 0.0527767
-0.326 -0.0204947 0.0526268
-0.324 -0.0302998 0.0523553
-0.322 -0.0337931 0.051985
-0.32 -0.0323574 0.0514707
-0.318 -0.028164 0.0506951
-0.316 -0.0235398 0.0494803
-0.314 -0.0204827 0.0476194
-0.312 -0.0204149 0.0449194
-0.31 -0.0241402 0.0412493
-0.308 -0.0318991 0.0365809
-0.306 -0.0434098 0.0310149
-0.304 -0.0578548 0.0247854
-0.302 -0.0738596 0.0182415
-0.3 -0.0895504 0.0118114
-0.298 -0.102748 0.00595633
-0.296 -0.111293 0.00112338
-0.294 -0.11344 -0.00229543
-0.292 -0.108263 -0.003993
-0.29 -0.0959944 -0.0037657
-0.288 -0.0781768 -0.00152244
-0.286 -0.0575255 0.00271173
-0.284 -0.0373998 0.00879379
-0.282 -0.0209535 0.0164605
-0.28 -0.0102007 0.0253279
-0.278 -0.00534417 0.0348969
-0.276 -0.00464689 0.0445741
-0.274 -0.004934 0.0537138
-0.272 -0.00259492 0.061681
-0.27 0.0051975 0.0679301
-0.268 0.0193955 0.072082
-0.266 0.0384404 0.0739814
-0.264 0.058326 0.0737166
-0.262 0.0734581 0.0715953
-0.26 0.0781768 0.0680798
-0.258 0.0685402 0.0636948
-0.256 0.0437834 0.0589288
-0.254 0.00691787 0.0541486
-0.252 -0.0357695 0.0495438
-0.25 -0.0761881 0.0451126
-0.248 -0.106474 0.0406889
-0.246 -0.121029 0.0360008
-0.244 -0.118 0.0307421
-0.242 -0.0997536 0.0246343
-0.24 -0.0721548 0.0174652
-0.238 -0.0428287 0.00909947
-0.236 -0.0189027 -0.000528233
-0.234 -0.00493157 -0.0114234
-0.232 -0.00166845 -0.0235287
-0.23 -0.00607575 -0.0367001
-0.228 -0.0125578 -0.0506648
-0.226 -0.015029 -0.0649702
-0.224 -0.00919724 -0.0789465
-0.222 0.00564832 -0.0917041
-0.22 0.0259875 -0.102187
-0.218 0.044901 -0.109291
-0.216 0.0542212 -0.112024
-0.214 0.04733 -0.109698
-0.212 0.0216764 -0.102081
-0.21 -0.0198124 -0.0894879
-0.208 -0.0688871 -0.0727769
-0.206 -0.113694 -0.0532443
-0.204 -0.141641 -0.0324359
-0.202 -0.14275 -0.0119122
-0.2 -0.112659 0.00698433
-0.198 -0.0544396 0.0233084
-0.196 0.0214568 0.0366011
-0.194 0.0993561 0.0468798
-0.192 0.162123 0.0545498
-0.19 0.195465 0.0602764
-0.188 0.191508 0.0648578
-0.186 0.15067 0.0691278
-0.184 0.0814135 0.0738982
-0.182 -0.00193595 0.0799333
-0.18 -0.0826556 0.0879372
-0.178 -0.14554 0.0985255
-0.176 -0.180357 0.11216
-0.174 -0.184052 0.129035
-0.172 -0.161128 0.148942
-0.17 -0.122088 0.17114
-0.168 -0.0803568 0.194293
-0.166 -0.0485502 0.216525
-0.164 -0.0351405 0.235581
-0.162 -0.0424425 0.249105
-0.16 -0.0663949 0.254963
-0.158 -0.0980508 0.25155
-0.156 -0.126215 0.238035
-0.154 -0.140458 0.214492
-0.152 -0.133806 0.181902
-0.15 -0.104556 0.142025
-0.148 -0.0568571 0.0971687
-0.146 0.000167185 0.0499129
-0.144 0.0546126 0.00284521
-0.142 0.0947856 -0.0416486
-0.14 0.112162 -0.0815124
-0.138 0.103473 -0.115075
-0.136 0.0714127 -0.141055
-0.134 0.0239303 -0.15854
-0.132 -0.0275421 -0.166964
-0.13 -0.0704513 -0.16609
-0.128 -0.0937045 -0.156001
-0.126 -0.0901235 -0.137079
-0.124 -0.0583047 -0.109956
-0.122 -0.00331118 -0.075425
-0.12 0.0641761 -0.0342918
-0.118 0.130128 0.0127836
-0.116 0.180226 0.065418
-0.114 0.202883 0.123541
-0.112 0.191523 0.1873
-0.11 0.145801 0.256823
-0.108 0.0716295 0.331902
-0.106 -0.0199887 0.411661
-0.104 -0.115272 0.494295
-0.102 -0.200741 0.57695
-0.1 -0.266278 0.655774
-0.098 -0.307159 0.726142
-0.096 -0.324399 0.783029
-0.094 -0.323359 0.821463
-0.092 -0.311204 0.83699
-0.09 -0.294134 0.82609
-0.088 -0.275201 0.786486
-0.086 -0.253272 0.717369
-0.084 -0.223419 0.619531
-0.082 -0.178754 0.495438
-0.08 -0.113378 0.349272
-0.078 -0.0256318 0.186902
-0.076 0.0794504 0.0157891
-0.074 0.189489 -0.155242
-0.072 0.286359 -0.316388
-0.07 0.349762 -0.457443
-0.068 0.361827 -0.568561
-0.066 0.311493 -0.641149
-0.064 0.19756 -0.66879
-0.062 0.0296247 -0.648025
-0.06 -0.173355 -0.578842
-0.058 -0.386672 -0.464737
-0.056 -0.584902 -0.312307
-0.054 -0.747117 -0.130408
-0.052 -0.860865 0.0709777
-0.05 -0.923756 0.281994
-0.048 -0.942237 0.494066
-0.046 -0.928092 0.700794
-0.044 -0.894034 0.898466
-0.042 -0.849937 1.0862
-0.04 -0.800806 1.26576
-0.038 -0.746746 1.44122
-0.036 -0.684567 1.61855
-0.034 -0.61033 1.80511
-0.032 -0.521956 2.00924
-0.03 -0.420945 2.23966
-0.028 -0.312338 2.5048
-0.026 -0.202504 2.81194
-0.024 -0.0952777 3.16624
-0.022 0.012016 3.56961
-0.02 0.130676 4.01984
-0.018 0.279442 4.50986
-0.016 0.47995 5.02763
-0.014 0.750071 5.55655
-0.012 1.09707 6.07653
-0.01 1.51235 6.56547
-0.008 1.96905 7.00106
-0.006 2.42352 7.36248
-0.004 2.821 7.63202
-0.002 3.10528 7.79621
0 3.23049 7.84677
0.002 3.17191 7.78098
0.004 2.9324 7.60188
0.006 2.54252 7.31811
0.008 2.05434 6.94342
0.01 1.53078 6.49581
0.012 1.03342 5.99631
0.014 0.611377 5.46746
0.016 0.293388 4.93149
0.018 0.0845942 4.40863
0.02 -0.0313628 3.91562
0.022 -0.0854656 3.46463
0.024 -0.113645 3.06285
0.026 -0.147166 2.71262
0.028 -0.205733 2.41202
0.03 -0.294739 2.15583
0.032 -0.406637 1.93656
0.034 -0.525347 1.74549
0.036 -0.632141 1.57349
0.038 -0.711374 1.41178
0.04 -0.754502 1.25244
0.042 -0.761352 1.08898
0.044 -0.738475 0.916775
0.046 -0.695518 0.73353
0.048 -0.641273 0.539676
0.05 -0.580916 0.338551
0.052 -0.515208 0.136284
0.054 -0.441506 -0.0587046
0.056 -0.355967 -0.23659
0.058 -0.256258 -0.387295
0.06 -0.14398 -0.501763
0.062 -0.0259935 -0.573117
0.064 0.086106 -0.597536
0.066 0.178462 -0.574693
0.068 0.238625 -0.507715
0.07 0.258981 -0.402717
0.072 0.238639 -0.268037
0.074 0.183268 -0.113333
0.076 0.103318 0.0513092
0.078 0.0115003 0.216145
0.08 -0.0797259 0.372357
0.082 -0.160241 0.512452
0.084 -0.223607 0.630488
0.086 -0.267339 0.722184
0.088 -0.291946 0.784963
0.09 -0.299115 0.817951
0.092 -0.289976 0.821937
0.094 -0.264453 0.799271
0.096 -0.222097 0.753653
0.098 -0.163848 0.689809
0.1 -0.0936102 0.613049
0.102 -0.0187228 0.528777
0.104 0.0509385 0.441993
0.106 0.104861 0.356904
0.108 0.134196 0.276667
0.11 0.13392 0.203328
0.112 0.104411 0.137926
0.114 0.0520034 0.0807363
0.116 -0.011899 0.0315731
0.118 -0.0732957 -0.00992637
0.12 -0.119158 -0.0440956
0.122 -0.140985 -0.0711432
0.124 -0.137061 -0.0911596
0.126 -0.112578 -0.104189
0.128 -0.0776662 -0.11032
0.13 -0.0441051 -0.109746
0.132 -0.0218163 -0.102789
0.134 -0.0161477 -0.0898747
0.136 -0.0265775 -0.0714981
0.138 -0.0470744 -0.0482102
0.14 -0.0680049 -0.0206439
0.142 -0.0791761 0.0104175
0.144 -0.0732488 0.0439558
0.146 -0.0484515 0.0786542
0.148 -0.00955289 0.112893
0.15 0.0334028 0.144832
0.152 0.0682023 0.172585
0.154 0.0842775 0.194454
0.156 0.0759052 0.209193
0.158 0.0438465 0.216222
0.16 -0.00486923 0.215734
0.162 -0.0587452 0.208676
0.164 -0.104645 0.196581
0.166 -0.130999 0.181301
0.168 -0.130677 0.164692
0.17 -0.102757 0.148341
0.172 -0.0525822 0.133366
0.174 0.00995069 0.120353
0.176 0.0732814 0.109394
0.178 0.127215 0.100219
0.18 0.165121 0.0923608
0.182 0.184796 0.0853042
0.184 0.188027 0.078576
0.186 0.179271 0.0717705
0.188 0.163945 0.0645209
0.19 0.146754 0.0564527
0.192 0.130457 0.0471612
0.194 0.115358 0.0362395
0.196 0.0997062 0.023362
0.198 0.0808472 0.00840506
0.2 0.0566539 -0.00843371
0.202 0.0266748 -0.0265617
0.204 -0.00742597 -0.0449972
0.206 -0.0422255 -0.0624697
0.208 -0.0734716 -0.0776025
0.21 -0.0972042 -0.0891395
0.212 -0.110703 -0.0961631
0.214 -0.113032 -0.0982486
0.216 -0.105114 -0.0955181
0.218 -0.0894355 -0.0885827
0.22 -0.0695323 -0.0783941
0.222 -0.0493906 -0.0660512
0.224 -0.0328516 -0.0526099
0.226 -0.0230617 -0.0389406
0.228 -0.0220429 -0.0256545
0.23 -0.0304527 -0.0131027
0.232 -0.0475543 -0.00143139
0.234 -0.0713435 0.00933422
0.236 -0.0987437 0.0192092
0.238 -0.125835 0.0281976
0.24 -0.148193 0.0362829
0.242 -0.161467 0.0434527
0.244 -0.162254 0.0497391
0.246 -0.149083 0.0552469
0.248 -0.123145 0.060151
0.25 -0.0883943 0.0646569
0.252 -0.0508671 0.0689314
0.254 -0.0173827 0.0730269
0.256 0.00602573 0.0768228
0.258 0.015545 0.0800083
0.26 0.0105465 0.0821192
0.262 -0.00615887 0.0826257
0.264 -0.0288986 0.0810523
0.266 -0.0505088 0.0770989
0.268 -0.0642218 0.07073
0.27 -0.0655751 0.0622094
0.272 -0.0537412 0.052072
0.274 -0.0318141 0.0410456
0.276 -0.00591393 0.0299441
0.278 0.0166263 0.0195575
0.28 0.0294439 0.0105615
0.282 0.0290497 0.00345873
0.284 0.0159026 -0.00144289
0.286 -0.00565231 -0.00402095
0.288 -0.0285805 -0.00431016
0.29 -0.0451739 -0.00246996
0.292 -0.0493339 0.00123985
0.294 -0.0384625 0.00647208
0.296 -0.0143725 0.0127989
0.298 0.017101 0.0197223
0.3 0.0477037 0.026698
0.302 0.0690919 0.0331765
0.304 0.0751798 0.0386589
0.306 0.0638197 0.0427596
0.308 0.0373698 0.045261
0.31 0.00204062 0.046147
0.312 -0.0337741 0.0456022
0.314 -0.0617239 0.0439743
0.316 -0.0756921 0.041707
0.318 -0.0733537 0.0392583
0.32 -0.0566604 0.0370259
0.322 -0.0311135 0.0352926
0.324 -0.00405686 0.034204
0.326 0.0174661 0.0337756
0.328 0.0286301 0.033923
0.33 0.0279762 0.0345026
0.332 0.0175307 0.0353501
0.334 0.00194949 0.0363069
0.336 -0.0130122 0.0372307
0.338 -0.0222532 0.0379913
0.34 -0.0228057 0.0384604
0.342 -0.0146146 0.0385041
0.344 -0.000393278 0.0379856
0.346 0.0153711 0.036782
0.348 0.0279068 0.0348104
0.35 0.0336313 0.0320574
0.352 0.0311471 0.0286005
0.354 0.0215064 0.0246133
0.356 0.00775468 0.0203488
0.358 -0.00604723 0.016104
0.36 -0.0160208 0.0121728
0.362 -0.0195674 0.00879755
0.364 -0.016071 0.00613451
0.366 -0.00700847 0.00423781
0.368 0.00456897 0.00306699
0.37 0.0150132 0.00251284
0.372 0.0211961 0.0024334
0.374 0.0214045 0.00268972
0.376 0.0157498 0.00317262
0.378 0.00601162 0.00381505
0.38 -0.00498012 0.00458923
0.382 -0.0142012 0.0054921
0.384 -0.0192713 0.00652541
0.386 -0.0190552 0.00767771
0.388 -0.0138868 0.00891394
0.39 -0.00538687 0.0101754
0.392 0.00405084 0.0113892
0.394 0.0119421 0.0124827
0.396 0.0163669 0.0133981
0.398 0.0164184 0.0141004
0.4 0.0123399 0.014579
0.402 0.00534027 0.0148403
0.404 -0.00282399 0.0148975
0.406 -0.0103598 0.0147605
0.408 -0.0158846 0.0144296
0.41 -0.0186957 0.013896
0.412 -0.0188158 0.0131474
0.414 -0.0168455 0.0121782
0.416 -0.0136996 0.0109994
0.418 -0.010315 0.00964426
0.42 -0.00740787 0.00816979
0.422 -0.00533265 0.0066506
0.424 -0.00406587 0.00516936
0.426 -0.00330282 0.0038053
0.428 -0.00262412 0.00262372
0.43 -0.00167136 0.00166864
0.432 -0.000274217 0.000959793
0.434 0.00150542 0.000493874
0.436 0.00341265 0.000249291
0.438 0.00509485 0.000192432
0.44 0.00621511 0.000283619
0.442 0.00654965 0.000481379
0.444 0.00604613 0.000744702
0.446 0.00483241 0.00103395
0.448 0.00317844 0.0013116
0.45 0.00142535 0.00154361
0.452 -9.7509e-05 0.00170187
0.454 -0.00114577 0.00176687
0.456 -0.00160624 0.00173014
0.458 -0.00150712 0.00159522
0.46 -0.000993127 0.00137708
0.462 -0.000275828 0.00109967
0.464 0.00042559 0.000792125
0.466 0.000936604 0.000484289
0.468 0.00116069 0.000202579
0.47 0.00108869 -3.31479e-05
0.472 0.000786039 -0.000211167
0.474 0.000364423 -0.00032788
0.476 -5.38284e-05 -0.000386578
0.478 -0.000369323 -0.000395545
0.48 -0.000528727 -0.000366034
0.482 -0.000531645 -0.000310517
0.484 -0.000420577 -0.000241318
0.486 -0.000259154 -0.000169599
0.488 -0.00010765 -0.000104568
0.49 -4.6786e-06 -5.28089e-05
0.492 3.97833e-05 -1.77603e-05
0.494 3.97508e-05 5.51833e-07
0.496 2.06223e-05 5.3878e-06
0.498 4.53753e-06 2.6828e-06
0.4 0.0222588 0.800621
0.8 0.0225623 0.799925
1.2 0.0230646 0.798772
1.6 0.0237608 0.797175
2 0.0246439 0.795151
2.4 0.0257051 0.792721
2.8 0.0269339 0.789911
3.2 0.0283184 0.786749
3.6 0.0298451 0.783268
4 0.0314995 0.779501
4.4 0.0332661 0.775486
4.8 0.0351285 0.771259
5.2 0.0370701 0.76686
5.6 0.0390736 0.762327
6 0.0411218 0.757698
6.4 0.0431977 0.75301
6.8 0.0452845 0.748299
7.2 0.0473661 0.743598
7.6 0.049427 0.738938
8 0.0514529 0.734347
8.4 0.0534302 0.729849
8.8 0.055347 0.725465
9.2 0.0571922 0.721212
9.6 0.0589566 0.717102
10 0.0606324 0.713145
10.4 0.062213 0.709345
10.8 0.0636939 0.705703
11.2 0.0650719 0.702218
11.6 0.0663453 0.698882
12 0.0675141 0.695686
12.4 0.0685796 0.692617
12.8 0.0695446 0.689662
13.2 0.070413 0.686802
13.6 0.0711901 0.68402
14 0.0718822 0.681296
14.4 0.0724964 0.67861
14.8 0.0730408 0.67594
15.2 0.0735241 0.673267
15.6 0.0739557 0.670572
16 0.0743451 0.667835
16.4 0.0747024 0.665041
16.8 0.0750377 0.662172
17.2 0.0753612 0.659218
17.6 0.0756832 0.656167
18 0.0760134 0.65301
18.4 0.0763616 0.649742
18.8 0.0767372 0.646361
19.2 0.0771491 0.642866
19.6 0.0776055 0.63926
20 0.0781144 0.635548
20.4 0.0786828 0.631738
20.8 0.0793172 0.62784
21.2 0.0800233 0.623866
21.6 0.0808062 0.61983
22 0.0816699 0.615747
22.4 0.0826178 0.611634
22.8 0.0836524 0.607509
23.2 0.0847753 0.60339
23.6 0.0859873 0.599295
24 0.0872883 0.595245
24.4 0.0886773 0.591256
24.8 0.0901525 0.587346
25.2 0.0917111 0.583533
25.6 0.0933496 0.579833
26 0.0950636 0.576259
26.4 0.0968479 0.572826
26.8 0.0986964 0.569544
27.2 0.100603 0.566422
27.6 0.102559 0.56347
28 0.104557 0.560692
28.4 0.10659 0.558092
28.8 0.108646 0.555673
29.2 0.110717 0.553433
29.6 0.112794 0.551372
30 0.114865 0.549485
30.4 0.11692 0.547768
30.8 0.11895 0.546212
31.2 0.120943 0.544809
31.6 0.122891 0.54355
32 0.124782 0.542424
32.4 0.126608 0.541418
32.8 0.12836 0.54052
33.2 0.130029 0.539716
33.6 0.131609 0.538993
34 0.133092 0.538336
34.4 0.134473 0.53773
34.8 0.135748 0.537161
35.2 0.136912 0.536614
35.6 0.137965 0.536076
36 0.138904 0.535532
36.4 0.13973 0.534968
36.8 0.140445 0.534373
37.2 0.14105 0.533734
37.6 0.141551 0.533039
38 0.141951 0.532278
38.4 0.142258 0.531442
38.8 0.142478 0.530522
39.2 0.142619 0.52951
39.6 0.14269 0.528401
40 0.1427 0.527188
40.4 0.14266 0.525868
40.8 0.14258 0.524437
41.2 0.142469 0.522894
41.6 0.142339 0.521238
42 0.1422 0.519468
42.4 0.142061 0.517588
42.8 0.141932 0.515598
43.2 0.141823 0.513503
43.6 0.141742 0.511307
44 0.141695 0.509015
44.4 0.14169 0.506634
44.8 0.141732 0.50417
45.2 0.141825 0.501631
45.6 0.141973 0.499025
46 0.142178 0.496361
46.4 0.14244 0.493646
46.8 0.142761 0.49089
47.2 0.143139 0.488103
47.6 0.143572 0.485294
48 0.144057 0.48247
48.4 0.14459 0.479642
48.8 0.145168 0.476817
49.2 0.145786 0.474004
49.6 0.146437 0.471211
50 0.147118 0.468443
50.4 0.147822 0.465708
50.8 0.148544 0.463012
51.2 0.149279 0.460358
51.6 0.150021 0.457752
52 0.150766 0.455196
52.4 0.15151 0.452694
52.8 0.15225 0.450248
53.2 0.152982 0.447858
53.6 0.153705 0.445526
54 0.154416 0.443251
54.4 0.155116 0.441033
54.8 0.155804 0.438871
55.2 0.15648 0.436764
55.6 0.157147 0.43471
56 0.157805 0.432707
56.4 0.158457 0.430754
56.8 0.159105 0.428848
57.2 0.159752 0.426987
57.6 0.160401 0.42517
58 0.161053 0.423394
58.4 0.161713 0.421659
58.8 0.162381 0.419963
59.2 0.16306 0.418303
59.6 0.16375 0.41668
60 0.164453 0.415093
60.4 0.165169 0.41354
60.8 0.165895 0.412021
61.2 0.166631 0.410535
61.6 0.167374 0.409081
62 0.16812 0.407658
62.4 0.168866 0.406264
62.8 0.169605 0.404897
63.2 0.170333 0.403556
63.6 0.171042 0.402236
64 0.171727 0.400934
64.4 0.172378 0.399645
64.8 0.17299 0.398363
65.2 0.173553 0.397081
65.6 0.174059 0.395791
66 0.174503 0.394483
66.4 0.174874 0.393147
66.8 0.175168 0.39177
67.2 0.175377 0.390341
67.6 0.175495 0.388845
68 0.175519 0.387266
68.4 0.175443 0.385589
68.8 0.175266 0.383796
69.2 0.174986 0.38187
69.6 0.174602 0.379793
70 0.174115 0.377547
70.4 0.173527 0.375113
70.8 0.172842 0.372474
71.2 0.172063 0.369612
71.6 0.171197 0.366511
72 0.170249 0.363154
72.4 0.169228 0.359529
72.8 0.168141 0.355623
73.2 0.166999 0.351425
73.6 0.165811 0.346927
74 0.164586 0.342122
74.4 0.163337 0.337007
74.8 0.162073 0.331581
75.2 0.160805 0.325846
75.6 0.159545 0.319807
76 0.158303 0.313471
76.4 0.15709 0.30685
76.8 0.155915 0.299955
77.2 0.154789 0.292803
77.6 0.153719 0.285414
78 0.152715 0.277808
78.4 0.151783 0.270009
78.8 0.150932 0.262041
79.2 0.150166 0.253934
79.6 0.149491 0.245713
80 0.148912 0.237411
80.4 0.148431 0.229055
80.8 0.148053 0.220678
81.2 0.147778 0.21231
81.6 0.147607 0.203981
82 0.147542 0.195721
82.4 0.147582 0.187557
82.8 0.147725 0.179518
83.2 0.14797 0.171629
83.6 0.148314 0.163912
84 0.148753 0.156389
84.4 0.149284 0.14908
84.8 0.149902 0.142
85.2 0.150602 0.135163
85.6 0.151377 0.12858
86 0.15222 0.12226
86.4 0.153125 0.116207
86.8 0.154083 0.110424
87.2 0.155085 0.104912
87.6 0.156122 0.0996691
88 0.157184 0.0946902
88.4 0.15826 0.0899692
88.8 0.15934 0.0854978
89.2 0.160411 0.0812664
89.6 0.161462 0.077264
90 0.162481 0.0734785
90.4 0.163454 0.0698974
90.8 0.16437 0.0665074
91.2 0.165216 0.0632954
91.6 0.165979 0.0602483
92 0.166647 0.0573532
92.4 0.167209 0.054598
92.8 0.167654 0.0519714
93.2 0.167971 0.0494629
93.6 0.168151 0.0470632
94 0.168185 0.0447643
94.4 0.168068 0.0425592
94.8 0.167792 0.0404426
95.2 0.167355 0.0384104
95.6 0.166752 0.0364596
96 0.165984 0.0345889
96.4 0.165051 0.032798
96.8 0.163956 0.0310875
97.2 0.162703 0.0294594
97.6 0.161297 0.0279161
98 0.159747 0.0264611
98.4 0.158062 0.0250983
98.8 0.156253 0.0238318
99.2 0.15433 0.0226661
99.6 0.152308 0.0216058
100 0.150199 0.0206554
100.4 0.148019 0.019819
100.8 0.145783 0.0191005
101.2 0.143505 0.0185033
101.6 0.1412 0.0180304
102 0.138884 0.0176839
102.4 0.136569 0.0174654
102.8 0.134271 0.0173759
103.2 0.131999 0.0174154
103.6 0.129767 0.0175834
104 0.127582 0.0178786
104.4 0.125453 0.0182993
104.8 0.123386 0.0188428
105.2 0.121385 0.0195063
105.6 0.119452 0.0202863
106 0.117589 0.021179
106.4 0.115794 0.0221802
106.8 0.114065 0.0232857
107.2 0.112396 0.0244909
107.6 0.110782 0.0257914
108 0.109215 0.0271827
108.4 0.107688 0.0286603
108.8 0.10619 0.0302198
109.2 0.104713 0.0318569
109.6 0.103245 0.0335678
110 0.101778 0.0353483
110.4 0.100299 0.0371947
110.8 0.0988015 0.0391035
111.2 0.0972748 0.0410711
111.6 0.0957112 0.043094
112 0.0941039 0.0451688
112.4 0.0924474 0.0472921
112.8 0.0907375 0.0494603
113.2 0.0889716 0.0516698
113.6 0.0871486 0.0539166
114 0.0852692 0.0561967
114.4 0.0833357 0.0585056
114.8 0.0813519 0.0608388
115.2 0.079323 0.063191
115.6 0.0772558 0.0655569
116 0.0751581 0.0679307
116.4 0.0730388 0.0703061
116.8 0.0709075 0.0726767
117.2 0.0687747 0.0750357
117.6 0.0666508 0.0773759
118 0.0645467 0.0796901
118.4 0.062473 0.0819708
118.8 0.0604399 0.0842106
119.2 0.0584571 0.086402
119.6 0.0565334 0.0885376
120 0.0546768 0.0906104
120.4 0.0528941 0.0926136
120.8 0.0511906 0.0945407
121.2 0.0495706 0.0963858
121.6 0.0480368 0.0981435
122 0.0465906 0.0998093
122.4 0.0452317 0.101379
122.8 0.0439588 0.10285
123.2 0.0427689 0.104218
123.6 0.0416582 0.105484
124 0.0406217 0.106646
124.4 0.0396534 0.107703
124.8 0.0387468 0.108658
125.2 0.0378946 0.109511
125.6 0.0370895 0.110265
126 0.0363239 0.110923
126.4 0.0355902 0.111489
126.8 0.0348812 0.111966
127.2 0.0341901 0.112359
127.6 0.0335107 0.112674
128 0.0328374 0.112915
128.4 0.0321655 0.113087
128.8 0.0314913 0.113196
129.2 0.030812 0.113247
129.6 0.0301256 0.113244
130 0.0294314 0.113194
130.4 0.0287294 0.1131
130.8 0.0280205 0.112966
131.2 0.0273064 0.112797
131.6 0.0265894 0.112596
132 0.0258726 0.112365
132.4 0.0251591 0.112108
132.8 0.0244524 0.111825
133.2 0.0237562 0.11152
133.6 0.0230741 0.111192
134 0.0224092 0.110843
134.4 0.0217644 0.110472
134.8 0.0211424 0.110081
135.2 0.0205447 0.109668
135.6 0.0199726 0.109233
136 0.0194264 0.108775
136.4 0.0189058 0.108295
136.8 0.0184094 0.10779
137.2 0.0179354 0.10726
137.6 0.0174808 0.106705
138 0.0170425 0.106124
138.4 0.0166163 0.105516
138.8 0.016198 0.10488
139.2 0.0157828 0.104218
139.6 0.0153657 0.103529
140 0.0149421 0.102812
140.4 0.0145072 0.10207
140.8 0.0140567 0.101302
141.2 0.0135867 0.10051
141.6 0.0130942 0.0996942
142 0.0125769 0.0988567
142.4 0.0120333 0.0979989
142.8 0.0114632 0.0971226
143.2 0.0108675 0.0962297
143.6 0.0102483 0.0953222
144 0.0096088 0.0944021
144.4 0.00895367 0.0934715
144.8 0.00828871 0.0925328
145.2 0.00762091 0.0915879
145.6 0.00695838 0.0906393
146 0.00631019 0.0896889
146.4 0.00568632 0.0887389
146.8 0.00509741 0.0877914
147.2 0.0045547 0.0868484
147.6 0.00406977 0.0859117
148 0.00365439 0.084983
148.4 0.00332029 0.0840642
148.8 0.00307901 0.0831566
149.2 0.00294167 0.0822618
149.6 0.0029188 0.0813808
150 0.00302018 0.0805148
150.4 0.00325462 0.0796647
150.8 0.00362992 0.078831
151.2 0.00415263 0.0780143
151.6 0.00482804 0.0772146
152 0.00566006 0.0764321
152.4 0.00665119 0.0756663
152.8 0.00780245 0.0749166
153.2 0.00911343 0.0741821
153.6 0.0105822 0.0734614
154 0.0122056 0.072753
154.4 0.013979 0.072055
154.8 0.0158964 0.071365
155.2 0.0179507 0.0706804
155.6 0.0201338 0.0699981
156 0.0224366 0.069315
156.4 0.024849 0.0686273
156.8 0.0273602 0.0679312
157.2 0.0299588 0.0672225
157.6 0.032633 0.0664968
158 0.0353703 0.0657498
158.4 0.0381582 0.0649767
158.8 0.0409838 0.0641731
159.2 0.0438341 0.0633342
159.6 0.0466962 0.0624558
160 0.0495571 0.0615335
160.4 0.052404 0.0605633
160.8 0.0552241 0.0595416
161.2 0.0580051 0.0584652
161.6 0.0607345 0.0573313
162 0.0634006 0.0561379
162.4 0.0659916 0.0548833
162.8 0.0684962 0.0535668
163.2 0.0709036 0.0521883
163.6 0.0732033 0.0507483
164 0.0753853 0.0492484
164.4 0.07744 0.0476908
164.8 0.0793585 0.0460786
165.2 0.0811324 0.0444156
165.6 0.0827542 0.0427063
166 0.0842168 0.040956
166.4 0.085514 0.0391707
166.8 0.0866407 0.0373569
167.2 0.0875926 0.0355217
167.6 0.0883662 0.0336723
168 0.0889595 0.0318168
168.4 0.0893715 0.0299629
168.8 0.0896022 0.0281188
169.2 0.0896534 0.0262927
169.6 0.0895277 0.0244925
170 0.0892295 0.0227261
170.4 0.0887643 0.0210009
170.8 0.0881391 0.0193239
171.2 0.0873621 0.0177019
171.6 0.0864431 0.0161408
172 0.0853929 0.014646
172.4 0.0842234 0.013222
172.8 0.0829478 0.0118729
173.2 0.08158 0.0106017
173.6 0.0801347 0.00941084
174 0.0786273 0.00830171
174.4 0.0770735 0.00727507
174.8 0.0754892 0.00633085
175.2 0.0738903 0.00546825
175.6 0.0722926 0.00468574
176 0.0707115 0.00398118
176.4 0.0691615 0.0033518
176.8 0.0676566 0.00279435
177.2 0.0662096 0.00230512
177.6 0.0648321 0.00188003
178 0.0635344 0.00151471
178.4 0.0623254 0.0012046
178.8 0.0612121 0.000944983
179.2 0.0602001 0.000731116
179.6 0.0592932 0.000558256
180 0.0584934 0.000421746
180.4 0.0578008 0.000317074
180.8 0.0572141 0.000239921
181.2 0.0567301 0.000186208
181.6 0.0563443 0.000152132
182 0.0560505 0.000134194
182.4 0.0558414 0.000129222
182.8 0.0557088 0.000134376
183.2 0.0556433 0.000147161
183.6 0.0556349 0.000165416
184 0.0556733 0.00018731
184.4 0.0557478 0.000211325
184.8 0.0558476 0.000236237
185.2 0.0559622 0.000261091
185.6 0.0560814 0.000285174
186 0.0561957 0.000307988
186.4 0.0562962 0.00032922
186.8 0.0563748 0.000348713
187.2 0.0564246 0.000366431
187.6 0.0564397 0.00038244
188 0.0564154 0.000396873
188.4 0.056348 0.000409912
188.8 0.0562354 0.000421765
189.2 0.0560765 0.000432647
189.6 0.0558711 0.000442767
190 0.0556205 0.000452313
190.4 0.0553267 0.00046145
190.8 0.0549926 0.000470306
191.2 0.0546219 0.000478976
191.6 0.0542188 0.000487519
192 0.053788 0.00049596
192.4 0.0533343 0.000504291
192.8 0.0528627 0.000512482
193.2 0.0523781 0.000520481
193.6 0.0518852 0.000528222
194 0.0513883 0.000535633
194.4 0.0508911 0.000542639
194.8 0.0503968 0.00054917
195.2 0.049908 0.000555165
195.6 0.0494263 0.000560579
196 0.0489527 0.000565379
196.4 0.0484872 0.000569553
196.8 0.0480291 0.000573108
197.2 0.0475768 0.000576069
197.6 0.0471281 0.00057848
198 0.0466799 0.000580397
198.4 0.0462287 0.000581893
198.8 0.0457705 0.000583045
199.2 0.0453009 0.00058394
199.6 0.0448153 0.000584664
200 0.044309 0.0005853
200.4 0.0437773 0.000585926
200.8 0.0432158 0.00058661
201.2 0.0426204 0.000587408
201.6 0.0419875 0.000588363
202 0.041314 0.000589499
202.4 0.0405975 0.000590827
202.8 0.0398364 0.000592341
203.2 0.0390301 0.000594016
203.6 0.0381788 0.000595819
204 0.0372834 0.0005977
204.4 0.0363462 0.000599602
204.8 0.0353701 0.000601461
205.2 0.0343592 0.000603209
205.6 0.0333182 0.00060478
206 0.0322529 0.000606109
206.4 0.0311695 0.00060714
206.8 0.0300752 0.000607823
207.2 0.0289775 0.000608121
207.6 0.0278843 0.000608012
208 0.026804 0.000607487
208.4 0.0257448 0.000606553
208.8 0.0247153 0.000605234
209.2 0.0237238 0.000603566
209.6 0.0227785 0.000601605
210 0.021887 0.000599415
210.4 0.0210568 0.000597074
210.8 0.0202944 0.000594668
211.2 0.0196061 0.000592289
211.6 0.0189971 0.000590033
212 0.018472 0.000587996
212.4 0.0180344 0.000586274
212.8 0.0176872 0.000584957
213.2 0.017432 0.000584129
213.6 0.0172697 0.000583865
214 0.0172004 0.000584231
214.4 0.0172229 0.00058528
214.8 0.0173352 0.000587056
215.2 0.0175346 0.000589588
215.6 0.0178174 0.000592893
216 0.0181789 0.000596979
216.4 0.0186141 0.000601843
216.8 0.0191169 0.000607473
217.2 0.0196808 0.000613847
217.6 0.0202988 0.000620943
218 0.0209633 0.00062873
218.4 0.0216664 0.000637178
218.8 0.0223999 0.000646256
219.2 0.0231552 0.000655935
219.6 0.0239237 0.000666188
220 0.0246969 0.000676991
220.4 0.0254659 0.000688327
220.8 0.0262224 0.000700183
221.2 0.0269578 0.00071255
221.6 0.0276641 0.000725426
222 0.0283336 0.000738811
222.4 0.0289588 0.00075271
222.8 0.029533 0.000767128
223.2 0.0300499 0.000782074
223.6 0.0305039 0.000797554
224 0.0308901 0.000813572
224.4 0.0312043 0.000830128
224.8 0.0314433 0.000847219
225.2 0.0316046 0.000864832
225.6 0.0316867 0.000882949
226 0.0316891 0.000901544
226.4 0.0316122 0.00092058
226.8 0.0314574 0.000940013
227.2 0.031227 0.00095979
227.6 0.0309245 0.000979849
228 0.030554 0.00100012
228.4 0.0301209 0.00102054
228.8 0.029631 0.00104101
229.2 0.0290912 0.00106147
229.6 0.0285089 0.00108183
230 0.0278921 0.00110201
230.4 0.0272493 0.00112194
230.8 0.0265893 0.00114155
231.2 0.025921 0.00116078
231.6 0.0252536 0.00117957
232 0.024596 0.00119789
232.4 0.0239568 0.0012157
232.8 0.0233444 0.001233
233.2 0.0227665 0.00124979
233.6 0.0222301 0.00126607
234 0.0217414 0.00128187
234.4 0.0213056 0.00129724
234.8 0.0209269 0.00131222
235.2 0.0206081 0.00132688
235.6 0.0203511 0.00134127
236 0.0201562 0.00135548
236.4 0.0200225 0.00136958
236.8 0.0199476 0.00138364
237.2 0.019928 0.00139775
237.6 0.0199588 0.00141196
238 0.0200339 0.00142635
238.4 0.0201461 0.00144096
238.8 0.0202871 0.00145583
239.2 0.0204479 0.00147099
239.6 0.0206189 0.00148645
240 0.0207896 0.0015022
240.4 0.0209496 0.00151822
240.8 0.0210881 0.00153446
241.2 0.0211947 0.00155085
241.6 0.0212589 0.00156733
242 0.0212711 0.0015838
242.4 0.0212222 0.00160013
242.8 0.0211041 0.00161621
243.2 0.0209097 0.0016319
243.6 0.0206332 0.00164704
244 0.0202702 0.00166148
244.4 0.0198178 0.00167505
244.8 0.0192747 0.00168759
245.2 0.0186411 0.00169893
245.6 0.0179192 0.0017089
246 0.0171124 0.00171734
246.4 0.0162261 0.00172409
246.8 0.0152671 0.00172901
247.2 0.0142437 0.00173195
247.6 0.0131656 0.0017328
248 0.0120437 0.00173143
248.4 0.0108898 0.00172776
248.8 0.00971663 0.0017217
249.2 0.00853756 0.00171319
249.6 0.00736636 0.00170218
250 0.00621702 0.00168864
250.4 0.00510348 0.00167257
250.8 0.00403946 0.00165396
251.2 0.00303821 0.00163285
251.6 0.00211229 0.00160928
252 0.00127343 0.00158331
252.4 0.000532304 0.00155502
252.8 -0.000101602 0.0015245
253.2 -0.00062012 0.00149187
253.6 -0.00101652 0.00145724
254 -0.00128557 0.00142076
254.4 -0.00142363 0.00138259
254.8 -0.00142864 0.00134288
255.2 -0.00130012 0.00130182
255.6 -0.0010392 0.00125959
256 -0.0006485 0.00121638
256.4 -0.000132097 0.0011724
256.8 0.000504573 0.00112785
257.2 0.00125483 0.00108296
257.6 0.00211087 0.00103792
258 0.00306392 0.000992964
258.4 0.00410435 0.000948298
258.8 0.00522186 0.000904135
259.2 0.00640562 0.00086068
259.6 0.00764441 0.000818134
260 0.0089268 0.000776684
260.4 0.0102413 0.000736512
260.8 0.0115763 0.000697784
261.2 0.0129207 0.000660652
261.6 0.0142635 0.000625254
262 0.015594 0.000591709
262.4 0.0169022 0.000560119
262.8 0.0181784 0.000530569
263.2 0.0194139 0.000503121
263.6 0.0206003 0.000477821
264 0.0217302 0.000454694
264.4 0.0227966 0.000433745
264.8 0.0237936 0.000414963
265.2 0.0247157 0.000398318
265.6 0.0255585 0.000383764
266 0.0263181 0.000371242
266.4 0.0269913 0.000360678
266.8 0.0275758 0.000351987
267.2 0.0280696 0.000345077
267.6 0.0284719 0.000339846
268 0.028782 0.000336187
268.4 0.0290002 0.00033399
268.8 0.0291271 0.000333145
269.2 0.0291642 0.000333537
269.6 0.0291134 0.000335055
270 0.028977 0.000337591
270.4 0.0287582 0.000341036
270.8 0.0284605 0.000345286
271.2 0.0280879 0.000350242
271.6 0.0276451 0.000355804
272 0.0271371 0.000361877
272.4 0.0265694 0.000368365
272.8 0.0259482 0.000375175
273.2 0.0252798 0.000382211
273.6 0.0245711 0.000389373
274 0.0238293 0.00039656
274.4 0.0230618 0.000403661
274.8 0.0222764 0.000410561
275.2 0.0214811 0.000417132
275.6 0.0206838 0.000423238
276 0.0198926 0.00042873
276.4 0.0191154 0.000433448
276.8 0.0183602 0.000437218
277.2 0.0176343 0.000439852
277.6 0.0169452 0.000441153
278 0.0162994 0.000440912
278.4 0.0157033 0.000438908
278.8 0.0151623 0.000434917
279.2 0.0146813 0.000428707
279.6 0.0142642 0.000420047
280 0.0139141 0.000408706
280.4 0.013633 0.000394462
280.8 0.0134222 0.000377102
281.2 0.0132816 0.000356426
281.6 0.0132102 0.000332258
282 0.0132059 0.000304441
282.4 0.0132657 0.000272852
282.8 0.0133852 0.000237396
283.2 0.0135595 0.000198019
283.6 0.0137826 0.000154705
284 0.0140476 0.000107484
284.4 0.014347 5.64299e-05
284.8 0.0146728 1.66557e-06
285.2 0.0150165 -5.6637e-05
285.6 0.0153692 -0.000118257
286 0.0157219 -0.000182925
286.4 0.0160656 -0.000250324
286.8 0.0163915 -0.000320093
287.2 0.0166908 -0.000391831
287.6 0.0169554 -0.000465097
288 0.0171776 -0.000539419
288.4 0.0173506 -0.000614298
288.8 0.0174682 -0.000689214
289.2 0.0175251 -0.00076363
289.6 0.017517 -0.000837006
290 0.0174408 -0.000908797
290.4 0.0172942 -0.000978469
290.8 0.0170764 -0.0010455
291.2 0.0167874 -0.00110939
291.6 0.0164283 -0.00116966
292 0.0160016 -0.00122588
292.4 0.0155104 -0.00127765
292.8 0.0149591 -0.00132463
293.2 0.0143527 -0.0013665
293.6 0.013697 -0.00140302
294 0.0129985 -0.00143401
294.4 0.0122643 -0.00145933
294.8 0.0115016 -0.00147891
295.2 0.0107181 -0.00149275
295.6 0.00992159 -0.0015009
296 0.00911973 -0.00150346
296.4 0.00832012 -0.00150059
296.8 0.00753007 -0.00149253
297.2 0.00675652 -0.00147952
297.6 0.00600589 -0.00146187
298 0.00528408 -0.00143994
298.4 0.00459631 -0.00141408
298.8 0.00394709 -0.00138471
299.2 0.00334019 -0.00135225
299.6 0.00277859 -0.00131712
300 0.00226448 -0.00127977
300.4 0.00179925 -0.00124064
300.8 0.00138353 -0.00120015
301.2 0.0010172 -0.00115873
301.6 0.000699444 -0.00111679
302 0.000428804 -0.00107469
302.4 0.000203251 -0.00103281
302.8 2.02518e-05 -0.000991455
303.2 -0.000123151 -0.000950929
303.6 -0.000230254 -0.000911487
304 -0.000304611 -0.000873351
304.4 -0.000349948 -0.000836704
304.8 -0.000370081 -0.000801694
305.2 -0.000368838 -0.000768432
305.6 -0.000349985 -0.000736993
306 -0.000317158 -0.000707418
306.4 -0.000273805 -0.000679719
306.8 -0.000223134 -0.000653876
307.2 -0.000168072 -0.000629846
307.6 -0.000111232 -0.000607562
308 -5.48889e-05 -0.000586938
308.4 -9.67137e-07 -0.000567875
308.8 4.89646e-05 -0.000550259
309.2 9.36891e-05 -0.00053397
309.6 0.000132329 -0.000518881
310 0.000164329 -0.000504866
310.4 0.000189428 -0.000491799
310.8 0.000207633 -0.000479558
311.2 0.000219185 -0.000468026
311.6 0.000224521 -0.000457097
312 0.000224238 -0.000446674
312.4 0.000219053 -0.000436669
312.8 0.000209769 -0.000427008
313.2 0.000197235 -0.00041763
313.6 0.000182317 -0.000408483
314 0.000165862 -0.00039953
314.4 0.000148676 -0.000390745
314.8 0.000131499 -0.000382112
315.2 0.000114988 -0.000373624
315.6 9.9701e-05 -0.000365283
316 8.60906e-05 -0.000357097
316.4 7.4497e-05 -0.000349081
316.8 6.51483e-05 -0.000341252
317.2 5.81635e-05 -0.000333631
317.6 5.35589e-05 -0.000326238
318 5.12577e-05 -0.000319095
318.4 5.11015e-05 -0.00031222
318.8 5.28639e-05 -0.00030563
319.2 5.62652e-05 -0.000299338
319.6 6.09875e-05 -0.000293353
320 6.66899e-05 -0.000287679
320.4 7.30237e-05 -0.000282315
320.8 7.96454e-05 -0.000277255
321.2 8.62301e-05 -0.000272489
321.6 9.24816e-05 -0.000268
322 9.81418e-05 -0.000263769
322.4 0.000102997 -0.000259773
322.8 0.000106884 -0.000255985
323.2 0.00010969 -0.000252378
323.6 0.000111356 -0.00024892
324 0.000111873 -0.000245581
324.4 0.000111281 -0.000242331
324.8 0.000109661 -0.000239142
325.2 0.000107133 -0.000235984
325.6 0.000103845 -0.000232834
326 9.99692e-05 -0.000229668
326.4 9.56898e-05 -0.000226469
326.8 9.11985e-05 -0.000223221
327.2 8.66854e-05 -0.000219912
327.6 8.23316e-05 -0.000216535
328 7.83031e-05 -0.000213087
328.4 7.47452e-05 -0.000209568
328.8 7.1778e-05 -0.000205982
329.2 6.94932e-05 -0.000202335
329.6 6.79518e-05 -0.000198636
330 6.71838e-05 -0.000194898
330.4 6.7188e-05 -0.000191132
330.8 6.79339e-05 -0.000187353
331.2 6.93639e-05 -0.000183576
331.6 7.1397e-05 -0.000179815
332 7.39323e-05 -0.000176083
332.4 7.6854e-05 -0.000172393
332.8 8.0036e-05 -0.000168758
333.2 8.3347e-05 -0.000165186
333.6 8.66552e-05 -0.000161686
334 8.98334e-05 -0.000158262
334.4 9.27629e-05 -0.00015492
334.8 9.53373e-05 -0.00015166
335.2 9.74661e-05 -0.000148481
335.6 9.90767e-05 -0.000145383
336 0.000100116 -0.00014236
336.4 0.000100552 -0.000139408
336.8 0.000100374 -0.00013652
337.2 9.95889e-05 -0.00013369
337.6 9.82258e-05 -0.000130911
338 9.63291e-05 -0.000128176
338.4 9.3958e-05 -0.000125479
338.8 9.11838e-05 -0.000122813
339.2 8.80863e-05 -0.000120174
339.6 8.47513e-05 -0.000117559
340 8.12667e-05 -0.000114964
340.4 7.77198e-05 -0.000112388
340.8 7.41941e-05 -0.000109833
341.2 7.07671e-05 -0.000107299
341.6 6.75072e-05 -0.000104791
342 6.4473e-05 -0.000102311
342.4 6.17108e-05 -9.98649e-05
342.8 5.92547e-05 -9.74589e-05
343.2 5.71255e-05 -9.50989e-05
343.6 5.53315e-05 -9.27913e-05
344 5.38687e-05 -9.05427e-05
344.4 5.27218e-05 -8.83588e-05
344.8 5.18659e-05 -8.62451e-05
345.2 5.12681e-05 -8.4206e-05
345.6 5.08889e-05 -8.22451e-05
346 5.06849e-05 -8.03644e-05
346.4 5.06103e-05 -7.85651e-05
346.8 5.06191e-05 -7.68466e-05
347.2 5.06671e-05 -7.5207e-05
347.6 5.07133e-05 -7.36432e-05
348 5.07216e-05 -7.21508e-05
348.4 5.06619e-05 -7.07241e-05
348.8 5.05111e-05 -6.93567e-05
349.2 5.02534e-05 -6.80414e-05
349.6 4.98807e-05 -6.67704e-05
350 4.93925e-05 -6.55357e-05
350.4 4.87951e-05 -6.43292e-05
350.8 4.81015e-05 -6.31431e-05
351.2 4.73299e-05 -6.19701e-05
351.6 4.65027e-05 -6.08035e-05
352 4.56453e-05 -5.96374e-05
352.4 4.47848e-05 -5.84671e-05
352.8 4.39485e-05 -5.72888e-05
353.2 4.31626e-05 -5.61e-05
353.6 4.24509e-05 -5.48993e-05
354 4.18337e-05 -5.36865e-05
354.4 4.13271e-05 -5.24628e-05
354.8 4.09417e-05 -5.12299e-05
355.2 4.06829e-05 -4.99907e-05
355.6 4.05499e-05 -4.87488e-05
356 4.05362e-05 -4.75083e-05
356.4 4.06296e-05 -4.62734e-05
356.8 4.08126e-05 -4.50488e-05
357.2 4.10636e-05 -4.38387e-05
357.6 4.13569e-05 -4.26473e-05
358 4.16645e-05 -4.14782e-05
358.4 4.19565e-05 -4.03343e-05
358.8 4.22028e-05 -3.9218e-05
359.2 4.23737e-05 -3.81305e-05
359.6 4.24413e-05 -3.70724e-05
360 4.23805e-05 -3.60432e-05
360.4 4.21697e-05 -3.50414e-05
360.8 4.17918e-05 -3.40649e-05
361.2 4.12346e-05 -3.31108e-05
361.6 4.0491e-05 -3.21752e-05
362 3.95597e-05 -3.12541e-05
362.4 3.84447e-05 -3.0343e-05
362.8 3.71552e-05 -2.94371e-05
363.2 3.57055e-05 -2.8532e-05
363.6 3.41139e-05 -2.76232e-05
364 3.24026e-05 -2.67065e-05
364.4 3.05961e-05 -2.57784e-05
364.8 2.87214e-05 -2.48362e-05
365.2 2.68059e-05 -2.38777e-05
365.6 2.48773e-05 -2.29017e-05
366 2.29624e-05 -2.1908e-05
366.4 2.1086e-05 -2.08974e-05
366.8 1.92705e-05 -1.98713e-05
367.2 1.75353e-05 -1.88324e-05
367.6 1.58959e-05 -1.77839e-05
368 1.43636e-05 -1.67301e-05
368.4 1.29459e-05 -1.56755e-05
368.8 1.16455e-05 -1.46253e-05
369.2 1.04613e-05 -1.3585e-05
369.6 9.38801e-06 -1.256e-05
370 8.41711e-06 -1.15561e-05
370.4 7.53692e-06 -1.05784e-05
370.8 6.73344e-06 -9.63223e-06
371.2 5.991e-06 -8.72207e-06
371.6 5.29299e-06 -7.85202e-06
372 4.62256e-06 -7.02549e-06
372.4 3.96341e-06 -6.24519e-06
372.8 3.30039e-06 -5.51311e-06
373.2 2.62019e-06 -4.83047e-06
373.6 1.91181e-06 -4.19778e-06
374 1.167e-06 -3.61487e-06
374.4 3.80604e-07 -3.08097e-06
374.8 -4.49324e-07 -2.59476e-06
375.2 -1.32142e-06 -2.15451e-06
375.6 -2.2311e-06 -1.75818e-06
376 -3.17075e-06 -1.40353e-06
376.4 -4.13005e-06 -1.08823e-06
376.8 -5.09634e-06 -8.09958e-07
377.2 -6.05513e-06 -5.66548e-07
377.6 -6.99062e-06 -3.5603e-07
378 -7.88626e-06 -1.76716e-07
378.4 -8.72538e-06 -2.72572e-08
378.8 -9.49172e-06 9.33332e-08
379.2 -1.017e-05 1.85668e-07
379.6 -1.07465e-05 2.50002e-07
380 -1.12093e-05 2.86261e-07
380.4 -1.15489e-05 2.94101e-07
380.8 -1.17583e-05 2.72971e-07
381.2 -1.18332e-05 2.22198e-07
381.6 -1.17722e-05 1.41077e-07
382 -1.15767e-05 2.89636e-08
382.4 -1.12506e-05 -1.14625e-07
382.8 -1.08006e-05 -2.89925e-07
383.2 -1.02352e-05 -4.96836e-07
383.6 -9.56503e-06 -7.34854e-07
384 -8.80213e-06 -1.00301e-06
384.4 -7.95953e-06 -1.29984e-06
384.8 -7.05089e-06 -1.62336e-06
385.2 -6.09002e-06 -1.97105e-06
385.6 -5.09052e-06 -2.33992e-06
386 -4.06532e-06 -2.72651e-06
386.4 -3.02639e-06 -3.12699e-06
386.8 -1.98443e-06 -3.5372e-06
387.2 -9.48706e-07 -3.95279e-06
387.6 7.31849e-08 -4.36927e-06
388 1.07532e-06 -4.78218e-06
388.4 2.05351e-06 -5.18715e-06
388.8 3.00518e-06 -5.58007e-06
389.2 3.92931e-06 -5.95714e-06
389.6 4.82621e-06 -6.315e-06
390 5.69735e-06 -6.65081e-06
390.4 6.54505e-06 -6.96231e-06
390.8 7.37227e-06 -7.24789e-06
391.2 8.18228e-06 -7.50658e-06
391.6 8.97843e-06 -7.73809e-06
392 9.76387e-06 -7.94279e-06
392.4 1.05413e-05 -8.12165e-06
392.8 1.1313e-05 -8.27621e-06
393.2 1.20801e-05 -8.40851e-06
393.6 1.28434e-05 -8.52097e-06
394 1.36023e-05 -8.61633e-06
394.4 1.43556e-05 -8.69751e-06
394.8 1.51013e-05 -8.76752e-06
395.2 1.58364e-05 -8.82934e-06
395.6 1.65576e-05 -8.88582e-06
396 1.72611e-05 -8.93959e-06
396.4 1.79427e-05 -8.99293e-06
396.8 1.85984e-05 -9.04777e-06
397.2 1.92244e-05 -9.10556e-06
397.6 1.98172e-05 -9.16731e-06
398 2.0374e-05 -9.23349e-06
398.4 2.08928e-05 -9.30411e-06
398.8 2.13725e-05 -9.37868e-06
399.2 2.18129e-05 -9.4563e-06
399.6 2.22152e-05 -9.53567e-06
400 2.25812e-05 -9.61521e-06
