-9.0146 -9.01451
-9.01425 -9.01307
-9.01188 -9.0122
-9.0148 -9.01585
-9.01636 -9.01639
-9.01776 -9.01832
-9.01102 -9.01129
-9.0134 -9.01123
-9.00896 -9.00828
-9.0464 -9.04707
-9.01906 -9.01999
-9.01696 -9.01739
-9.00955 -9.00842
-9.01031 -9.00918
-9.01681 -9.01851
-9.03272 -9.03358
-9.00857 -9.01005
-9.0522 -9.05276
-9.01738 -9.01527
-9.02014 -9.01859
-9.01971 -9.01997
-9.01438 -9.01282
-9.01253 -9.01385
-9.01301 -9.01261
-9.01705 -9.01433
-9.03525 -9.03427
-9.01288 -9.01404
-9.00876 -9.01162
-9.00965 -9.00721
-9.01395 -9.01512
-9.05154 -9.05328
-9.01227 -9.01314
-9.01558 -9.01365
-9.0112 -9.01028
-9.01398 -9.01485
-9.01697 -9.01741
-9.01011 -9.00743
-9.01086 -9.01085
-9.01349 -9.01272
-9.01351 -9.01354
-9.0124 -9.01072
-9.00859 -9.00618
-9.01633 -9.01744
-9.01173 -9.01247
-9.0106 -9.01067
-9.00504 -9.00423
-9.01767 -9.01986
-9.01895 -9.01894
-9.02098 -9.02387
-9.01424 -9.01437
-9.00767 -9.00917
-9.01553 -9.01331
-9.01551 -9.01872
-9.02094 -9.02284
-9.01777 -9.0198
-9.00894 -9.00676
-9.01335 -9.00978
-9.04778 -9.04735
-9.0079 -9.00455
-9.01738 -9.01851
-9.01298 -9.01356
-9.03078 -9.03112
-9.01429 -9.01428
-9.01475 -9.01706
-9.01289 -9.01132
-9.02009 -9.02006
-9.00507 -9.00561
-9.00791 -9.00822
-9.01836 -9.0176
-9.05149 -9.05187
-9.01118 -9.00985
-9.01275 -9.01119
-9.01399 -9.01388
-9.00987 -9.01164
-9.04627 -9.04852
-9.01299 -9.01405
-9.01821 -9.01705
-9.01978 -9.01865
-9.01539 -9.01831
-9.01011 -9.00742
-9.01157 -9.00801
-9.01312 -9.01022
-9.01122 -9.01086
-9.00844 -9.00923
-9.01746 -9.01981
-9.0416 -9.04314
-9.01331 -9.01638
-9.01712 -9.01846
-9.01561 -9.01541
-9.01021 -9.01013
-9.01764 -9.01531
-9.04299 -9.04316
-9.01197 -9.01061
-9.01615 -9.0147
-9.05031 -9.05148
-9.01137 -9.0121
-9.01595 -9.01661
-9.04238 -9.04445
-9.04447 -9.04657
-9.01003 -9.00894
