-0.10352 5.36228 -0.086162 0.0679811 -0.07032 -0.119962 -0.104014 5.35772 -0.0820773 0.083903 -0.0718059 -0.115232
0.100051 5.43586 -0.110594 -0.0268822 -0.0582962 -0.0646636 0.107695 5.43893 -0.110823 -0.0522713 -0.0591093 -0.0586582
-0.652818 5.09035 -0.137073 -0.0857111 -0.0152484 0.080724 -0.64703 5.09623 -0.130044 -0.0946839 -0.00955808 0.0678041
0.112392 4.95455 -0.0620259 0.0374333 0.043611 0.0038787 0.189718 4.90581 -0.0626322 0.0249057 0.0432028 -0.00570281
-0.0890603 5.28533 -0.0541619 -0.0434703 -0.0244453 0.0905331 -0.0671223 5.20269 -0.04753 -0.0443473 -0.0201842 0.0994497
0.374975 5.19031 -0.0620152 -0.079205 -0.000149063 -0.0427591 0.398621 5.18693 -0.0545219 -0.0556342 0.00413839 -0.041654
0.192886 5.38256 -0.0946817 -0.0694972 -0.00547821 0.0769482 0.211304 5.32188 -0.0885354 -0.0642223 -0.00649618 0.0758066
-0.463116 5.61513 -0.0956915 -0.132454 -0.0577952 -0.0432626 -0.479956 5.60164 -0.100588 -0.106816 -0.0579745 -0.0424162
-0.480567 5.15226 -0.153805 -0.0766946 -0.0297035 0.120683 -0.476497 5.1987 -0.153649 -0.0643566 -0.0335854 0.120685
-0.409168 5.22355 -0.0672187 0.0568233 0.00324978 -0.00536599 -0.420288 5.20604 -0.0598675 0.03823 0.00609034 -0.00395063
-0.154097 5.26566 -0.113734 -0.0376535 -0.092891 0.0208241 -0.148173 5.25036 -0.107022 -0.0425566 -0.102992 0.0192391
-0.0272509 4.8634 -0.100811 -0.00933468 -0.0513018 0.0995374 -0.0211195 4.85256 -0.0934777 0.00478335 -0.0512297 0.0995392
-0.816361 5.36699 -0.151151 0.00425392 -0.0435306 0.0725134 -0.826277 5.37791 -0.151568 -0.0220069 -0.0521464 0.0646144
0.212881 5.12067 -0.111556 0.0341847 0.0118152 0.0216786 0.223909 5.15464 -0.110713 0.0253021 0.0157419 0.0138802
0.649404 5.11863 -0.0338879 0.112498 -0.0496219 -0.0659176 0.665747 5.12895 -0.0258075 0.112293 -0.0495106 -0.0612837
-0.0668524 5.19704 -0.0831728 0.0125036 -0.0943849 -0.0762794 -0.0760274 5.17307 -0.0717072 0.0221637 -0.10341 -0.0784355
0.228451 5.05411 -0.0917127 -0.074711 -0.102739 -0.029318 0.218716 5.01639 -0.0875185 -0.052426 -0.111619 -0.0219202
-0.241912 5.27909 -0.0687209 0.00699132 0.024219 -0.00910678 -0.255983 5.23993 -0.0613561 -0.00057908 0.0292106 -0.0104704
-0.889081 5.49893 -0.157264 -0.0481975 -0.0243768 0.117375 -0.929198 5.57877 -0.158326 -0.0230293 -0.0320841 0.120053
0.0686439 5.79402 -0.0755909 0.037315 0.0469881 -0.0951486 0.062842 5.8367 -0.076608 0.032928 0.0498278 -0.0985221
-0.394863 5.21707 -0.0762842 -0.0405229 0.049851 0.0651423 -0.403711 5.26482 -0.070349 -0.0260525 0.0609511 0.0658934
-0.171809 5.70111 -0.0837442 0.145259 0.0497746 0.0412154 -0.191042 5.72948 -0.0884748 0.144573 0.0484808 0.0448539
-0.352624 5.08132 -0.149598 0.00951172 -0.0596358 -0.110427 -0.359649 5.04552 -0.141001 0.0036654 -0.0694365 -0.118984
-0.93029 5.32998 -0.168857 0.0646431 0.00116875 0.135469 -0.899523 5.28339 -0.166486 0.0522277 -0.00433478 0.130999
-0.0776521 5.81607 -0.0729832 -0.0224067 0.0435427 -0.139617 -0.0874993 5.84156 -0.0783305 -0.0357693 0.0382599 -0.147544
-0.227449 5.51716 -0.10105 -0.0753066 -0.0366109 0.0173124 -0.229782 5.46811 -0.101463 -0.0818683 -0.0345444 0.0107693
-0.58858 5.19605 -0.139383 0.0658402 0.175089 -0.105016 -0.603462 5.1593 -0.133596 0.0581717 0.18956 -0.0996899
-0.296876 4.9615 -0.179818 0.0719034 0.069075 -0.0868612 -0.277392 4.95037 -0.164027 0.065861 0.0751932 -0.0961944
-0.2652 5.62121 -0.0935979 -0.0969074 0.0928275 -0.0232637 -0.268651 5.63138 -0.0969976 -0.0991879 0.0999248 -0.0217061
0.189061 4.9758 -0.0719058 0.0247402 0.157991 0.148839 0.211309 4.97339 -0.0608627 -0.00709925 0.162288 0.163089
-0.152012 5.1544 -0.0674042 0.0166254 -0.00845462 0.0338855 -0.146723 5.09943 -0.0541876 0.00589205 -0.0114374 0.0338039
-0.189512 5.10511 -0.0838799 0.0263466 0.0162025 0.140425 -0.188962 5.06906 -0.0764408 0.0323201 0.00680435 0.142931
0.22876 5.51829 -0.0880326 -0.102234 0.0542986 -0.0292499 0.228846 5.54462 -0.090525 -0.10174 0.0555011 -0.0247447
-0.557919 5.80878 -0.125181 0.0133293 -0.040254 -0.00327024 -0.580962 5.78293 -0.132876 0.0109977 -0.0466175 0.000287751
-0.537951 5.21493 -0.141509 -0.0369007 0.00366673 0.139275 -0.5396 5.21494 -0.135267 -0.0595642 0.0111389 0.136249
0.24573 5.10702 -0.08788 -0.169164 0.0522835 -0.108729 0.255897 5.16033 -0.0849473 -0.176175 0.0491597 -0.112733
-0.587998 5.71941 -0.108683 -0.021321 -0.0300537 -0.0271082 -0.596164 5.67925 -0.107376 -0.00489618 -0.0431251 -0.0528849
-0.104953 5.75996 -0.0852595 0.139022 0.0224832 0.043934 -0.133503 5.74702 -0.0824383 0.118741 0.0182434 0.0405002
-0.233493 5.39423 -0.0981906 -0.00851511 0.103642 -0.00176877 -0.247064 5.46439 -0.10002 -0.00460612 0.11282 0.00369382
-0.64095 5.14646 -0.107927 0.0699179 0.036464 0.0407806 -0.640076 5.16702 -0.1005 0.048688 0.025185 0.0417304
0.2934 5.34635 -0.0724917 0.0417057 0.044939 -0.00765933 0.284341 5.35803 -0.0713796 0.0161161 0.0504978 -0.00767749
0.117632 5.40483 -0.100558 0.00647787 -0.0313122 0.0232886 0.0977862 5.40742 -0.106498 0.0291868 -0.0339664 0.01704
0.0417398 5.38224 -0.082137 -0.133356 0.0535058 -0.0195229 0.0647492 5.37809 -0.0741757 -0.138042 0.0434066 -0.0170849
0.0920103 5.10776 -0.0823983 0.0127424 -0.0361592 -0.0715876 0.128957 5.109 -0.0752823 0.0205273 -0.0306264 -0.0801858
-0.570403 5.50763 -0.119526 0.0173613 -0.102135 0.0553072 -0.587879 5.54096 -0.110994 0.0151822 -0.110669 0.0477009
-0.920595 5.59107 -0.158035 -0.0955457 0.0367027 0.0260947 -0.952535 5.56625 -0.157136 -0.113133 0.0485431 0.0329137
0.191161 5.07892 -0.0777893 0.13122 -0.0359908 0.10764 0.182527 5.04377 -0.067625 0.139632 -0.0412492 0.108045
0.154156 5.35035 -0.0732903 -0.0751361 0.0399805 -0.0781518 0.190337 5.3996 -0.0713761 -0.0631561 0.0398323 -0.083555
-0.0488568 4.83612 -0.0684655 0.0502226 0.0294151 0.0527981 -0.0480325 4.8683 -0.0621977 0.048011 0.0255591 0.0500918
-0.694773 5.02406 -0.140564 0.00414038 -0.0303502 0.0352921 -0.671241 5.07018 -0.1398 0.0166914 -0.0381942 0.0337672
-0.810974 5.0955 -0.146661 -0.036202 0.105947 -0.0651958 -0.80844 5.056 -0.14353 -0.00238052 0.11185 -0.0611244
-0.381526 5.79047 -0.131333 -0.0313759 0.00513307 -0.116836 -0.423755 5.81407 -0.13648 -0.0255271 -0.0032263 -0.117542
-0.076629 4.76235 -0.0629515 0.0382978 -0.0458596 -0.0473609 -0.0393517 4.7858 -0.049334 0.0340796 -0.0440698 -0.0484402
-0.463876 4.98921 -0.103459 -0.0321052 -0.0269252 0.0672624 -0.450308 4.98757 -0.0914123 -0.0422568 -0.0294754 0.0689019
0.261607 5.17229 -0.0386816 0.0883054 0.00259235 0.0638958 0.281706 5.23897 -0.0305685 0.0761567 -0.00230264 0.0572314
-0.701821 5.61435 -0.139904 -0.0707627 0.00652143 -0.0237939 -0.697003 5.61198 -0.144324 -0.0447074 -2.44178e-05 -0.0196963
-0.688176 5.77257 -0.145336 0.0585251 -0.096012 -0.0609853 -0.70864 5.77074 -0.155807 0.0538538 -0.0986667 -0.0580322
-0.0548193 5.47068 -0.044217 0.024741 0.0122037 0.0408408 -0.0819891 5.43741 -0.0415091 0.0129223 0.0145041 0.0425176
-0.726501 5.9922 -0.152945 -0.0960382 0.0801148 -0.0367066 -0.777013 6.02624 -0.160388 -0.0425818 0.0955873 -0.0312594
-0.453497 5.1995 -0.0998295 -0.0749593 0.0106007 -0.00816785 -0.42789 5.21738 -0.0880448 -0.0416268 0.00549378 0.00305727
0.0925237 4.98795 -0.0877643 0.0100943 0.0573013 -0.0168121 0.117105 4.98569 -0.079998 0.029407 0.0711515 -0.0276548
-0.268474 5.20766 -0.12286 0.00465856 -0.0373719 0.0225642 -0.264731 5.21857 -0.115119 0.00203846 -0.0427892 0.0161864
-0.152504 5.21178 -0.116163 -0.00463577 -0.0151602 0.0173902 -0.135574 5.21877 -0.11191 0.00654648 -0.0267431 0.0151607
0.330286 5.02276 -0.0990785 0.120627 0.0189053 -0.0401518 0.350195 5.02972 -0.0851129 0.114841 0.0143932 -0.0395357
-0.271405 5.35169 -0.076888 -0.00693599 0.0927453 -0.0363868 -0.279132 5.2797 -0.0790765 -0.0338268 0.101663 -0.0433495
0.27136 5.36101 -0.0720477 0.0213969 0.00339499 0.0619814 0.277174 5.38549 -0.0636285 0.0113526 0.0148252 0.0653891
-0.178274 5.20575 -0.022387 0.0311776 -0.0209876 -0.176777 -0.160587 5.19246 -0.00996939 0.0317429 -0.0132439 -0.182399
0.100513 4.9746 -0.134614 -0.000292698 -0.110493 -0.0755005 0.119673 5.00967 -0.131466 0.0158145 -0.114124 -0.0816879
-0.08744 5.62646 -0.0850907 -0.0456536 -0.148942 -0.0583917 -0.120848 5.69031 -0.0862762 -0.00904089 -0.167221 -0.0486989
-0.149657 5.37718 -0.0449471 0.0114774 0.0245293 0.0241474 -0.177661 5.35282 -0.0378633 0.0108442 0.0220147 0.0262421
-0.693471 5.58816 -0.14316 -0.066387 -0.125797 -0.0590871 -0.705427 5.60513 -0.146783 -0.0325912 -0.145629 -0.0540885
-0.601593 5.60129 -0.128622 -0.140953 -0.00351435 0.0279396 -0.583763 5.60468 -0.125637 -0.137188 -0.0081008 0.047858
0.34351 5.41141 -0.0672771 0.0130841 -0.0525002 0.0473609 0.352408 5.41214 -0.0631104 0.0226439 -0.0533501 0.0384062
-0.458838 4.64444 -0.159534 0.0421653 0.0105783 -0.134538 -0.429469 4.63915 -0.153614 0.01349 0.0032463 -0.130767
0.189274 5.03165 -0.0507897 -0.0478034 0.0368028 0.029519 0.212477 5.00413 -0.0333294 -0.0473239 0.0395483 0.0404358
-0.336738 5.20075 -0.130365 0.00325739 0.0621192 0.0147381 -0.332864 5.23061 -0.119592 0.0124716 0.058173 0.01238
-0.297042 5.56662 -0.122989 0.137835 -0.0144583 -0.0225296 -0.318714 5.57267 -0.126524 0.122346 -0.0145484 -0.0123369
-0.421929 5.42558 -0.113229 -0.12428 -0.00759843 -0.0702856 -0.424585 5.41942 -0.110574 -0.118652 -0.00873945 -0.0640543
0.204034 4.91571 -0.102954 -0.003694 -0.077961 0.0457834 0.236993 4.87337 -0.091803 0.00116216 -0.0792485 0.043444
-0.144896 5.35065 -0.0823944 0.101314 0.0718176 -0.13077 -0.14816 5.3791 -0.0856583 0.112539 0.0852902 -0.124848
0.155044 5.86131 -0.103648 0.0363192 0.0806591 -0.0579832 0.131876 5.88491 -0.109551 0.0379086 0.0729036 -0.0529234
-0.0444257 5.89782 -0.105032 0.055045 -0.0656629 0.00833942 -0.0362383 5.91211 -0.112161 0.0724081 -0.0624316 0.00932927
-0.688584 5.48286 -0.132254 -0.0565826 -0.0952613 -0.00780684 -0.696987 5.46592 -0.130243 -0.0776034 -0.107603 -0.00105607
-0.149032 5.00245 -0.144669 -0.0277768 -0.0141389 0.0730498 -0.134522 4.98174 -0.136689 -0.00210919 -0.0215049 0.0698327
-0.133 4.86076 -0.0901894 0.0559252 0.0550071 -0.0578464 -0.0984044 4.87138 -0.0804837 0.0223515 0.0682525 -0.0667247
-0.38217 5.20663 -0.0733208 0.00187558 0.00333171 0.0906198 -0.36303 5.20492 -0.0602458 0.0054199 0.00139265 0.1002
-0.222036 4.73155 -0.111274 -0.050779 0.0427723 -0.127825 -0.196872 4.70819 -0.0989416 -0.0475976 0.0513223 -0.120429
-0.0342785 5.04311 -0.0763573 -0.0636873 -0.0423799 -0.0366496 -0.0228624 5.0318 -0.0697047 -0.0661873 -0.0408206 -0.0329899
-0.40511 5.21545 -0.0688343 0.0786105 -0.0779234 0.0718956 -0.417329 5.16304 -0.0615951 0.0764865 -0.0783915 0.0825916
-0.290027 5.42928 -0.126813 -0.0846249 -0.0150437 0.107549 -0.313848 5.40494 -0.129772 -0.062348 -0.0225452 0.101698
-0.13977 5.61167 -0.0944054 -0.00888096 -0.0381814 -0.00758006 -0.160682 5.67757 -0.0965722 -0.02549 -0.039474 0.00122889
-0.485008 5.1657 -0.121649 0.049869 0.0215031 0.0144324 -0.495469 5.14564 -0.111926 0.0389162 0.02658 0.0133523
-0.864232 5.62101 -0.141332 0.0149608 0.0354798 0.0187741 -0.867288 5.63189 -0.143905 0.01207 0.0376947 0.02081
-0.0938356 5.5474 -0.0728632 -0.0393638 0.0146596 0.0657811 -0.112539 5.56548 -0.0711121 -0.0619775 0.0227969 0.0628515
0.097399 5.16266 -0.0314376 -0.0195383 -0.0187054 0.0557926 0.106644 5.15284 -0.0201625 -0.0242178 -0.0247322 0.0611713
-0.00292062 5.29162 -0.113885 0.024464 0.0257555 0.0615188 -0.018234 5.26709 -0.110522 0.00277036 0.0248345 0.0551475
-0.29463 4.89944 -0.0979181 0.0874288 -0.040627 0.0783485 -0.229763 4.89868 -0.090721 0.0774803 -0.0364624 0.0796644
0.124559 4.95567 -0.0632251 0.0011758 0.0112294 0.0249465 0.152208 4.91287 -0.0506991 0.0102355 0.00990708 0.0276653
-0.367401 4.98231 -0.0568658 -0.043231 0.0236892 0.0875419 -0.355787 4.97045 -0.0461226 -0.0426174 0.0203566 0.0941572
-0.0975162 5.60704 -0.0763873 0.0180652 0.0133905 -0.0218981 -0.096415 5.6528 -0.0742645 -0.0242801 0.0165917 -0.0294364
