-0.0534549 2.76894 -0.0444918 0.0351037 -0.0363114 -0.0619452 -0.0537102 2.76659 -0.0423826 0.0433253 -0.0370787 -0.0595028
0.0516635 2.80694 -0.0571078 -0.0138813 -0.0301027 -0.0333906 0.0556109 2.80852 -0.057226 -0.0269915 -0.0305225 -0.0302896
-0.337099 2.62852 -0.0707808 -0.044259 -0.00787389 0.0416838 -0.334109 2.63156 -0.0671511 -0.0488923 -0.00493554 0.0350123
0.0580364 2.5584 -0.0320286 0.0193296 0.0225196 0.00200286 0.0979655 2.53323 -0.0323416 0.0128607 0.0223088 -0.00294478
-0.0459884 2.72921 -0.0279678 -0.0224469 -0.0126229 0.0467489 -0.0346602 2.68653 -0.0245433 -0.0228998 -0.0104226 0.0513533
0.193628 2.68014 -0.032023 -0.0408994 -7.69723e-05 -0.0220797 0.205837 2.6784 -0.0281537 -0.028728 0.00213696 -0.021509
0.0996012 2.77941 -0.0488912 -0.0358866 -0.00282881 0.039734 0.109112 2.74808 -0.0457174 -0.0331627 -0.00335446 0.0391446
-0.239141 2.89951 -0.0494126 -0.0683956 -0.029844 -0.0223397 -0.247837 2.89254 -0.051941 -0.055157 -0.0299365 -0.0219026
-0.248152 2.66049 -0.0794211 -0.0396031 -0.0153381 0.0623177 -0.24605 2.68447 -0.0793405 -0.0332321 -0.0173426 0.0623185
-0.211284 2.69731 -0.03471 0.0293421 0.0016781 -0.00277086 -0.217026 2.68826 -0.030914 0.019741 0.00314489 -0.00204
-0.0795715 2.71905 -0.0587293 -0.0194433 -0.0479665 0.010753 -0.0765129 2.71115 -0.0552636 -0.0219751 -0.0531822 0.00993457
-0.0140717 2.51133 -0.0520564 -0.00482019 -0.0264909 0.0513985 -0.0109055 2.50573 -0.0482695 0.00247 -0.0264537 0.0513995
-0.421548 2.77137 -0.0780506 0.00219662 -0.0224781 0.037444 -0.426668 2.77701 -0.0782658 -0.0113638 -0.0269271 0.0333652
0.109926 2.64418 -0.0576044 0.0176521 0.00610106 0.0111943 0.115621 2.66172 -0.0571696 0.0130653 0.0081287 0.00716739
0.335335 2.64313 -0.0174988 0.0580909 -0.0256235 -0.0340381 0.343774 2.64846 -0.0133263 0.0579852 -0.025566 -0.0316453
-0.0345208 2.68362 -0.0429483 0.00645653 -0.0487379 -0.0393887 -0.0392586 2.67124 -0.0370277 0.0114448 -0.0533985 -0.0405021
0.117966 2.60981 -0.0473581 -0.0385788 -0.0530516 -0.015139 0.112939 2.59033 -0.0451923 -0.0270714 -0.057637 -0.011319
-0.124917 2.72599 -0.0354857 0.00361014 0.0125061 -0.0047025 -0.132183 2.70577 -0.0316827 -0.000299022 0.0150836 -0.00540663
-0.459099 2.8395 -0.0812071 -0.0248879 -0.0125875 0.0606096 -0.479814 2.88073 -0.0817555 -0.0118917 -0.0165674 0.0619924
0.0354459 2.99188 -0.0390332 0.0192685 0.0242634 -0.0491323 0.03245 3.01392 -0.0395584 0.0170032 0.0257298 -0.0508742
-0.203897 2.69396 -0.0393912 -0.020925 0.0257417 0.0336378 -0.208466 2.71862 -0.0363264 -0.0134528 0.0314736 0.0340257
-0.0887178 2.94391 -0.0432433 0.075008 0.0257023 0.0212825 -0.0986491 2.95856 -0.0456861 0.0746536 0.0250342 0.0231614
-0.182086 2.62386 -0.0772488 0.00491161 -0.0307944 -0.0570218 -0.185713 2.60537 -0.0728092 0.00189272 -0.0358552 -0.0614402
-0.480378 2.75226 -0.0871932 0.03338 0.000603511 0.0699526 -0.464491 2.7282 -0.0859691 0.026969 -0.00223837 0.0676445
-0.0400975 3.00327 -0.0376867 -0.0115702 0.0224843 -0.0720945 -0.0451824 3.01643 -0.0404478 -0.0184703 0.0197564 -0.0761879
-0.117449 2.84892 -0.0521795 -0.0388864 -0.0189049 0.00893966 -0.118654 2.82359 -0.0523926 -0.0422747 -0.0178378 0.00556098
-0.303927 2.68311 -0.0719736 0.0339982 0.0904116 -0.0542278 -0.311612 2.66413 -0.0689853 0.0300384 0.0978838 -0.0514773
-0.153299 2.56199 -0.0928532 0.037129 0.0356685 -0.0448528 -0.143238 2.55624 -0.084699 0.0340089 0.0388278 -0.0496723
-0.136942 2.90265 -0.0483315 -0.0500405 0.0479337 -0.0120128 -0.138725 2.9079 -0.0500871 -0.051218 0.0515986 -0.0112085
0.0976263 2.56937 -0.0371303 0.0127752 0.0815825 0.0768564 0.109114 2.56813 -0.0314279 -0.00366587 0.0838015 0.084215
-0.0784949 2.6616 -0.0348058 0.00858493 -0.00436575 0.0174976 -0.0757641 2.63321 -0.0279811 0.0030425 -0.00590598 0.0174554
-0.0978593 2.63614 -0.0433134 0.0136047 0.00836656 0.0725119 -0.0975752 2.61753 -0.0394721 0.0166892 0.00351359 0.0738061
0.118126 2.8495 -0.0454577 -0.052791 0.0280384 -0.0151039 0.11817 2.8631 -0.0467448 -0.0525358 0.0286593 -0.0127775
-0.288095 2.9995 -0.0646401 0.00688292 -0.0207861 -0.00168867 -0.299994 2.98616 -0.0686135 0.00567891 -0.0240721 0.000148587
-0.277784 2.69285 -0.0730714 -0.0190546 0.00189341 0.0719178 -0.278635 2.69286 -0.0698485 -0.0307574 0.00575185 0.0703555
0.126889 2.63713 -0.045379 -0.0873519 0.0269979 -0.056145 0.132138 2.66466 -0.0438646 -0.0909722 0.0253848 -0.0582123
-0.303627 2.95336 -0.0561213 -0.0110096 -0.015519 -0.013998 -0.307844 2.93262 -0.0554463 -0.00252826 -0.0222687 -0.0273084
-0.0541951 2.97429 -0.0440258 0.0717873 0.0116097 0.0226864 -0.0689375 2.96761 -0.042569 0.0613149 0.00942043 0.0209133
-0.12057 2.78544 -0.0507031 -0.00439698 0.0535181 -0.000913346 -0.127578 2.82167 -0.0516475 -0.00237848 0.0582573 0.00190739
-0.33097 2.6575 -0.0557307 0.0361038 0.018829 0.021058 -0.330519 2.66811 -0.0518955 0.0251412 0.0130049 0.0215485
0.151504 2.76072 -0.0374329 0.0215358 0.0232053 -0.00395508 0.146826 2.76675 -0.0368586 0.00832196 0.0260758 -0.00396446
0.060742 2.79091 -0.0519258 0.003345 -0.0161688 0.0120256 0.0504942 2.79225 -0.0549927 0.0150713 -0.0175393 0.00879902
0.0215533 2.77925 -0.0424134 -0.0688617 0.027629 -0.0100811 0.0334348 2.77711 -0.0383024 -0.0712811 0.022414 -0.00882217
0.0475117 2.63751 -0.0425483 0.00657985 -0.0186717 -0.036966 0.0665899 2.63816 -0.0388738 0.0105998 -0.0158147 -0.0414059
-0.294541 2.844 -0.0617202 0.00896494 -0.0527396 0.0285592 -0.303565 2.86121 -0.0573146 0.00783967 -0.0571469 0.0246315
-0.475371 2.88709 -0.0816051 -0.0493373 0.0189523 0.0134746 -0.491864 2.87427 -0.0811412 -0.0584188 0.0250664 0.0169958
0.0987107 2.62262 -0.0401684 0.0677585 -0.0185847 0.0555826 0.0942521 2.60447 -0.0349198 0.0721022 -0.0213 0.0557914
0.0796022 2.76278 -0.0378452 -0.0387984 0.0206449 -0.0403556 0.0982852 2.78821 -0.0368567 -0.0326122 0.0205684 -0.0431457
-0.0252284 2.49725 -0.0353538 0.0259336 0.0151892 0.0272636 -0.0248027 2.51387 -0.0321173 0.0247916 0.013198 0.0258661
-0.358763 2.5943 -0.0725833 0.00213798 -0.015672 0.0182239 -0.346611 2.61811 -0.072189 0.00861902 -0.0197225 0.0174365
-0.418766 2.63118 -0.0757321 -0.0186938 0.0547082 -0.0336654 -0.417457 2.61079 -0.074115 -0.00122924 0.0577566 -0.031563
-0.19701 2.99005 -0.0678171 -0.0162017 0.00265058 -0.0603312 -0.218816 3.00223 -0.0704746 -0.0131815 -0.00166598 -0.0606955
-0.0395692 2.45915 -0.0325065 0.019776 -0.0236807 -0.0244559 -0.0203202 2.47126 -0.0254748 0.0175978 -0.0227565 -0.0250133
-0.239534 2.5763 -0.0534233 -0.0165783 -0.0139035 0.0347326 -0.232527 2.57545 -0.0472029 -0.0218203 -0.0152203 0.0355791
0.135087 2.67084 -0.0199741 0.0455986 0.00133862 0.0329941 0.145465 2.70527 -0.0157848 0.0393253 -0.00118902 0.0295528
-0.362402 2.89911 -0.0722429 -0.03654 0.0033675 -0.0122866 -0.359914 2.89788 -0.0745252 -0.0230858 -1.26087e-05 -0.0101707
-0.355356 2.9808 -0.0750476 0.0302209 -0.0495781 -0.0314912 -0.365923 2.97986 -0.0804549 0.0278087 -0.0509489 -0.0299663
-0.0283073 2.82492 -0.0228325 0.0127756 0.00630168 0.0210891 -0.0423371 2.80774 -0.0214342 0.00667272 0.00748957 0.021955
-0.375146 3.09422 -0.0789768 -0.0495916 0.0413692 -0.0189543 -0.40123 3.11179 -0.08282 -0.0219882 0.0493588 -0.0161415
-0.234174 2.68489 -0.0515494 -0.038707 0.00547391 -0.00421766 -0.220951 2.69412 -0.045464 -0.021495 0.00283685 0.0015787
0.0477768 2.57565 -0.0453192 0.00521241 0.0295889 -0.00868132 0.0604702 2.57448 -0.0413089 0.015185 0.0367408 -0.0142802
-0.138633 2.6891 -0.0634416 0.00240556 -0.0192979 0.0116516 -0.1367 2.69473 -0.0594442 0.00105261 -0.0220952 0.00835826
-0.078749 2.69123 -0.0599834 -0.00239379 -0.00782831 0.00897985 -0.0700071 2.69484 -0.0577876 0.00338043 -0.0138095 0.00782859
0.170551 2.59362 -0.0511615 0.0622886 0.00976219 -0.0207334 0.180832 2.59721 -0.0439501 0.0593008 0.00743228 -0.0204152
-0.140146 2.76347 -0.039703 -0.00358156 0.0478913 -0.0187892 -0.144136 2.7263 -0.040833 -0.0174673 0.0524963 -0.0223846
0.140123 2.76829 -0.0372036 0.0110488 0.00175308 0.0320056 0.143126 2.78093 -0.0328561 0.00586217 0.00765533 0.0337652
-0.0920562 2.68811 -0.0115601 0.0160993 -0.0108375 -0.0912829 -0.0829227 2.68125 -0.00514793 0.0163912 -0.0068388 -0.094186
0.0519024 2.56875 -0.0695114 -0.000151142 -0.0570555 -0.0389865 0.0617962 2.58686 -0.0678857 0.0081662 -0.0589307 -0.0421815
-0.0451517 2.90536 -0.0439387 -0.0235743 -0.0769097 -0.030152 -0.0624029 2.93833 -0.0445508 -0.00466848 -0.0863484 -0.0251468
-0.0772789 2.77663 -0.0232095 0.00592664 0.0126663 0.0124691 -0.0917397 2.76406 -0.0195516 0.00559967 0.0113678 0.0135508
-0.35809 2.88558 -0.0739243 -0.0342805 -0.0649584 -0.030511 -0.364264 2.89434 -0.0757949 -0.0168292 -0.075199 -0.0279299
-0.310647 2.89236 -0.066417 -0.0727843 -0.00181472 0.0144273 -0.30144 2.89411 -0.0648757 -0.0708401 -0.00418304 0.0247126
0.17738 2.79431 -0.0347401 0.00675628 -0.0271097 0.0244559 0.181974 2.79469 -0.0325886 0.0116927 -0.0275486 0.019832
-0.236932 2.39827 -0.082379 0.021773 0.00546234 -0.069472 -0.221767 2.39554 -0.0793225 0.00696587 0.0016763 -0.0675245
0.0977363 2.59822 -0.0262265 -0.0246844 0.019004 0.0152428 0.109718 2.584 -0.0172104 -0.0244368 0.0204217 0.02088
-0.173883 2.68553 -0.0673173 0.00168203 0.0320767 0.00761036 -0.171883 2.70095 -0.0617542 0.00644 0.030039 0.00639272
-0.153385 2.87446 -0.0635084 0.0711744 -0.00746587 -0.0116337 -0.164576 2.87758 -0.0653336 0.0631761 -0.00751239 -0.00637044
-0.217873 2.80163 -0.0584684 -0.0641749 -0.00392363 -0.0362937 -0.219244 2.79845 -0.0570977 -0.0612687 -0.00451283 -0.033076
0.105358 2.53834 -0.0531629 -0.00190748 -0.040257 0.0236414 0.122377 2.51648 -0.0474047 0.000600109 -0.0409218 0.0224334
-0.0748208 2.76293 -0.0425463 0.0523159 0.0370848 -0.0675262 -0.076506 2.77763 -0.0442317 0.0581123 0.0440416 -0.064468
0.0800607 3.02663 -0.0535211 0.0187543 0.0416503 -0.029941 0.0680972 3.03882 -0.0565692 0.019575 0.0376455 -0.0273283
-0.0229403 3.04548 -0.0542356 0.0284238 -0.0339066 0.00430626 -0.0187125 3.05286 -0.0579168 0.0373897 -0.032238 0.00481739
-0.355567 2.83121 -0.0682927 -0.0292178 -0.0491905 -0.00403125 -0.359906 2.82246 -0.067254 -0.0400724 -0.0555634 -0.000545326
-0.0769561 2.58313 -0.0747035 -0.0143432 -0.00730094 0.037721 -0.0694635 2.57244 -0.0705826 -0.00108913 -0.0111046 0.0360598
-0.0686779 2.50997 -0.0465715 0.0288783 0.0284042 -0.0298704 -0.0508135 2.51545 -0.0415597 0.0115417 0.0352438 -0.0344549
-0.197343 2.68857 -0.037861 0.0009685 0.00172041 0.0467937 -0.187459 2.68769 -0.0311093 0.0027987 0.00071913 0.0517404
-0.114653 2.44325 -0.0574591 -0.0262209 0.0220865 -0.0660055 -0.10166 2.43119 -0.0510909 -0.0245782 0.0265015 -0.0621862
-0.0177005 2.60413 -0.0394289 -0.0328865 -0.0218839 -0.0189249 -0.0118055 2.59829 -0.0359937 -0.0341774 -0.0210787 -0.0170351
-0.209188 2.69312 -0.0355443 0.0405924 -0.0402376 0.037125 -0.215498 2.66606 -0.0318061 0.0394957 -0.0404794 0.0426482
-0.149762 2.80354 -0.0654829 -0.0436981 -0.00776816 0.0555355 -0.162063 2.79097 -0.0670109 -0.0321949 -0.0116417 0.0525143
-0.0721737 2.89772 -0.0487485 -0.0045859 -0.0197159 -0.00391414 -0.082972 2.93175 -0.0498674 -0.0131624 -0.0203834 0.000634565
-0.250445 2.66743 -0.0628164 0.0257511 0.0111037 0.00745254 -0.255847 2.65707 -0.0577959 0.0200953 0.0137252 0.00689478
-0.446267 2.90255 -0.0729802 0.00772539 0.0183208 0.00969448 -0.447845 2.90816 -0.0743086 0.00623261 0.0194646 0.0107458
-0.0484543 2.86453 -0.0376247 -0.0203264 0.00756983 0.0339676 -0.0581122 2.87387 -0.0367204 -0.0320036 0.0117717 0.0324549
0.0502943 2.66586 -0.0162336 -0.0100891 -0.009659 0.0288098 0.0550683 2.66079 -0.0104114 -0.0125054 -0.0127711 0.0315873
-0.00150813 2.73246 -0.0588071 0.0126326 0.0132995 0.0317667 -0.00941554 2.71979 -0.0570704 0.00143054 0.0128239 0.0284767
-0.152139 2.52994 -0.0505624 0.0451459 -0.0209787 0.0404571 -0.118643 2.52955 -0.046846 0.0400088 -0.0188283 0.0411366
0.0643191 2.55898 -0.0326478 0.000607151 0.00579856 0.0128817 0.0785961 2.53688 -0.0261797 0.00528533 0.00511576 0.0142857
-0.189716 2.57274 -0.029364 -0.0223234 0.0122325 0.0452043 -0.183719 2.56661 -0.0238165 -0.0220065 0.0105116 0.0486203
-0.0503549 2.89533 -0.0394444 0.00932842 0.00691452 -0.0113076 -0.0497862 2.91896 -0.0383483 -0.0125376 0.0085675 -0.0152002
