-0.498 -1.03104e-06 1.04623e-05
-0.496 -1.37943e-05 4.47063e-05
-0.494 -4.44678e-05 0.000103804
-0.492 -8.20371e-05 0.000184089
-0.49 -9.8415e-05 0.000277155
-0.488 -5.91379e-05 0.000370602
-0.486 5.83977e-05 0.00044964
-0.484 0.000247014 0.000499522
-0.482 0.000461555 0.000508632
-0.48 0.000626717 0.000471756
-0.478 0.000661003 0.000392877
-0.476 0.000510583 0.000286749
-0.474 0.000182285 0.000178606
-0.472 -0.000237407 0.000101682
-0.47 -0.000589671 9.26911e-05
-0.468 -0.000683661 0.000185922
-0.466 -0.000364827 0.000406977
-0.464 0.000408546 0.000767385
-0.462 0.00151109 0.00126115
-0.46 0.00264723 0.00186388
-0.458 0.00341209 0.00253461
-0.456 0.00340518 0.00321982
-0.454 0.00236559 0.00385893
-0.452 0.000287137 0.0043903
-0.45 -0.00252563 0.00475713
-0.448 -0.00548787 0.00491258
-0.446 -0.00785866 0.00482416
-0.444 -0.00893951 0.00447734
-0.442 -0.00829883 0.00387849
-0.44 -0.00595112 0.00305685
-0.438 -0.00241899 0.00206495
-0.436 0.00136279 0.00097663
-0.434 0.0042869 -0.000117876
-0.432 0.00538921 -0.00111968
-0.43 0.00414472 -0.00193124
-0.428 0.000652618 -0.00246738
-0.426 -0.0043498 -0.00266559
-0.424 -0.00965985 -0.00249414
-0.422 -0.0139356 -0.00195606
-0.42 -0.0160964 -0.00108837
-0.418 -0.0156823 4.35297e-05
-0.416 -0.0130435 0.00135516
-0.414 -0.00926951 0.00275412
-0.412 -0.00585335 0.00415116
-0.41 -0.00419082 0.0054697
-0.408 -0.00508393 0.00665293
-0.406 -0.0084134 0.00766839
-0.404 -0.0130882 0.00850992
-0.402 -0.0172967 0.00919689
-0.4 -0.0190036 0.00977066
-0.398 -0.0165712 0.0102881
-0.396 -0.0093378 0.0108121
-0.394 0.00203133 0.0113997
-0.392 0.0155684 0.0120876
-0.39 0.0284442 0.0128777
-0.388 0.0377166 0.0137254
-0.386 0.0411514 0.014535
-0.384 0.0378581 0.0151655
-0.382 0.0285576 0.0154491
-0.38 0.0154165 0.0152196
-0.378 0.00149491 0.014346
-0.376 -0.0100568 0.0127648
-0.374 -0.0168534 0.0105025
-0.372 -0.0179353 0.0076835
-0.37 -0.0140108 0.00452117
-0.368 -0.00716558 0.00129309
-0.366 -0.000120671 -0.00169547
-0.364 0.00470106 -0.00415232
-0.362 0.00597298 -0.00583514
-0.36 0.00387839 -0.00657644
-0.358 4.10036e-05 -0.00629261
-0.356 -0.00298771 -0.00497831
-0.354 -0.00254937 -0.00269252
-0.352 0.00319835 0.000456109
-0.35 0.0145181 0.00431887
-0.348 0.0297595 0.00870994
-0.346 0.0456338 0.0134047
-0.344 0.05807 0.0181386
-0.342 0.063381 0.0226127
-0.34 0.0593379 0.026511
-0.338 0.0458032 0.0295329
-0.336 0.0247695 0.0314368
-0.334 -0.000150082 0.0320879
-0.332 -0.0246121 0.0314959
-0.33 -0.0445931 0.0298294
-0.328 -0.0573476 0.0273982
-0.326 -0.0620138 0.0246046
-0.324 -0.0596607 0.0218719
-0.322 -0.0527315 0.0195668
-0.32 -0.0440686 0.0179331
-0.318 -0.0358849 0.0170513
-0.316 -0.0290675 0.0168321
-0.314 -0.0230431 0.0170455
-0.312 -0.0161994 0.0173787
-0.31 -0.00667167 0.0175084
-0.308 0.00677727 0.0171721
-0.306 0.0240528 0.0162194
-0.304 0.0434204 0.0146349
-0.302 0.061734 0.0125316
-0.3 0.0752034 0.0101212
-0.298 0.0805172 0.00767575
-0.296 0.0759686 0.00549197
-0.294 0.0621866 0.00386664
-0.292 0.042188 0.00308316
-0.29 0.0207019 0.00340382
-0.288 0.00295619 0.00505934
-0.286 -0.00672273 0.00822856
-0.284 -0.00610863 0.0130047
-0.282 0.00425185 0.0193509
-0.28 0.0210786 0.0270549
-0.278 0.0391232 0.035698
-0.276 0.0524973 0.0446567
-0.274 0.0562453 0.0531474
-0.272 0.0477518 0.0603172
-0.27 0.0275831 0.0653634
-0.268 -0.000509711 0.0676588
-0.266 -0.0304642 0.0668528
-0.264 -0.0554359 0.0629267
-0.262 -0.0695545 0.0561909
-0.26 -0.0694197 0.0472289
-0.258 -0.054958 0.0368
-0.256 -0.0294709 0.0257246
-0.254 0.00108456 0.0147742
-0.252 0.0293937 0.00458924
-0.25 0.0483887 -0.00436477
-0.248 0.0528382 -0.0118027
-0.246 0.0405715 -0.0176007
-0.244 0.0130169 -0.0217717
-0.242 -0.0251163 -0.0244541
-0.24 -0.0669287 -0.0259186
-0.238 -0.104871 -0.0265837
-0.236 -0.132316 -0.0270214
-0.234 -0.144814 -0.0279331
-0.232 -0.140801 -0.0300814
-0.23 -0.121706 -0.0341808
-0.228 -0.0914799 -0.0407583
-0.226 -0.0556914 -0.0500133
-0.224 -0.0203868 -0.0617103
-0.222 0.00905416 -0.0751418
-0.22 0.0288234 -0.0891841
-0.218 0.0371688 -0.10245
-0.216 0.0344201 -0.11351
-0.214 0.0226429 -0.12113
-0.212 0.00504712 -0.124479
-0.21 -0.0147321 -0.12324
-0.208 -0.0333463 -0.117625
-0.206 -0.0482804 -0.108278
-0.204 -0.0581136 -0.0961067
-0.202 -0.0624693 -0.0820916
-0.2 -0.0617298 -0.0671134
-0.198 -0.0566573 -0.0518437
-0.196 -0.0480764 -0.0367174
-0.194 -0.0367199 -0.021977
-0.192 -0.0232469 -0.00775886
-0.19 -0.00837441 0.00582606
-0.188 0.00695932 0.0186576
-0.186 0.021485 0.0306382
-0.184 0.0336428 0.0417787
-0.182 0.0418265 0.0522996
-0.18 0.0447748 0.0626934
-0.178 0.0419616 0.0737026
-0.176 0.0338387 0.0861928
-0.174 0.0218385 0.100933
-0.172 0.00809965 0.118329
-0.17 -0.00506935 0.138183
-0.168 -0.0158899 0.159547
-0.166 -0.0237748 0.180729
-0.164 -0.0297041 0.199471
-0.162 -0.0361213 0.213288
-0.16 -0.0462886 0.219874
-0.158 -0.0632408 0.217508
-0.156 -0.0886342 0.205355
-0.154 -0.121832 0.183603
-0.152 -0.159477 0.153422
-0.15 -0.195692 0.116748
-0.148 -0.222948 0.0759779
-0.146 -0.233561 0.0336228
-0.144 -0.221607 -0.00798551
-0.142 -0.184846 -0.0468849
-0.14 -0.126047 -0.081551
-0.138 -0.0531727 -0.110857
-0.136 0.0218334 -0.133969
-0.134 0.0854193 -0.150237
-0.132 0.125366 -0.159123
-0.13 0.133558 -0.160189
-0.128 0.107994 -0.153139
-0.126 0.053611 -0.13787
-0.124 -0.0182908 -0.114494
-0.122 -0.0920939 -0.0832914
-0.12 -0.151165 -0.0446074
-0.118 -0.181789 0.00129331
-0.116 -0.176753 0.0543463
-0.114 -0.137495 0.114729
-0.112 -0.0741148 0.18278
-0.11 -0.00319756 0.25878
-0.108 0.0559572 0.342639
-0.106 0.0857245 0.433538
-0.104 0.0741954 0.52962
-0.102 0.018106 0.627801
-0.1 -0.0758767 0.723776
-0.098 -0.19186 0.812217
-0.096 -0.307536 0.887162
-0.094 -0.39876 0.942512
-0.092 -0.444935 0.972578
-0.09 -0.433806 0.972583
-0.088 -0.364322 0.939106
-0.086 -0.246818 0.870425
-0.084 -0.100593 0.766783
-0.082 0.0503026 0.630559
-0.08 0.182022 0.466364
-0.078 0.275594 0.281009
-0.076 0.320539 0.0833456
-0.074 0.316743 -0.116078
-0.072 0.274023 -0.305576
-0.07 0.209197 -0.473107
-0.068 0.141175 -0.607253
-0.066 0.0854338 -0.698295
-0.064 0.0495877 -0.739246
-0.062 0.0314065 -0.726657
-0.06 0.019768 -0.661044
-0.058 -0.00192506 -0.54683
-0.056 -0.0509133 -0.391779
-0.054 -0.140007 -0.206009
-0.052 -0.273311 -0.000716986
-0.05 -0.443665 0.213171
-0.048 -0.632657 0.426239
-0.046 -0.813708 0.631525
-0.044 -0.957838 0.825088
-0.042 -1.04073 1.00619
-0.04 -1.04895 1.17719
-0.038 -0.983571 1.34322
-0.036 -0.860076 1.51176
-0.034 -0.704768 1.69217
-0.032 -0.548569 1.8951
-0.03 -0.419467 2.13168
-0.028 -0.335017 2.41262
-0.026 -0.296439 2.74699
-0.024 -0.286136 3.14098
-0.022 -0.270065 3.59655
-0.02 -0.205069 4.1104
-0.018 -0.0494715 4.67329
-0.016 0.225932 5.27008
-0.014 0.62939 5.88046
-0.012 1.14412 6.48028
-0.01 1.72921 7.04351
-0.008 2.32516 7.54426
-0.006 2.86302 7.95877
-0.004 3.27613 8.26713
-0.002 3.51252 8.45456
0 3.54519 8.5122
0.002 3.37734 8.4376
0.004 3.04073 8.23478
0.006 2.58764 7.91408
0.008 2.07932 7.49155
0.01 1.57418 6.98805
0.012 1.11818 6.42789
0.014 0.73902 5.83701
0.016 0.444244 5.24098
0.018 0.223386 4.66288
0.02 0.0535845 4.12154
0.022 -0.0922691 3.63024
0.024 -0.236924 3.19617
0.026 -0.39231 2.82069
0.028 -0.55723 2.50013
0.03 -0.719506 2.22712
0.032 -0.86121 1.99196
0.034 -0.964829 1.78395
0.036 -1.0185 1.59254
0.038 -1.01924 1.40813
0.04 -0.973621 1.2227
0.042 -0.896106 1.03023
0.044 -0.805075 0.827099
0.046 -0.7176 0.612315
0.048 -0.644428 0.387807
0.05 -0.586999 0.158476
0.052 -0.537658 -0.0680103
0.054 -0.482937 -0.281798
0.056 -0.408604 -0.471816
0.058 -0.304827 -0.62703
0.06 -0.16999 -0.737791
0.062 -0.0123183 -0.797074
0.064 0.151007 -0.801385
0.066 0.297105 -0.751215
0.068 0.402466 -0.650967
0.07 0.448756 -0.508407
0.072 0.427749 -0.333768
0.074 0.343813 -0.138668
0.076 0.213139 0.0649528
0.078 0.0599844 0.265747
0.08 -0.0888535 0.453642
0.082 -0.209828 0.620286
0.084 -0.287333 0.759279
0.086 -0.316336 0.866265
0.088 -0.302517 0.938912
0.09 -0.259953 0.976834
0.092 -0.206929 0.981467
0.094 -0.160915 0.955871
0.096 -0.134117 0.904453
0.098 -0.130833 0.832589
0.1 -0.147262 0.746139
0.102 -0.173561 0.650925
0.104 -0.197325 0.55222
0.106 -0.20739 0.454367
0.108 -0.196945 0.360562
0.11 -0.165266 0.272852
0.112 -0.117727 0.192318
0.114 -0.0641536 0.119382
0.116 -0.0159167 0.0541527
0.118 0.0174564 -0.00328253
0.12 0.0311407 -0.052668
0.122 0.0264198 -0.0935376
0.124 0.0101332 -0.125298
0.126 -0.00768414 -0.147391
0.128 -0.0171805 -0.159471
0.13 -0.0119319 -0.161527
0.132 0.00900072 -0.153919
0.134 0.0407635 -0.137338
0.136 0.074094 -0.11271
0.138 0.0978878 -0.0811054
0.14 0.102243 -0.0437002
0.142 0.0812842 -0.00179176
0.144 0.0351188 0.0431333
0.146 -0.0295972 0.0893252
0.148 -0.10083 0.134739
0.15 -0.163945 0.177088
0.152 -0.205394 0.214005
0.154 -0.216185 0.243301
0.156 -0.194096 0.263264
0.158 -0.144044 0.272951
0.16 -0.0766739 0.272365
0.162 -0.0057012 0.26249
0.164 0.0552826 0.245144
0.166 0.095807 0.222689
0.168 0.110737 0.197649
0.17 0.101231 0.172329
0.172 0.0741452 0.148507
0.174 0.0399417 0.127267
0.176 0.00964822 0.108984
0.178 -0.0081868 0.0934571
0.18 -0.00961547 0.0801177
0.182 0.00404727 0.0682657
0.184 0.0270094 0.0572568
0.186 0.0508199 0.046603
0.188 0.0666468 0.0359773
0.19 0.0674791 0.0251467
0.192 0.0498194 0.0138864
0.194 0.0145401 0.00192689
0.196 -0.0332896 -0.011029
0.198 -0.0855806 -0.0252202
0.2 -0.133104 -0.0407006
0.202 -0.167557 -0.0572206
0.204 -0.183259 -0.0741639
0.206 -0.178124 -0.0905701
0.208 -0.153798 -0.10525
0.21 -0.11511 -0.116969
0.212 -0.069038 -0.124665
0.214 -0.0234358 -0.127636
0.216 0.0142982 -0.12566
0.218 0.038395 -0.119021
0.22 0.0455609 -0.10843
0.222 0.035379 -0.094869
0.224 0.0102409 -0.0794034
0.226 -0.0251315 -0.0630084
0.228 -0.0644645 -0.0464469
0.23 -0.100908 -0.0302239
0.232 -0.128126 -0.014613
0.234 -0.141417 0.000263464
0.236 -0.138681 0.0143349
0.238 -0.121 0.0274986
0.24 -0.0925933 0.0395775
0.242 -0.0600436 0.0503303
0.244 -0.0309049 0.059505
0.246 -0.011989 0.0669103
0.248 -0.00774895 0.0724762
0.25 -0.0191334 0.0762797
0.252 -0.0431663 0.0785268
0.254 -0.0733784 0.0794993
0.256 -0.101091 0.0794857
0.258 -0.117378 0.0787204
0.26 -0.115314 0.0773476
0.262 -0.0919325 0.0754198
0.264 -0.0492889 0.0729259
0.266 0.00573588 0.0698386
0.268 0.0629234 0.0661621
0.27 0.111094 0.0619662
0.272 0.140734 0.0573931
0.274 0.146224 0.0526356
0.276 0.127174 0.0478954
0.278 0.0885576 0.0433349
0.28 0.0396083 0.0390407
0.282 -0.00834941 0.0350113
0.284 -0.0446273 0.0311719
0.286 -0.0617773 0.0274117
0.288 -0.0573586 0.0236312
0.29 -0.0343694 0.0197852
0.292 -0.000241842 0.0159106
0.294 0.0352702 0.0121301
0.296 0.0626906 0.00863309
0.298 0.0752096 0.00564164
0.3 0.0702728 0.00337228
0.302 0.0500019 0.00200795
0.304 0.0203684 0.00168552
0.306 -0.0106333 0.00249809
0.308 -0.0352926 0.00450407
0.31 -0.0483032 0.00773321
0.312 -0.0480946 0.0121826
0.314 -0.0370256 0.0178005
0.316 -0.0204511 0.024462
0.318 -0.00499376 0.0319436
0.32 0.00346455 0.0399082
0.322 0.00152221 0.0479099
0.324 -0.010738 0.0554239
0.326 -0.0297605 0.061902
0.328 -0.0495523 0.066842
0.33 -0.06345 0.0698595
0.332 -0.0661034 0.070744
0.334 -0.055087 0.0694892
0.336 -0.0316643 0.0662889
0.338 -0.000499192 0.0615018
0.34 0.0315666 0.0555928
0.342 0.0572939 0.0490637
0.344 0.0708912 0.0423889
0.346 0.0694576 0.0359694
0.348 0.0536774 0.0301105
0.35 0.0276006 0.025023
0.352 -0.00243213 0.0208373
0.354 -0.0294416 0.0176203
0.356 -0.0475944 0.0153868
0.358 -0.0536214 0.0141031
0.36 -0.0474828 0.013683
0.362 -0.0321289 0.0139845
0.364 -0.0124871 0.0148103
0.366 0.00598376 0.0159197
0.368 0.0187472 0.0170514
0.37 0.023277 0.0179565
0.372 0.0195418 0.0184342
0.374 0.00981324 0.0183628
0.376 -0.00211089 0.0177176
0.378 -0.012046 0.0165711
0.38 -0.0166119 0.015075
0.382 -0.0141515 0.0134277
0.384 -0.00512545 0.0118352
0.386 0.00810584 0.0104731
0.388 0.0220158 0.00945802
0.39 0.0329161 0.00883346
0.392 0.0379341 0.00857069
0.394 0.0357116 0.0085836
0.396 0.0266767 0.0087514
0.398 0.012859 0.00894349
0.4 -0.00267602 0.0090405
0.402 -0.0166188 0.00894847
0.404 -0.0262226 0.00860548
0.406 -0.0299177 0.00798238
0.408 -0.0275845 0.00708049
0.41 -0.0204367 0.0059283
0.412 -0.0105886 0.00457825
0.414 -0.000456299 0.00310346
0.416 0.00783295 0.00159325
0.418 0.012882 0.000147017
0.42 0.0142376 -0.00113424
0.422 0.0123588 -0.00215801
0.424 0.00837511 -0.00285116
0.426 0.00371278 -0.00316993
0.428 -0.000303763 -0.00310694
0.43 -0.00276892 -0.00269309
0.432 -0.0033552 -0.00199364
0.434 -0.00229387 -0.00109878
0.436 -0.00021208 -0.000110888
0.438 0.0021023 0.0008689
0.44 0.00393217 0.00175234
0.442 0.00480277 0.00247223
0.444 0.00456534 0.00298653
0.446 0.00338811 0.00327863
0.448 0.00166855 0.00335454
0.45 -0.000103549 0.00323825
0.452 -0.00149073 0.00296648
0.454 -0.0022186 0.00258349
0.456 -0.00222454 0.00213659
0.458 -0.00163961 0.00167205
0.46 -0.000720884 0.00123144
0.462 0.000236443 0.000848268
0.464 0.000979059 0.000545283
0.466 0.00134974 0.000332988
0.468 0.0013091 0.000209681
0.47 0.000926135 0.000163195
0.472 0.000343919 0.000174023
0.474 -0.000268834 0.000219221
0.476 -0.0007659 0.000276343
0.478 -0.00105768 0.000326737
0.48 -0.00112338 0.000357653
0.482 -0.00100158 0.000362963
0.484 -0.0007666 0.000342574
0.486 -0.000500475 0.000300949
0.488 -0.000269218 0.000245238
0.49 -0.000108985 0.000183525
0.492 -2.40593e-05 0.00012346
0.494 4.71521e-06 7.14056e-05
0.496 5.4652e-06 3.1982e-05
0.498 9.52125e-07 7.90663e-06
0.4 0.0231608 0.827192
0.8 0.0233634 0.826591
1.2 0.0237001 0.825598
1.6 0.0241694 0.824223
2 0.0247694 0.82248
2.4 0.0254974 0.820388
2.8 0.0263503 0.81797
3.2 0.0273244 0.815251
3.6 0.0284158 0.812257
4 0.0296197 0.809019
4.4 0.0309311 0.805569
4.8 0.0323447 0.801937
5.2 0.0338546 0.798158
5.6 0.0354547 0.794262
6 0.0371384 0.790283
6.4 0.0388991 0.78625
6.8 0.0407299 0.782193
7.2 0.0426234 0.778137
7.6 0.0445723 0.774108
8 0.0465691 0.770126
8.4 0.0486062 0.766209
8.8 0.0506758 0.762371
9.2 0.05277 0.758624
9.6 0.0548812 0.754976
10 0.0570014 0.751429
10.4 0.0591229 0.747984
10.8 0.0612379 0.744638
11.2 0.0633389 0.741385
11.6 0.0654183 0.738216
12 0.0674689 0.735119
12.4 0.0694835 0.732081
12.8 0.0714553 0.729085
13.2 0.0733777 0.726115
13.6 0.0752446 0.723154
14 0.0770502 0.720183
14.4 0.078789 0.717183
14.8 0.0804562 0.714137
15.2 0.0820474 0.711028
15.6 0.0835589 0.70784
16 0.0849874 0.704559
16.4 0.0863305 0.701173
16.8 0.0875865 0.697671
17.2 0.0887542 0.694046
17.6 0.0898335 0.690293
18 0.0908248 0.686409
18.4 0.0917295 0.682394
18.8 0.0925496 0.678252
19.2 0.0932882 0.673987
19.6 0.093949 0.669608
20 0.0945365 0.665126
20.4 0.0950559 0.660553
20.8 0.0955132 0.655905
21.2 0.0959149 0.651197
21.6 0.0962681 0.646449
22 0.0965806 0.641678
22.4 0.0968602 0.636907
22.8 0.0971154 0.632154
23.2 0.0973548 0.627441
23.6 0.0975869 0.62279
24 0.0978205 0.61822
24.4 0.0980641 0.613752
24.8 0.0983261 0.609404
25.2 0.0986146 0.605194
25.6 0.098937 0.601139
26 0.0993006 0.597254
26.4 0.0997117 0.593551
26.8 0.100176 0.590041
27.2 0.100699 0.586734
27.6 0.101284 0.583637
28 0.101935 0.580755
28.4 0.102653 0.578091
28.8 0.103442 0.575646
29.2 0.1043 0.573419
29.6 0.105227 0.571407
30 0.106222 0.569604
30.4 0.107283 0.568005
30.8 0.108407 0.566602
31.2 0.109588 0.565384
31.6 0.110824 0.564341
32 0.112108 0.563461
32.4 0.113436 0.56273
32.8 0.114799 0.562137
33.2 0.116193 0.561665
33.6 0.117609 0.561301
34 0.119041 0.561029
34.4 0.120482 0.560835
34.8 0.121925 0.560703
35.2 0.123362 0.560619
35.6 0.124787 0.560568
36 0.126192 0.560536
36.4 0.127573 0.56051
36.8 0.128922 0.560476
37.2 0.130234 0.560424
37.6 0.131505 0.56034
38 0.132729 0.560215
38.4 0.133902 0.560039
38.8 0.135021 0.559804
39.2 0.136082 0.559501
39.6 0.137083 0.559124
40 0.138022 0.558665
40.4 0.138896 0.558122
40.8 0.139705 0.557488
41.2 0.140447 0.55676
41.6 0.141122 0.555937
42 0.14173 0.555016
42.4 0.14227 0.553995
42.8 0.142744 0.552874
43.2 0.143152 0.551654
43.6 0.143494 0.550334
44 0.143774 0.548917
44.4 0.143991 0.547403
44.8 0.144149 0.545794
45.2 0.14425 0.544094
45.6 0.144296 0.542305
46 0.14429 0.54043
46.4 0.144237 0.538472
46.8 0.14414 0.536435
47.2 0.144003 0.534324
47.6 0.143832 0.532143
48 0.143632 0.529896
48.4 0.143408 0.527588
48.8 0.143167 0.525225
49.2 0.142916 0.522811
49.6 0.142662 0.520353
50 0.142414 0.517856
50.4 0.142178 0.515328
50.8 0.141964 0.512773
51.2 0.141781 0.5102
51.6 0.141638 0.507616
52 0.141543 0.505027
52.4 0.141506 0.502441
52.8 0.141536 0.499866
53.2 0.141642 0.497309
53.6 0.141832 0.494779
54 0.142115 0.492283
54.4 0.142497 0.48983
54.8 0.142985 0.487426
55.2 0.143584 0.48508
55.6 0.1443 0.482798
56 0.145135 0.480587
56.4 0.146092 0.478453
56.8 0.147171 0.476403
57.2 0.148371 0.47444
57.6 0.149689 0.472569
58 0.151123 0.470793
58.4 0.152667 0.469114
58.8 0.154312 0.467534
59.2 0.156052 0.466052
59.6 0.157875 0.464667
60 0.15977 0.463377
60.4 0.161725 0.462178
60.8 0.163726 0.461065
61.2 0.165757 0.460032
61.6 0.167804 0.459071
62 0.16985 0.458173
62.4 0.171878 0.457328
62.8 0.173874 0.456524
63.2 0.175819 0.45575
63.6 0.177698 0.454992
64 0.179495 0.454234
64.4 0.181197 0.453463
64.8 0.182789 0.452663
65.2 0.184259 0.451815
65.6 0.185597 0.450905
66 0.186793 0.449914
66.4 0.187841 0.448825
66.8 0.188734 0.447621
67.2 0.18947 0.446283
67.6 0.190047 0.444796
68 0.190466 0.443142
68.4 0.190729 0.441305
68.8 0.190842 0.43927
69.2 0.190811 0.437021
69.6 0.190645 0.434546
70 0.190353 0.43183
70.4 0.189948 0.428862
70.8 0.189442 0.425632
71.2 0.18885 0.42213
71.6 0.188187 0.418348
72 0.187468 0.41428
72.4 0.18671 0.409921
72.8 0.185928 0.405266
73.2 0.185139 0.400314
73.6 0.184359 0.395064
74 0.183602 0.389519
74.4 0.182883 0.38368
74.8 0.182216 0.377552
75.2 0.181612 0.371142
75.6 0.181082 0.364457
76 0.180636 0.357508
76.4 0.180282 0.350305
76.8 0.180025 0.34286
77.2 0.17987 0.33519
77.6 0.179819 0.327308
78 0.179874 0.319233
78.4 0.180034 0.310982
78.8 0.180296 0.302577
79.2 0.180657 0.294036
79.6 0.181111 0.285383
80 0.181652 0.27664
80.4 0.182272 0.26783
80.8 0.182962 0.258976
81.2 0.183714 0.250103
81.6 0.184517 0.241235
82 0.18536 0.232396
82.4 0.186232 0.22361
82.8 0.187123 0.2149
83.2 0.188022 0.206289
83.6 0.188918 0.197798
84 0.189799 0.189448
84.4 0.190658 0.181259
84.8 0.191483 0.173248
85.2 0.192266 0.165432
85.6 0.192999 0.157825
86 0.193674 0.150441
86.4 0.194286 0.143289
86.8 0.194829 0.136378
87.2 0.195298 0.129715
87.6 0.195689 0.123305
88 0.195999 0.11715
88.4 0.196226 0.11125
88.8 0.196369 0.105604
89.2 0.196428 0.100208
89.6 0.196403 0.0950578
90 0.196294 0.0901462
90.4 0.196104 0.0854655
90.8 0.195835 0.0810066
91.2 0.195488 0.0767594
91.6 0.195068 0.0727134
92 0.194578 0.0688575
92.4 0.194021 0.0651805
92.8 0.193402 0.0616711
93.2 0.192725 0.0583186
93.6 0.191995 0.0551126
94 0.191216 0.0520436
94.4 0.190393 0.0491029
94.8 0.189531 0.0462832
95.2 0.188634 0.043578
95.6 0.187708 0.0409827
96 0.186756 0.0384938
96.4 0.185783 0.0361094
96.8 0.184793 0.0338291
97.2 0.18379 0.0316539
97.6 0.182778 0.0295863
98 0.18176 0.0276302
98.4 0.180739 0.0257904
98.8 0.179717 0.0240731
99.2 0.178696 0.022485
99.6 0.177678 0.0210336
100 0.176663 0.019727
100.4 0.175651 0.0185732
100.8 0.174642 0.0175804
101.2 0.173634 0.0167564
101.6 0.172626 0.0161087
102 0.171614 0.0156438
102.4 0.170596 0.0153675
102.8 0.169567 0.0152845
103.2 0.168522 0.015398
103.6 0.167455 0.01571
104 0.166361 0.016221
104.4 0.165232 0.0169297
104.8 0.164062 0.0178333
105.2 0.162842 0.0189274
105.6 0.161565 0.0202059
106 0.160223 0.021661
106.4 0.158808 0.0232837
106.8 0.157311 0.0250635
107.2 0.155726 0.0269886
107.6 0.154044 0.0290463
108 0.15226 0.031223
108.4 0.150366 0.0335045
108.8 0.148359 0.0358759
109.2 0.146234 0.0383225
109.6 0.143989 0.0408293
110 0.14162 0.0433816
110.4 0.13913 0.0459651
110.8 0.136517 0.0485661
111.2 0.133786 0.0511717
111.6 0.13094 0.0537701
112 0.127986 0.0563503
112.4 0.12493 0.0589026
112.8 0.121782 0.0614187
113.2 0.118552 0.0638915
113.6 0.115251 0.0663151
114 0.111892 0.0686852
114.4 0.10849 0.0709988
114.8 0.105058 0.0732538
115.2 0.101614 0.0754496
115.6 0.0981713 0.0775866
116 0.0947479 0.0796661
116.4 0.0913594 0.0816902
116.8 0.088022 0.0836617
117.2 0.0847512 0.0855839
117.6 0.0815619 0.0874605
118 0.0784681 0.0892954
118.4 0.0754827 0.0910925
118.8 0.072617 0.0928557
119.2 0.0698811 0.0945885
119.6 0.0672833 0.0962944
120 0.0648301 0.097976
120.4 0.0625261 0.0996359
120.8 0.0603741 0.101276
121.2 0.0583747 0.102896
121.6 0.0565268 0.104498
122 0.0548274 0.106082
122.4 0.0532715 0.107645
122.8 0.0518527 0.109186
123.2 0.050563 0.110704
123.6 0.049393 0.112195
124 0.0483322 0.113656
124.4 0.0473694 0.115083
124.8 0.0464927 0.116472
125.2 0.0456897 0.117818
125.6 0.0449482 0.119118
126 0.0442561 0.120365
126.4 0.0436017 0.121557
126.8 0.0429742 0.122688
127.2 0.0423635 0.123754
127.6 0.0417611 0.12475
128 0.0411595 0.125674
128.4 0.040553 0.126521
128.8 0.0399374 0.127289
129.2 0.0393106 0.127974
129.6 0.0386719 0.128577
130 0.0380226 0.129093
130.4 0.0373659 0.129523
130.8 0.0367065 0.129867
131.2 0.0360507 0.130123
131.6 0.0354063 0.130294
132 0.0347821 0.130378
132.4 0.0341882 0.130379
132.8 0.033635 0.130298
133.2 0.0331336 0.130136
133.6 0.0326951 0.129898
134 0.0323304 0.129585
134.4 0.03205 0.1292
134.8 0.0318635 0.128748
135.2 0.0317794 0.128232
135.6 0.0318048 0.127655
136 0.0319453 0.127022
136.4 0.0322043 0.126337
136.8 0.0325837 0.125604
137.2 0.0330826 0.124827
137.6 0.0336984 0.124011
138 0.0344257 0.123161
138.4 0.0352572 0.122279
138.8 0.0361829 0.121372
139.2 0.037191 0.120444
139.6 0.0382675 0.119497
140 0.0393968 0.118538
140.4 0.0405615 0.117569
140.8 0.0417432 0.116595
141.2 0.0429224 0.115619
141.6 0.0440791 0.114645
142 0.0451931 0.113675
142.4 0.0462444 0.112713
142.8 0.0472136 0.11176
143.2 0.0480821 0.11082
143.6 0.0488329 0.109893
144 0.0494504 0.108981
144.4 0.0499212 0.108085
144.8 0.0502343 0.107204
145.2 0.0503811 0.10634
145.6 0.0503558 0.10549
146 0.0501555 0.104655
146.4 0.0497803 0.103833
146.8 0.0492336 0.103022
147.2 0.0485214 0.10222
147.6 0.047653 0.101425
148 0.0466403 0.100633
148.4 0.0454978 0.0998417
148.8 0.0442426 0.0990481
149.2 0.0428935 0.0982489
149.6 0.0414712 0.097441
150 0.0399977 0.0966211
150.4 0.0384961 0.0957863
150.8 0.0369896 0.0949338
151.2 0.035502 0.0940608
151.6 0.0340564 0.0931652
152 0.0326752 0.092245
152.4 0.0313798 0.0912987
152.8 0.0301898 0.0903251
153.2 0.0291231 0.0893236
153.6 0.0281953 0.0882939
154 0.0274195 0.0872362
154.4 0.0268062 0.0861511
154.8 0.0263629 0.0850395
155.2 0.0260945 0.0839029
155.6 0.0260026 0.0827429
156 0.0260859 0.0815614
156.4 0.0263404 0.0803605
156.8 0.0267592 0.0791422
157.2 0.027333 0.0779089
157.6 0.0280501 0.0766627
158 0.0288968 0.0754056
158.4 0.0298578 0.0741395
158.8 0.0309163 0.072866
159.2 0.0320546 0.0715863
159.6 0.0332544 0.0703014
160 0.0344973 0.0690119
160.4 0.0357647 0.0677177
160.8 0.0370389 0.0664185
161.2 0.038303 0.0651136
161.6 0.0395412 0.0638018
162 0.0407392 0.0624814
162.4 0.0418846 0.0611505
162.8 0.0429668 0.0598068
163.2 0.0439772 0.058448
163.6 0.0449096 0.0570713
164 0.04576 0.0556741
164.4 0.0465265 0.0542539
164.8 0.0472098 0.052808
165.2 0.0478122 0.0513343
165.6 0.0483384 0.0498308
166 0.0487947 0.0482959
166.4 0.0491889 0.0467287
166.8 0.0495303 0.0451287
167.2 0.0498291 0.0434962
167.6 0.0500964 0.041832
168 0.0503437 0.0401377
168.4 0.0505827 0.0384158
168.8 0.0508248 0.0366694
169.2 0.0510812 0.0349024
169.6 0.0513622 0.0331194
170 0.0516773 0.0313257
170.4 0.0520348 0.0295271
170.8 0.0524415 0.02773
171.2 0.052903 0.0259412
171.6 0.0534228 0.024168
172 0.0540032 0.0224177
172.4 0.0546442 0.0206977
172.8 0.0553446 0.0190155
173.2 0.0561011 0.0173784
173.6 0.056909 0.0157934
174 0.0577618 0.0142672
174.4 0.0586519 0.0128059
174.8 0.0595704 0.011415
175.2 0.0605073 0.0100995
175.6 0.0614519 0.00886339
176 0.0623928 0.00771002
176.4 0.0633183 0.00664179
176.8 0.0642165 0.00566022
177.2 0.0650757 0.00476593
177.6 0.0658844 0.00395864
178 0.0666317 0.0032372
178.4 0.0673074 0.00259962
178.8 0.067902 0.00204315
179.2 0.0684074 0.00156429
179.6 0.0688162 0.00115895
180 0.0691227 0.000822463
180.4 0.0693222 0.000549725
180.8 0.0694116 0.000335284
181.2 0.0693892 0.000173439
181.6 0.0692544 5.8351e-05
182 0.0690083 -1.58635e-05
182.4 0.0686532 -5.50288e-05
182.8 0.0681927 -6.48218e-05
183.2 0.0676316 -5.06877e-05
183.6 0.0669755 -1.77657e-05
184 0.0662312 2.91743e-05
184.4 0.0654063 8.5784e-05
184.8 0.064509 0.000148177
185.2 0.063548 0.000212957
185.6 0.0625327 0.000277234
186 0.0614724 0.000338625
186.4 0.0603768 0.000395251
186.8 0.0592555 0.000445716
187.2 0.0581183 0.000489082
187.6 0.0569743 0.000524831
188 0.0558328 0.000552825
188.4 0.0547023 0.000573259
188.8 0.0535912 0.00058661
189.2 0.052507 0.000593581
189.6 0.0514569 0.000595053
190 0.0504473 0.000592026
190.4 0.0494839 0.000585576
190.8 0.0485717 0.000576798
191.2 0.047715 0.000566772
191.6 0.0469172 0.000556519
192 0.046181 0.00054697
192.4 0.0455083 0.000538943
192.8 0.0449002 0.000533118
193.2 0.044357 0.000530029
193.6 0.0438781 0.000530052
194 0.0434623 0.000533408
194.4 0.0431075 0.000540164
194.8 0.0428108 0.000550245
195.2 0.0425687 0.000563445
195.6 0.042377 0.000579444
196 0.0422305 0.000597829
196.4 0.0421238 0.000618112
196.8 0.0420506 0.000639754
197.2 0.0420041 0.000662186
197.6 0.0419771 0.000684829
198 0.0419617 0.000707117
198.4 0.04195 0.000728513
198.8 0.0419334 0.000748525
199.2 0.0419035 0.000766718
199.6 0.0418514 0.000782727
200 0.0417686 0.000796261
200.4 0.0416463 0.000807111
200.8 0.0414761 0.000815147
201.2 0.04125 0.000820318
201.6 0.0409603 0.000822652
202 0.0405999 0.000822241
202.4 0.0401624 0.000819244
202.8 0.0396422 0.000813866
203.2 0.0390346 0.000806359
203.6 0.0383359 0.000797003
204 0.0375437 0.000786098
204.4 0.0366564 0.000773954
204.8 0.035674 0.000760882
205.2 0.0345978 0.000747182
205.6 0.0334302 0.000733137
206 0.0321753 0.000719006
206.4 0.0308384 0.000705021
206.8 0.0294262 0.00069138
207.2 0.0279467 0.000678251
207.6 0.0264091 0.000665763
208 0.024824 0.000654017
208.4 0.0232028 0.000643079
208.8 0.021558 0.00063299
209.2 0.0199029 0.000623768
209.6 0.0182515 0.000615411
210 0.0166183 0.000607903
210.4 0.0150179 0.000601219
210.8 0.0134653 0.000595333
211.2 0.0119754 0.000590215
211.6 0.0105627 0.000585845
212 0.00924149 0.000582207
212.4 0.0080252 0.0005793
212.8 0.00692659 0.000577134
213.2 0.00595739 0.000575732
213.6 0.00512824 0.000575133
214 0.00444845 0.000575391
214.4 0.00392596 0.00057657
214.8 0.00356719 0.000578745
215.2 0.00337698 0.000581999
215.6 0.00335852 0.000586421
216 0.00351331 0.0005921
216.4 0.00384116 0.000599124
216.8 0.00434017 0.000607577
217.2 0.00500682 0.000617532
217.6 0.00583599 0.000629053
218 0.00682101 0.00064219
218.4 0.00795382 0.000656975
218.8 0.00922505 0.000673425
219.2 0.0106242 0.000691535
219.6 0.0121396 0.000711283
220 0.0137588 0.000732626
220.4 0.0154686 0.000755502
220.8 0.0172554 0.000779833
221.2 0.019105 0.000805521
221.6 0.0210029 0.000832455
222 0.0229349 0.000860512
222.4 0.0248865 0.000889556
222.8 0.0268436 0.000919444
223.2 0.0287925 0.000950027
223.6 0.0307199 0.000981155
224 0.0326131 0.00101267
224.4 0.0344602 0.00104443
224.8 0.0362499 0.00107627
225.2 0.0379718 0.00110806
225.6 0.0396163 0.00113965
226 0.0411749 0.00117091
226.4 0.0426397 0.00120173
226.8 0.0440041 0.00123199
227.2 0.0452619 0.00126158
227.6 0.0464083 0.00129041
228 0.0474391 0.00131841
228.4 0.0483508 0.00134549
228.8 0.049141 0.00137159
229.2 0.0498079 0.00139668
229.6 0.0503503 0.0014207
230 0.0507677 0.00144362
230.4 0.0510603 0.00146544
230.8 0.0512288 0.00148615
231.2 0.0512745 0.00150574
231.6 0.0511992 0.00152423
232 0.0510052 0.00154164
232.4 0.0506953 0.00155802
232.8 0.0502727 0.0015734
233.2 0.0497414 0.00158784
233.6 0.0491056 0.00160139
234 0.0483701 0.00161412
234.4 0.0475402 0.00162612
234.8 0.0466219 0.00163744
235.2 0.0456218 0.00164818
235.6 0.0445468 0.00165841
236 0.0434047 0.0016682
236.4 0.0422039 0.00167764
236.8 0.0409533 0.00168679
237.2 0.0396626 0.00169569
237.6 0.0383419 0.00170439
238 0.0370021 0.00171292
238.4 0.0356544 0.00172129
238.8 0.0343107 0.00172947
239.2 0.032983 0.00173744
239.6 0.031684 0.00174513
240 0.0304263 0.00175246
240.4 0.0292226 0.00175932
240.8 0.0280855 0.00176556
241.2 0.0270275 0.00177102
241.6 0.0260606 0.00177552
242 0.0251964 0.00177884
242.4 0.0244455 0.00178076
242.8 0.0238177 0.00178103
243.2 0.0233218 0.0017794
243.6 0.0229651 0.00177561
244 0.0227537 0.00176939
244.4 0.0226919 0.0017605
244.8 0.0227824 0.00174867
245.2 0.0230259 0.00173367
245.6 0.0234213 0.00171531
246 0.0239653 0.00169339
246.4 0.0246527 0.00166776
246.8 0.0254762 0.00163832
247.2 0.0264263 0.00160498
247.6 0.0274916 0.00156774
248 0.0286589 0.0015266
248.4 0.029913 0.00148165
248.8 0.0312374 0.001433
249.2 0.0326139 0.00138083
249.6 0.0340233 0.00132537
250 0.0354454 0.00126687
250.4 0.0368593 0.00120567
250.8 0.0382439 0.0011421
251.2 0.039578 0.00107657
251.6 0.0408405 0.00100948
252 0.0420112 0.000941277
252.4 0.0430707 0.000872423
252.8 0.0440009 0.000803382
253.2 0.0447851 0.000734624
253.6 0.0454087 0.000666614
254 0.0458591 0.000599804
254.4 0.046126 0.00053463
254.8 0.0462017 0.000471504
255.2 0.0460812 0.000410805
255.6 0.0457622 0.00035288
256 0.0452456 0.000298036
256.4 0.0445347 0.000246539
256.8 0.0436361 0.000198608
257.2 0.0425591 0.000154418
257.6 0.0413155 0.000114097
258 0.0399196 7.77261e-05
258.4 0.0383883 4.5341e-05
258.8 0.0367401 1.69349e-05
259.2 0.0349956 -7.53977e-06
259.6 0.0331763 -2.81679e-05
260 0.0313052 -4.50677e-05
260.4 0.0294057 -5.83864e-05
260.8 0.0275016 -6.82959e-05
261.2 0.0256164 -7.49882e-05
261.6 0.0237733 -7.867e-05
262 0.0219944 -7.95587e-05
262.4 0.0203006 -7.78772e-05
262.8 0.0187112 -7.38502e-05
263.2 0.0172435 -6.76998e-05
263.6 0.0159126 -5.96417e-05
264 0.0147312 -4.9883e-05
264.4 0.0137092 -3.86187e-05
264.8 0.0128537 -2.60301e-05
265.2 0.0121689 -1.22834e-05
265.6 0.0116561 2.47131e-06
266 0.0113136 1.81003e-05
266.4 0.0111367 3.44859e-05
266.8 0.011118 5.15262e-05
267.2 0.0112474 6.91332e-05
267.6 0.0115125 8.72316e-05
268 0.0118986 0.000105757
268.4 0.0123892 0.000124653
268.8 0.0129662 0.00014387
269.2 0.0136102 0.000163361
269.6 0.0143012 0.00018308
270 0.0150184 0.000202978
270.4 0.0157411 0.000223002
270.8 0.0164489 0.000243093
271.2 0.0171219 0.000263179
271.6 0.0177414 0.000283178
272 0.0182899 0.000302994
272.4 0.0187514 0.000322515
272.8 0.019112 0.00034161
273.2 0.0193599 0.000360134
273.6 0.0194855 0.00037792
274 0.0194817 0.000394785
274.4 0.0193438 0.000410525
274.8 0.0190697 0.000424923
275.2 0.0186601 0.000437741
275.6 0.0181177 0.000448731
276 0.0174481 0.00045763
276.4 0.0166587 0.000464167
276.8 0.0157593 0.000468065
277.2 0.0147614 0.000469044
277.6 0.013678 0.000466822
278 0.0125235 0.000461127
278.4 0.0113134 0.000451692
278.8 0.0100638 0.000438266
279.2 0.00879125 0.000420617
279.6 0.00751239 0.000398533
280 0.00624365 0.000371832
280.4 0.00500095 0.000340366
280.8 0.00379946 0.00030402
281.2 0.00265329 0.000262721
281.6 0.0015753 0.000216442
282 0.000576912 0.000165203
282.4 -0.000332087 0.000109072
282.8 -0.00114364 4.81717e-05
283.2 -0.00185153 -1.73214e-05
283.6 -0.00245142 -8.7177e-05
284 -0.00294086 -0.00016111
284.4 -0.00331929 -0.000238784
284.8 -0.00358797 -0.000319806
285.2 -0.00374988 -0.00040374
285.6 -0.00380959 -0.000490101
286 -0.00377317 -0.000578365
286.4 -0.00364794 -0.000667969
286.8 -0.00344236 -0.000758324
287.2 -0.00316576 -0.000848814
287.6 -0.00282817 -0.000938809
288 -0.00244013 -0.00102767
288.4 -0.0020124 -0.00111475
288.8 -0.0015558 -0.00119942
289.2 -0.00108103 -0.00128106
289.6 -0.000598401 -0.00135908
290 -0.000117752 -0.0014329
290.4 0.000351771 -0.00150201
290.8 0.000801821 -0.00156591
291.2 0.00122497 -0.00162417
291.6 0.0016148 -0.00167644
292 0.00196595 -0.00172238
292.4 0.00227417 -0.00176175
292.8 0.00253635 -0.00179439
293.2 0.00275046 -0.00182017
293.6 0.00291558 -0.00183907
294 0.00303179 -0.00185111
294.4 0.00310016 -0.0018564
294.8 0.00312259 -0.0018551
295.2 0.0031018 -0.00184746
295.6 0.00304115 -0.00183375
296 0.00294454 -0.00181432
296.4 0.00281632 -0.00178956
296.8 0.00266115 -0.0017599
297.2 0.00248384 -0.00172581
297.6 0.00228932 -0.00168777
298 0.00208246 -0.00164629
298.4 0.00186797 -0.00160189
298.8 0.00165038 -0.00155509
299.2 0.00143385 -0.0015064
299.6 0.00122222 -0.00145634
300 0.00101886 -0.00140539
300.4 0.000826696 -0.00135401
300.8 0.000648135 -0.00130265
301.2 0.000485092 -0.0012517
301.6 0.000338968 -0.00120153
302 0.00021067 -0.00115246
302.4 0.000100629 -0.00110479
302.8 8.83368e-06 -0.00105875
303.2 -6.51268e-05 -0.00101453
303.6 -0.00012202 -0.000972307
304 -0.000162918 -0.000932179
304.4 -0.000189143 -0.000894224
304.8 -0.000202208 -0.000858476
305.2 -0.00020377 -0.000824938
305.6 -0.000195564 -0.00079358
306 -0.00017936 -0.000764343
306.4 -0.000156911 -0.000737147
306.8 -0.000129911 -0.000711889
307.2 -9.99553e-05 -0.000688453
307.6 -6.85124e-05 -0.00066671
308 -3.6895e-05 -0.000646523
308.4 -6.24318e-06 -0.00062775
308.8 2.24882e-05 -0.00061025
309.2 4.85359e-05 -0.000593882
309.6 7.13277e-05 -0.000578511
310 9.04775e-05 -0.000564009
310.4 0.000105775 -0.000550256
310.8 0.000117172 -0.000537145
311.2 0.000124764 -0.000524578
311.6 0.000128769 -0.000512471
312 0.000129509 -0.000500752
312.4 0.000127385 -0.00048936
312.8 0.000122853 -0.00047825
313.2 0.000116405 -0.000467386
313.6 0.000108544 -0.000456742
314 9.97685e-05 -0.000446304
314.4 9.05521e-05 -0.000436065
314.8 8.13305e-05 -0.000426026
315.2 7.24894e-05 -0.000416192
315.6 6.43551e-05 -0.000406576
316 5.71888e-05 -0.00039719
316.4 5.11836e-05 -0.000388051
316.8 4.64637e-05 -0.000379176
317.2 4.30868e-05 -0.00037058
317.6 4.10483e-05 -0.000362279
318 4.02876e-05 -0.000354286
318.4 4.06957e-05 -0.000346611
318.8 4.2124e-05 -0.000339259
319.2 4.43937e-05 -0.000332235
319.6 4.73061e-05 -0.000325538
320 5.06516e-05 -0.000319162
320.4 5.42196e-05 -0.000313099
320.8 5.78069e-05 -0.000307338
321.2 6.12255e-05 -0.000301862
321.6 6.43086e-05 -0.000296654
322 6.69164e-05 -0.000291691
322.4 6.89393e-05 -0.000286952
322.8 7.03004e-05 -0.000282411
323.2 7.09563e-05 -0.000278044
323.6 7.08967e-05 -0.000273823
324 7.01422e-05 -0.000269725
324.4 6.87421e-05 -0.000265723
324.8 6.67702e-05 -0.000261793
325.2 6.43202e-05 -0.000257914
325.6 6.15012e-05 -0.000254064
326 5.8432e-05 -0.000250226
326.4 5.5236e-05 -0.000246383
326.8 5.20357e-05 -0.000242522
327.2 4.89485e-05 -0.000238633
327.6 4.60817e-05 -0.000234708
328 4.35289e-05 -0.000230743
328.4 4.13674e-05 -0.000226734
328.8 3.96553e-05 -0.000222683
329.2 3.84309e-05 -0.000218592
329.6 3.77117e-05 -0.000214465
330 3.74948e-05 -0.00021031
330.4 3.77581e-05 -0.000206135
330.8 3.84621e-05 -0.000201949
331.2 3.95519e-05 -0.000197763
331.6 4.09604e-05 -0.000193589
332 4.26115e-05 -0.000189436
332.4 4.44231e-05 -0.000185318
332.8 4.63105e-05 -0.000181246
333.2 4.81903e-05 -0.000177229
333.6 4.9983e-05 -0.000173277
334 5.16161e-05 -0.0001694
334.4 5.30265e-05 -0.000165605
334.8 5.41627e-05 -0.000161897
335.2 5.4986e-05 -0.000158283
335.6 5.54717e-05 -0.000154764
336 5.56093e-05 -0.000151344
336.4 5.54027e-05 -0.000148022
336.8 5.48688e-05 -0.000144797
337.2 5.40371e-05 -0.000141668
337.6 5.29479e-05 -0.00013863
338 5.16502e-05 -0.00013568
338.4 5.01998e-05 -0.000132813
338.8 4.86569e-05 -0.000130024
339.2 4.70837e-05 -0.000127305
339.6 4.55422e-05 -0.000124652
340 4.40919e-05 -0.000122059
340.4 4.27877e-05 -0.000119519
340.8 4.1678e-05 -0.000117028
341.2 4.08036e-05 -0.00011458
341.6 4.01959e-05 -0.000112173
342 3.98767e-05 -0.000109801
342.4 3.98575e-05 -0.000107464
342.8 4.01395e-05 -0.000105158
343.2 4.0714e-05 -0.000102885
343.6 4.15629e-05 -0.000100643
344 4.266e-05 -9.84338e-05
344.4 4.39718e-05 -9.62584e-05
344.8 4.54592e-05 -9.41189e-05
345.2 4.70789e-05 -9.20177e-05
345.6 4.87851e-05 -8.99573e-05
346 5.05311e-05 -8.79404e-05
346.4 5.22706e-05 -8.59698e-05
346.8 5.39595e-05 -8.40476e-05
347.2 5.5557e-05 -8.21762e-05
347.6 5.70268e-05 -8.0357e-05
348 5.83382e-05 -7.85912e-05
348.4 5.94661e-05 -7.6879e-05
348.8 6.0392e-05 -7.52204e-05
349.2 6.11042e-05 -7.36143e-05
349.6 6.15972e-05 -7.20591e-05
350 6.18716e-05 -7.05525e-05
350.4 6.19337e-05 -6.90915e-05
350.8 6.17948e-05 -6.76728e-05
351.2 6.147e-05 -6.62926e-05
351.6 6.09778e-05 -6.49467e-05
352 6.03388e-05 -6.36311e-05
352.4 5.95746e-05 -6.23415e-05
352.8 5.87072e-05 -6.10737e-05
353.2 5.77577e-05 -5.98241e-05
353.6 5.67459e-05 -5.8589e-05
354 5.56894e-05 -5.73656e-05
354.4 5.46028e-05 -5.61515e-05
354.8 5.3498e-05 -5.49449e-05
355.2 5.23834e-05 -5.37447e-05
355.6 5.1264e-05 -5.25505e-05
356 5.01418e-05 -5.13624e-05
356.4 4.90155e-05 -5.01814e-05
356.8 4.78816e-05 -4.90086e-05
357.2 4.67343e-05 -4.78459e-05
357.6 4.55662e-05 -4.66953e-05
358 4.43693e-05 -4.55591e-05
358.4 4.31351e-05 -4.44396e-05
358.8 4.18558e-05 -4.33391e-05
359.2 4.05243e-05 -4.22596e-05
359.6 3.91354e-05 -4.12027e-05
360 3.76859e-05 -4.01698e-05
360.4 3.61748e-05 -3.91616e-05
360.8 3.46041e-05 -3.81781e-05
361.2 3.29787e-05 -3.72188e-05
361.6 3.13062e-05 -3.62824e-05
362 2.95972e-05 -3.53672e-05
362.4 2.78648e-05 -3.44706e-05
362.8 2.61245e-05 -3.35897e-05
363.2 2.43937e-05 -3.27208e-05
363.6 2.26913e-05 -3.18602e-05
364 2.10371e-05 -3.10039e-05
364.4 1.94513e-05 -3.01479e-05
364.8 1.79539e-05 -2.92881e-05
365.2 1.65642e-05 -2.8421e-05
365.6 1.53004e-05 -2.75432e-05
366 1.41788e-05 -2.6652e-05
366.4 1.32136e-05 -2.57455e-05
366.8 1.24168e-05 -2.48223e-05
367.2 1.17974e-05 -2.38821e-05
367.6 1.13615e-05 -2.29256e-05
368 1.11126e-05 -2.19542e-05
368.4 1.10508e-05 -2.09703e-05
368.8 1.11736e-05 -1.99774e-05
369.2 1.14759e-05 -1.89795e-05
369.6 1.19498e-05 -1.79815e-05
370 1.25855e-05 -1.6989e-05
370.4 1.33712e-05 -1.60077e-05
370.8 1.42936e-05 -1.50439e-05
371.2 1.53381e-05 -1.41039e-05
371.6 1.64892e-05 -1.31938e-05
372 1.7731e-05 -1.23196e-05
372.4 1.90473e-05 -1.14868e-05
372.8 2.04217e-05 -1.07002e-05
373.2 2.18381e-05 -9.96415e-06
373.6 2.32808e-05 -9.28196e-06
374 2.47343e-05 -8.6561e-06
374.4 2.61838e-05 -8.08803e-06
374.8 2.76149e-05 -7.57824e-06
375.2 2.90139e-05 -7.12623e-06
375.6 3.03672e-05 -6.73057e-06
376 3.16618e-05 -6.38892e-06
376.4 3.2885e-05 -6.0982e-06
376.8 3.40242e-05 -5.85465e-06
377.2 3.50672e-05 -5.654e-06
377.6 3.60015e-05 -5.4916e-06
378 3.68153e-05 -5.36262e-06
378.4 3.74963e-05 -5.26216e-06
378.8 3.80329e-05 -5.18543e-06
379.2 3.84134e-05 -5.1279e-06
379.6 3.8627e-05 -5.08541e-06
380 3.86632e-05 -5.05434e-06
380.4 3.85125e-05 -5.0316e-06
380.8 3.81666e-05 -5.0148e-06
381.2 3.76185e-05 -5.0022e-06
381.6 3.68629e-05 -4.99279e-06
382 3.58967e-05 -4.9862e-06
382.4 3.47187e-05 -4.98272e-06
382.8 3.33307e-05 -4.98318e-06
383.2 3.17368e-05 -4.98889e-06
383.6 2.9944e-05 -5.00153e-06
384 2.79626e-05 -5.02302e-06
384.4 2.58056e-05 -5.0554e-06
384.8 2.3489e-05 -5.10073e-06
385.2 2.10316e-05 -5.16093e-06
385.6 1.8455e-05 -5.23768e-06
386 1.57831e-05 -5.33233e-06
386.4 1.30415e-05 -5.44582e-06
386.8 1.02579e-05 -5.57858e-06
387.2 7.46077e-06 -5.73053e-06
387.6 4.67924e-06 -5.90102e-06
388 1.94262e-06 -6.0889e-06
388.4 -7.20322e-07 -6.29246e-06
388.8 -3.28181e-06 -6.50954e-06
389.2 -5.71565e-06 -6.73759e-06
389.6 -7.99767e-06 -6.97372e-06
390 -1.01062e-05 -7.21486e-06
390.4 -1.20226e-05 -7.45778e-06
390.8 -1.37312e-05 -7.69928e-06
391.2 -1.52201e-05 -7.93623e-06
391.6 -1.64806e-05 -8.1657e-06
392 -1.7508e-05 -8.38507e-06
392.4 -1.83011e-05 -8.59207e-06
392.8 -1.88622e-05 -8.78485e-06
393.2 -1.91969e-05 -8.96203e-06
393.6 -1.93137e-05 -9.12274e-06
394 -1.92238e-05 -9.26657e-06
394.4 -1.89407e-05 -9.3936e-06
394.8 -1.84794e-05 -9.50433e-06
395.2 -1.78564e-05 -9.59961e-06
395.6 -1.70888e-05 -9.68062e-06
396 -1.6194e-05 -9.74873e-06
396.4 -1.51892e-05 -9.80541e-06
396.8 -1.40908e-05 -9.85218e-06
397.2 -1.29142e-05 -9.89046e-06
397.6 -1.16734e-05 -9.9215e-06
398 -1.03806e-05 -9.94632e-06
398.4 -9.04598e-06 -9.96558e-06
398.8 -7.67788e-06 -9.97959e-06
399.2 -6.28236e-06 -9.98824e-06
399.6 -4.86344e-06 -9.99098e-06
400 -3.42312e-06 -9.98685e-06
