-0.498 7.66854e-06 1.88604e-06
-0.496 2.51489e-05 9.56547e-06
-0.494 3.85814e-05 2.60098e-05
-0.492 3.66891e-05 5.34293e-05
-0.49 2.09833e-05 9.22793e-05
-0.488 8.24615e-06 0.00014038
-0.486 2.30034e-05 0.000192554
-0.484 8.28882e-05 0.000241104
-0.482 0.000184107 0.000277192
-0.48 0.000295118 0.000292846
-0.478 0.000363012 0.000282992
-0.476 0.000330841 0.000246822
-0.474 0.000159001 0.000187927
-0.472 -0.000157146 0.000113063
-0.47 -0.00057856 2.99866e-05
-0.468 -0.00102459 -5.47501e-05
-0.466 -0.00138594 -0.000136996
-0.464 -0.00154761 -0.000214482
-0.462 -0.00141872 -0.000284605
-0.46 -0.000962128 -0.000341388
-0.458 -0.000214053 -0.000372976
-0.456 0.000714546 -0.00036103
-0.454 0.00165603 -0.000282801
-0.452 0.00241693 -0.000115765
-0.45 0.0028121 0.000156233
-0.448 0.00269689 0.000537196
-0.446 0.00199753 0.00101564
-0.444 0.000740938 0.0015653
-0.442 -0.000919792 0.00215034
-0.44 -0.00269654 0.00273388
-0.438 -0.00419231 0.00328734
-0.436 -0.00497553 0.00379725
-0.434 -0.00469482 0.0042668
-0.432 -0.00320174 0.00471093
-0.43 -0.000638538 0.00514636
-0.428 0.00254143 0.00557966
-0.426 0.0056315 0.00599736
-0.424 0.00780135 0.00636169
-0.422 0.00828033 0.0066141
-0.42 0.00656397 0.00668653
-0.418 0.00259711 0.00651796
-0.416 -0.00312384 0.00607182
-0.414 -0.00958228 0.00534911
-0.412 -0.0154317 0.00439277
-0.41 -0.0193188 0.00328128
-0.408 -0.0202561 0.00211263
-0.406 -0.0179252 0.000983581
-0.404 -0.0128069 -2.88835e-05
-0.402 -0.00608678 -0.000877554
-0.4 0.0006412 -0.00154275
-0.398 0.00579291 -0.00201852
-0.396 0.00822679 -0.00229255
-0.394 0.00757722 -0.00232755
-0.392 0.00439243 -0.00205262
-0.39 2.09578e-05 -0.00136963
-0.388 -0.00374655 -0.000175502
-0.386 -0.0051997 0.00160429
-0.384 -0.00324925 0.00398044
-0.382 0.00218715 0.00687389
-0.38 0.010098 0.0101089
-0.378 0.0186428 0.0134291
-0.376 0.0257011 0.0165343
-0.374 0.0295343 0.019127
-0.372 0.0293448 0.0209586
-0.37 0.0255519 0.0218632
-0.368 0.0196863 0.021772
-0.366 0.0139305 0.0207083
-0.364 0.0104386 0.0187633
-0.362 0.0106467 0.016064
-0.36 0.0147889 0.0127419
-0.358 0.0217712 0.00891517
-0.356 0.0294598 0.00469026
-0.354 0.0353154 0.000182678
-0.352 0.0372005 -0.00445331
-0.35 0.0340972 -0.00900036
-0.348 0.0264791 -0.0131739
-0.346 0.0161858 -0.0166463
-0.344 0.00583282 -0.0190965
-0.342 -0.00203614 -0.0202731
-0.34 -0.00576564 -0.0200539
-0.338 -0.00510095 -0.0184833
-0.336 -0.0012363 -0.0157764
-0.334 0.00360314 -0.012289
-0.332 0.00689782 -0.00845818
-0.33 0.00665564 -0.00472924
-0.328 0.00207909 -0.00148616
-0.326 -0.00611327 0.000998421
-0.324 -0.0158234 0.0025827
-0.322 -0.0241729 0.00324257
-0.32 -0.0284275 0.00303332
-0.318 -0.0269643 0.00204133
-0.316 -0.0199261 0.000345175
-0.314 -0.00927733 -0.00199752
-0.312 0.0018239 -0.00493028
-0.31 0.0101511 -0.00835162
-0.308 0.0136236 -0.0120614
-0.306 0.0121188 -0.0157238
-0.304 0.00753389 -0.0188685
-0.302 0.00306345 -0.0209366
-0.3 0.00198731 -0.0213661
-0.298 0.0064338 -0.0196961
-0.296 0.0165405 -0.0156629
-0.294 0.0302517 -0.00926341
-0.292 0.0437814 -0.000767884
-0.29 0.0526154 0.00932059
-0.288 0.0528186 0.0203506
-0.286 0.0423286 0.0316281
-0.284 0.0218531 0.0425178
-0.282 -0.0049922 0.0525138
-0.28 -0.0324948 0.0612675
-0.278 -0.0544568 0.0685668
-0.276 -0.0661049 0.074281
-0.274 -0.0656117 0.0782935
-0.272 -0.0546495 0.080451
-0.27 -0.0377713 0.080552
-0.268 -0.0208725 0.0783813
-0.266 -0.00930019 0.0737807
-0.264 -0.00622417 0.0667293
-0.262 -0.011709 0.0574053
-0.26 -0.0226961 0.0462053
-0.258 -0.0338961 0.0337102
-0.256 -0.0393967 0.0206034
-0.254 -0.0345775 0.00756099
-0.252 -0.0177542 -0.0048569
-0.25 0.00902565 -0.0162831
-0.248 0.0403794 -0.0265682
-0.246 0.0691254 -0.0357481
-0.244 0.0884679 -0.0439651
-0.242 0.0940684 -0.05137
-0.24 0.085257 -0.058035
-0.238 0.0649942 -0.0639074
-0.236 0.038705 -0.0688167
-0.234 0.0125009 -0.0725309
-0.232 -0.00859276 -0.0748394
-0.23 -0.0219102 -0.0756333
-0.228 -0.0276148 -0.0749557
-0.226 -0.028255 -0.0730066
-0.224 -0.0275392 -0.0701004
-0.222 -0.0287192 -0.0665928
-0.22 -0.0331451 -0.0628006
-0.218 -0.0395517 -0.0589426
-0.216 -0.0444339 -0.055121
-0.214 -0.0434861 -0.0513519
-0.212 -0.0336142 -0.0476346
-0.21 -0.0147071 -0.0440348
-0.208 0.00962795 -0.0407458
-0.206 0.0327744 -0.038099
-0.204 0.0470879 -0.0365136
-0.202 0.0464744 -0.0363979
-0.2 0.0286591 -0.0380323
-0.198 -0.00363906 -0.0414718
-0.196 -0.0430372 -0.0464999
-0.194 -0.0792791 -0.0526499
-0.192 -0.102061 -0.0592934
-0.19 -0.104171 -0.0657732
-0.188 -0.0840026 -0.0715452
-0.186 -0.0465631 -0.0762879
-0.184 -0.00242925 -0.0799461
-0.182 0.0352021 -0.0826943
-0.18 0.0545757 -0.0848308
-0.178 0.0492583 -0.086641
-0.176 0.0204846 -0.0882778
-0.174 -0.0229262 -0.0897036
-0.172 -0.06712 -0.0907162
-0.17 -0.0974017 -0.0910471
-0.168 -0.102752 -0.0905023
-0.166 -0.0793136 -0.0890971
-0.164 -0.0318268 -0.0871402
-0.162 0.0274261 -0.0852343
-0.16 0.081951 -0.0841834
-0.158 0.115756 -0.0848312
-0.156 0.118112 -0.0878723
-0.154 0.086912 -0.0936891
-0.152 0.0295588 -0.102259
-0.15 -0.0390077 -0.113153
-0.148 -0.100625 -0.125621
-0.146 -0.139342 -0.138738
-0.144 -0.146328 -0.151552
-0.142 -0.122659 -0.163213
-0.14 -0.078954 -0.173015
-0.138 -0.0319048 -0.180376
-0.136 0.00115918 -0.18474
-0.134 0.00781834 -0.185479
-0.132 -0.0156048 -0.181817
-0.13 -0.0630698 -0.172831
-0.128 -0.120829 -0.157537
-0.126 -0.171642 -0.135045
-0.124 -0.199893 -0.104737
-0.122 -0.19622 -0.0664438
-0.12 -0.160444 -0.0205598
-0.118 -0.101968 0.0319219
-0.116 -0.0373347 0.0894765
-0.114 0.0145044 0.150193
-0.112 0.0377977 0.211961
-0.11 0.0246022 0.272632
-0.108 -0.0232062 0.330116
-0.106 -0.0951314 0.382396
-0.104 -0.175843 0.427491
-0.102 -0.250029 0.463429
-0.1 -0.306591 0.488283
-0.098 -0.340904 0.500301
-0.096 -0.354718 0.498114
-0.094 -0.354034 0.480979
-0.092 -0.345876 0.449001
-0.09 -0.335018 0.40329
-0.088 -0.321742 0.345994
-0.086 -0.301444 0.280198
-0.084 -0.266427 0.209684
-0.082 -0.2094 0.138594
-0.08 -0.127485 0.071044
-0.078 -0.0251426 0.0107945
-0.076 0.0852917 -0.038994
-0.074 0.185995 -0.0758749
-0.072 0.258351 -0.0981174
-0.07 0.288437 -0.104639
-0.068 0.271452 -0.0949185
-0.066 0.213627 -0.0689424
-0.064 0.130965 -0.0272
-0.062 0.0451132 0.0292643
-0.06 -0.0225188 0.0987806
-0.058 -0.0567653 0.179019
-0.056 -0.0530782 0.267059
-0.054 -0.0188602 0.359598
-0.052 0.0288284 0.453306
-0.05 0.0686332 0.545254
-0.048 0.081679 0.633356
-0.046 0.0575239 0.7167
-0.044 -0.0026418 0.79572
-0.042 -0.0865132 0.872168
-0.04 -0.174651 0.948879
-0.038 -0.246637 1.0294
-0.036 -0.287485 1.11756
-0.034 -0.292301 1.21702
-0.032 -0.267631 1.33099
-0.03 -0.228853 1.46195
-0.028 -0.194187 1.61158
-0.026 -0.177129 1.78063
-0.024 -0.179908 1.96891
-0.022 -0.190352 2.17516
-0.02 -0.183437 2.39697
-0.018 -0.127259 2.63066
-0.016 0.0080235 2.87127
-0.014 0.24054 3.11264
-0.012 0.568965 3.34763
-0.01 0.969062 3.56846
-0.008 1.39592 3.76716
-0.006 1.79182 3.93606
-0.004 2.09806 4.06822
-0.002 2.26789 4.15795
0 2.27689 4.20113
0.002 2.12818 4.19558
0.004 1.8509 4.14131
0.006 1.4929 4.04059
0.008 1.10984 3.8979
0.01 0.753519 3.71962
0.012 0.461874 3.51347
0.014 0.252991 3.28792
0.016 0.124122 3.05144
0.018 0.0557495 2.81183
0.02 0.0193186 2.57572
0.022 -0.0135269 2.34829
0.024 -0.0627552 2.13324
0.026 -0.135049 1.93298
0.028 -0.223441 1.74891
0.03 -0.311203 1.58174
0.032 -0.378321 1.43158
0.034 -0.408266 1.29795
0.036 -0.393052 1.17964
0.038 -0.335399 1.07462
0.04 -0.247826 0.980049
0.042 -0.149231 0.892441
0.044 -0.0599826 0.808105
0.046 0.00321048 0.723675
0.048 0.0313509 0.636685
0.05 0.0249854 0.546027
0.052 -0.00668786 0.45218
0.054 -0.0490449 0.35713
0.056 -0.0864098 0.264013
0.058 -0.106113 0.17656
0.06 -0.101117 0.0984802
0.062 -0.0708098 0.0329355
0.064 -0.0202674 -0.0178042
0.066 0.0413637 -0.0524667
0.068 0.102836 -0.0706821
0.07 0.152867 -0.072764
0.072 0.182096 -0.059471
0.074 0.184579 -0.0318414
0.076 0.158387 0.00884766
0.078 0.105306 0.0609996
0.08 0.0300195 0.122548
0.082 -0.0606477 0.190824
0.084 -0.15824 0.262521
0.086 -0.25315 0.333809
0.088 -0.335393 0.400612
0.09 -0.39584 0.458982
0.092 -0.427698 0.50551
0.094 -0.427844 0.537675
0.096 -0.397532 0.554061
0.098 -0.342244 0.554399
0.1 -0.270782 0.53944
0.102 -0.19385 0.5107
0.104 -0.122374 0.470143
0.106 -0.0656848 0.419897
0.108 -0.0298405 0.362043
0.11 -0.0165268 0.298542
0.112 -0.0229822 0.231271
0.114 -0.0430007 0.162114
0.116 -0.0686143 0.0930367
0.118 -0.0919024 0.026095
0.12 -0.106517 -0.0366656
0.122 -0.108717 -0.0933838
0.124 -0.0978287 -0.142584
0.126 -0.0761724 -0.183342
0.128 -0.0484907 -0.215353
0.13 -0.0209477 -0.238893
0.132 0.000218314 -0.254659
0.134 0.010117 -0.263563
0.136 0.00627489 -0.266512
0.138 -0.0109728 -0.264267
0.14 -0.0387467 -0.257389
0.142 -0.0722615 -0.246299
0.144 -0.105593 -0.231405
0.146 -0.132519 -0.213241
0.148 -0.147508 -0.192573
0.15 -0.146869 -0.17041
0.152 -0.129869 -0.147928
0.154 -0.0994171 -0.126307
0.156 -0.0618424 -0.106528
0.158 -0.0256013 -0.0892098
0.16 0.000792527 -0.074534
0.162 0.0109347 -0.0622802
0.164 0.00213943 -0.0519678
0.166 -0.0238591 -0.0430454
0.168 -0.0611781 -0.0350697
0.17 -0.100969 -0.0278206
0.172 -0.133357 -0.0213278
0.174 -0.149807 -0.015809
0.176 -0.145358 -0.0115485
0.178 -0.120113 -0.00875626
0.18 -0.0794401 -0.00745578
0.182 -0.0326707 -0.00743961
0.184 0.00944063 -0.00831218
0.186 0.0377436 -0.00961205
0.188 0.0472067 -0.0109753
0.19 0.0381138 -0.012284
0.192 0.0156516 -0.013746
0.194 -0.0118666 -0.0158735
0.196 -0.0355414 -0.0193602
0.198 -0.0484463 -0.024889
0.2 -0.0475045 -0.0329248
0.202 -0.0342087 -0.043556
0.204 -0.0140358 -0.0564299
0.206 0.00527806 -0.0707983
0.208 0.0161649 -0.0856561
0.21 0.013696 -0.0999278
0.212 -0.00266833 -0.112649
0.214 -0.0286782 -0.12309
0.216 -0.0564789 -0.130799
0.218 -0.0770684 -0.135559
0.22 -0.0832185 -0.137297
0.222 -0.0718323 -0.135989
0.224 -0.0449136 -0.131594
0.226 -0.00887827 -0.124049
0.228 0.0274523 -0.113322
0.23 0.0554491 -0.0994925
0.232 0.0690839 -0.0828356
0.234 0.0665241 -0.063876
0.236 0.050526 -0.043381
0.238 0.0275089 -0.0222932
0.24 0.00551117 -0.00161105
0.242 -0.00841713 0.0177503
0.244 -0.0105739 0.0350832
0.246 -0.00189923 0.0499608
0.248 0.0122953 0.0622429
0.25 0.0241137 0.0720196
0.252 0.0257945 0.0795153
0.254 0.0124554 0.0849896
0.256 -0.016044 0.0886633
0.258 -0.0547387 0.0906876
0.26 -0.0948159 0.0911593
0.262 -0.126082 0.0901664
0.264 -0.139869 0.0878438
0.266 -0.131519 0.0844128
0.268 -0.10177 0.0801845
0.27 -0.0566413 0.0755216
0.272 -0.00582367 0.0707673
0.274 0.0399592 0.0661652
0.276 0.0718483 0.0617959
0.278 0.0851409 0.0575556
0.28 0.0803272 0.0531871
0.282 0.0625905 0.0483611
0.284 0.0399415 0.0427847
0.286 0.0205948 0.0363073
0.288 0.0104472 0.0289897
0.29 0.0114536 0.021114
0.292 0.0213243 0.0131312
0.294 0.0345216 0.00556101
0.296 0.0441826 -0.0011259
0.298 0.0443898 -0.00660672
0.3 0.0321296 -0.0107578
0.302 0.00835122 -0.0136466
0.304 -0.0222089 -0.0154726
0.306 -0.0523985 -0.0164806
0.308 -0.0747955 -0.0168781
0.31 -0.0839495 -0.0167809
0.312 -0.0779884 -0.0162028
0.314 -0.0590709 -0.0150889
0.316 -0.0325775 -0.0133753
0.318 -0.00538077 -0.0110543
0.32 0.0161864 -0.0082203
0.322 0.0280296 -0.00508031
0.324 0.0292142 -0.00192348
0.326 0.0219365 0.000940055
0.328 0.010626 0.00325246
0.33 0.000465792 0.00487033
0.332 -0.00424106 0.00579686
0.334 -0.00137943 0.00617482
0.336 0.00839026 0.00624291
0.338 0.0219488 0.00626928
0.34 0.0348288 0.00648215
0.342 0.0427347 0.00701668
0.344 0.0429481 0.00789126
0.346 0.0351533 0.00901697
0.348 0.0214468 0.0102346
0.35 0.00558977 0.0113659
0.352 -0.00819849 0.0122621
0.354 -0.0164904 0.0128357
0.356 -0.017564 0.0130667
0.358 -0.0117492 0.0129872
0.36 -0.0011702 0.0126509
0.362 0.010989 0.0121022
0.364 0.0214585 0.0113555
0.366 0.0278104 0.0103923
0.368 0.0290725 0.00917723
0.37 0.0258613 0.00768688
0.372 0.0200243 0.00593931
0.374 0.0139318 0.00401412
0.376 0.00964824 0.00205356
0.378 0.0082513 0.000243158
0.38 0.00951992 -0.00122287
0.382 0.0120927 -0.00218087
0.384 0.0140211 -0.00253025
0.386 0.0134987 -0.00225098
0.388 0.00950028 -0.0014027
0.39 0.00212356 -0.000107106
0.392 -0.00744864 0.00148092
0.394 -0.0173173 0.00320519
0.396 -0.0254228 0.00493424
0.398 -0.0301125 0.00657479
0.4 -0.0305682 0.0080704
0.402 -0.026992 0.00938819
0.404 -0.0205117 0.0105008
0.406 -0.0128353 0.0113719
0.408 -0.00575922 0.0119523
0.41 -0.000680293 0.0121877
0.412 0.00174074 0.012036
0.414 0.00167212 0.0114854
0.416 -4.74933e-05 0.0105685
0.418 -0.00224348 0.00936381
0.42 -0.00379439 0.00798659
0.422 -0.00395655 0.00656881
0.424 -0.00254157 0.00523492
0.426 8.67802e-05 0.00407953
0.428 0.00317998 0.00315313
0.43 0.00587284 0.00245932
0.432 0.00745887 0.00196337
0.434 0.00758382 0.00160862
0.436 0.00630799 0.00133541
0.438 0.00403941 0.00109691
0.44 0.00137993 0.000868083
0.442 -0.00105707 0.000646035
0.444 -0.00280244 0.000443338
0.446 -0.003624 0.000277575
0.448 -0.00354418 0.000161309
0.45 -0.0027909 9.57927e-05
0.452 -0.00170354 7.00291e-05
0.454 -0.000624386 6.48001e-05
0.456 0.00019221 5.96222e-05
0.458 0.000627293 3.9753e-05
0.46 0.000694416 6.48129e-07
0.462 0.000498829 -5.15237e-05
0.464 0.000181756 -0.000103129
0.466 -0.000129062 -0.000138594
0.468 -0.000349755 -0.000146099
0.47 -0.000448169 -0.000121519
0.472 -0.000433679 -6.94717e-05
0.474 -0.000338701 -1.47179e-06
0.476 -0.000201668 6.78627e-05
0.478 -5.65689e-05 0.000125078
0.48 7.12532e-05 0.000161229
0.482 0.000165728 0.0001734
0.484 0.00021936 0.00016426
0.486 0.000232167 0.000140152
0.488 0.000210436 0.00010863
0.49 0.000165214 7.63692e-05
0.492 0.000110262 4.79975e-05
0.494 5.92861e-05 2.59295e-05
0.496 2.26098e-05 1.08757e-05
0.498 4.13676e-06 2.52268e-06
0.4 0.0203074 0.468997
0.8 0.0204244 0.468929
1.2 0.0206197 0.468816
1.6 0.0208938 0.468663
2 0.0212475 0.468473
2.4 0.0216816 0.468251
2.8 0.022197 0.468003
3.2 0.0227948 0.467735
3.6 0.0234759 0.467455
4 0.0242415 0.467168
4.4 0.0250923 0.466882
4.8 0.0260291 0.466605
5.2 0.0270524 0.466341
5.6 0.0281625 0.466097
6 0.0293591 0.465877
6.4 0.0306418 0.465686
6.8 0.0320094 0.465525
7.2 0.0334605 0.465396
7.6 0.0349929 0.465299
8 0.0366039 0.46523
8.4 0.03829 0.465188
8.8 0.0400472 0.465165
9.2 0.0418708 0.465157
9.6 0.0437553 0.465154
10 0.0456946 0.465146
10.4 0.0476821 0.465122
10.8 0.0497103 0.465071
11.2 0.0517714 0.464978
11.6 0.053857 0.464831
12 0.0559583 0.464613
12.4 0.0580659 0.464311
12.8 0.0601706 0.463909
13.2 0.0622627 0.463393
13.6 0.0643325 0.462747
14 0.0663704 0.461959
14.4 0.068367 0.461016
14.8 0.0703131 0.459904
15.2 0.0722 0.458614
15.6 0.0740193 0.457137
16 0.0757636 0.455463
16.4 0.0774257 0.453588
16.8 0.0789998 0.451506
17.2 0.0804805 0.449214
17.6 0.0818636 0.446712
18 0.0831459 0.443999
18.4 0.0843253 0.441077
18.8 0.0854007 0.43795
19.2 0.0863721 0.434624
19.6 0.0872407 0.431104
20 0.0880086 0.427398
20.4 0.0886789 0.423515
20.8 0.0892559 0.419464
21.2 0.0897445 0.415256
21.6 0.0901504 0.410902
22 0.0904801 0.406413
22.4 0.0907404 0.401802
22.8 0.0909388 0.397081
23.2 0.0910828 0.392263
23.6 0.0911801 0.387359
24 0.0912385 0.382382
24.4 0.0912654 0.377346
24.8 0.091268 0.372261
25.2 0.0912531 0.36714
25.6 0.0912268 0.361996
26 0.0911946 0.356839
26.4 0.0911611 0.351681
26.8 0.0911302 0.346534
27.2 0.0911046 0.34141
27.6 0.0910863 0.336318
28 0.0910759 0.33127
28.4 0.0910734 0.326278
28.8 0.0910776 0.321352
29.2 0.0910863 0.316503
29.6 0.0910964 0.311742
30 0.0911042 0.30708
30.4 0.091105 0.302528
30.8 0.0910937 0.298096
31.2 0.0910647 0.293795
31.6 0.0910122 0.289636
32 0.09093 0.285628
32.4 0.0908121 0.281782
32.8 0.0906526 0.278106
33.2 0.0904459 0.27461
33.6 0.0901869 0.2713
34 0.0898711 0.268185
34.4 0.0894949 0.265269
34.8 0.0890553 0.262559
35.2 0.0885505 0.260058
35.6 0.0879797 0.257768
36 0.0873432 0.25569
36.4 0.0866422 0.253824
36.8 0.0858796 0.252167
37.2 0.0850589 0.250716
37.6 0.084185 0.249464
38 0.0832636 0.248406
38.4 0.0823017 0.247533
38.8 0.0813067 0.246833
39.2 0.0802869 0.246295
39.6 0.0792512 0.245907
40 0.0782088 0.245653
40.4 0.077169 0.245518
40.8 0.0761413 0.245485
41.2 0.0751349 0.245538
41.6 0.0741587 0.245658
42 0.0732212 0.245828
42.4 0.0723299 0.246029
42.8 0.0714919 0.246245
43.2 0.0707128 0.246456
43.6 0.0699975 0.246647
44 0.0693495 0.246802
44.4 0.0687711 0.246905
44.8 0.0682631 0.246944
45.2 0.0678253 0.246905
45.6 0.0674559 0.246779
46 0.0671517 0.246557
46.4 0.0669087 0.246231
46.8 0.0667214 0.245796
47.2 0.0665834 0.24525
47.6 0.0664875 0.244591
48 0.0664256 0.24382
48.4 0.0663892 0.242939
48.8 0.0663696 0.241952
49.2 0.0663575 0.240866
49.6 0.0663442 0.239689
50 0.0663208 0.238429
50.4 0.0662791 0.237096
50.8 0.0662115 0.235703
51.2 0.0661111 0.234261
51.6 0.0659721 0.232783
52 0.0657897 0.231282
52.4 0.0655603 0.229772
52.8 0.0652817 0.228267
53.2 0.064953 0.226779
53.6 0.0645746 0.225322
54 0.0641484 0.223909
54.4 0.0636775 0.222549
54.8 0.0631665 0.221256
55.2 0.0626209 0.220036
55.6 0.0620475 0.2189
56 0.061454 0.217853
56.4 0.0608488 0.216902
56.8 0.0602408 0.216049
57.2 0.0596395 0.215297
57.6 0.0590545 0.214647
58 0.0584953 0.214098
58.4 0.0579712 0.213646
58.8 0.0574913 0.213288
59.2 0.0570638 0.213018
59.6 0.0566963 0.212827
60 0.0563953 0.212707
60.4 0.0561664 0.212648
60.8 0.0560138 0.212638
61.2 0.0559405 0.212664
61.6 0.0559483 0.212712
62 0.0560374 0.212767
62.4 0.0562069 0.212814
62.8 0.0564542 0.212837
63.2 0.0567758 0.212818
63.6 0.057167 0.212741
64 0.0576218 0.212589
64.4 0.0581335 0.212345
64.8 0.0586948 0.211991
65.2 0.0592975 0.211511
65.6 0.0599334 0.210888
66 0.0605941 0.210108
66.4 0.061271 0.209156
66.8 0.061956 0.208018
67.2 0.0626415 0.206682
67.6 0.0633204 0.205136
68 0.0639864 0.203372
68.4 0.0646344 0.20138
68.8 0.0652602 0.199154
69.2 0.0658608 0.196691
69.6 0.0664346 0.193986
70 0.066981 0.191039
70.4 0.0675011 0.18785
70.8 0.0679971 0.184424
71.2 0.0684723 0.180765
71.6 0.0689312 0.17688
72 0.0693796 0.172778
72.4 0.0698237 0.16847
72.8 0.0702708 0.163968
73.2 0.0707284 0.159288
73.6 0.0712046 0.154445
74 0.0717072 0.149456
74.4 0.0722444 0.144341
74.8 0.0728235 0.13912
75.2 0.0734516 0.133813
75.6 0.074135 0.128441
76 0.0748789 0.123027
76.4 0.0756874 0.117594
76.8 0.0765634 0.112163
77.2 0.0775083 0.106757
77.6 0.078522 0.101398
78 0.0796031 0.0961057
78.4 0.0807484 0.0909017
78.8 0.0819531 0.0858049
79.2 0.0832111 0.0808332
79.6 0.0845147 0.0760031
80 0.0858551 0.0713296
80.4 0.0872221 0.066826
80.8 0.0886048 0.0625038
81.2 0.0899913 0.0583726
81.6 0.0913693 0.0544402
82 0.0927261 0.0507122
82.4 0.094049 0.0471927
82.8 0.0953255 0.0438835
83.2 0.0965435 0.0407847
83.6 0.0976916 0.0378949
84 0.0987593 0.0352107
84.4 0.0997372 0.0327274
84.8 0.100617 0.0304389
85.2 0.101393 0.0283379
85.6 0.10206 0.026416
86 0.102615 0.0246642
86.4 0.103056 0.0230724
86.8 0.103384 0.0216304
87.2 0.103601 0.0203276
87.6 0.103712 0.0191531
88 0.103722 0.0180963
88.4 0.103638 0.0171466
88.8 0.103471 0.0162938
89.2 0.10323 0.0155281
89.6 0.102925 0.0148405
90 0.102571 0.0142223
90.4 0.102178 0.0136659
90.8 0.101761 0.0131641
91.2 0.101332 0.0127109
91.6 0.100904 0.0123008
92 0.100491 0.0119293
92.4 0.100104 0.0115926
92.8 0.0997535 0.0112878
93.2 0.0994506 0.0110125
93.6 0.0992036 0.0107651
94 0.0990198 0.0105446
94.4 0.098905 0.0103505
94.8 0.0988633 0.0101828
95.2 0.0988969 0.0100416
95.6 0.0990067 0.00992768
96 0.0991916 0.00984184
96.4 0.0994487 0.00978512
96.8 0.0997738 0.00975862
97.2 0.100161 0.00976357
97.6 0.100603 0.00980118
98 0.101092 0.00987267
98.4 0.101617 0.00997924
98.8 0.102169 0.010122
99.2 0.102737 0.0103022
99.6 0.103309 0.0105208
100 0.103873 0.0107789
100.4 0.104418 0.0110775
100.8 0.104933 0.0114176
101.2 0.105406 0.0118003
101.6 0.105826 0.0122267
102 0.106183 0.0126979
102.4 0.106469 0.0132152
102.8 0.106674 0.0137798
103.2 0.106793 0.0143931
103.6 0.106818 0.0150566
104 0.106744 0.0157717
104.4 0.106568 0.0165401
104.8 0.106287 0.0173632
105.2 0.105899 0.0182425
105.6 0.105404 0.0191796
106 0.104803 0.0201758
106.4 0.104096 0.0212321
106.8 0.103287 0.0223494
107.2 0.102378 0.0235282
107.6 0.101373 0.0247687
108 0.100277 0.0260705
108.4 0.0990948 0.0274328
108.8 0.0978318 0.0288541
109.2 0.0964938 0.0303322
109.6 0.0950867 0.0318644
110 0.093617 0.033447
110.4 0.0920908 0.0350759
110.8 0.0905146 0.0367459
111.2 0.0888951 0.0384511
111.6 0.0872387 0.0401852
112 0.0855521 0.0419408
112.4 0.0838417 0.0437101
112.8 0.0821142 0.0454845
113.2 0.0803761 0.0472552
113.6 0.078634 0.0490129
114 0.0768945 0.050748
114.4 0.0751642 0.0524507
114.8 0.0734499 0.0541112
115.2 0.0717581 0.0557199
115.6 0.0700955 0.0572674
116 0.0684689 0.0587446
116.4 0.0668848 0.060143
116.8 0.0653498 0.0614547
117.2 0.0638703 0.0626724
117.6 0.0624526 0.06379
118 0.0611027 0.064802
118.4 0.0598261 0.0657042
118.8 0.0586281 0.0664934
119.2 0.0575134 0.0671675
119.6 0.056486 0.0677255
120 0.0555492 0.0681678
120.4 0.0547056 0.0684957
120.8 0.0539566 0.0687117
121.2 0.0533029 0.0688193
121.6 0.0527439 0.0688231
122 0.0522778 0.0687285
122.4 0.0519019 0.0685416
122.8 0.0516119 0.0682693
123.2 0.0514025 0.0679189
123.6 0.0512671 0.0674982
124 0.0511979 0.067015
124.4 0.0511859 0.0664775
124.8 0.0512211 0.0658937
125.2 0.0512927 0.0652714
125.6 0.0513889 0.0646181
126 0.0514974 0.0639408
126.4 0.0516053 0.0632461
126.8 0.0516997 0.0625399
127.2 0.0517673 0.0618272
127.6 0.0517951 0.0611123
128 0.0517707 0.0603988
128.4 0.051682 0.0596892
128.8 0.0515178 0.0589852
129.2 0.051268 0.0582877
129.6 0.0509239 0.0575968
130 0.0504779 0.0569116
130.4 0.0499244 0.0562307
130.8 0.0492592 0.0555518
131.2 0.0484803 0.0548724
131.6 0.0475874 0.0541892
132 0.0465823 0.0534987
132.4 0.0454689 0.0527973
132.8 0.044253 0.0520811
133.2 0.0429425 0.0513463
133.6 0.041547 0.0505892
134 0.0400781 0.0498064
134.4 0.0385486 0.0489948
134.8 0.0369732 0.0481518
135.2 0.0353674 0.0472752
135.6 0.0337479 0.0463637
136 0.0321319 0.0454163
136.4 0.0305373 0.044433
136.8 0.028982 0.0434144
137.2 0.0274838 0.0423619
137.6 0.0260601 0.0412775
138 0.0247278 0.0401642
138.4 0.0235025 0.0390255
138.8 0.0223991 0.0378654
139.2 0.0214306 0.0366888
139.6 0.0206088 0.0355008
140 0.0199435 0.034307
140.4 0.0194426 0.0331134
140.8 0.0191121 0.0319259
141.2 0.0189557 0.0307508
141.6 0.018975 0.0295943
142 0.0191696 0.0284622
142.4 0.0195367 0.0273605
142.8 0.0200717 0.0262946
143.2 0.0207681 0.0252694
143.6 0.0216172 0.0242895
144 0.022609 0.0233587
144.4 0.0237319 0.0224802
144.8 0.0249729 0.0216566
145.2 0.0263183 0.0208895
145.6 0.0277531 0.0201798
146 0.0292619 0.0195278
146.4 0.0308292 0.0189329
146.8 0.0324389 0.0183935
147.2 0.0340754 0.0179076
147.6 0.0357232 0.0174723
148 0.0373675 0.0170841
148.4 0.038994 0.0167391
148.8 0.0405896 0.0164327
149.2 0.0421421 0.0161599
149.6 0.0436403 0.0159156
150 0.0450745 0.0156944
150.4 0.0464362 0.0154905
150.8 0.0477184 0.0152986
151.2 0.0489153 0.0151131
151.6 0.0500227 0.0149287
152 0.0510376 0.0147403
152.4 0.0519583 0.0145433
152.8 0.0527846 0.0143333
153.2 0.053517 0.0141067
153.6 0.0541575 0.0138601
154 0.0547087 0.0135908
154.4 0.0551741 0.0132969
154.8 0.055558 0.0129768
155.2 0.0558651 0.0126299
155.6 0.0561006 0.012256
156 0.0562699 0.0118555
156.4 0.0563789 0.0114295
156.8 0.0564331 0.0109797
157.2 0.0564383 0.0105081
157.6 0.0564 0.0100173
158 0.0563238 0.0095104
158.4 0.0562146 0.00899055
158.8 0.0560774 0.00846134
159.2 0.0559167 0.00792647
159.6 0.0557365 0.00738977
160 0.0555405 0.00685509
160.4 0.0553323 0.00632624
160.8 0.0551147 0.00580692
161.2 0.0548905 0.00530065
161.6 0.054662 0.00481073
162 0.0544311 0.00434017
162.4 0.0541999 0.00389167
162.8 0.0539697 0.00346755
163.2 0.053742 0.00306976
163.6 0.053518 0.00269985
164 0.0532989 0.00235893
164.4 0.0530857 0.00204771
164.8 0.0528794 0.00176651
165.2 0.0526808 0.00151522
165.6 0.0524909 0.00129339
166 0.0523104 0.00110022
166.4 0.05214 0.000934583
166.8 0.0519805 0.0007951
167.2 0.0518326 0.000680153
167.6 0.0516966 0.000587933
168 0.051573 0.000516491
168.4 0.051462 0.000463776
168.8 0.0513637 0.000427682
169.2 0.0512778 0.00040609
169.6 0.0512041 0.000396903
170 0.0511417 0.000398088
170.4 0.0510898 0.000407706
170.8 0.051047 0.000423936
171.2 0.0510118 0.000445103
171.6 0.0509823 0.000469693
172 0.0509563 0.000496368
172.4 0.0509311 0.000523971
172.8 0.0509042 0.00055153
173.2 0.0508723 0.000578258
173.6 0.0508323 0.000603544
174 0.0507807 0.000626947
174.4 0.0507141 0.000648179
174.8 0.0506288 0.000667091
175.2 0.0505212 0.000683659
175.6 0.0503878 0.000697956
176 0.0502252 0.000710143
176.4 0.0500302 0.00072044
176.8 0.0497998 0.000729113
177.2 0.0495315 0.000736448
177.6 0.0492229 0.000742741
178 0.0488722 0.00074828
178.4 0.048478 0.000753328
178.8 0.0480392 0.000758116
179.2 0.0475557 0.000762835
179.6 0.0470273 0.000767624
180 0.0464547 0.000772575
180.4 0.0458391 0.000777724
180.8 0.045182 0.000783058
181.2 0.0444855 0.000788516
181.6 0.0437521 0.000793993
182 0.0429847 0.00079935
182.4 0.0421864 0.000804418
182.8 0.0413607 0.00080901
183.2 0.0405111 0.000812926
183.6 0.0396415 0.000815968
184 0.0387558 0.000817943
184.4 0.0378576 0.000818674
184.8 0.0369507 0.000818009
185.2 0.0360389 0.000815824
185.6 0.0351255 0.000812031
186 0.0342137 0.00080658
186.4 0.0333064 0.000799462
186.8 0.0324062 0.00079071
187.2 0.0315154 0.0007804
187.6 0.030636 0.000768643
188 0.0297693 0.000755591
188.4 0.0289167 0.000741423
188.8 0.028079 0.000726347
189.2 0.0272566 0.000710591
189.6 0.0264498 0.000694393
190 0.0256584 0.000678003
190.4 0.0248823 0.000661667
190.8 0.0241208 0.000645623
191.2 0.0233733 0.000630099
191.6 0.0226392 0.000615302
192 0.0219175 0.000601413
192.4 0.0212075 0.000588588
192.8 0.0205085 0.000576949
193.2 0.0198196 0.000566585
193.6 0.0191404 0.000557548
194 0.0184703 0.000549859
194.4 0.0178091 0.000543501
194.8 0.0171566 0.000538427
195.2 0.0165129 0.000534561
195.6 0.0158782 0.0005318
196 0.0152528 0.00053002
196.4 0.0146375 0.000529078
196.8 0.0140328 0.000528821
197.2 0.0134397 0.000529087
197.6 0.0128589 0.000529712
198 0.0122917 0.000530534
198.4 0.011739 0.000531397
198.8 0.0112018 0.000532157
199.2 0.0106811 0.000532683
199.6 0.010178 0.00053286
200 0.00969339 0.000532595
200.4 0.00922792 0.000531811
200.8 0.00878228 0.000530457
201.2 0.00835697 0.0005285
201.6 0.00795233 0.00052593
202 0.00756851 0.000522755
202.4 0.00720552 0.000519001
202.8 0.00686321 0.000514711
203.2 0.00654126 0.000509942
203.6 0.00623922 0.000504759
204 0.00595654 0.000499236
204.4 0.00569256 0.000493453
204.8 0.00544654 0.00048749
205.2 0.00521772 0.000481427
205.6 0.00500531 0.000475342
206 0.00480854 0.000469304
206.4 0.00462669 0.000463378
206.8 0.00445909 0.000457618
207.2 0.00430517 0.000452067
207.6 0.00416448 0.00044676
208 0.00403668 0.000441717
208.4 0.00392158 0.000436949
208.8 0.00381914 0.000432456
209.2 0.00372946 0.000428226
209.6 0.00365279 0.000424238
210 0.00358953 0.000420465
210.4 0.0035402 0.000416871
210.8 0.00350546 0.000413414
211.2 0.00348604 0.000410049
211.6 0.00348277 0.000406728
212 0.00349653 0.000403402
212.4 0.00352824 0.000400021
212.8 0.00357884 0.000396536
213.2 0.00364924 0.000392901
213.6 0.00374033 0.00038907
214 0.00385296 0.000385004
214.4 0.0039879 0.000380664
214.8 0.00414585 0.000376016
215.2 0.00432741 0.00037103
215.6 0.00453308 0.00036568
216 0.00476328 0.000359942
216.4 0.00501832 0.000353797
216.8 0.00529841 0.000347228
217.2 0.00560368 0.00034022
217.6 0.00593417 0.000332762
218 0.00628988 0.000324844
218.4 0.00667074 0.000316458
218.8 0.00707664 0.000307598
219.2 0.00750745 0.000298262
219.6 0.00796305 0.000288447
220 0.00844329 0.000278156
220.4 0.00894804 0.000267394
220.8 0.00947719 0.000256171
221.2 0.0100307 0.000244501
221.6 0.0106084 0.000232404
222 0.0112103 0.000219906
222.4 0.0118363 0.000207042
222.8 0.0124864 0.000193856
223.2 0.0131605 0.000180398
223.6 0.0138583 0.000166732
224 0.0145798 0.000152931
224.4 0.0153245 0.000139078
224.8 0.0160921 0.000125269
225.2 0.0168818 0.000111611
225.6 0.0176929 9.82229e-05
226 0.0185244 8.52322e-05
226.4 0.0193749 7.27776e-05
226.8 0.0202428 6.10061e-05
227.2 0.0211263 5.00719e-05
227.6 0.0220233 4.01348e-05
228 0.0229312 3.13581e-05
228.4 0.0238473 2.39068e-05
228.8 0.0247683 1.7945e-05
229.2 0.0256909 1.36333e-05
229.6 0.0266113 1.11267e-05
230 0.0275255 1.05713e-05
230.4 0.0284293 1.21024e-05
230.8 0.0293184 1.58411e-05
231.2 0.0301881 2.18924e-05
231.6 0.0310339 3.03426e-05
232 0.0318512 4.12572e-05
232.4 0.0326353 5.4679e-05
232.8 0.0333818 7.06264e-05
233.2 0.0340863 8.90923e-05
233.6 0.0347447 0.000110043
234 0.0353531 0.000133418
234.4 0.0359083 0.00015913
234.8 0.036407 0.000187064
235.2 0.0368467 0.000217081
235.6 0.0372253 0.000249014
236 0.0375411 0.000282676
236.4 0.0377932 0.000317857
236.8 0.0379812 0.000354329
237.2 0.038105 0.000391846
237.6 0.0381654 0.000430152
238 0.0381636 0.000468978
238.4 0.0381013 0.000508049
238.8 0.0379808 0.000547086
239.2 0.0378047 0.000585813
239.6 0.037576 0.000623954
240 0.0372982 0.000661244
240.4 0.0369749 0.000697424
240.8 0.03661 0.000732252
241.2 0.0362075 0.000765502
241.6 0.0357713 0.000796968
242 0.0353055 0.000826463
242.4 0.0348141 0.000853826
242.8 0.0343009 0.00087892
243.2 0.0337693 0.000901636
243.6 0.0332229 0.00092189
244 0.0326645 0.000939626
244.4 0.0320968 0.000954816
244.8 0.0315222 0.000967458
245.2 0.0309425 0.000977576
245.6 0.0303592 0.000985219
246 0.0297735 0.00099046
246.4 0.0291859 0.000993391
246.8 0.0285969 0.000994126
247.2 0.0280065 0.000992792
247.6 0.0274144 0.000989534
248 0.02682 0.000984508
248.4 0.0262227 0.00097788
248.8 0.0256217 0.000969822
249.2 0.025016 0.000960512
249.6 0.0244049 0.00095013
250 0.0237874 0.000938857
250.4 0.023163 0.000926872
250.8 0.0225312 0.000914351
251.2 0.0218918 0.000901465
251.6 0.0212451 0.000888381
252 0.0205916 0.000875256
252.4 0.0199324 0.000862241
252.8 0.0192687 0.000849479
253.2 0.0186027 0.000837104
253.6 0.0179367 0.000825239
254 0.0172737 0.000813999
254.4 0.0166171 0.00080349
254.8 0.0159708 0.000793805
255.2 0.0153392 0.000785031
255.6 0.0147269 0.000777242
256 0.0141392 0.000770503
256.4 0.0135812 0.00076487
256.8 0.0130586 0.000760383
257.2 0.012577 0.000757077
257.6 0.0121422 0.00075497
258 0.0117597 0.000754071
258.4 0.0114352 0.000754373
258.8 0.0111738 0.000755857
259.2 0.0109805 0.000758489
259.6 0.0108597 0.00076222
260 0.0108154 0.000766984
260.4 0.0108508 0.000772701
260.8 0.0109687 0.000779274
261.2 0.0111707 0.000786589
261.6 0.0114581 0.000794518
262 0.0118308 0.000802919
262.4 0.0122882 0.000811635
262.8 0.0128286 0.000820498
263.2 0.0134492 0.00082933
263.6 0.0141465 0.000837948
264 0.014916 0.000846164
264.4 0.0157522 0.00085379
264.8 0.0166489 0.000860641
265.2 0.017599 0.000866541
265.6 0.0185948 0.000871325
266 0.0196278 0.000874847
266.4 0.0206892 0.000876978
266.8 0.0217697 0.00087762
267.2 0.0228595 0.000876701
267.6 0.023949 0.000874183
268 0.0250282 0.000870067
268.4 0.0260872 0.000864392
268.8 0.0271166 0.000857241
269.2 0.0281069 0.000848737
269.6 0.0290493 0.000839048
270 0.0299354 0.000828385
270.4 0.0307577 0.000816997
270.8 0.0315091 0.000805172
271.2 0.0321837 0.000793231
271.6 0.0327763 0.000781521
272 0.0332827 0.000770413
272.4 0.0336996 0.000760292
272.8 0.0340251 0.000751546
273.2 0.034258 0.000744565
273.6 0.0343982 0.000739724
274 0.0344468 0.000737377
274.4 0.0344057 0.000737847
274.8 0.0342779 0.000741417
275.2 0.0340672 0.000748319
275.6 0.0337781 0.000758726
276 0.033416 0.000772746
276.4 0.0329866 0.000790412
276.8 0.0324964 0.00081168
277.2 0.0319521 0.000836421
277.6 0.0313607 0.000864422
278 0.0307294 0.000895384
278.4 0.0300654 0.000928923
278.8 0.0293756 0.000964572
279.2 0.0286671 0.00100179
279.6 0.0279463 0.00103996
280 0.0272194 0.00107841
280.4 0.026492 0.0011164
280.8 0.0257694 0.00115318
281.2 0.0250559 0.00118795
281.6 0.0243555 0.00121989
282 0.0236712 0.00124819
282.4 0.0230055 0.00127208
282.8 0.0223601 0.00129077
283.2 0.0217359 0.00130357
283.6 0.0211334 0.0013098
284 0.0205522 0.0013089
284.4 0.0199914 0.00130037
284.8 0.0194496 0.00128381
285.2 0.018925 0.00125894
285.6 0.0184152 0.00122558
286 0.0179179 0.00118367
286.4 0.0174302 0.0011333
286.8 0.0169494 0.00107466
287.2 0.0164725 0.00100806
287.6 0.0159967 0.000933954
288 0.0155193 0.000852884
288.4 0.015038 0.000765511
288.8 0.0145504 0.000672589
289.2 0.0140547 0.000574956
289.6 0.0135495 0.000473517
290 0.0130336 0.000369235
290.4 0.0125066 0.000263109
290.8 0.0119682 0.000156162
291.2 0.0114188 4.94239e-05
291.6 0.0108592 -5.60878e-05
292 0.0102906 -0.000159382
292.4 0.00971463 -0.000259511
292.8 0.00913333 -0.000355584
293.2 0.00854903 -0.000446782
293.6 0.00796434 -0.000532366
294 0.0073821 -0.000611693
294.4 0.00680529 -0.000684217
294.8 0.00623697 -0.000749502
295.2 0.00568023 -0.00080722
295.6 0.00513812 -0.000857157
296 0.00461359 -0.00089921
296.4 0.0041094 -0.000933385
296.8 0.00362813 -0.000959795
297.2 0.00317205 -0.00097865
297.6 0.00274316 -0.000990251
298 0.00234309 -0.000994982
298.4 0.00197313 -0.000993297
298.8 0.00163415 -0.000985712
299.2 0.00132667 -0.000972789
299.6 0.0010508 -0.000955127
300 0.000806249 -0.000933347
300.4 0.00059239 -0.000908085
300.8 0.000408238 -0.000879972
301.2 0.000252497 -0.00084963
301.6 0.000123593 -0.000817659
302 1.97172e-05 -0.000784629
302.4 -6.11377e-05 -0.000751069
302.8 -0.000121128 -0.000717465
303.2 -0.000162512 -0.00068425
303.6 -0.00018761 -0.000651805
304 -0.00019875 -0.000620452
304.4 -0.000198236 -0.000590457
304.8 -0.000188296 -0.000562027
305.2 -0.000171058 -0.000535312
305.6 -0.000148508 -0.000510411
306 -0.000122472 -0.00048737
306.4 -9.45875e-05 -0.000466193
306.8 -6.62931e-05 -0.00044684
307.2 -3.88149e-05 -0.000429239
307.6 -1.31634e-05 -0.000413287
308 9.86676e-06 -0.00039886
308.4 2.96906e-05 -0.000385816
308.8 4.59231e-05 -0.000374002
309.2 5.83654e-05 -0.00036326
309.6 6.69871e-05 -0.000353432
310 7.19063e-05 -0.000344362
310.4 7.33678e-05 -0.000335905
310.8 7.17195e-05 -0.000327927
311.2 6.73888e-05 -0.000320307
311.6 6.08584e-05 -0.000312942
312 5.26436e-05 -0.000305744
312.4 4.32708e-05 -0.000298645
312.8 3.32567e-05 -0.000291595
313.2 2.30914e-05 -0.000284559
313.6 1.32231e-05 -0.000277521
314 4.04532e-06 -0.000270477
314.4 -4.11201e-06 -0.000263438
314.8 -1.09893e-05 -0.000256423
315.2 -1.64005e-05 -0.000249462
315.6 -2.02342e-05 -0.000242588
316 -2.24513e-05 -0.00023584
316.4 -2.30807e-05 -0.000229256
316.8 -2.22134e-05 -0.000222876
317.2 -1.99939e-05 -0.000216736
317.6 -1.66116e-05 -0.000210867
318 -1.22899e-05 -0.000205295
318.4 -7.27609e-06 -0.00020004
318.8 -1.83054e-06 -0.000195116
319.2 3.78394e-06 -0.000190528
319.6 9.31177e-06 -0.000186273
320 1.45136e-05 -0.000182344
320.4 1.9174e-05 -0.000178724
320.8 2.3108e-05 -0.000175392
321.2 2.61659e-05 -0.000172323
321.6 2.82369e-05 -0.000169486
322 2.92505e-05 -0.000166848
322.4 2.91772e-05 -0.000164377
322.8 2.80271e-05 -0.000162037
323.2 2.58472e-05 -0.000159796
323.6 2.27182e-05 -0.000157622
324 1.87495e-05 -0.000155486
324.4 1.40737e-05 -0.000153364
324.8 8.84114e-06 -0.000151233
325.2 3.21318e-06 -0.000149079
325.6 -2.64368e-06 -0.000146888
326 -8.56399e-06 -0.000144655
326.4 -1.43891e-05 -0.000142376
326.8 -1.9972e-05 -0.000140054
327.2 -2.51823e-05 -0.000137696
327.6 -2.99092e-05 -0.000135309
328 -3.40645e-05 -0.000132908
328.4 -3.75842e-05 -0.000130505
328.8 -4.04296e-05 -0.000128117
329.2 -4.25863e-05 -0.00012576
329.6 -4.40641e-05 -0.000123449
330 -4.48945e-05 -0.0001212
330.4 -4.51282e-05 -0.000119026
330.8 -4.4832e-05 -0.000116939
331.2 -4.40856e-05 -0.000114949
331.6 -4.29771e-05 -0.000113061
332 -4.15997e-05 -0.00011128
332.4 -4.00474e-05 -0.000109606
332.8 -3.84115e-05 -0.000108035
333.2 -3.6777e-05 -0.000106563
333.6 -3.52197e-05 -0.000105182
334 -3.38037e-05 -0.000103881
334.4 -3.25797e-05 -0.000102647
334.8 -3.15833e-05 -0.000101468
335.2 -3.08348e-05 -0.000100326
335.6 -3.03389e-05 -9.92085e-05
336 -3.00856e-05 -9.80985e-05
336.4 -3.00511e-05 -9.69814e-05
336.8 -3.01998e-05 -9.58433e-05
337.2 -3.04864e-05 -9.46716e-05
337.6 -3.08581e-05 -9.34555e-05
338 -3.12573e-05 -9.2186e-05
338.4 -3.16247e-05 -9.08567e-05
338.8 -3.19017e-05 -8.94633e-05
339.2 -3.20332e-05 -8.8004e-05
339.6 -3.19701e-05 -8.64796e-05
340 -3.16714e-05 -8.4893e-05
340.4 -3.11061e-05 -8.32496e-05
340.8 -3.02546e-05 -8.15563e-05
341.2 -2.91095e-05 -7.98223e-05
341.6 -2.76763e-05 -7.80578e-05
342 -2.59731e-05 -7.62742e-05
342.4 -2.40305e-05 -7.44837e-05
342.8 -2.189e-05 -7.26988e-05
343.2 -1.96036e-05 -7.09323e-05
343.6 -1.72311e-05 -6.91964e-05
344 -1.4839e-05 -6.75028e-05
344.4 -1.24979e-05 -6.58626e-05
344.8 -1.02801e-05 -6.42855e-05
345.2 -8.25771e-06 -6.27799e-05
345.6 -6.50007e-06 -6.13532e-05
346 -5.07165e-06 -6.00107e-05
346.4 -4.03009e-06 -5.87565e-05
346.8 -3.42447e-06 -5.7593e-05
347.2 -3.29384e-06 -5.65209e-05
347.6 -3.6662e-06 -5.55395e-05
348 -4.55768e-06 -5.46468e-05
348.4 -5.97221e-06 -5.38392e-05
348.8 -7.90153e-06 -5.31122e-05
349.2 -1.03256e-05 -5.24601e-05
349.6 -1.32131e-05 -5.18767e-05
350 -1.65229e-05 -5.13549e-05
350.4 -2.02046e-05 -5.08871e-05
350.8 -2.42007e-05 -5.04654e-05
351.2 -2.84478e-05 -5.00817e-05
351.6 -3.28784e-05 -4.97281e-05
352 -3.74226e-05 -4.93965e-05
352.4 -4.20098e-05 -4.90791e-05
352.8 -4.65706e-05 -4.87684e-05
353.2 -5.10376e-05 -4.84571e-05
353.6 -5.53478e-05 -4.81387e-05
354 -5.94428e-05 -4.78066e-05
354.4 -6.32703e-05 -4.74552e-05
354.8 -6.67843e-05 -4.70791e-05
355.2 -6.99462e-05 -4.66735e-05
355.6 -7.27245e-05 -4.6234e-05
356 -7.5095e-05 -4.57568e-05
356.4 -7.70407e-05 -4.52387e-05
356.8 -7.85511e-05 -4.46767e-05
357.2 -7.96219e-05 -4.40686e-05
357.6 -8.02546e-05 -4.34124e-05
358 -8.04551e-05 -4.27067e-05
358.4 -8.02336e-05 -4.19507e-05
358.8 -7.96037e-05 -4.11438e-05
359.2 -7.85814e-05 -4.02861e-05
359.6 -7.71845e-05 -3.93781e-05
360 -7.54323e-05 -3.84208e-05
360.4 -7.33448e-05 -3.74156e-05
360.8 -7.09426e-05 -3.63646e-05
361.2 -6.82462e-05 -3.52702e-05
361.6 -6.52762e-05 -3.41354e-05
362 -6.20533e-05 -3.29635e-05
362.4 -5.85982e-05 -3.17586e-05
362.8 -5.49316e-05 -3.05247e-05
363.2 -5.1075e-05 -2.92666e-05
363.6 -4.70502e-05 -2.79893e-05
364 -4.288e-05 -2.66981e-05
364.4 -3.85886e-05 -2.53984e-05
364.8 -3.42011e-05 -2.40959e-05
365.2 -2.97446e-05 -2.27964e-05
365.6 -2.52476e-05 -2.15054e-05
366 -2.07402e-05 -2.02288e-05
366.4 -1.6254e-05 -1.89721e-05
366.8 -1.18218e-05 -1.77404e-05
367.2 -7.47747e-06 -1.65388e-05
367.6 -3.25507e-06 -1.5372e-05
368 8.11229e-07 -1.42441e-05
368.4 4.68803e-06 -1.31589e-05
368.8 8.34331e-06 -1.21196e-05
369.2 1.17471e-05 -1.11289e-05
369.6 1.48724e-05 -1.01889e-05
370 1.76955e-05 -9.30109e-06
370.4 2.01972e-05 -8.46654e-06
370.8 2.23627e-05 -7.68563e-06
371.2 2.41828e-05 -6.95828e-06
371.6 2.56538e-05 -6.28389e-06
372 2.67779e-05 -5.66143e-06
372.4 2.75634e-05 -5.08944e-06
372.8 2.80241e-05 -4.56615e-06
373.2 2.81798e-05 -4.08946e-06
373.6 2.80554e-05 -3.65706e-06
374 2.76803e-05 -3.26646e-06
374.4 2.7088e-05 -2.91505e-06
374.8 2.6315e-05 -2.60016e-06
375.2 2.53998e-05 -2.3191e-06
375.6 2.43824e-05 -2.0692e-06
376 2.33025e-05 -1.84786e-06
376.4 2.2199e-05 -1.65258e-06
376.8 2.11087e-05 -1.48096e-06
377.2 2.00654e-05 -1.33075e-06
377.6 1.9099e-05 -1.19982e-06
378 1.82347e-05 -1.08622e-06
378.4 1.74921e-05 -9.88107e-07
378.8 1.68852e-05 -9.03781e-07
379.2 1.64216e-05 -8.31668e-07
379.6 1.61027e-05 -7.70301e-07
380 1.59235e-05 -7.18301e-07
380.4 1.58729e-05 -6.74368e-07
380.8 1.59344e-05 -6.37263e-07
381.2 1.6086e-05 -6.05792e-07
381.6 1.63018e-05 -5.78798e-07
382 1.6552e-05 -5.55151e-07
382.4 1.68045e-05 -5.33749e-07
382.8 1.70256e-05 -5.1351e-07
383.2 1.71809e-05 -4.93385e-07
383.6 1.72368e-05 -4.72359e-07
384 1.71612e-05 -4.49471e-07
384.4 1.69244e-05 -4.23823e-07
384.8 1.65005e-05 -3.946e-07
385.2 1.58675e-05 -3.61093e-07
385.6 1.50085e-05 -3.22716e-07
386 1.3912e-05 -2.79029e-07
386.4 1.2572e-05 -2.29756e-07
386.8 1.09888e-05 -1.74801e-07
387.2 9.1685e-06 -1.14267e-07
387.6 7.12304e-06 -4.84599e-08
388 4.86993e-06 2.21041e-08
388.4 2.43175e-06 9.66982e-08
388.8 -1.64319e-07 1.74393e-07
389.2 -2.88725e-06 2.54069e-07
389.6 -5.70287e-06 3.34433e-07
390 -8.57467e-06 4.1405e-07
390.4 -1.14647e-05 4.91363e-07
390.8 -1.43343e-05 5.6474e-07
391.2 -1.71451e-05 6.32505e-07
391.6 -1.98598e-05 6.92984e-07
392 -2.24427e-05 7.44552e-07
392.4 -2.48609e-05 7.85675e-07
392.8 -2.70843e-05 8.14959e-07
393.2 -2.90865e-05 8.31189e-07
393.6 -3.0845e-05 8.33374e-07
394 -3.23417e-05 8.2078e-07
394.4 -3.35628e-05 7.92961e-07
394.8 -3.44992e-05 7.49782e-07
395.2 -3.51464e-05 6.91436e-07
395.6 -3.55042e-05 6.18452e-07
396 -3.55766e-05 5.31692e-07
396.4 -3.53718e-05 4.32343e-07
396.8 -3.49015e-05 3.21896e-07
397.2 -3.41809e-05 2.02121e-07
397.6 -3.32282e-05 7.50273e-08
398 -3.2064e-05 -5.71755e-08
398.4 -3.07112e-05 -1.92132e-07
398.8 -2.91944e-05 -3.27392e-07
399.2 -2.75398e-05 -4.60474e-07
399.6 -2.57743e-05 -5.88922e-07
400 -2.39256e-05 -7.10372e-07
