-0.498 -1.56492e-06 -8.0631e-06
-0.496 -1.03758e-05 -3.22438e-05
-0.494 -2.98845e-05 -7.10268e-05
-0.492 -5.974e-05 -0.00012141
-0.49 -9.63043e-05 -0.000179684
-0.488 -0.000134189 -0.000242155
-0.486 -0.000169022 -0.00030565
-0.484 -0.000200989 -0.00036777
-0.482 -0.000237707 -0.000426998
-0.48 -0.000294624 -0.000482788
-0.478 -0.000391726 -0.000535719
-0.476 -0.000546364 -0.000587641
-0.474 -0.000762907 -0.000641551
-0.472 -0.00102111 -0.000700946
-0.47 -0.00126693 -0.000768491
-0.468 -0.00141109 -0.000844178
-0.466 -0.00134048 -0.000923443
-0.464 -0.000944071 -0.000995825
-0.462 -0.000149394 -0.0010447
-0.46 0.00103996 -0.00104831
-0.458 0.00251872 -0.000981954
-0.456 0.00407819 -0.000821081
-0.454 0.00543569 -0.000544711
-0.452 0.00629402 -0.000138601
-0.45 0.00641912 0.000402325
-0.448 0.00571451 0.0010726
-0.446 0.00426772 0.00185588
-0.444 0.00234999 0.00272534
-0.442 0.000363707 0.00364448
-0.44 -0.00125309 0.00456797
-0.438 -0.00214382 0.00544269
-0.436 -0.00214162 0.00620953
-0.434 -0.00133495 0.00680656
-0.432 -6.25134e-05 0.0071743
-0.43 0.00117186 0.0072628
-0.428 0.00184655 0.00703957
-0.426 0.00158719 0.00649686
-0.424 0.000294084 0.00565601
-0.422 -0.00181225 0.0045673
-0.42 -0.00424392 0.00330471
-0.418 -0.00638241 0.0019564
-0.416 -0.00766107 0.000613348
-0.414 -0.0077423 -0.000641358
-0.412 -0.00663658 -0.00174029
-0.41 -0.00472115 -0.00263543
-0.408 -0.00264259 -0.00329806
-0.406 -0.0011241 -0.00371634
-0.404 -0.000733476 -0.00389247
-0.402 -0.00168411 -0.00384145
-0.4 -0.00373355 -0.0035927
-0.398 -0.00621766 -0.00319398
-0.396 -0.00821953 -0.00271566
-0.394 -0.00882988 -0.00225178
-0.392 -0.00741927 -0.00191424
-0.39 -0.00383159 -0.00181843
-0.388 0.00156417 -0.00206158
-0.386 0.00797158 -0.00269911
-0.384 0.014368 -0.00372595
-0.382 0.0197426 -0.00506934
-0.38 0.0233127 -0.00659641
-0.378 0.0246823 -0.00813525
-0.376 0.0239121 -0.00950439
-0.374 0.0214803 -0.0105434
-0.372 0.018135 -0.0111375
-0.37 0.0146807 -0.0112302
-0.368 0.0117773 -0.0108236
-0.366 0.00982273 -0.00996613
-0.364 0.00893749 -0.00873356
-0.362 0.00900743 -0.00720922
-0.36 0.00972794 -0.00547
-0.358 0.0106322 -0.00358258
-0.356 0.0111373 -0.00161016
-0.354 0.0106474 0.000374361
-0.352 0.00871334 0.0022763
-0.35 0.00520292 0.00397603
-0.348 0.000426402 0.00533993
-0.346 -0.00482206 0.00624511
-0.344 -0.00933032 0.00661199
-0.342 -0.0116584 0.00643431
-0.34 -0.0104583 0.00579555
-0.338 -0.00488974 0.00486372
-0.336 0.00496434 0.00386278
-0.334 0.0178373 0.00302685
-0.332 0.0313218 0.00254888
-0.33 0.0422867 0.00253698
-0.328 0.0476119 0.00298939
-0.326 0.0450655 0.00379351
-0.324 0.0340689 0.00474896
-0.322 0.0160875 0.00560859
-0.32 -0.00553458 0.00612784
-0.318 -0.0263152 0.0061098
-0.316 -0.0417818 0.00543471
-0.314 -0.0487255 0.00406685
-0.312 -0.0462087 0.00204059
-0.31 -0.0360088 -0.000565691
-0.308 -0.0222954 -0.0036546
-0.306 -0.0105348 -0.00712264
-0.304 -0.00586142 -0.0108559
-0.302 -0.0113751 -0.0147114
-0.3 -0.0269323 -0.0184949
-0.298 -0.0489093 -0.0219506
-0.296 -0.071108 -0.0247751
-0.294 -0.0865648 -0.0266598
-0.292 -0.0897013 -0.0273491
-0.29 -0.0781605 -0.0266987
-0.288 -0.0537796 -0.0247104
-0.286 -0.0223835 -0.0215358
-0.284 0.00763367 -0.0174459
-0.282 0.0276496 -0.0127785
-0.28 0.0314698 -0.0078765
-0.278 0.0174855 -0.00303361
-0.276 -0.0104395 0.00154097
-0.274 -0.0437807 0.00573293
-0.272 -0.071723 0.00950876
-0.27 -0.0843906 0.0128852
-0.268 -0.0759366 0.0158944
-0.266 -0.0465435 0.018557
-0.264 -0.00272386 0.0208717
-0.262 0.0442168 0.02282
-0.26 0.0811986 0.0243798
-0.258 0.0970724 0.0255352
-0.256 0.0859432 0.0262707
-0.254 0.0490711 0.0265452
-0.252 -0.00529766 0.0262517
-0.25 -0.0641612 0.0251776
-0.248 -0.113383 0.022987
-0.246 -0.141622 0.0192419
-0.244 -0.143434 0.0134703
-0.242 -0.120675 0.00526982
-0.24 -0.081816 -0.00557599
-0.238 -0.039349 -0.0189997
-0.236 -0.00602099 -0.0346002
-0.234 0.00900769 -0.0516581
-0.232 0.0029062 -0.0692126
-0.23 -0.02005 -0.0861822
-0.228 -0.0499241 -0.101498
-0.226 -0.0743108 -0.114216
-0.224 -0.0822318 -0.123585
-0.222 -0.0674915 -0.129062
-0.22 -0.0304951 -0.130294
-0.218 0.0219326 -0.127083
-0.216 0.0785683 -0.119365
-0.214 0.126995 -0.107234
-0.212 0.157041 -0.0909997
-0.21 0.163482 -0.0712614
-0.208 0.147245 -0.0489733
-0.206 0.114814 -0.0254481
-0.204 0.0760731 -0.00227782
-0.202 0.0412915 0.0188387
-0.2 0.0182089 0.0363371
-0.198 0.0101105 0.0490489
-0.196 0.0154204 0.0564215
-0.194 0.0288024 0.0586403
-0.192 0.0432488 0.0566194
-0.19 0.0523632 0.051859
-0.188 0.0520877 0.0461982
-0.186 0.0414281 0.0415221
-0.184 0.0221361 0.0394876
-0.182 -0.00235791 0.0413276
-0.18 -0.0283125 0.0477635
-0.178 -0.0528934 0.0590254
-0.176 -0.0748861 0.0749451
-0.174 -0.0946889 0.0950713
-0.172 -0.113598 0.118758
-0.17 -0.132678 0.145194
-0.168 -0.151726 0.17337
-0.166 -0.168826 0.202025
-0.164 -0.18074 0.229598
-0.162 -0.183945 0.25426
-0.16 -0.175897 0.27405
-0.158 -0.155974 0.287093
-0.156 -0.125812 0.29189
-0.154 -0.0889909 0.287582
-0.152 -0.050241 0.274135
-0.15 -0.0144226 0.252386
-0.148 0.0144733 0.223939
-0.146 0.0340349 0.190928
-0.144 0.0436391 0.155722
-0.142 0.0441162 0.120626
-0.14 0.037076 0.08766
-0.138 0.0242723 0.0584375
-0.136 0.00733158 0.0341585
-0.134 -0.0120971 0.0156774
-0.132 -0.0320179 0.00360426
-0.13 -0.0499448 -0.00160961
-0.128 -0.0631574 0.00036809
-0.126 -0.0693175 0.00973593
-0.124 -0.0672407 0.0265089
-0.122 -0.0575696 0.0504692
-0.12 -0.0431085 0.0811544
-0.118 -0.0285984 0.117902
-0.116 -0.0198002 0.159939
-0.114 -0.0219652 0.206487
-0.112 -0.038063 0.256824
-0.11 -0.067368 0.310281
-0.108 -0.105007 0.366142
-0.106 -0.1428 0.423468
-0.104 -0.171245 0.4809
-0.102 -0.182106 0.53648
-0.1 -0.170844 0.587586
-0.098 -0.138175 0.631017
-0.096 -0.0902268 0.663229
-0.094 -0.0371233 0.680707
-0.092 0.0097507 0.680366
-0.09 0.0410374 0.659912
-0.088 0.052249 0.618089
-0.086 0.0452323 0.554779
-0.084 0.0277164 0.471001
-0.082 0.0109884 0.368841
-0.08 0.00634637 0.251359
-0.078 0.0214149 0.122516
-0.076 0.0574945 -0.0128885
-0.074 0.108799 -0.149284
-0.072 0.163823 -0.280459
-0.07 0.208402 -0.399785
-0.068 0.229478 -0.500589
-0.066 0.218426 -0.576668
-0.064 0.17301 -0.622906
-0.062 0.0975083 -0.635881
-0.06 0.00108846 -0.614338
-0.058 -0.105062 -0.559389
-0.056 -0.210965 -0.474344
-0.054 -0.310352 -0.364176
-0.052 -0.401499 -0.234697
-0.05 -0.486113 -0.0916029
-0.048 -0.566818 0.0603924
-0.046 -0.644436 0.218163
-0.044 -0.716281 0.380407
-0.042 -0.776159 0.547513
-0.04 -0.816032 0.721185
-0.038 -0.828684 0.90397
-0.036 -0.810469 1.09887
-0.034 -0.76322 1.30909
-0.032 -0.694475 1.53796
-0.03 -0.615499 1.78888
-0.028 -0.537237 2.06523
-0.026 -0.46529 2.37004
-0.024 -0.395784 2.70549
-0.022 -0.314034 3.07207
-0.02 -0.196971 3.4678
-0.018 -0.0189252 3.88745
-0.016 0.240846 4.32227
-0.014 0.590876 4.76019
-0.012 1.02228 5.1866
-0.01 1.50693 5.58552
-0.008 1.99985 5.94101
-0.006 2.44601 6.23846
-0.004 2.79049 6.46562
-0.002 2.98977 6.6132
0 3.02085 6.67522
0.002 2.88543 6.64905
0.004 2.60823 6.53541
0.006 2.23011 6.33847
0.008 1.79893 6.06587
0.01 1.36021 5.7285
0.012 0.949754 5.34005
0.014 0.589317 4.91601
0.016 0.285832 4.47247
0.018 0.034358 4.02468
0.02 -0.176335 3.58585
0.022 -0.357502 3.16625
0.024 -0.515811 2.77285
0.026 -0.651895 2.40948
0.028 -0.762013 2.07736
0.03 -0.84138 1.77575
0.032 -0.887293 1.5027
0.034 -0.90089 1.25555
0.036 -0.887289 1.03126
0.038 -0.854468 0.826539
0.04 -0.811229 0.637928
0.042 -0.76461 0.461966
0.044 -0.717459 0.295493
0.046 -0.667277 0.136139
0.048 -0.607279 -0.0171489
0.05 -0.529653 -0.163667
0.052 -0.42976 -0.300795
0.054 -0.309409 -0.424206
0.056 -0.17777 -0.528455
0.058 -0.0496608 -0.607852
0.06 0.0580205 -0.657427
0.062 0.130556 -0.673781
0.064 0.159297 -0.655669
0.066 0.144302 -0.604201
0.068 0.0949738 -0.522678
0.07 0.0281634 -0.416143
0.072 -0.0360459 -0.290788
0.074 -0.079793 -0.153356
0.076 -0.0923749 -0.01062
0.078 -0.073011 0.130996
0.08 -0.0305826 0.265685
0.082 0.0194274 0.388422
0.084 0.0597467 0.495085
0.086 0.0764762 0.582552
0.088 0.0632315 0.648807
0.09 0.023161 0.69304
0.092 -0.0317774 0.715697
0.094 -0.084184 0.718445
0.096 -0.116317 0.703993
0.098 -0.115431 0.675775
0.1 -0.0777577 0.637521
0.102 -0.00997346 0.592818
0.104 0.0722591 0.544727
0.106 0.148274 0.495552
0.108 0.197841 0.446771
0.11 0.206619 0.399137
0.112 0.170153 0.352888
0.114 0.0953166 0.308008
0.116 -0.0012283 0.264469
0.118 -0.0971513 0.222392
0.12 -0.17008 0.182118
0.122 -0.203266 0.144178
0.124 -0.189823 0.109214
0.126 -0.13441 0.0778996
0.128 -0.0519014 0.0509002
0.13 0.0365984 0.0288725
0.132 0.109265 0.0124912
0.134 0.149056 0.00245771
0.136 0.147754 -0.000541745
0.138 0.107567 0.00405197
0.14 0.0400593 0.016498
0.142 -0.0372003 0.0365581
0.144 -0.10535 0.0633331
0.146 -0.149146 0.095194
0.148 -0.160824 0.129853
0.15 -0.141876 0.164583
0.152 -0.102265 0.196546
0.154 -0.057309 0.223167
0.156 -0.0232143 0.242466
0.158 -0.0125492 0.253277
0.16 -0.0308971 0.255316
0.162 -0.07546 0.249095
0.164 -0.135842 0.235726
0.166 -0.196751 0.216672
0.168 -0.241942 0.193518
0.17 -0.258422 0.167799
0.172 -0.239789 0.14092
0.174 -0.187771 0.114148
0.176 -0.111569 0.0886312
0.178 -0.0252757 0.0654108
0.18 0.0557737 0.0453899
0.182 0.118678 0.0292447
0.184 0.155752 0.0173034
0.186 0.165851 0.00943338
0.188 0.154061 0.00498513
0.19 0.12987 0.00283391
0.192 0.104293 0.00152997
0.194 0.0867252 -0.000462684
0.196 0.0824718 -0.0044901
0.198 0.0916955 -0.0114602
0.2 0.109997 -0.0216829
0.202 0.130227 -0.034835
0.204 0.144779 -0.0500523
0.206 0.147669 -0.0661208
0.208 0.135965 -0.0817124
0.21 0.110381 -0.0956082
0.212 0.0749523 -0.106859
0.214 0.0358301 -0.114864
0.216 -0.000514817 -0.11936
0.218 -0.0291136 -0.120365
0.22 -0.0476806 -0.118095
0.222 -0.0567634 -0.11289
0.224 -0.0589624 -0.105174
0.226 -0.057709 -0.0954457
0.228 -0.0561377 -0.0842875
0.23 -0.0563359 -0.0723759
0.232 -0.0589967 -0.0604613
0.234 -0.0634218 -0.0493118
0.236 -0.0678836 -0.0396193
0.238 -0.0703359 -0.0318896
0.24 -0.0692804 -0.0263476
0.242 -0.0644125 -0.0228894
0.244 -0.0567069 -0.0211006
0.246 -0.047915 -0.0203399
0.248 -0.0397881 -0.0198684
0.25 -0.03345 -0.0189923
0.252 -0.0291541 -0.0171882
0.254 -0.026374 -0.0141848
0.256 -0.0240579 -0.00998872
0.258 -0.0209535 -0.00485592
0.26 -0.0160122 0.000776826
0.262 -0.00884907 0.00637764
0.264 -8.66605e-05 0.0113997
0.266 0.00864676 0.0153417
0.268 0.0151542 0.0177861
0.27 0.0173757 0.0184233
0.272 0.0140386 0.017069
0.274 0.00499733 0.0136824
0.276 -0.00877827 0.00838274
0.278 -0.0254443 0.00146108
0.28 -0.0426225 -0.00662207
0.282 -0.0577934 -0.0152592
0.284 -0.0687457 -0.023743
0.286 -0.0740346 -0.0313348
0.288 -0.0733247 -0.0373457
0.29 -0.0674769 -0.0412173
0.292 -0.0583285 -0.0425867
0.294 -0.048233 -0.041325
0.296 -0.0395042 -0.0375435
0.298 -0.0339024 -0.0315656
0.3 -0.0322592 -0.0238761
0.302 -0.0342947 -0.0150585
0.304 -0.0386584 -0.00573518
0.306 -0.0432027 0.00348268
0.308 -0.0454564 0.0120333
0.31 -0.0432139 0.0194314
0.312 -0.0351071 0.0252878
0.314 -0.0210155 0.0293235
0.316 -0.00220565 0.0313837
0.318 0.0188411 0.0314505
0.32 0.0388899 0.0296543
0.322 0.0546214 0.026273
0.324 0.0633776 0.021715
0.326 0.0638073 0.0164794
0.328 0.0562279 0.011098
0.33 0.0425704 0.00606721
0.332 0.0258955 0.00178528
0.334 0.00960784 -0.00149293
0.336 -0.00339941 -0.00367389
0.338 -0.0114239 -0.00481392
0.34 -0.0142784 -0.00508294
0.342 -0.0131994 -0.00471414
0.344 -0.0103861 -0.00395256
0.346 -0.00829964 -0.00301492
0.348 -0.00889688 -0.0020679
0.35 -0.0130078 -0.00122503
0.352 -0.0200476 -0.000556656
0.354 -0.0281777 -0.000104722
0.356 -0.0348793 0.000104976
0.358 -0.0377552 5.76016e-05
0.36 -0.0352902 -0.000247875
0.362 -0.0273315 -0.000790209
0.364 -0.0151613 -0.0015168
0.366 -0.00116675 -0.00233974
0.368 0.0117823 -0.00314128
0.37 0.0210772 -0.00378936
0.372 0.0250396 -0.00416048
0.374 0.0233313 -0.0041642
0.376 0.0169818 -0.00376264
0.378 0.00802876 -0.00297963
0.38 -0.00110473 -0.00189631
0.382 -0.00828453 -0.000634336
0.384 -0.0121864 0.0006689
0.386 -0.0125329 0.00188619
0.388 -0.0100189 0.00292113
0.39 -0.00598268 0.00371874
0.392 -0.00193248 0.00426493
0.394 0.000931649 0.00457704
0.396 0.00206277 0.00469019
0.398 0.00167167 0.0046445
0.4 0.000562892 0.00447685
0.402 -0.000226772 0.00421797
0.404 0.000158079 0.00389394
0.406 0.00208001 0.0035296
0.408 0.00529677 0.00315145
0.41 0.00905994 0.00278788
0.412 0.0123658 0.00246649
0.414 0.0142672 0.0022094
0.416 0.014156 0.00202896
0.418 0.0119377 0.00192535
0.42 0.00805109 0.00188716
0.422 0.00332891 0.00189449
0.424 -0.00125302 0.00192379
0.426 -0.00485045 0.00195295
0.428 -0.00696032 0.00196523
0.43 -0.00750679 0.0019512
0.432 -0.00679313 0.00190835
0.434 -0.00535242 0.00183896
0.436 -0.00375512 0.00174737
0.438 -0.00243568 0.00163765
0.44 -0.00158858 0.00151244
0.442 -0.00115908 0.00137307
0.444 -0.000921815 0.00122059
0.446 -0.000608549 0.00105715
0.448 -3.12806e-05 0.000886858
0.45 0.000844782 0.000715832
0.452 0.00189684 0.000551188
0.454 0.0028983 0.000399499
0.456 0.00360296 0.000265263
0.458 0.00382857 0.000149998
0.46 0.00351517 5.23157e-05
0.462 0.00274276 -3.10835e-05
0.464 0.00170413 -0.00010391
0.466 0.000642787 -0.000168855
0.468 -0.000221721 -0.000226734
0.47 -0.000753763 -0.00027643
0.472 -0.000927155 -0.000315569
0.474 -0.000812008 -0.000341607
0.476 -0.000534221 -0.000352883
0.478 -0.0002267 -0.000349267
0.48 1.02275e-05 -0.000332213
0.482 0.000129239 -0.000304283
0.484 0.000135638 -0.000268451
0.486 7.07744e-05 -0.000227512
0.488 -1.23757e-05 -0.000183856
0.49 -7.17842e-05 -0.000139615
0.492 -8.92928e-05 -9.70242e-05
0.494 -7.09057e-05 -5.87159e-05
0.496 -3.71157e-05 -2.77443e-05
0.498 -9.50663e-06 -7.26945e-06
0.4 0.0153084 0.652634
0.8 0.0154931 0.652396
1.2 0.0157995 0.651998
1.6 0.0162256 0.651441
2 0.0167686 0.650726
2.4 0.0174248 0.649853
2.8 0.0181898 0.648821
3.2 0.0190585 0.647633
3.6 0.020025 0.646288
4 0.0210827 0.644787
4.4 0.0222246 0.643131
4.8 0.0234429 0.64132
5.2 0.0247293 0.639356
5.6 0.0260751 0.637239
6 0.0274712 0.63497
6.4 0.0289083 0.63255
6.8 0.0303766 0.629982
7.2 0.0318663 0.627265
7.6 0.0333678 0.624402
8 0.034871 0.621394
8.4 0.0363666 0.618244
8.8 0.037845 0.614954
9.2 0.0392974 0.611527
9.6 0.0407151 0.607965
10 0.0420903 0.604273
10.4 0.0434156 0.600454
10.8 0.0446846 0.596512
11.2 0.0458916 0.592454
11.6 0.0470319 0.588285
12 0.0481018 0.584011
12.4 0.0490987 0.579639
12.8 0.050021 0.575178
13.2 0.0508682 0.570634
13.6 0.0516412 0.566019
14 0.0523417 0.561341
14.4 0.0529728 0.556612
14.8 0.0535386 0.551841
15.2 0.054044 0.547042
15.6 0.0544953 0.542227
16 0.0548993 0.537408
16.4 0.0552637 0.532599
16.8 0.0555969 0.527813
17.2 0.0559078 0.523065
17.6 0.0562057 0.518368
18 0.0565001 0.513736
18.4 0.0568007 0.509184
18.8 0.057117 0.504725
19.2 0.0574584 0.500373
19.6 0.0578339 0.49614
20 0.058252 0.49204
20.4 0.0587207 0.488084
20.8 0.0592468 0.484284
21.2 0.0598368 0.48065
21.6 0.0604955 0.477193
22 0.0612272 0.473919
22.4 0.0620347 0.470838
22.8 0.0629197 0.467956
23.2 0.0638824 0.465277
23.6 0.0649219 0.462808
24 0.0660361 0.460551
24.4 0.0672213 0.458508
24.8 0.068473 0.456681
25.2 0.0697851 0.455069
25.6 0.0711507 0.453671
26 0.0725619 0.452486
26.4 0.0740098 0.45151
26.8 0.0754849 0.45074
27.2 0.0769768 0.450171
27.6 0.0784749 0.449797
28 0.0799682 0.449612
28.4 0.0814456 0.44961
28.8 0.0828959 0.449782
29.2 0.0843082 0.45012
29.6 0.0856717 0.450617
30 0.0869764 0.451262
30.4 0.0882127 0.452046
30.8 0.0893718 0.45296
31.2 0.0904459 0.453992
31.6 0.091428 0.455133
32 0.0923125 0.456372
32.4 0.0930949 0.457697
32.8 0.0937718 0.459096
33.2 0.0943414 0.460558
33.6 0.0948032 0.462071
34 0.0951579 0.463623
34.4 0.0954079 0.465202
34.8 0.0955567 0.466794
35.2 0.0956093 0.468387
35.6 0.095572 0.469969
36 0.0954523 0.471527
36.4 0.0952589 0.473048
36.8 0.0950014 0.474519
37.2 0.0946905 0.475928
37.6 0.0943376 0.477263
38 0.0939551 0.478513
38.4 0.0935555 0.479664
38.8 0.093152 0.480708
39.2 0.092758 0.481633
39.6 0.0923871 0.482431
40 0.0920527 0.483091
40.4 0.091768 0.483607
40.8 0.091546 0.483972
41.2 0.0913991 0.484179
41.6 0.091339 0.484225
42 0.0913766 0.484107
42.4 0.0915221 0.483821
42.8 0.0917845 0.483367
43.2 0.0921715 0.482746
43.6 0.09269 0.481959
44 0.0933453 0.48101
44.4 0.0941413 0.479903
44.8 0.0950808 0.478643
45.2 0.0961648 0.477237
45.6 0.0973931 0.475693
46 0.098764 0.474018
46.4 0.100274 0.472223
46.8 0.10192 0.470316
47.2 0.103695 0.468309
47.6 0.105591 0.466213
48 0.107603 0.464037
48.4 0.109719 0.461794
48.8 0.111929 0.459493
49.2 0.114224 0.457146
49.6 0.116591 0.454764
50 0.119019 0.452355
50.4 0.121494 0.449929
50.8 0.124004 0.447496
51.2 0.126537 0.445062
51.6 0.129079 0.442634
52 0.131618 0.44022
52.4 0.134141 0.437824
52.8 0.136637 0.435451
53.2 0.139095 0.433105
53.6 0.141504 0.430788
54 0.143854 0.428503
54.4 0.146136 0.426251
54.8 0.148342 0.424033
55.2 0.150464 0.42185
55.6 0.152496 0.419701
56 0.154434 0.417586
56.4 0.156271 0.415504
56.8 0.158006 0.413454
57.2 0.159635 0.411435
57.6 0.161156 0.409445
58 0.162569 0.407484
58.4 0.163874 0.405551
58.8 0.16507 0.403643
59.2 0.16616 0.40176
59.6 0.167145 0.399901
60 0.168026 0.398065
60.4 0.168807 0.396249
60.8 0.16949 0.394454
61.2 0.170079 0.392677
61.6 0.170575 0.390918
62 0.170983 0.389173
62.4 0.171306 0.387441
62.8 0.171547 0.385719
63.2 0.17171 0.384003
63.6 0.171797 0.382289
64 0.171812 0.380574
64.4 0.171758 0.37885
64.8 0.171637 0.377113
65.2 0.171453 0.375355
65.6 0.171209 0.373568
66 0.170907 0.371744
66.4 0.17055 0.369872
66.8 0.170141 0.367944
67.2 0.169682 0.365948
67.6 0.169177 0.363873
68 0.168628 0.361706
68.4 0.168038 0.359436
68.8 0.167411 0.357051
69.2 0.16675 0.354537
69.6 0.166058 0.351883
70 0.16534 0.349077
70.4 0.164599 0.346107
70.8 0.16384 0.342964
71.2 0.163066 0.339636
71.6 0.162283 0.336115
72 0.161495 0.332394
72.4 0.160706 0.328466
72.8 0.159923 0.324327
73.2 0.15915 0.319973
73.6 0.158392 0.315403
74 0.157655 0.310616
74.4 0.156944 0.305616
74.8 0.156264 0.300405
75.2 0.15562 0.294989
75.6 0.155018 0.289376
76 0.154462 0.283573
76.4 0.153958 0.277593
76.8 0.15351 0.271446
77.2 0.153122 0.265147
77.6 0.1528 0.258709
78 0.152547 0.252149
78.4 0.152367 0.245483
78.8 0.152264 0.238728
79.2 0.152241 0.231903
79.6 0.152301 0.225026
80 0.152446 0.218115
80.4 0.152679 0.21119
80.8 0.153001 0.204268
81.2 0.153414 0.197368
81.6 0.153919 0.190507
82 0.154517 0.183702
82.4 0.155205 0.176971
82.8 0.155985 0.170328
83.2 0.156855 0.163788
83.6 0.157811 0.157364
84 0.158851 0.15107
84.4 0.159972 0.144916
84.8 0.161169 0.138912
85.2 0.162435 0.133068
85.6 0.163765 0.12739
86 0.16515 0.121885
86.4 0.166583 0.116559
86.8 0.168054 0.111415
87.2 0.169552 0.106457
87.6 0.171067 0.101684
88 0.172585 0.0970987
88.4 0.174093 0.0926997
88.8 0.175578 0.0884855
89.2 0.177025 0.0844537
89.6 0.178419 0.080601
90 0.179743 0.0769232
90.4 0.180983 0.0734155
90.8 0.182121 0.0700725
91.2 0.183143 0.0668882
91.6 0.184032 0.0638562
92 0.184773 0.0609696
92.4 0.185351 0.0582214
92.8 0.185753 0.0556044
93.2 0.185966 0.0531111
93.6 0.185978 0.0507342
94 0.185779 0.0484662
94.4 0.185361 0.0463002
94.8 0.184717 0.0442291
95.2 0.183843 0.0422465
95.6 0.182735 0.0403461
96 0.181395 0.0385223
96.4 0.179823 0.03677
96.8 0.178024 0.0350847
97.2 0.176003 0.0334625
97.6 0.17377 0.0319004
98 0.171336 0.0303959
98.4 0.168713 0.0289476
98.8 0.165916 0.0275546
99.2 0.162961 0.0262169
99.6 0.159869 0.0249354
100 0.156657 0.0237115
100.4 0.153347 0.0225476
100.8 0.149961 0.0214465
101.2 0.146522 0.0204118
101.6 0.143052 0.0194475
102 0.139575 0.0185583
102.4 0.136114 0.0177488
102.8 0.132692 0.0170243
103.2 0.129329 0.01639
103.6 0.126048 0.0158513
104 0.122867 0.0154133
104.4 0.119805 0.0150811
104.8 0.116879 0.0148594
105.2 0.114103 0.0147525
105.6 0.111489 0.0147641
106 0.10905 0.0148975
106.4 0.106792 0.0151551
106.8 0.104722 0.0155386
107.2 0.102844 0.0160487
107.6 0.101159 0.0166855
108 0.0996677 0.017448
108.4 0.0983658 0.0183341
108.8 0.097249 0.019341
109.2 0.0963102 0.0204648
109.6 0.0955408 0.0217008
110 0.0949304 0.0230433
110.4 0.0944671 0.0244858
110.8 0.0941378 0.026021
111.2 0.0939285 0.0276409
111.6 0.0938241 0.0293371
112 0.093809 0.0311005
112.4 0.0938672 0.0329216
112.8 0.0939827 0.0347905
113.2 0.0941394 0.0366973
113.6 0.0943215 0.038632
114 0.0945136 0.0405843
114.4 0.0947011 0.0425444
114.8 0.0948703 0.0445024
115.2 0.0950084 0.0464488
115.6 0.0951036 0.0483744
116 0.0951457 0.0502706
116.4 0.0951256 0.0521291
116.8 0.0950357 0.0539423
117.2 0.0948701 0.055703
117.6 0.0946241 0.0574048
118 0.0942948 0.059042
118.4 0.0938807 0.0606093
118.8 0.0933819 0.0621022
119.2 0.0927999 0.063517
119.6 0.0921377 0.0648503
120 0.0913993 0.0660997
120.4 0.0905902 0.067263
120.8 0.0897168 0.0683389
121.2 0.0887863 0.0693265
121.6 0.0878069 0.0702254
122 0.0867872 0.0710355
122.4 0.0857363 0.0717575
122.8 0.0846636 0.0723921
123.2 0.0835784 0.0729406
123.6 0.0824902 0.0734045
124 0.0814078 0.0737857
124.4 0.0803401 0.0740862
124.8 0.0792948 0.0743084
125.2 0.0782792 0.0744547
125.6 0.0772998 0.074528
126 0.0763617 0.074531
126.4 0.0754693 0.0744669
126.8 0.0746255 0.0743387
127.2 0.0738321 0.0741499
127.6 0.0730897 0.0739036
128 0.0723974 0.0736036
128.4 0.0717532 0.0732532
128.8 0.0711539 0.0728561
129.2 0.0705949 0.072416
129.6 0.0700709 0.0719366
130 0.0695753 0.0714214
130.4 0.0691009 0.0708742
130.8 0.0686399 0.0702986
131.2 0.0681837 0.0696982
131.6 0.0677237 0.0690764
132 0.0672511 0.0684367
132.4 0.0667571 0.0677823
132.8 0.0662333 0.0671163
133.2 0.0656718 0.0664417
133.6 0.0650652 0.0657612
134 0.0644072 0.0650773
134.4 0.0636921 0.0643925
134.8 0.0629158 0.0637088
135.2 0.0620753 0.063028
135.6 0.0611687 0.062352
136 0.0601958 0.061682
136.4 0.0591579 0.0610194
136.8 0.0580575 0.060365
137.2 0.0568987 0.0597198
137.6 0.0556869 0.0590843
138 0.0544288 0.0584591
138.4 0.0531321 0.0578445
138.8 0.0518058 0.0572409
139.2 0.0504593 0.0566486
139.6 0.0491031 0.0560678
140 0.0477478 0.0554987
140.4 0.0464043 0.0549416
140.8 0.0450834 0.054397
141.2 0.0437958 0.0538653
141.6 0.0425517 0.0533472
142 0.0413605 0.0528434
142.4 0.0402308 0.0523548
142.8 0.0391702 0.0518825
143.2 0.0381849 0.0514277
143.6 0.03728 0.0509918
144 0.0364591 0.0505763
144.4 0.0357241 0.0501827
144.8 0.0350755 0.0498129
145.2 0.0345124 0.0494684
145.6 0.0340323 0.0491511
146 0.0336312 0.0488624
146.4 0.0333039 0.048604
146.8 0.0330441 0.0483772
147.2 0.0328445 0.0481831
147.6 0.0326968 0.0480226
148 0.0325923 0.0478961
148.4 0.0325219 0.0478038
148.8 0.0324763 0.0477452
149.2 0.0324464 0.0477196
149.6 0.0324232 0.0477255
150 0.0323983 0.047761
150.4 0.0323643 0.0478235
150.8 0.0323145 0.04791
151.2 0.0322432 0.0480166
151.6 0.032146 0.0481392
152 0.03202 0.0482728
152.4 0.0318635 0.0484122
152.8 0.0316763 0.0485514
153.2 0.0314595 0.0486842
153.6 0.0312158 0.0488042
154 0.0309492 0.0489044
154.4 0.0306647 0.048978
154.8 0.0303686 0.0490177
155.2 0.030068 0.0490167
155.6 0.0297709 0.048968
156 0.0294857 0.0488649
156.4 0.0292211 0.0487013
156.8 0.028986 0.0484711
157.2 0.0287892 0.0481691
157.6 0.0286391 0.0477906
158 0.0285435 0.0473316
158.4 0.0285096 0.0467889
158.8 0.0285435 0.0461602
159.2 0.0286504 0.0454441
159.6 0.0288341 0.0446402
160 0.0290973 0.0437488
160.4 0.029441 0.0427714
160.8 0.0298651 0.0417104
161.2 0.0303679 0.0405693
161.6 0.0309463 0.0393522
162 0.0315957 0.0380643
162.4 0.0323106 0.0367115
162.8 0.033084 0.0353003
163.2 0.033908 0.033838
163.6 0.0347739 0.0323325
164 0.0356722 0.0307918
164.4 0.0365929 0.0292245
164.8 0.0375259 0.0276393
165.2 0.0384607 0.0260452
165.6 0.039387 0.0244507
166 0.0402947 0.0228648
166.4 0.0411743 0.0212957
166.8 0.0420167 0.0197516
167.2 0.0428135 0.0182402
167.6 0.0435574 0.0167687
168 0.0442419 0.0153436
168.4 0.0448615 0.0139708
168.8 0.0454119 0.0126557
169.2 0.0458898 0.0114026
169.6 0.046293 0.0102153
170 0.0466206 0.00909681
170.4 0.0468726 0.00804917
170.8 0.0470501 0.00707379
171.2 0.0471548 0.00617132
171.6 0.0471897 0.00534164
172 0.0471581 0.00458399
172.4 0.0470642 0.00389696
172.8 0.0469126 0.00327858
173.2 0.0467082 0.00272635
173.6 0.0464562 0.00223734
174 0.046162 0.00180824
174.4 0.0458309 0.00143544
174.8 0.0454683 0.00111507
175.2 0.0450792 0.000843124
175.6 0.0446688 0.000615479
176 0.0442415 0.000427984
176.4 0.0438017 0.000276512
176.8 0.0433533 0.000157013
177.2 0.0428999 6.55658e-05
177.6 0.0424445 -1.58329e-06
178 0.0419899 -4.79814e-05
178.4 0.0415384 -7.69423e-05
178.8 0.041092 -9.15232e-05
179.2 0.0406522 -9.45098e-05
179.6 0.0402205 -8.84067e-05
180 0.0397977 -7.54339e-05
180.4 0.0393848 -5.75294e-05
180.8 0.0389824 -3.63557e-05
181.2 0.0385908 -1.33117e-05
181.6 0.0382106 1.04527e-05
182 0.037842 3.40184e-05
182.4 0.0374851 5.66773e-05
182.8 0.0371402 7.791e-05
183.2 0.0368074 9.73637e-05
183.6 0.036487 0.000114829
184 0.036179 0.000130217
184.4 0.0358836 0.000143537
184.8 0.0356009 0.000154877
185.2 0.0353312 0.000164384
185.6 0.0350743 0.000172245
186 0.0348304 0.000178673
186.4 0.0345994 0.000183894
186.8 0.0343813 0.000188133
187.2 0.0341757 0.00019161
187.6 0.0339825 0.000194527
188 0.0338011 0.000197069
188.4 0.033631 0.000199394
188.8 0.0334717 0.000201637
189.2 0.0333223 0.000203909
189.6 0.033182 0.000206293
190 0.0330499 0.000208852
190.4 0.0329249 0.000211627
190.8 0.0328062 0.000214641
191.2 0.0326925 0.000217903
191.6 0.032583 0.000221411
192 0.0324766 0.000225154
192.4 0.0323725 0.000229113
192.8 0.03227 0.000233271
193.2 0.0321684 0.000237603
193.6 0.0320673 0.000242091
194 0.0319664 0.000246714
194.4 0.0318658 0.000251456
194.8 0.0317656 0.000256304
195.2 0.0316662 0.000261246
195.6 0.0315682 0.000266275
196 0.0314726 0.000271386
196.4 0.0313803 0.000276574
196.8 0.0312927 0.000281839
197.2 0.031211 0.000287179
197.6 0.0311369 0.000292591
198 0.0310718 0.000298075
198.4 0.0310175 0.000303628
198.8 0.0309755 0.000309246
199.2 0.0309473 0.000314924
199.6 0.0309345 0.000320659
200 0.0309384 0.000326443
200.4 0.03096 0.000332271
200.8 0.0310002 0.00033814
201.2 0.0310596 0.000344045
201.6 0.0311386 0.000349986
202 0.031237 0.000355964
202.4 0.0313545 0.000361983
202.8 0.0314904 0.000368054
203.2 0.0316436 0.00037419
203.6 0.0318125 0.000380408
204 0.0319953 0.000386732
204.4 0.03219 0.000393187
204.8 0.0323941 0.000399805
205.2 0.0326047 0.00040662
205.6 0.032819 0.000413668
206 0.0330338 0.000420988
206.4 0.0332458 0.000428618
206.8 0.0334516 0.000436595
207.2 0.0336477 0.000444955
207.6 0.0338307 0.00045373
208 0.0339972 0.000462947
208.4 0.0341439 0.000472627
208.8 0.0342677 0.000482787
209.2 0.0343657 0.000493432
209.6 0.034435 0.000504561
210 0.0344734 0.000516165
210.4 0.0344788 0.000528224
210.8 0.0344493 0.000540711
211.2 0.0343836 0.000553589
211.6 0.0342807 0.000566815
212 0.0341399 0.000580337
212.4 0.0339611 0.000594098
212.8 0.0337445 0.000608034
213.2 0.0334907 0.00062208
213.6 0.0332006 0.000636167
214 0.0328758 0.000650225
214.4 0.032518 0.000664185
214.8 0.0321292 0.000677978
215.2 0.0317121 0.000691539
215.6 0.0312694 0.000704807
216 0.0308042 0.000717725
216.4 0.0303198 0.000730244
216.8 0.0298197 0.000742317
217.2 0.0293078 0.000753907
217.6 0.028788 0.000764983
218 0.0282642 0.00077552
218.4 0.0277406 0.0007855
218.8 0.0272212 0.000794912
219.2 0.0267103 0.00080375
219.6 0.0262118 0.000812014
220 0.0257298 0.000819708
220.4 0.0252681 0.000826842
220.8 0.0248302 0.000833427
221.2 0.0244197 0.000839479
221.6 0.0240396 0.000845016
222 0.0236927 0.000850058
222.4 0.0233816 0.000854627
222.8 0.0231081 0.000858747
223.2 0.0228739 0.000862442
223.6 0.0226802 0.00086574
224 0.0225276 0.000868668
224.4 0.0224163 0.000871256
224.8 0.0223458 0.000873536
225.2 0.0223154 0.000875542
225.6 0.0223235 0.00087731
226 0.0223681 0.00087888
226.4 0.022447 0.000880294
226.8 0.0225571 0.000881597
227.2 0.0226951 0.000882838
227.6 0.0228573 0.000884067
228 0.0230395 0.000885339
228.4 0.0232374 0.00088671
228.8 0.0234463 0.000888238
229.2 0.0236615 0.000889981
229.6 0.0238781 0.000891998
230 0.0240912 0.000894349
230.4 0.0242959 0.000897087
230.8 0.0244875 0.000900268
231.2 0.0246615 0.00090394
231.6 0.0248137 0.000908145
232 0.0249401 0.000912922
232.4 0.0250371 0.000918298
232.8 0.0251017 0.000924297
233.2 0.0251311 0.000930929
233.6 0.0251233 0.000938196
234 0.0250765 0.000946091
234.4 0.0249897 0.000954596
234.8 0.0248621 0.000963684
235.2 0.0246938 0.000973319
235.6 0.0244851 0.000983455
236 0.0242366 0.000994041
236.4 0.0239497 0.00100502
236.8 0.0236257 0.00101632
237.2 0.0232665 0.00102789
237.6 0.0228738 0.00103965
238 0.0224499 0.00105154
238.4 0.0219968 0.0010635
238.8 0.0215164 0.00107546
239.2 0.0210108 0.00108737
239.6 0.0204817 0.00109918
240 0.0199307 0.00111086
240.4 0.0193588 0.00112237
240.8 0.0187671 0.00113369
241.2 0.018156 0.00114482
241.6 0.0175257 0.00115575
242 0.0168758 0.0011665
242.4 0.0162056 0.00117708
242.8 0.0155143 0.00118753
243.2 0.0148003 0.00119787
243.6 0.014062 0.00120815
244 0.0132975 0.00121841
244.4 0.0125048 0.00122868
244.8 0.0116818 0.001239
245.2 0.0108265 0.00124941
245.6 0.00993691 0.00125993
246 0.00901138 0.00127058
246.4 0.00804854 0.00128136
246.8 0.00704751 0.00129226
247.2 0.00600792 0.00130325
247.6 0.00493006 0.00131428
248 0.00381495 0.00132529
248.4 0.00266438 0.0013362
248.8 0.00148104 0.0013469
249.2 0.000268516 0.00135726
249.6 -0.000968682 0.00136714
250 -0.00222508 0.00137638
250.4 -0.00349425 0.0013848
250.8 -0.00476888 0.00139221
251.2 -0.00604077 0.0013984
251.6 -0.00730091 0.00140317
252 -0.0085396 0.00140631
252.4 -0.0097465 0.00140758
252.8 -0.0109108 0.00140679
253.2 -0.0120213 0.00140373
253.6 -0.0130667 0.00139819
254 -0.0140355 0.00139001
254.4 -0.0149164 0.00137902
254.8 -0.0156983 0.00136507
255.2 -0.0163707 0.00134807
255.6 -0.0169237 0.00132792
256 -0.0173481 0.00130457
256.4 -0.0176356 0.001278
256.8 -0.0177793 0.00124823
257.2 -0.0177732 0.00121531
257.6 -0.0176128 0.00117933
258 -0.0172952 0.00114041
258.4 -0.0168188 0.00109872
258.8 -0.0161838 0.00105445
259.2 -0.0153921 0.00100782
259.6 -0.0144469 0.000959104
260 -0.0133536 0.000908579
260.4 -0.0121188 0.000856556
260.8 -0.0107509 0.000803368
261.2 -0.00925968 0.000749359
261.6 -0.00765646 0.00069489
262 -0.00595371 0.000640326
262.4 -0.00416509 0.000586037
262.8 -0.00230523 0.00053239
263.2 -0.000389582 0.000479746
263.6 0.0015658 0.000428454
264 0.00354443 0.000378849
264.4 0.00552957 0.000331245
264.8 0.0075045 0.000285932
265.2 0.00945265 0.000243174
265.6 0.0113578 0.000203205
266 0.0132045 0.000166224
266.4 0.0149777 0.000132396
266.8 0.0166638 0.000101851
267.2 0.0182499 7.46785e-05
267.6 0.0197245 5.09307e-05
268 0.0210775 3.06216e-05
268.4 0.0223005 1.37275e-05
268.8 0.0233864 1.8813e-07
269.2 0.0243299 -1.00915e-05
269.6 0.0251275 -1.72392e-05
270 0.0257774 -2.14125e-05
270.4 0.0262794 -2.27958e-05
270.8 0.0266352 -2.15972e-05
271.2 0.026848 -1.80442e-05
271.6 0.0269228 -1.23805e-05
272 0.0268659 -4.86117e-06
272.4 0.0266851 4.25099e-06
272.8 0.0263893 1.46898e-05
273.2 0.0259888 2.619e-05
273.6 0.0254946 3.84906e-05
274 0.0249185 5.13393e-05
274.4 0.024273 6.44956e-05
274.8 0.023571 7.77336e-05
275.2 0.0228255 9.0845e-05
275.6 0.0220497 0.000103641
276 0.0212565 0.000115955
276.4 0.0204587 0.000127641
276.8 0.0196684 0.000138578
277.2 0.018897 0.000148667
277.6 0.0181554 0.000157832
278 0.0174532 0.000166016
278.4 0.0167991 0.000173186
278.8 0.0162008 0.000179323
279.2 0.0156645 0.000184425
279.6 0.0151953 0.000188502
280 0.0147969 0.000191573
280.4 0.0144717 0.000193665
280.8 0.0142208 0.000194803
281.2 0.0140439 0.000195017
281.6 0.0139394 0.000194328
282 0.0139048 0.000192754
282.4 0.0139363 0.000190299
282.8 0.0140289 0.000186956
283.2 0.0141769 0.000182703
283.6 0.014374 0.000177503
284 0.0146129 0.000171297
284.4 0.0148859 0.000164013
284.8 0.0151851 0.000155557
285.2 0.0155021 0.000145819
285.6 0.0158287 0.000134673
286 0.0161565 0.000121978
286.4 0.0164774 0.000107582
286.8 0.0167836 9.13255e-05
287.2 0.0170676 7.30418e-05
287.6 0.0173228 5.25649e-05
288 0.0175427 2.97315e-05
288.4 0.017722 4.38646e-06
288.8 0.0178557 -2.36131e-05
289.2 0.0179399 -5.43926e-05
289.6 0.0179716 -8.80558e-05
290 0.0179483 -0.00012468
290.4 0.0178687 -0.000164313
290.8 0.0177322 -0.000206968
291.2 0.0175391 -0.000252621
291.6 0.0172904 -0.000301208
292 0.0169878 -0.000352625
292.4 0.0166337 -0.000406724
292.8 0.0162312 -0.000463316
293.2 0.0157839 -0.000522165
293.6 0.0152956 -0.000582998
294 0.0147709 -0.000645502
294.4 0.0142143 -0.000709325
294.8 0.0136306 -0.000774085
295.2 0.0130248 -0.00083937
295.6 0.0124019 -0.000904744
296 0.0117669 -0.000969755
296.4 0.0111245 -0.00103394
296.8 0.0104794 -0.00109682
297.2 0.00983604 -0.00115792
297.6 0.00919862 -0.00121679
298 0.00857095 -0.00127298
298.4 0.00795653 -0.00132604
298.8 0.00735849 -0.00137557
299.2 0.00677959 -0.0014212
299.6 0.00622218 -0.0014626
300 0.00568823 -0.00149946
300.4 0.00517935 -0.00153154
300.8 0.00469675 -0.00155863
301.2 0.0042413 -0.00158058
301.6 0.00381354 -0.0015973
302 0.00341372 -0.00160873
302.4 0.00304179 -0.0016149
302.8 0.00269747 -0.00161586
303.2 0.00238027 -0.00161173
303.6 0.00208948 -0.00160266
304 0.00182427 -0.00158888
304.4 0.00158368 -0.00157063
304.8 0.00136661 -0.0015482
305.2 0.00117194 -0.0015219
305.6 0.000998448 -0.00149211
306 0.000844908 -0.00145917
306.4 0.000710067 -0.00142349
306.8 0.000592673 -0.00138546
307.2 0.000491485 -0.0013455
307.6 0.000405283 -0.001304
308 0.000332877 -0.00126137
308.4 0.000273111 -0.00121799
308.8 0.000224866 -0.00117425
309.2 0.000187065 -0.00113049
309.6 0.000158675 -0.00108705
310 0.000138704 -0.00104423
310.4 0.000126203 -0.00100232
310.8 0.000120268 -0.000961554
311.2 0.000120034 -0.000922148
311.6 0.000124682 -0.000884281
312 0.000133431 -0.0008481
312.4 0.000145544 -0.000813719
312.8 0.000160326 -0.000781217
313.2 0.000177125 -0.000750645
313.6 0.000195334 -0.000722022
314 0.000214391 -0.000695342
314.4 0.000233783 -0.000670574
314.8 0.000253044 -0.000647664
315.2 0.00027176 -0.000626539
315.6 0.000289569 -0.00060711
316 0.000306161 -0.000589278
316.4 0.000321282 -0.000572928
316.8 0.000334729 -0.000557944
317.2 0.000346354 -0.000544202
317.6 0.000356061 -0.000531579
318 0.000363803 -0.000519951
318.4 0.000369581 -0.000509199
318.8 0.000373439 -0.000499208
319.2 0.000375461 -0.000489871
319.6 0.000375764 -0.000481088
320 0.000374498 -0.000472769
320.4 0.000371833 -0.000464834
320.8 0.000367957 -0.000457214
321.2 0.00036307 -0.000449849
321.6 0.000357379 -0.000442689
322 0.000351087 -0.000435696
322.4 0.000344393 -0.00042884
322.8 0.000337485 -0.0004221
323.2 0.000330535 -0.000415462
323.6 0.000323695 -0.000408918
324 0.000317094 -0.000402467
324.4 0.000310838 -0.000396112
324.8 0.000305006 -0.000389859
325.2 0.000299652 -0.000383714
325.6 0.000294802 -0.000377688
326 0.000290459 -0.00037179
326.4 0.000286603 -0.000366026
326.8 0.000283193 -0.000360405
327.2 0.000280171 -0.000354931
327.6 0.000277467 -0.000349607
328 0.000275 -0.000344431
328.4 0.000272682 -0.000339401
328.8 0.000270425 -0.00033451
329.2 0.00026814 -0.00032975
329.6 0.000265744 -0.000325109
330 0.000263164 -0.000320573
330.4 0.000260334 -0.000316129
330.8 0.000257204 -0.000311759
331.2 0.000253735 -0.000307447
331.6 0.000249906 -0.000303176
332 0.00024571 -0.00029893
332.4 0.000241154 -0.000294693
332.8 0.000236262 -0.000290453
333.2 0.000231069 -0.000286196
333.6 0.000225621 -0.000281915
334 0.000219974 -0.000277601
334.4 0.000214189 -0.000273252
334.8 0.000208333 -0.000268866
335.2 0.000202473 -0.000264445
335.6 0.000196675 -0.000259993
336 0.000191002 -0.000255518
336.4 0.000185512 -0.00025103
336.8 0.000180253 -0.000246539
337.2 0.000175266 -0.000242058
337.6 0.00017058 -0.000237601
338 0.000166215 -0.000233183
338.4 0.000162177 -0.000228819
338.8 0.000158463 -0.000224522
339.2 0.000155057 -0.000220305
339.6 0.000151936 -0.000216182
340 0.000149068 -0.000212162
340.4 0.000146411 -0.000208253
340.8 0.000143923 -0.000204463
341.2 0.000141555 -0.000200793
341.6 0.000139257 -0.000197247
342 0.000136983 -0.000193821
342.4 0.000134686 -0.000190513
342.8 0.000132325 -0.000187317
343.2 0.000129866 -0.000184224
343.6 0.000127279 -0.000181224
344 0.000124546 -0.000178306
344.4 0.000121655 -0.000175457
344.8 0.000118604 -0.000172665
345.2 0.000115401 -0.000169916
345.6 0.00011206 -0.000167196
346 0.000108606 -0.000164492
346.4 0.00010507 -0.000161794
346.8 0.000101487 -0.000159089
347.2 9.79001e-05 -0.00015637
347.6 9.43523e-05 -0.000153628
348 9.08892e-05 -0.000150859
348.4 8.75562e-05 -0.000148058
348.8 8.4397e-05 -0.000145226
349.2 8.14521e-05 -0.000142361
349.6 7.87575e-05 -0.000139467
350 7.63437e-05 -0.000136549
350.4 7.42346e-05 -0.000133612
350.8 7.24471e-05 -0.000130664
351.2 7.09905e-05 -0.000127714
351.6 6.98665e-05 -0.000124769
352 6.90691e-05 -0.000121841
352.4 6.85853e-05 -0.000118938
352.8 6.83953e-05 -0.000116069
353.2 6.84735e-05 -0.000113244
353.6 6.87897e-05 -0.000110472
354 6.93094e-05 -0.000107757
354.4 6.99958e-05 -0.000105108
354.8 7.08104e-05 -0.000102527
355.2 7.17145e-05 -0.000100019
355.6 7.26702e-05 -9.75842e-05
356 7.36413e-05 -9.52235e-05
356.4 7.45947e-05 -9.29356e-05
356.8 7.55005e-05 -9.07178e-05
357.2 7.63334e-05 -8.85668e-05
357.6 7.70724e-05 -8.64778e-05
358 7.7702e-05 -8.44459e-05
358.4 7.82112e-05 -8.24652e-05
358.8 7.85944e-05 -8.05297e-05
359.2 7.88506e-05 -7.86336e-05
359.6 7.89832e-05 -7.67711e-05
360 7.89995e-05 -7.49367e-05
360.4 7.89102e-05 -7.31258e-05
360.8 7.87285e-05 -7.13343e-05
361.2 7.84697e-05 -6.95591e-05
361.6 7.81503e-05 -6.7798e-05
362 7.77873e-05 -6.60498e-05
362.4 7.73979e-05 -6.43143e-05
362.8 7.69984e-05 -6.25923e-05
363.2 7.66041e-05 -6.08855e-05
363.6 7.62288e-05 -5.91964e-05
364 7.58844e-05 -5.75281e-05
364.4 7.55808e-05 -5.58843e-05
364.8 7.5326e-05 -5.42692e-05
365.2 7.51256e-05 -5.2687e-05
365.6 7.49836e-05 -5.11421e-05
366 7.49019e-05 -4.96385e-05
366.4 7.4881e-05 -4.81804e-05
366.8 7.49201e-05 -4.67711e-05
367.2 7.50176e-05 -4.54136e-05
367.6 7.51711e-05 -4.41104e-05
368 7.53779e-05 -4.28631e-05
368.4 7.56353e-05 -4.16727e-05
368.8 7.59407e-05 -4.05393e-05
369.2 7.62919e-05 -3.94626e-05
369.6 7.66872e-05 -3.84412e-05
370 7.71253e-05 -3.74736e-05
370.4 7.76054e-05 -3.65573e-05
370.8 7.81272e-05 -3.56897e-05
371.2 7.86905e-05 -3.48677e-05
371.6 7.92952e-05 -3.4088e-05
372 7.99409e-05 -3.33473e-05
372.4 8.06267e-05 -3.26421e-05
372.8 8.13512e-05 -3.19692e-05
373.2 8.21115e-05 -3.13255e-05
373.6 8.29038e-05 -3.0708e-05
374 8.37225e-05 -3.01142e-05
374.4 8.45603e-05 -2.95417e-05
374.8 8.54084e-05 -2.89886e-05
375.2 8.62557e-05 -2.84531e-05
375.6 8.70894e-05 -2.79339e-05
376 8.78953e-05 -2.74298e-05
376.4 8.86571e-05 -2.69397e-05
376.8 8.93578e-05 -2.64629e-05
377.2 8.9979e-05 -2.59985e-05
377.6 9.0502e-05 -2.55456e-05
378 9.09081e-05 -2.51034e-05
378.4 9.11786e-05 -2.46708e-05
378.8 9.1296e-05 -2.42466e-05
379.2 9.12441e-05 -2.38294e-05
379.6 9.10083e-05 -2.34174e-05
380 9.05765e-05 -2.30089e-05
380.4 8.99391e-05 -2.26016e-05
380.8 8.90896e-05 -2.21934e-05
381.2 8.80246e-05 -2.17819e-05
381.6 8.67442e-05 -2.13645e-05
382 8.52519e-05 -2.09389e-05
382.4 8.35547e-05 -2.05028e-05
382.8 8.16631e-05 -2.00541e-05
383.2 7.95904e-05 -1.9591e-05
383.6 7.73532e-05 -1.91121e-05
384 7.49705e-05 -1.86166e-05
384.4 7.24634e-05 -1.8104e-05
384.8 6.98547e-05 -1.75748e-05
385.2 6.71683e-05 -1.70297e-05
385.6 6.4429e-05 -1.64705e-05
386 6.16616e-05 -1.58994e-05
386.4 5.88906e-05 -1.53193e-05
386.8 5.61396e-05 -1.47338e-05
387.2 5.34311e-05 -1.41469e-05
387.6 5.07859e-05 -1.35632e-05
388 4.82229e-05 -1.29875e-05
388.4 4.57588e-05 -1.24248e-05
388.8 4.3408e-05 -1.18802e-05
389.2 4.11823e-05 -1.13589e-05
389.6 3.90912e-05 -1.08656e-05
390 3.71417e-05 -1.04048e-05
390.4 3.53383e-05 -9.98048e-06
390.8 3.36837e-05 -9.59616e-06
391.2 3.21782e-05 -9.2545e-06
391.6 3.08207e-05 -8.95746e-06
392 2.96084e-05 -8.70617e-06
392.4 2.85376e-05 -8.5009e-06
392.8 2.76034e-05 -8.34106e-06
393.2 2.68005e-05 -8.22521e-06
393.6 2.61228e-05 -8.15115e-06
394 2.55644e-05 -8.11595e-06
394.4 2.51192e-05 -8.11607e-06
394.8 2.47811e-05 -8.14745e-06
395.2 2.45444e-05 -8.20568e-06
395.6 2.44035e-05 -8.2861e-06
396 2.43529e-05 -8.38395e-06
396.4 2.43876e-05 -8.49452e-06
396.8 2.45025e-05 -8.61329e-06
397.2 2.46928e-05 -8.73604e-06
397.6 2.49533e-05 -8.85899e-06
398 2.5279e-05 -8.97888e-06
398.4 2.56642e-05 -9.09302e-06
398.8 2.61031e-05 -9.19939e-06
399.2 2.65893e-05 -9.29663e-06
399.6 2.71159e-05 -9.38404e-06
400 2.76751e-05 -9.4616e-06
