-0.498 2.8973e-06 1.06066e-06
-0.496 1.82551e-05 2.07144e-06
-0.494 4.70292e-05 -1.75656e-07
-0.492 7.8736e-05 -8.2348e-06
-0.49 9.76918e-05 -2.34133e-05
-0.488 9.20517e-05 -4.55178e-05
-0.486 6.05594e-05 -7.30349e-05
-0.484 1.35171e-05 -0.000103696
-0.482 -3.22503e-05 -0.000135253
-0.48 -6.14602e-05 -0.000166249
-0.478 -6.69622e-05 -0.000196565
-0.476 -5.11225e-05 -0.000227626
-0.474 -2.07782e-05 -0.000262238
-0.472 2.22635e-05 -0.000304114
-0.47 9.03494e-05 -0.000357269
-0.468 0.000212695 -0.000425417
-0.466 0.000427548 -0.000511492
-0.464 0.000764652 -0.000617236
-0.462 0.00122467 -0.000742711
-0.46 0.00176539 -0.000885568
-0.458 0.00230274 -0.00104003
-0.456 0.00272832 -0.00119579
-0.454 0.0029374 -0.00133719
-0.452 0.00285707 -0.00144304
-0.45 0.00246529 -0.00148736
-0.448 0.0017957 -0.00144112
-0.446 0.000926483 -0.001275
-0.444 -4.52581e-05 -0.000962753
-0.442 -0.00103751 -0.000484903
-0.44 -0.00201271 0.000167884
-0.438 -0.0029868 0.000992113
-0.436 -0.0040089 0.00196977
-0.434 -0.00511803 0.00306783
-0.432 -0.00629823 0.004239
-0.43 -0.00745655 0.00542402
-0.428 -0.00843488 0.00655548
-0.426 -0.00904628 0.00756297
-0.424 -0.00911544 0.00837917
-0.422 -0.00850936 0.0089458
-0.42 -0.00715818 0.00921882
-0.418 -0.00507131 0.00917217
-0.416 -0.00234594 0.00879962
-0.414 0.000843578 0.00811432
-0.412 0.00428224 0.00714573
-0.41 0.0077616 0.00593437
-0.408 0.011104 0.00452501
-0.406 0.0141374 0.00296003
-0.404 0.0166323 0.00127464
-0.402 0.0182518 -0.000504792
-0.4 0.0185677 -0.00235917
-0.398 0.0171593 -0.00427324
-0.396 0.0137554 -0.00623217
-0.394 0.00835869 -0.00822041
-0.392 0.00130498 -0.010224
-0.39 -0.00675239 -0.0122365
-0.388 -0.0149165 -0.0142655
-0.386 -0.0221662 -0.0163385
-0.384 -0.0275197 -0.0185032
-0.382 -0.0302329 -0.0208197
-0.38 -0.0299881 -0.0233464
-0.378 -0.0269993 -0.0261193
-0.376 -0.0219671 -0.0291319
-0.374 -0.0158802 -0.0323176
-0.372 -0.00973413 -0.0355438
-0.37 -0.00428233 -0.0386175
-0.368 9.70438e-05 -0.0413056
-0.366 0.00339927 -0.0433679
-0.364 0.00589912 -0.0445943
-0.362 0.00801606 -0.0448397
-0.36 0.0101675 -0.0440469
-0.358 0.0126264 -0.0422512
-0.356 0.0154111 -0.0395674
-0.354 0.0182555 -0.0361617
-0.352 0.0206912 -0.0322189
-0.35 0.022224 -0.0279131
-0.348 0.0225196 -0.0233903
-0.346 0.0214961 -0.0187661
-0.344 0.0192832 -0.0141367
-0.342 0.0160979 -0.00959828
-0.34 0.0121338 -0.00526653
-0.338 0.00752928 -0.00128729
-0.336 0.00241709 0.00216732
-0.334 -0.00298704 0.00491932
-0.332 -0.00831108 0.0068173
-0.33 -0.0130031 0.0077708
-0.328 -0.0163698 0.00777489
-0.326 -0.0176823 0.00691569
-0.324 -0.0163578 0.00535332
-0.322 -0.0122023 0.00328612
-0.32 -0.00563056 0.00090548
-0.318 0.0022668 -0.00164505
-0.316 0.00991036 -0.00429382
-0.314 0.0156559 -0.00704027
-0.312 0.0183193 -0.00992924
-0.31 0.0176083 -0.0130083
-0.308 0.0142908 -0.0162807
-0.306 0.0100184 -0.0196681
-0.304 0.00683737 -0.0229931
-0.302 0.00651874 -0.0259854
-0.3 0.0098878 -0.0283099
-0.298 0.0163503 -0.0296076
-0.296 0.0237966 -0.0295401
-0.294 0.0289944 -0.0278255
-0.292 0.0284285 -0.0242592
-0.29 0.0193743 -0.0187197
-0.288 0.000879208 -0.0111634
-0.286 -0.025668 -0.0016178
-0.284 -0.0565963 0.00981917
-0.282 -0.0866836 0.0229679
-0.28 -0.110395 0.0375479
-0.278 -0.123298 0.0531592
-0.276 -0.123231 0.0692773
-0.274 -0.110884 0.0852723
-0.272 -0.0895617 0.100455
-0.27 -0.0641851 0.114146
-0.268 -0.0398285 0.125749
-0.266 -0.0202731 0.134823
-0.264 -0.00705508 0.141118
-0.262 0.00068646 0.144576
-0.26 0.00552315 0.145303
-0.258 0.0104573 0.143505
-0.256 0.0175038 0.139426
-0.254 0.0266397 0.133296
-0.252 0.0354961 0.125308
-0.25 0.03992 0.11563
-0.248 0.0352756 0.104434
-0.246 0.0181308 0.0919411
-0.244 -0.0121791 0.0784532
-0.242 -0.0526437 0.064353
-0.24 -0.0967256 0.0500642
-0.238 -0.135675 0.0359796
-0.236 -0.160741 0.0223799
-0.234 -0.165655 0.00937314
-0.232 -0.148537 -0.00311787
-0.23 -0.112564 -0.0153082
-0.228 -0.0651305 -0.0274494
-0.226 -0.0157786 -0.0397014
-0.224 0.0264192 -0.0520125
-0.222 0.0552476 -0.0640482
-0.22 0.0688271 -0.0751948
-0.218 0.0697888 -0.0846502
-0.216 0.0640822 -0.0915855
-0.214 0.0587103 -0.0953385
-0.212 0.059041 -0.0955854
-0.21 0.0665968 -0.0924378
-0.208 0.0781947 -0.0864335
-0.206 0.0868636 -0.078419
-0.204 0.0842763 -0.0693527
-0.202 0.063837 -0.0600831
-0.2 0.0233556 -0.0511609
-0.198 -0.0335567 -0.0427364
-0.196 -0.097781 -0.0345693
-0.194 -0.156604 -0.0261425
-0.192 -0.196789 -0.0168468
-0.19 -0.208047 -0.00617774
-0.188 -0.185954 0.006113
-0.186 -0.133375 0.0199545
-0.184 -0.0598328 0.034996
-0.182 0.0210846 0.0507288
-0.18 0.0954185 0.0666402
-0.178 0.152407 0.0823435
-0.176 0.186772 0.0976326
-0.174 0.199133 0.112441
-0.172 0.194635 0.126713
-0.17 0.180423 0.140238
-0.168 0.162814 0.152489
-0.166 0.14505 0.162551
-0.164 0.126329 0.169156
-0.162 0.102502 0.170859
-0.16 0.0682343 0.166317
-0.158 0.0198768 0.154596
-0.156 -0.0420682 0.135444
-0.154 -0.111871 0.109432
-0.152 -0.179425 0.0779252
-0.15 -0.232864 0.042906
-0.148 -0.262124 0.0066827
-0.146 -0.26227 -0.0284335
-0.144 -0.235444 -0.0604117
-0.142 -0.1907 -0.0876893
-0.14 -0.141637 -0.109237
-0.138 -0.10242 -0.124505
-0.136 -0.0833568 -0.13329
-0.134 -0.0874541 -0.135574
-0.132 -0.109131 -0.131391
-0.13 -0.135635 -0.120764
-0.128 -0.150816 -0.103709
-0.126 -0.140178 -0.080285
-0.124 -0.0956704 -0.0506416
-0.122 -0.0187378 -0.0150309
-0.12 0.0793861 0.0262354
-0.118 0.180312 0.0728715
-0.116 0.26331 0.124709
-0.114 0.310886 0.18175
-0.112 0.313462 0.244132
-0.11 0.271791 0.312
-0.108 0.196452 0.385265
-0.106 0.104627 0.463309
-0.104 0.0151913 0.544697
-0.102 -0.0564209 0.626973
-0.1 -0.102019 0.706623
-0.098 -0.122004 0.779216
-0.096 -0.123912 0.839726
-0.094 -0.11874 0.882971
-0.092 -0.116386 0.904098
-0.09 -0.121814 0.899046
-0.088 -0.133267 0.864937
-0.086 -0.143107 0.800373
-0.084 -0.14091 0.705646
-0.082 -0.117704 0.582854
-0.08 -0.0698908 0.435952
-0.078 -0.0015576 0.270711
-0.076 0.0756703 0.09459
-0.074 0.145296 -0.0835175
-0.072 0.190392 -0.253697
-0.07 0.198397 -0.405607
-0.068 0.164659 -0.529247
-0.066 0.0935526 -0.615837
-0.064 -0.00322308 -0.6587
-0.062 -0.110574 -0.654004
-0.06 -0.214812 -0.601222
-0.058 -0.307668 -0.503197
-0.056 -0.388182 -0.365775
-0.054 -0.461872 -0.197032
-0.052 -0.537481 -0.00621248
-0.05 -0.622349 0.197437
-0.048 -0.717996 0.405758
-0.046 -0.817605 0.612509
-0.044 -0.906514 0.813845
-0.042 -0.965877 1.00846
-0.04 -0.97851 1.19746
-0.038 -0.935048 1.3841
-0.036 -0.838273 1.57343
-0.034 -0.703945 1.77196
-0.032 -0.557537 1.98728
-0.03 -0.427505 2.22757
-0.028 -0.336754 2.50094
-0.026 -0.294545 2.81461
-0.024 -0.291331 3.17384
-0.022 -0.298446 3.58082
-0.02 -0.273427 4.03361
-0.018 -0.170072 4.52542
-0.016 0.0492322 5.04438
-0.014 0.402321 5.57393
-0.012 0.880335 6.09396
-0.01 1.44685 6.58227
-0.008 2.04312 7.01644
-0.006 2.5982 7.37562
-0.004 3.04184 7.64212
-0.002 3.31765 7.80263
0 3.39369 7.84902
0.002 3.26799 7.77879
0.004 2.96752 7.59515
0.006 2.5413 7.30685
0.008 2.04917 6.92765
0.01 1.55001 6.47554
0.012 1.09198 5.97154
0.014 0.706784 5.43818
0.016 0.407888 4.89783
0.018 0.192241 4.37085
0.02 0.0444271 3.87416
0.022 -0.0577707 3.42003
0.024 -0.137601 3.01563
0.026 -0.214549 2.66312
0.028 -0.301424 2.36024
0.03 -0.403614 2.10129
0.032 -0.519994 1.87829
0.034 -0.644554 1.68202
0.036 -0.767974 1.50306
0.038 -0.878979 1.33254
0.04 -0.965705 1.16282
0.042 -1.01729 0.987987
0.044 -1.02563 0.804296
0.046 -0.986948 0.610537
0.048 -0.902935 0.408263
0.05 -0.781073 0.201841
0.052 -0.633977 -0.00180843
0.054 -0.47764 -0.19381
0.056 -0.328676 -0.364268
0.058 -0.201045 -0.503422
0.06 -0.103181 -0.602854
0.062 -0.0364727 -0.656566
0.064 0.00433082 -0.661746
0.066 0.0288703 -0.619125
0.068 0.0477525 -0.532874
0.07 0.0689444 -0.410089
0.072 0.0950244 -0.259999
0.074 0.122124 -0.0930143
0.076 0.140965 0.0801963
0.078 0.139829 0.249521
0.08 0.108671 0.406033
0.082 0.0431535 0.542423
0.084 -0.0527169 0.653261
0.086 -0.166285 0.73512
0.088 -0.27845 0.786586
0.09 -0.367822 0.808189
0.092 -0.415751 0.802232
0.094 -0.410959 0.772525
0.096 -0.35256 0.724008
0.098 -0.250597 0.662262
0.1 -0.123854 0.592954
0.102 0.00454204 0.521274
0.104 0.112526 0.451441
0.106 0.184049 0.386374
0.108 0.212278 0.327574
0.11 0.200302 0.275243
0.112 0.159359 0.228601
0.114 0.105243 0.186327
0.116 0.0539577 0.14701
0.118 0.0178042 0.109539
0.12 0.00285085 0.0733412
0.122 0.00834249 0.0384727
0.124 0.0279951 0.00554754
0.126 0.0525838 -0.0244342
0.128 0.0729204 -0.0503096
0.13 0.0823339 -0.0709608
0.132 0.0780481 -0.0854634
0.134 0.0612685 -0.0931625
0.136 0.0361993 -0.0936949
0.138 0.00847719 -0.0869968
0.14 -0.016442 -0.0733299
0.142 -0.0345049 -0.053335
0.144 -0.0436235 -0.028097
0.146 -0.0435314 0.000816349
0.148 -0.0351256 0.0313784
0.15 -0.0196573 0.0612167
0.152 0.00183456 0.0878202
0.154 0.0286018 0.108822
0.156 0.0597956 0.122314
0.158 0.0938857 0.127129
0.16 0.128278 0.123035
0.162 0.159388 0.110777
0.164 0.183157 0.0919651
0.166 0.195793 0.0688235
0.168 0.194482 0.0438493
0.17 0.177933 0.019463
0.172 0.146676 -0.00229121
0.174 0.103071 -0.0199436
0.176 0.0509559 -0.0326743
0.178 -0.00509495 -0.0402745
0.18 -0.0606786 -0.0430256
0.182 -0.112256 -0.0415441
0.184 -0.157296 -0.0366365
0.186 -0.193906 -0.0291971
0.188 -0.220314 -0.0201522
0.19 -0.234637 -0.0104393
0.192 -0.235121 -0.000989457
0.194 -0.220702 0.00730958
0.196 -0.191608 0.013686
0.198 -0.149769 0.0175826
0.2 -0.0989898 0.0187576
0.202 -0.044872 0.0173524
0.204 0.00565027 0.0138971
0.206 0.0453421 0.00924254
0.208 0.0682027 0.00442377
0.21 0.0710243 0.000481093
0.212 0.0542967 -0.00172703
0.214 0.0220267 -0.00167887
0.216 -0.0194439 0.000723924
0.218 -0.0631089 0.00515919
0.22 -0.102857 0.0109746
0.222 -0.134532 0.0173401
0.224 -0.15639 0.0234208
0.226 -0.168971 0.0285299
0.228 -0.174423 0.0322344
0.23 -0.175342 0.0344001
0.232 -0.173478 0.0351811
0.234 -0.168839 0.0349657
0.236 -0.159681 0.0342956
0.238 -0.143395 0.0337777
0.24 -0.117876 0.0340039
0.242 -0.082743 0.03549
0.244 -0.0399314 0.0386332
0.246 0.00645034 0.0436806
0.248 0.0508739 0.0506989
0.25 0.0875283 0.0595437
0.252 0.111636 0.0698332
0.254 0.120687 0.0809432
0.256 0.115194 0.0920342
0.258 0.0986116 0.102119
0.26 0.0763185 0.110167
0.262 0.0540067 0.115237
0.264 0.0360858 0.11661
0.266 0.0246729 0.113905
0.268 0.0194278 0.107142
0.27 0.0181314 0.0967513
0.272 0.017682 0.0835068
0.274 0.0151673 0.0684162
0.276 0.00877289 0.0525825
0.278 -0.0016482 0.0370689
0.28 -0.014516 0.0227927
0.282 -0.0270595 0.0104598
0.284 -0.0363178 0.000541752
0.286 -0.0402324 -0.00671438
0.288 -0.0383911 -0.0112604
0.29 -0.0321382 -0.0132184
0.292 -0.024049 -0.0128586
0.294 -0.0170164 -0.0105862
0.296 -0.0133112 -0.00692935
0.298 -0.0139246 -0.00251821
0.3 -0.018355 0.00195334
0.302 -0.0248488 0.00578931
0.304 -0.0310064 0.00837131
0.306 -0.0345822 0.00924476
0.308 -0.0342368 0.00819379
0.31 -0.0299829 0.00528568
0.312 -0.0231503 0.000870313
0.314 -0.0158826 -0.00447104
0.316 -0.0103704 -0.0100208
0.318 -0.00812831 -0.0150459
0.32 -0.00957894 -0.0189201
0.322 -0.0140473 -0.021221
0.324 -0.0201022 -0.0217836
0.326 -0.0260908 -0.0207033
0.328 -0.0306878 -0.0182928
0.33 -0.0332961 -0.0150096
0.332 -0.0341701 -0.0113726
0.334 -0.0342073 -0.00788571
0.336 -0.0344738 -0.00498072
0.338 -0.0356453 -0.00298449
0.34 -0.0376113 -0.00210872
0.342 -0.0394296 -0.00245623
0.344 -0.0396637 -0.00403464
0.346 -0.0369599 -0.00676957
0.348 -0.0306313 -0.0105126
0.35 -0.0210403 -0.0150446
0.352 -0.00965501 -0.0200795
0.354 0.00125018 -0.0252737
0.356 0.00918782 -0.0302479
0.358 0.0121894 -0.0346194
0.36 0.00945109 -0.0380445
0.362 0.00166242 -0.0402621
0.364 -0.00912965 -0.0411307
0.366 -0.0201012 -0.0406517
0.368 -0.028483 -0.0389696
0.37 -0.0323566 -0.0363503
0.372 -0.0311635 -0.0331394
0.374 -0.0257975 -0.029709
0.376 -0.018279 -0.026405
0.378 -0.0111162 -0.0235022
0.38 -0.00652693 -0.0211754
0.382 -0.00574064 -0.0194886
0.384 -0.00859699 -0.0184011
0.386 -0.0135843 -0.0177878
0.388 -0.0183265 -0.0174689
0.39 -0.020364 -0.0172416
0.392 -0.0179633 -0.0169102
0.394 -0.0106788 -0.016309
0.396 0.000494247 -0.0153167
0.398 0.0133933 -0.0138635
0.4 0.0252769 -0.0119324
0.402 0.0335546 -0.00955627
0.404 0.0364646 -0.00681173
0.406 0.033522 -0.00381089
0.408 0.0256185 -0.000690835
0.41 0.014744 0.00239815
0.412 0.00341578 0.00530533
0.414 -0.00601085 0.00789238
0.416 -0.0119342 0.0100453
0.418 -0.0138308 0.0116835
0.42 -0.0122434 0.0127657
0.422 -0.00848192 0.0132899
0.424 -0.0041612 0.0132907
0.426 -0.000724588 0.0128323
0.428 0.000922062 0.0120005
0.43 0.00058507 0.0108936
0.432 -0.00125888 0.0096145
0.434 -0.00369046 0.00826172
0.436 -0.00568184 0.0069229
0.438 -0.00642886 0.00566871
0.44 -0.00557694 0.004549
0.442 -0.00327939 0.00359129
0.444 -9.15261e-05 0.00280192
0.446 0.00323855 0.00216947
0.448 0.00599785 0.00166988
0.45 0.00768473 0.00127244
0.452 0.00809761 0.000945647
0.454 0.0073338 0.000662217
0.456 0.00571742 0.000402596
0.458 0.00368591 0.000156513
0.46 0.00166832 -7.74097e-05
0.462 -1.15437e-05 -0.000293677
0.464 -0.0011837 -0.000482969
0.466 -0.00182632 -0.000635428
0.468 -0.00202117 -0.000743476
0.47 -0.00189693 -0.000803597
0.472 -0.00158393 -0.000816916
0.474 -0.00119007 -0.000788681
0.476 -0.000794064 -0.000727023
0.478 -0.000447447 -0.000641492
0.48 -0.000178681 -0.000541754
0.482 2.66241e-06 -0.000436714
0.484 0.000101731 -0.000334051
0.486 0.000134164 -0.000240048
0.488 0.000121776 -0.000159486
0.49 8.78153e-05 -9.54954e-05
0.492 5.17646e-05 -4.93303e-05
0.494 2.50227e-05 -2.0211e-05
0.496 9.81022e-06 -5.37086e-06
0.498 2.53796e-06 -4.16955e-07
0.4 0.0181074 0.777555
0.8 0.0183863 0.777272
1.2 0.0188479 0.7768
1.6 0.0194873 0.776138
2 0.020298 0.775284
2.4 0.0212715 0.774236
2.8 0.0223979 0.772994
3.2 0.0236655 0.771555
3.6 0.0250617 0.769918
4 0.0265724 0.76808
4.4 0.0281826 0.766042
4.8 0.0298766 0.763804
5.2 0.0316382 0.761365
5.6 0.0334507 0.758727
6 0.0352974 0.755893
6.4 0.0371618 0.752866
6.8 0.0390273 0.749652
7.2 0.0408784 0.746258
7.6 0.0427 0.742691
8 0.0444778 0.738961
8.4 0.0461988 0.735079
8.8 0.0478513 0.731058
9.2 0.0494247 0.726913
9.6 0.0509101 0.722659
10 0.0523001 0.718314
10.4 0.0535888 0.713894
10.8 0.0547721 0.70942
11.2 0.0558476 0.704911
11.6 0.0568145 0.700387
12 0.0576737 0.695869
12.4 0.0584275 0.691376
12.8 0.0590799 0.68693
13.2 0.0596362 0.682548
13.6 0.0601028 0.67825
14 0.0604875 0.674052
14.4 0.060799 0.669969
14.8 0.0610467 0.666015
15.2 0.0612408 0.662201
15.6 0.0613918 0.658537
16 0.0615107 0.655027
16.4 0.0616085 0.651677
16.8 0.0616963 0.648487
17.2 0.0617849 0.645454
17.6 0.0618847 0.642574
18 0.0620058 0.63984
18.4 0.0621574 0.63724
18.8 0.0623484 0.634762
19.2 0.0625864 0.63239
19.6 0.0628786 0.630106
20 0.0632308 0.627891
20.4 0.0636482 0.625723
20.8 0.0641349 0.623581
21.2 0.0646938 0.621441
21.6 0.0653272 0.61928
22 0.0660361 0.617075
22.4 0.0668209 0.614803
22.8 0.0676812 0.612442
23.2 0.0686155 0.609972
23.6 0.0696221 0.607376
24 0.0706985 0.604637
24.4 0.0718418 0.601741
24.8 0.0730487 0.598679
25.2 0.0743157 0.595443
25.6 0.0756391 0.59203
26 0.0770151 0.58844
26.4 0.07844 0.584677
26.8 0.0799101 0.580748
27.2 0.0814219 0.576665
27.6 0.082972 0.572444
28 0.0845575 0.568101
28.4 0.0861755 0.56366
28.8 0.0878236 0.559145
29.2 0.0894995 0.554583
29.6 0.0912015 0.550002
30 0.092928 0.545435
30.4 0.0946775 0.540912
30.8 0.0964489 0.536466
31.2 0.0982413 0.53213
31.6 0.100054 0.527935
32 0.101886 0.523913
32.4 0.103736 0.520092
32.8 0.105604 0.5165
33.2 0.107488 0.513161
33.6 0.109388 0.510095
34 0.111302 0.507322
34.4 0.113228 0.504855
34.8 0.115164 0.502703
35.2 0.117108 0.500874
35.6 0.119057 0.499367
36 0.121008 0.498179
36.4 0.122957 0.497305
36.8 0.1249 0.496731
37.2 0.126833 0.496442
37.6 0.128752 0.49642
38 0.130651 0.49664
38.4 0.132526 0.497079
38.8 0.134371 0.497707
39.2 0.136181 0.498494
39.6 0.13795 0.499408
40 0.139673 0.500417
40.4 0.141346 0.501488
40.8 0.142962 0.502587
41.2 0.144518 0.503683
41.6 0.146008 0.504743
42 0.147429 0.505739
42.4 0.148778 0.506644
42.8 0.150051 0.507431
43.2 0.151246 0.50808
43.6 0.152363 0.508571
44 0.153399 0.508888
44.4 0.154354 0.509019
44.8 0.15523 0.508956
45.2 0.156026 0.508693
45.6 0.156746 0.508228
46 0.157391 0.507563
46.4 0.157965 0.5067
46.8 0.158471 0.505649
47.2 0.158914 0.504417
47.6 0.1593 0.503017
48 0.159632 0.501462
48.4 0.159917 0.499766
48.8 0.160161 0.497945
49.2 0.16037 0.496016
49.6 0.16055 0.493994
50 0.160707 0.491895
50.4 0.160849 0.489735
50.8 0.160981 0.487529
51.2 0.16111 0.485291
51.6 0.161241 0.483031
52 0.16138 0.480762
52.4 0.161532 0.478492
52.8 0.161703 0.476228
53.2 0.161896 0.473976
53.6 0.162115 0.47174
54 0.162364 0.469522
54.4 0.162647 0.467323
54.8 0.162964 0.465143
55.2 0.163318 0.462981
55.6 0.163711 0.460833
56 0.164142 0.458698
56.4 0.164613 0.456571
56.8 0.165124 0.454449
57.2 0.165672 0.452328
57.6 0.166258 0.450205
58 0.16688 0.448078
58.4 0.167536 0.445944
58.8 0.168224 0.443801
59.2 0.168941 0.441649
59.6 0.169685 0.439488
60 0.170454 0.437319
60.4 0.171244 0.435144
60.8 0.172052 0.432964
61.2 0.172875 0.430785
61.6 0.17371 0.428608
62 0.174554 0.426437
62.4 0.175404 0.424277
62.8 0.176256 0.42213
63.2 0.177108 0.420001
63.6 0.177956 0.41789
64 0.178798 0.415799
64.4 0.179631 0.413728
64.8 0.180451 0.411677
65.2 0.181257 0.40964
65.6 0.182044 0.407615
66 0.18281 0.405594
66.4 0.183552 0.403567
66.8 0.184267 0.401526
67.2 0.184952 0.399456
67.6 0.185604 0.397344
68 0.18622 0.395173
68.4 0.186796 0.392926
68.8 0.187329 0.390582
69.2 0.187815 0.388123
69.6 0.18825 0.385527
70 0.188632 0.382773
70.4 0.188955 0.379841
70.8 0.189217 0.376709
71.2 0.189414 0.373357
71.6 0.189541 0.369768
72 0.189595 0.365924
72.4 0.189573 0.361809
72.8 0.189472 0.357413
73.2 0.189289 0.352723
73.6 0.18902 0.347735
74 0.188665 0.342442
74.4 0.188222 0.336846
74.8 0.18769 0.330949
75.2 0.187068 0.324756
75.6 0.186357 0.318279
76 0.185559 0.311529
76.4 0.184675 0.304524
76.8 0.183709 0.297282
77.2 0.182665 0.289826
77.6 0.181546 0.282181
78 0.18036 0.274373
78.4 0.179111 0.26643
78.8 0.177808 0.258384
79.2 0.176459 0.250265
79.6 0.175071 0.242103
80 0.173654 0.233932
80.4 0.172217 0.225781
80.8 0.17077 0.217681
81.2 0.169323 0.209662
81.6 0.167886 0.201751
82 0.166469 0.193973
82.4 0.165081 0.186353
82.8 0.163731 0.178912
83.2 0.162428 0.171667
83.6 0.161179 0.164636
84 0.159992 0.15783
84.4 0.158871 0.151261
84.8 0.157822 0.144934
85.2 0.156849 0.138855
85.6 0.155953 0.133025
86 0.155135 0.127443
86.4 0.154396 0.122106
86.8 0.153735 0.117008
87.2 0.153147 0.112142
87.6 0.15263 0.107498
88 0.152178 0.103067
88.4 0.151786 0.0988368
88.8 0.151446 0.0947946
89.2 0.151151 0.0909278
89.6 0.150894 0.0872233
90 0.150666 0.0836681
90.4 0.150459 0.0802493
90.8 0.150263 0.0769547
91.2 0.150071 0.0737727
91.6 0.149876 0.0706925
92 0.149669 0.0677046
92.4 0.149444 0.0648005
92.8 0.149196 0.0619727
93.2 0.148919 0.0592153
93.6 0.14861 0.0565237
94 0.148266 0.0538943
94.4 0.147887 0.0513252
94.8 0.14747 0.0488154
95.2 0.147018 0.0463653
95.6 0.146532 0.0439763
96 0.146015 0.0416508
96.4 0.14547 0.0393921
96.8 0.144902 0.0372043
97.2 0.144317 0.0350922
97.6 0.143718 0.0330609
98 0.143112 0.0311163
98.4 0.142505 0.0292643
98.8 0.141902 0.0275112
99.2 0.141309 0.0258631
99.6 0.14073 0.0243263
100 0.140169 0.022907
100.4 0.139631 0.0216111
100.8 0.139117 0.0204442
101.2 0.138629 0.0194115
101.6 0.138168 0.0185179
102 0.137734 0.0177679
102.4 0.137324 0.0171651
102.8 0.136937 0.016713
103.2 0.136569 0.0164142
103.6 0.136216 0.0162707
104 0.135872 0.0162839
104.4 0.135532 0.0164545
104.8 0.135189 0.0167824
105.2 0.134839 0.0172669
105.6 0.134473 0.0179065
106 0.134086 0.018699
106.4 0.133671 0.0196414
106.8 0.133224 0.0207299
107.2 0.132738 0.0219601
107.6 0.132209 0.0233266
108 0.131635 0.0248237
108.4 0.131012 0.0264445
108.8 0.130339 0.0281817
109.2 0.129615 0.0300274
109.6 0.128841 0.0319728
110 0.128019 0.034009
110.4 0.12715 0.0361261
110.8 0.126238 0.038314
111.2 0.125287 0.0405624
111.6 0.1243 0.0428603
112 0.123282 0.045197
112.4 0.122238 0.0475611
112.8 0.121171 0.0499418
113.2 0.120085 0.0523279
113.6 0.118983 0.0547085
114 0.117868 0.0570733
114.4 0.11674 0.0594118
114.8 0.115599 0.0617145
115.2 0.114443 0.0639722
115.6 0.11327 0.0661763
116 0.112075 0.0683191
116.4 0.110851 0.0703935
116.8 0.10959 0.0723934
117.2 0.108283 0.0743136
117.6 0.10692 0.0761495
118 0.105487 0.0778979
118.4 0.103973 0.0795561
118.8 0.102364 0.0811225
119.2 0.100644 0.0825965
119.6 0.0988014 0.0839783
120 0.0968206 0.0852687
120.4 0.0946889 0.0864695
120.8 0.092394 0.0875831
121.2 0.0899252 0.0886125
121.6 0.0872734 0.0895611
122 0.0844319 0.0904329
122.4 0.0813963 0.0912323
122.8 0.078165 0.0919636
123.2 0.0747394 0.0926316
123.6 0.0711242 0.0932409
124 0.0673274 0.0937965
124.4 0.0633602 0.0943027
124.8 0.0592373 0.0947643
125.2 0.0549769 0.0951854
125.6 0.0506001 0.09557
126 0.0461311 0.0959218
126.4 0.0415968 0.0962443
126.8 0.0370264 0.0965405
127.2 0.0324513 0.0968131
127.6 0.027904 0.0970644
128 0.0234186 0.0972964
128.4 0.0190295 0.097511
128.8 0.0147711 0.0977095
129.2 0.0106775 0.0978931
129.6 0.00678167 0.0980629
130 0.00311521 0.0982196
130.4 -0.000292379 0.0983639
130.8 -0.00341404 0.0984964
131.2 -0.00622556 0.0986178
131.6 -0.00870599 0.0987284
132 -0.0108379 0.0988289
132.4 -0.0126076 0.0989197
132.8 -0.0140054 0.0990016
133.2 -0.0150258 0.0990751
133.6 -0.015667 0.099141
134 -0.0159317 0.0992
134.4 -0.0158263 0.0992529
134.8 -0.015361 0.0993003
135.2 -0.0145495 0.0993431
135.6 -0.0134089 0.099382
136 -0.0119591 0.0994174
136.4 -0.0102224 0.0994499
136.8 -0.00822345 0.0994796
137.2 -0.00598852 0.0995067
137.6 -0.00354514 0.0995307
138 -0.000921656 0.0995514
138.4 0.00185318 0.0995677
138.8 0.00475064 0.0995785
139.2 0.0077424 0.0995823
139.6 0.0108009 0.0995771
140 0.0138998 0.0995607
140.4 0.0170138 0.0995305
140.8 0.0201197 0.0994836
141.2 0.0231956 0.0994168
141.6 0.0262218 0.0993267
142 0.0291806 0.0992098
142.4 0.0320562 0.0990623
142.8 0.034835 0.0988806
143.2 0.0375052 0.098661
143.6 0.040057 0.0984
144 0.0424824 0.0980942
144.4 0.0447749 0.0977407
144.8 0.0469296 0.0973367
145.2 0.0489426 0.0968801
145.6 0.0508114 0.0963692
146 0.0525342 0.0958028
146.4 0.05411 0.0951805
146.8 0.0555384 0.0945024
147.2 0.0568192 0.0937695
147.6 0.0579528 0.0929832
148 0.0589396 0.0921458
148.4 0.0597801 0.0912602
148.8 0.0604749 0.0903301
149.2 0.0610247 0.0893594
149.6 0.0614302 0.0883529
150 0.0616924 0.0873157
150.4 0.0618122 0.0862531
150.8 0.0617909 0.0851709
151.2 0.0616303 0.0840748
151.6 0.0613325 0.0829707
152 0.0609003 0.0818642
152.4 0.0603372 0.0807609
152.8 0.0596475 0.0796658
153.2 0.0588366 0.0785838
153.6 0.0579109 0.0775188
154 0.0568778 0.0764745
154.4 0.0557463 0.0754535
154.8 0.0545261 0.0744579
155.2 0.0532285 0.0734887
155.6 0.051866 0.0725461
156 0.050452 0.0716295
156.4 0.0490012 0.0707372
156.8 0.047529 0.0698667
157.2 0.0460519 0.0690148
157.6 0.0445867 0.0681772
158 0.0431507 0.0673493
158.4 0.0417615 0.0665255
158.8 0.0404364 0.0656998
159.2 0.0391927 0.0648661
159.6 0.0380468 0.0640177
160 0.0370147 0.0631478
160.4 0.036111 0.0622499
160.8 0.0353493 0.0613173
161.2 0.0347414 0.0603437
161.6 0.0342978 0.0593235
162 0.0340269 0.0582513
162.4 0.033935 0.0571225
162.8 0.0340266 0.0559334
163.2 0.0343039 0.054681
163.6 0.0347667 0.0533633
164 0.0354128 0.0519794
164.4 0.0362379 0.0505293
164.8 0.0372352 0.0490142
165.2 0.0383964 0.0474363
165.6 0.0397109 0.0457988
166 0.0411665 0.0441059
166.4 0.0427497 0.0423628
166.8 0.0444454 0.0405755
167.2 0.0462377 0.038751
167.6 0.0481094 0.0368966
168 0.0500433 0.0350206
168.4 0.0520214 0.0331312
168.8 0.0540257 0.0312375
169.2 0.0560384 0.0293482
169.6 0.0580421 0.0274726
170 0.0600199 0.0256195
170.4 0.0619558 0.0237976
170.8 0.0638345 0.0220154
171.2 0.0656422 0.0202806
171.6 0.0673661 0.0186008
172 0.0689949 0.0169826
172.4 0.0705186 0.0154319
172.8 0.0719288 0.013954
173.2 0.0732185 0.0125532
173.6 0.0743825 0.011233
174 0.0754168 0.00999606
174.4 0.076319 0.00884398
174.8 0.0770882 0.00777762
175.2 0.0777244 0.00679696
175.6 0.0782294 0.00590117
176 0.0786057 0.00508866
176.4 0.0788567 0.00435715
176.8 0.0789871 0.00370373
177.2 0.079002 0.00312494
177.6 0.078907 0.00261687
178 0.0787085 0.0021752
178.4 0.0784129 0.00179533
178.8 0.0780271 0.00147246
179.2 0.077558 0.00120164
179.6 0.0770123 0.000977889
180 0.0763968 0.000796235
180.4 0.0757182 0.000651814
180.8 0.0749828 0.000539915
181.2 0.0741965 0.000456037
181.6 0.0733651 0.000395936
182 0.0724939 0.00035566
182.4 0.0715877 0.000331579
182.8 0.0706509 0.000320405
183.2 0.0696877 0.000319204
183.6 0.0687016 0.000325399
184 0.067696 0.000336768
184.4 0.0666736 0.000351431
184.8 0.0656371 0.00036784
185.2 0.0645888 0.000384753
185.6 0.0635306 0.000401214
186 0.0624644 0.000416521
186.4 0.0613918 0.000430203
186.8 0.0603144 0.000441984
187.2 0.0592335 0.000451753
187.6 0.0581507 0.000459537
188 0.0570673 0.000465466
188.4 0.0559847 0.000469751
188.8 0.0549044 0.000472654
189.2 0.0538279 0.000474468
189.6 0.0527567 0.000475495
190 0.0516925 0.000476032
190.4 0.0506372 0.000476352
190.8 0.0495925 0.000476701
191.2 0.0485604 0.000477284
191.6 0.0475427 0.000478261
192 0.0465416 0.000479749
192.4 0.0455591 0.000481818
192.8 0.0445971 0.000484495
193.2 0.0436577 0.00048777
193.6 0.0427428 0.000491595
194 0.0418543 0.000495898
194.4 0.0409938 0.000500582
194.8 0.0401631 0.00050554
195.2 0.0393634 0.000510654
195.6 0.0385962 0.000515808
196 0.0378625 0.000520889
196.4 0.0371632 0.000525797
196.8 0.036499 0.000530446
197.2 0.0358704 0.000534768
197.6 0.0352777 0.000538719
198 0.0347209 0.000542277
198.4 0.0342001 0.000545442
198.8 0.0337152 0.000548239
199.2 0.0332657 0.000550716
199.6 0.0328513 0.00055294
200 0.0324716 0.000554997
200.4 0.0321261 0.000556989
200.8 0.0318144 0.000559028
201.2 0.0315361 0.000561236
201.6 0.0312909 0.000563742
202 0.0310784 0.000566674
202.4 0.0308987 0.00057016
202.8 0.0307518 0.000574323
203.2 0.0306379 0.00057928
203.6 0.0305574 0.000585136
204 0.0305107 0.000591986
204.4 0.0304986 0.000599911
204.8 0.0305219 0.000608977
205.2 0.0305815 0.000619233
205.6 0.0306784 0.000630715
206 0.0308136 0.000643439
206.4 0.0309882 0.000657406
206.8 0.0312031 0.000672599
207.2 0.031459 0.000688989
207.6 0.0317568 0.000706527
208 0.0320968 0.000725153
208.4 0.0324791 0.000744792
208.8 0.0329036 0.000765358
209.2 0.0333696 0.000786752
209.6 0.0338762 0.000808866
210 0.0344217 0.000831581
210.4 0.0350041 0.000854772
210.8 0.035621 0.000878307
211.2 0.0362693 0.000902048
211.6 0.0369454 0.000925854
212 0.0376452 0.000949579
212.4 0.0383642 0.000973078
212.8 0.0390975 0.000996205
213.2 0.0398398 0.00101882
213.6 0.0405854 0.00104078
214 0.0413287 0.00106194
214.4 0.0420637 0.00108219
214.8 0.0427845 0.00110141
215.2 0.0434852 0.00111947
215.6 0.0441602 0.0011363
216 0.0448041 0.00115179
216.4 0.045412 0.00116589
216.8 0.0459792 0.00117855
217.2 0.0465018 0.00118971
217.6 0.0469765 0.00119937
218 0.0474006 0.00120753
218.4 0.0477722 0.0012142
218.8 0.0480902 0.00121942
219.2 0.0483542 0.00122323
219.6 0.0485648 0.00122572
220 0.0487231 0.00122696
220.4 0.048831 0.00122705
220.8 0.0488913 0.00122609
221.2 0.0489071 0.00122422
221.6 0.0488823 0.00122154
222 0.0488211 0.00121819
222.4 0.0487279 0.0012143
222.8 0.0486075 0.00121001
223.2 0.0484647 0.00120543
223.6 0.0483044 0.00120069
224 0.0481311 0.00119591
224.4 0.0479493 0.00119118
224.8 0.0477629 0.0011866
225.2 0.0475755 0.00118226
225.6 0.0473901 0.00117821
226 0.047209 0.00117451
226.4 0.0470341 0.00117121
226.8 0.0468662 0.00116832
227.2 0.0467058 0.00116587
227.6 0.0465523 0.00116386
228 0.0464048 0.00116229
228.4 0.0462614 0.00116115
228.8 0.0461199 0.00116042
229.2 0.0459776 0.00116008
229.6 0.0458312 0.00116013
230 0.0456773 0.00116054
230.4 0.0455122 0.00116131
230.8 0.0453323 0.00116244
231.2 0.0451338 0.00116393
231.6 0.0449134 0.00116581
232 0.0446677 0.0011681
232.4 0.0443942 0.00117084
232.8 0.0440903 0.00117409
233.2 0.0437546 0.00117791
233.6 0.0433858 0.00118238
234 0.0429835 0.00118757
234.4 0.0425482 0.00119357
234.8 0.0420808 0.00120048
235.2 0.0415831 0.00120838
235.6 0.0410575 0.00121735
236 0.040507 0.00122748
236.4 0.0399353 0.00123883
236.8 0.0393463 0.00125145
237.2 0.0387444 0.00126537
237.6 0.0381343 0.00128059
238 0.0375208 0.0012971
238.4 0.0369085 0.00131485
238.8 0.0363022 0.00133375
239.2 0.0357061 0.0013537
239.6 0.0351243 0.00137452
240 0.0345603 0.00139605
240.4 0.034017 0.00141806
240.8 0.0334967 0.00144029
241.2 0.033001 0.00146245
241.6 0.0325306 0.00148425
242 0.0320856 0.00150532
242.4 0.0316652 0.00152533
242.8 0.0312678 0.00154389
243.2 0.0308912 0.00156063
243.6 0.0305324 0.00157516
244 0.0301878 0.00158712
244.4 0.0298534 0.00159613
244.8 0.0295249 0.00160184
245.2 0.0291975 0.00160395
245.6 0.0288664 0.00160215
246 0.0285268 0.00159621
246.4 0.0281739 0.00158592
246.8 0.0278033 0.00157111
247.2 0.027411 0.00155169
247.6 0.0269933 0.00152761
248 0.0265473 0.00149888
248.4 0.0260705 0.00146558
248.8 0.0255615 0.00142785
249.2 0.0250192 0.00138586
249.6 0.0244438 0.00133988
250 0.023836 0.00129021
250.4 0.0231973 0.00123721
250.8 0.0225302 0.00118128
251.2 0.0218374 0.00112285
251.6 0.0211228 0.00106242
252 0.0203905 0.00100046
252.4 0.0196449 0.000937521
252.8 0.0188911 0.000874114
253.2 0.0181342 0.000810775
253.6 0.0173791 0.00074803
254 0.0166312 0.000686392
254.4 0.0158953 0.000626351
254.8 0.0151761 0.000568368
255.2 0.0144778 0.00051287
255.6 0.0138044 0.00046024
256 0.0131591 0.000410816
256.4 0.0125446 0.000364884
256.8 0.0119631 0.000322676
257.2 0.0114159 0.000284368
257.6 0.010904 0.000250078
258 0.0104274 0.000219866
258.4 0.00998596 0.000193738
258.8 0.00957866 0.000171641
259.2 0.00920425 0.000153476
259.6 0.00886107 0.000139091
260 0.0085472 0.000128296
260.4 0.00826056 0.00012086
260.8 0.00799903 0.000116523
261.2 0.00776055 0.000115
261.6 0.00754319 0.000115986
262 0.00734528 0.000119165
262.4 0.0071655 0.00012422
262.8 0.0070029 0.000130831
263.2 0.00685703 0.000138692
263.6 0.00672791 0.000147506
264 0.0066161 0.000157002
264.4 0.00652268 0.00016693
264.8 0.00644924 0.000177071
265.2 0.00639783 0.000187238
265.6 0.00637092 0.000197278
266 0.00637132 0.000207075
266.4 0.00640209 0.00021655
266.8 0.00646643 0.000225659
267.2 0.00656757 0.000234393
267.6 0.00670866 0.000242778
268 0.00689263 0.000250867
268.4 0.00712208 0.000258738
268.8 0.00739914 0.000266495
269.2 0.00772538 0.000274253
269.6 0.00810166 0.000282141
270 0.00852809 0.000290293
270.4 0.00900392 0.000298842
270.8 0.0095275 0.000307914
271.2 0.0100962 0.000317624
271.6 0.0107065 0.000328069
272 0.0113539 0.000339322
272.4 0.0120329 0.000351429
272.8 0.0127372 0.000364406
273.2 0.0134597 0.000378231
273.6 0.0141927 0.000392847
274 0.0149277 0.000408158
274.4 0.015656 0.000424024
274.8 0.0163685 0.000440271
275.2 0.0170559 0.00045668
275.6 0.017709 0.000472998
276 0.0183187 0.000488939
276.4 0.0188764 0.000504183
276.8 0.0193739 0.000518386
277.2 0.0198038 0.000531182
277.6 0.0201592 0.000542191
278 0.0204346 0.000551022
278.4 0.0206251 0.000557282
278.8 0.0207272 0.000560583
279.2 0.0207386 0.000560548
279.6 0.0206581 0.00055682
280 0.020486 0.000549063
280.4 0.0202235 0.000536976
280.8 0.0198733 0.000520295
281.2 0.0194394 0.0004988
281.6 0.0189265 0.000472319
282 0.0183406 0.000440732
282.4 0.0176886 0.000403977
282.8 0.0169779 0.00036205
283.2 0.0162169 0.000315009
283.6 0.0154142 0.000262972
284 0.0145788 0.000206119
284.4 0.0137197 0.000144691
284.8 0.0128463 7.89872e-05
285.2 0.0119673 9.36189e-06
285.6 0.0110916 -6.37791e-05
286 0.0102274 -0.000139983
286.4 0.00938232 -0.000218755
286.8 0.00856339 -0.000299566
287.2 0.00777686 -0.000381856
287.6 0.00702815 -0.000465043
288 0.00632179 -0.000548532
288.4 0.00566141 -0.000631717
288.8 0.00504966 -0.000713994
289.2 0.00448832 -0.000794767
289.6 0.00397824 -0.000873451
290 0.00351939 -0.000949488
290.4 0.00311096 -0.00102234
290.8 0.00275141 -0.00109152
291.2 0.00243852 -0.00115655
291.6 0.00216952 -0.00121704
292 0.00194118 -0.0012726
292.4 0.00174989 -0.00132294
292.8 0.00159177 -0.0013678
293.2 0.00146279 -0.00140697
293.6 0.00135887 -0.00144032
294 0.00127592 -0.00146777
294.4 0.00120999 -0.0014893
294.8 0.00115732 -0.00150494
295.2 0.00111439 -0.00151478
295.6 0.00107803 -0.00151896
296 0.0010454 -0.00151769
296.4 0.00101405 -0.00151119
296.8 0.000981955 -0.00149975
297.2 0.000947506 -0.00148367
297.6 0.000909509 -0.00146332
298 0.000867174 -0.00143906
298.4 0.000820094 -0.00141128
298.8 0.000768209 -0.00138039
299.2 0.000711775 -0.00134681
299.6 0.000651317 -0.00131095
300 0.000587581 -0.00127324
300.4 0.00052149 -0.00123409
300.8 0.000454088 -0.00119389
301.2 0.000386497 -0.00115303
301.6 0.000319862 -0.00111188
302 0.000255314 -0.00107077
302.4 0.000193926 -0.00103002
302.8 0.00013668 -0.000989924
303.2 8.44333e-05 -0.000950727
303.6 3.79009e-05 -0.000912658
304 -2.36582e-06 -0.000875906
304.4 -3.59882e-05 -0.000840632
304.8 -6.27648e-05 -0.000806961
305.2 -8.26698e-05 -0.000774987
305.6 -9.58459e-05 -0.000744774
306 -0.000102592 -0.000716356
306.4 -0.000103349 -0.00068974
306.8 -9.86754e-05 -0.000664909
307.2 -8.92304e-05 -0.000641822
307.6 -7.57464e-05 -0.00062042
308 -5.90053e-05 -0.000600625
308.4 -3.98133e-05 -0.000582348
308.8 -1.89764e-05 -0.000565485
309.2 2.72223e-06 -0.000549926
309.6 2.4543e-05 -0.000535556
310 4.58084e-05 -0.000522256
310.4 6.5918e-05 -0.000509906
310.8 8.43606e-05 -0.000498389
311.2 0.000100722 -0.000487593
311.6 0.000114692 -0.000477409
312 0.000126064 -0.000467737
312.4 0.000134732 -0.000458486
312.8 0.00014069 -0.000449573
313.2 0.000144021 -0.000440925
313.6 0.000144888 -0.000432481
314 0.000143525 -0.000424188
314.4 0.000140218 -0.000416005
314.8 0.000135298 -0.0004079
315.2 0.000129122 -0.000399852
315.6 0.000122061 -0.000391846
316 0.000114485 -0.000383877
316.4 0.000106752 -0.000375945
316.8 9.9197e-05 -0.000368056
317.2 9.2119e-05 -0.000360222
317.6 8.57765e-05 -0.000352457
318 8.03802e-05 -0.000344778
318.4 7.60891e-05 -0.000337204
318.8 7.30084e-05 -0.000329752
319.2 7.11899e-05 -0.000322442
319.6 7.06337e-05 -0.000315291
320 7.12916e-05 -0.000308315
320.4 7.30723e-05 -0.000301527
320.8 7.58473e-05 -0.000294937
321.2 7.94581e-05 -0.000288554
321.6 8.37236e-05 -0.000282383
322 8.84483e-05 -0.000276426
322.4 9.343e-05 -0.000270683
322.8 9.84674e-05 -0.000265149
323.2 0.000103368 -0.000259819
323.6 0.000107952 -0.000254686
324 0.000112062 -0.00024974
324.4 0.000115564 -0.000244969
324.8 0.000118352 -0.000240364
325.2 0.000120349 -0.000235912
325.6 0.000121509 -0.0002316
326 0.000121818 -0.000227418
326.4 0.000121289 -0.000223353
326.8 0.000119963 -0.000219396
327.2 0.000117904 -0.000215538
327.6 0.000115197 -0.00021177
328 0.000111942 -0.000208085
328.4 0.000108249 -0.000204478
328.8 0.000104235 -0.000200945
329.2 0.000100019 -0.000197482
329.6 9.57161e-05 -0.000194087
330 9.14346e-05 -0.000190759
330.4 8.72723e-05 -0.000187497
330.8 8.33132e-05 -0.0001843
331.2 7.96256e-05 -0.000181167
331.6 7.62603e-05 -0.0001781
332 7.32498e-05 -0.000175097
332.4 7.06086e-05 -0.000172157
332.8 6.83333e-05 -0.000169279
333.2 6.64046e-05 -0.000166461
333.6 6.47887e-05 -0.000163701
334 6.34399e-05 -0.000160994
334.4 6.23032e-05 -0.000158336
334.8 6.13175e-05 -0.000155724
335.2 6.04182e-05 -0.000153151
335.6 5.95407e-05 -0.000150611
336 5.86234e-05 -0.000148099
336.4 5.76097e-05 -0.000145607
336.8 5.64513e-05 -0.000143132
337.2 5.51094e-05 -0.000140665
337.6 5.35565e-05 -0.000138202
338 5.17775e-05 -0.000135738
338.4 4.97698e-05 -0.00013327
338.8 4.75437e-05 -0.000130794
339.2 4.51212e-05 -0.000128307
339.6 4.25357e-05 -0.000125811
340 3.98298e-05 -0.000123303
340.4 3.7054e-05 -0.000120787
340.8 3.42646e-05 -0.000118265
341.2 3.15211e-05 -0.00011574
341.6 2.88844e-05 -0.000113217
342 2.64139e-05 -0.000110702
342.4 2.41657e-05 -0.0001082
342.8 2.21905e-05 -0.000105717
343.2 2.05312e-05 -0.000103261
343.6 1.92223e-05 -0.000100839
344 1.82879e-05 -9.8456e-05
344.4 1.77412e-05 -9.61196e-05
344.8 1.75843e-05 -9.3835e-05
345.2 1.78079e-05 -9.16074e-05
345.6 1.83918e-05 -8.94408e-05
346 1.93057e-05 -8.73386e-05
346.4 2.05102e-05 -8.53029e-05
346.8 2.19585e-05 -8.33348e-05
347.2 2.35975e-05 -8.14344e-05
347.6 2.53701e-05 -7.96007e-05
348 2.72166e-05 -7.78316e-05
348.4 2.90771e-05 -7.61243e-05
348.8 3.08927e-05 -7.44749e-05
349.2 3.26079e-05 -7.28793e-05
349.6 3.4172e-05 -7.13323e-05
350 3.55402e-05 -6.98288e-05
350.4 3.66751e-05 -6.83635e-05
350.8 3.75474e-05 -6.69308e-05
351.2 3.81364e-05 -6.55255e-05
351.6 3.84304e-05 -6.41427e-05
352 3.84266e-05 -6.27777e-05
352.4 3.81304e-05 -6.14267e-05
352.8 3.75556e-05 -6.00864e-05
353.2 3.67224e-05 -5.8754e-05
353.6 3.56575e-05 -5.74277e-05
354 3.43921e-05 -5.61065e-05
354.4 3.29608e-05 -5.47898e-05
354.8 3.14007e-05 -5.34782e-05
355.2 2.97491e-05 -5.21725e-05
355.6 2.80432e-05 -5.08743e-05
356 2.63182e-05 -4.95855e-05
356.4 2.46066e-05 -4.83087e-05
356.8 2.29369e-05 -4.70463e-05
357.2 2.13333e-05 -4.58011e-05
357.6 1.98148e-05 -4.45759e-05
358 1.83953e-05 -4.33732e-05
358.4 1.70831e-05 -4.21956e-05
358.8 1.58813e-05 -4.10451e-05
359.2 1.47879e-05 -3.99235e-05
359.6 1.37967e-05 -3.88322e-05
360 1.28972e-05 -3.77722e-05
360.4 1.20764e-05 -3.67437e-05
360.8 1.13186e-05 -3.57469e-05
361.2 1.06068e-05 -3.47812e-05
361.6 9.92381e-06 -3.38456e-05
362 9.2525e-06 -3.2939e-05
362.4 8.57706e-06 -3.20597e-05
362.8 7.88352e-06 -3.12058e-05
363.2 7.16041e-06 -3.03754e-05
363.6 6.39917e-06 -2.95663e-05
364 5.59446e-06 -2.87764e-05
364.4 4.74437e-06 -2.80038e-05
364.8 3.85036e-06 -2.72464e-05
365.2 2.91712e-06 -2.65024e-05
365.6 1.95233e-06 -2.57703e-05
366 9.66177e-07 -2.50489e-05
366.4 -2.90923e-08 -2.43371e-05
366.8 -1.01979e-06 -2.36342e-05
367.2 -1.99141e-06 -2.29397e-05
367.6 -2.9293e-06 -2.22535e-05
368 -3.81932e-06 -2.15758e-05
368.4 -4.64843e-06 -2.09067e-05
368.8 -5.40531e-06 -2.02468e-05
369.2 -6.08081e-06 -1.95968e-05
369.6 -6.66836e-06 -1.89572e-05
370 -7.16424e-06 -1.8329e-05
370.4 -7.56773e-06 -1.77128e-05
370.8 -7.8812e-06 -1.71094e-05
371.2 -8.10996e-06 -1.65195e-05
371.6 -8.26207e-06 -1.59436e-05
372 -8.34805e-06 -1.53823e-05
372.4 -8.38046e-06 -1.4836e-05
372.8 -8.37339e-06 -1.43049e-05
373.2 -8.34196e-06 -1.37891e-05
373.6 -8.3017e-06 -1.32887e-05
374 -8.26797e-06 -1.28038e-05
374.4 -8.25539e-06 -1.23342e-05
374.8 -8.27728e-06 -1.18799e-05
375.2 -8.34515e-06 -1.14409e-05
375.6 -8.46828e-06 -1.10171e-05
376 -8.65338e-06 -1.06087e-05
376.4 -8.90432e-06 -1.02157e-05
376.8 -9.222e-06 -9.83844e-06
377.2 -9.60431e-06 -9.47732e-06
377.6 -1.00462e-05 -9.13283e-06
378 -1.05398e-05 -8.80557e-06
378.4 -1.10747e-05 -8.49627e-06
378.8 -1.16385e-05 -8.2057e-06
379.2 -1.22169e-05 -7.9347e-06
379.6 -1.27942e-05 -7.68412e-06
380 -1.33542e-05 -7.45477e-06
380.4 -1.38802e-05 -7.24737e-06
380.8 -1.43559e-05 -7.06254e-06
381.2 -1.47658e-05 -6.90072e-06
381.6 -1.50954e-05 -6.76214e-06
382 -1.5332e-05 -6.64676e-06
382.4 -1.54649e-05 -6.55429e-06
382.8 -1.54856e-05 -6.48411e-06
383.2 -1.5388e-05 -6.43529e-06
383.6 -1.51687e-05 -6.40655e-06
384 -1.48266e-05 -6.39632e-06
384.4 -1.43635e-05 -6.40271e-06
384.8 -1.37834e-05 -6.42357e-06
385.2 -1.30924e-05 -6.4565e-06
385.6 -1.22987e-05 -6.49893e-06
386 -1.1412e-05 -6.54815e-06
386.4 -1.04435e-05 -6.60139e-06
386.8 -9.40499e-06 -6.65589e-06
387.2 -8.30915e-06 -6.70893e-06
387.6 -7.16872e-06 -6.75797e-06
388 -5.99637e-06 -6.80063e-06
388.4 -4.80434e-06 -6.83481e-06
388.8 -3.6042e-06 -6.85873e-06
389.2 -2.40661e-06 -6.87096e-06
389.6 -1.22121e-06 -6.87045e-06
390 -5.6435e-08 -6.85659e-06
390.4 1.08046e-06 -6.82917e-06
390.8 2.18345e-06 -6.78841e-06
391.2 3.2477e-06 -6.73491e-06
391.6 4.26943e-06 -6.66966e-06
392 5.24586e-06 -6.59399e-06
392.4 6.17502e-06 -6.50948e-06
392.8 7.05562e-06 -6.41797e-06
393.2 7.88685e-06 -6.32145e-06
393.6 8.6683e-06 -6.22199e-06
394 9.39973e-06 -6.12171e-06
394.4 1.0081e-05 -6.02268e-06
394.8 1.0712e-05 -5.92688e-06
395.2 1.12925e-05 -5.83612e-06
395.6 1.18223e-05 -5.75199e-06
396 1.23009e-05 -5.67585e-06
396.4 1.27281e-05 -5.60877e-06
396.8 1.31035e-05 -5.55153e-06
397.2 1.3427e-05 -5.50456e-06
397.6 1.36988e-05 -5.46805e-06
398 1.39197e-05 -5.44184e-06
398.4 1.40909e-05 -5.42555e-06
398.8 1.42146e-05 -5.41853e-06
399.2 1.42937e-05 -5.41999e-06
399.6 1.43325e-05 -5.42895e-06
400 1.43363e-05 -5.44437e-06
