-0.498 -8.77593e-06 5.18594e-06
-0.496 -3.2243e-05 2.36195e-05
-0.494 -4.6236e-05 5.95991e-05
-0.492 -8.80442e-06 0.000117019
-0.49 0.000117336 0.000198833
-0.488 0.000337201 0.000306514
-0.486 0.000604496 0.000439651
-0.484 0.00082348 0.000595841
-0.482 0.000876472 0.000770972
-0.48 0.000670324 0.000959826
-0.478 0.000184795 0.00115681
-0.476 -0.000498415 0.00135655
-0.474 -0.00120248 0.00155402
-0.472 -0.00170216 0.00174432
-0.47 -0.00179849 0.00192196
-0.468 -0.00139676 0.00208032
-0.466 -0.000558331 0.00221155
-0.464 0.000496913 0.00230745
-0.462 0.00144567 0.00236111
-0.46 0.00196324 0.00236906
-0.458 0.00184321 0.00233286
-0.456 0.00109329 0.00225939
-0.454 -3.34732e-05 0.00215914
-0.452 -0.00109578 0.0020429
-0.45 -0.00160246 0.00191781
-0.448 -0.00119182 0.0017843
-0.446 0.000209918 0.00163509
-0.444 0.00231153 0.00145719
-0.442 0.00449633 0.00123661
-0.44 0.00597502 0.0009646
-0.438 0.00601216 0.00064333
-0.436 0.00416314 0.00028879
-0.434 0.000450397 -7.07762e-05
-0.432 -0.00458325 -0.000401172
-0.43 -0.00997626 -0.000671843
-0.428 -0.0145903 -0.000865883
-0.426 -0.017428 -0.000987043
-0.424 -0.017928 -0.00106089
-0.422 -0.0161389 -0.00112889
-0.42 -0.0127095 -0.00123634
-0.418 -0.00869554 -0.00141707
-0.416 -0.00524673 -0.00167961
-0.414 -0.00326877 -0.00199947
-0.412 -0.00315742 -0.00232122
-0.41 -0.00467855 -0.0025711
-0.408 -0.0070331 -0.00267766
-0.406 -0.00909754 -0.00259452
-0.404 -0.00977535 -0.00231798
-0.402 -0.00835196 -0.00189344
-0.4 -0.00473496 -0.00140814
-0.398 0.000507739 -0.000972203
-0.396 0.00632963 -0.000693823
-0.394 0.0115422 -0.000656126
-0.392 0.0151842 -0.000902789
-0.39 0.0167973 -0.00143684
-0.388 0.0165303 -0.00223284
-0.386 0.0150543 -0.003258
-0.384 0.0133306 -0.0044944
-0.382 0.0123092 -0.005953
-0.38 0.0126474 -0.00767225
-0.378 0.0145312 -0.00969939
-0.376 0.0176504 -0.0120587
-0.374 0.0213377 -0.0147162
-0.372 0.0248263 -0.0175524
-0.37 0.0275228 -0.0203536
-0.368 0.0291766 -0.0228269
-0.366 0.0298703 -0.0246401
-0.364 0.0298457 -0.0254779
-0.362 0.0292628 -0.0251048
-0.36 0.0280163 -0.0234178
-0.358 0.0257055 -0.0204743
-0.356 0.0217711 -0.0164891
-0.354 0.0157408 -0.0117985
-0.352 0.00749014 -0.00680388
-0.35 -0.00256725 -0.00191056
-0.348 -0.0134193 0.00252451
-0.346 -0.0235713 0.00622394
-0.344 -0.0313532 0.00899809
-0.342 -0.0353723 0.0107337
-0.34 -0.0349786 0.0113713
-0.338 -0.0305604 0.0108832
-0.336 -0.0235133 0.00925894
-0.334 -0.0158439 0.00650543
-0.332 -0.00952962 0.00266024
-0.33 -0.00587013 -0.00218871
-0.328 -0.00506823 -0.00788628
-0.326 -0.00617762 -0.0142062
-0.324 -0.0074231 -0.0208654
-0.322 -0.00679706 -0.027556
-0.32 -0.00277908 -0.0339868
-0.318 0.00501793 -0.039924
-0.316 0.0155021 -0.0452205
-0.314 0.026254 -0.0498275
-0.312 0.0342315 -0.0537869
-0.31 0.0368547 -0.0572073
-0.308 0.0330826 -0.0602315
-0.306 0.0240312 -0.0630043
-0.304 0.0128401 -0.0656475
-0.302 0.0037907 -0.0682452
-0.3 0.000960313 -0.0708373
-0.298 0.00682489 -0.0734171
-0.296 0.021201 -0.0759251
-0.294 0.0408233 -0.0782405
-0.292 0.0597499 -0.0801732
-0.29 0.0706471 -0.0814633
-0.288 0.0667726 -0.0817943
-0.286 0.0441857 -0.0808258
-0.284 0.00349369 -0.0782438
-0.282 -0.0495431 -0.0738232
-0.28 -0.104916 -0.0674897
-0.278 -0.150639 -0.0593639
-0.276 -0.175769 -0.0497691
-0.274 -0.173328 -0.0391938
-0.272 -0.14235 -0.0282098
-0.27 -0.0885461 -0.0173654
-0.268 -0.0233712 -0.00707979
-0.266 0.0383876 0.00242866
-0.264 0.0820555 0.0111585
-0.262 0.096766 0.0192773
-0.26 0.0784144 0.0270211
-0.258 0.0309464 0.0345697
-0.256 -0.0345004 0.0419333
-0.254 -0.102396 0.0488881
-0.252 -0.15672 0.0549816
-0.25 -0.18484 0.0596107
-0.248 -0.180377 0.0621482
-0.246 -0.144439 0.0620807
-0.244 -0.0850701 0.0591147
-0.242 -0.0151067 0.0532188
-0.24 0.0510625 0.0445912
-0.238 0.10109 0.0335651
-0.236 0.127702 0.0204865
-0.234 0.130273 0.00560684
-0.232 0.114426 -0.0109688
-0.23 0.0897938 -0.0292526
-0.228 0.0667423 -0.0492678
-0.226 0.0531645 -0.0708934
-0.224 0.0523015 -0.0937107
-0.222 0.0620602 -0.116907
-0.22 0.0758166 -0.139279
-0.218 0.0843851 -0.159361
-0.216 0.0787017 -0.175645
-0.214 0.0526556 -0.186859
-0.212 0.00534301 -0.192218
-0.21 -0.0580157 -0.191603
-0.208 -0.126954 -0.185585
-0.206 -0.18827 -0.175321
-0.204 -0.229371 -0.162321
-0.202 -0.241405 -0.148156
-0.2 -0.221312 -0.134179
-0.198 -0.172451 -0.121328
-0.196 -0.103875 -0.110039
-0.194 -0.0285038 -0.100291
-0.192 0.0394952 -0.0917415
-0.19 0.0877626 -0.0838984
-0.188 0.108589 -0.0762852
-0.186 0.10075 -0.0685346
-0.184 0.0697116 -0.0604028
-0.182 0.0261023 -0.0517145
-0.18 -0.0170364 -0.0422794
-0.178 -0.0474076 -0.031831
-0.176 -0.0562689 -0.0200282
-0.174 -0.0404134 -0.0065378
-0.172 -0.00305865 0.00881976
-0.17 0.0465427 0.0259057
-0.168 0.0948725 0.0441373
-0.166 0.127142 0.0624524
-0.164 0.130921 0.0793917
-0.162 0.0994838 0.0932912
-0.16 0.0339246 0.102548
-0.158 -0.0565327 0.105895
-0.156 -0.156152 0.102623
-0.154 -0.24589 0.0926873
-0.152 -0.307567 0.0766877
-0.15 -0.328139 0.055726
-0.148 -0.303129 0.0311976
-0.146 -0.23826 0.00457261
-0.144 -0.148671 -0.0227735
-0.142 -0.0556808 -0.0496477
-0.14 0.0182304 -0.0750429
-0.138 0.0549965 -0.0980873
-0.136 0.045673 -0.117981
-0.134 -0.00695338 -0.133964
-0.132 -0.0886191 -0.145338
-0.13 -0.176808 -0.151533
-0.128 -0.246306 -0.15218
-0.126 -0.27578 -0.147155
-0.124 -0.253683 -0.136536
-0.122 -0.181827 -0.120479
-0.12 -0.0755343 -0.0990276
-0.118 0.0398149 -0.0719162
-0.116 0.135036 -0.0384494
-0.114 0.184617 0.00248011
-0.112 0.173499 0.0521971
-0.11 0.101343 0.111882
-0.108 -0.0169482 0.182108
-0.106 -0.154715 0.262381
-0.104 -0.280193 0.350799
-0.102 -0.36459 0.44394
-0.1 -0.389447 0.537007
-0.098 -0.351318 0.624223
-0.096 -0.262496 0.699384
-0.094 -0.147575 0.756486
-0.092 -0.0367345 0.790283
-0.09 0.0424409 0.796709
-0.088 0.0723681 0.77312
-0.086 0.0500154 0.718389
-0.084 -0.0127058 0.632913
-0.082 -0.0927685 0.518629
-0.08 -0.162888 0.379071
-0.078 -0.199382 0.219466
-0.076 -0.188833 0.0468075
-0.074 -0.131762 -0.13021
-0.072 -0.0424157 -0.301473
-0.07 0.0552343 -0.456023
-0.068 0.134135 -0.582911
-0.066 0.171575 -0.67226
-0.064 0.155209 -0.716393
-0.062 0.0858998 -0.710811
-0.06 -0.0234019 -0.654827
-0.058 -0.152184 -0.55168
-0.056 -0.278706 -0.408074
-0.054 -0.386099 -0.233206
-0.052 -0.466432 -0.0374525
-0.05 -0.52164 0.16902
-0.048 -0.561175 0.377492
-0.046 -0.597275 0.581567
-0.044 -0.639432 0.777613
-0.042 -0.690007 0.96478
-0.04 -0.742518 1.14472
-0.038 -0.783225 1.32115
-0.036 -0.795397 1.49944
-0.034 -0.764758 1.68622
-0.032 -0.684331 1.8891
-0.03 -0.557108 2.11626
-0.028 -0.395588 2.37599
-0.026 -0.218051 2.67583
-0.024 -0.0424099 3.02161
-0.022 0.12057 3.41621
-0.02 0.272275 3.85847
-0.018 0.427305 4.34237
-0.016 0.609667 4.85672
-0.014 0.845014 5.38553
-0.012 1.15132 5.90906
-0.01 1.53076 6.40532
-0.008 1.96501 6.85189
-0.006 2.41521 7.22774
-0.004 2.82697 7.51476
-0.002 3.13981 7.69893
0 3.29966 7.77119
0.002 3.27157 7.72788
0.004 3.0492 7.57095
0.006 2.65775 7.30788
0.008 2.14923 6.95135
0.01 1.59142 6.51846
0.012 1.05388 6.02961
0.014 0.594726 5.50697
0.016 0.250777 4.97271
0.018 0.032556 4.4472
0.02 -0.0752353 3.94737
0.022 -0.107898 3.48567
0.024 -0.110652 3.0695
0.026 -0.12659 2.70144
0.028 -0.185946 2.37996
0.03 -0.299694 2.10047
0.032 -0.458953 1.85645
0.034 -0.639513 1.64042
0.036 -0.809335 1.44471
0.038 -0.936719 1.26201
0.04 -0.997431 1.08575
0.042 -0.979766 0.910377
0.044 -0.886786 0.731737
0.046 -0.735274 0.547465
0.048 -0.551542 0.357427
0.05 -0.365206 0.164053
0.052 -0.202807 -0.027581
0.054 -0.0830177 -0.210052
0.056 -0.0143412 -0.374332
0.058 0.0048967 -0.510901
0.06 -0.0150808 -0.611065
0.062 -0.0581771 -0.668239
0.064 -0.105857 -0.678961
0.066 -0.140996 -0.643432
0.068 -0.151442 -0.565496
0.07 -0.132356 -0.452107
0.072 -0.0867232 -0.312402
0.074 -0.0240963 -0.156605
0.076 0.0418223 0.00504152
0.078 0.0960866 0.163151
0.08 0.125483 0.309782
0.082 0.121349 0.438736
0.084 0.0818725 0.54559
0.086 0.0132198 0.627587
0.088 -0.0712014 0.683438
0.09 -0.153526 0.713156
0.092 -0.215631 0.717932
0.094 -0.243559 0.700047
0.096 -0.230926 0.662773
0.098 -0.180524 0.610188
0.1 -0.103825 0.546878
0.102 -0.0185412 0.477532
0.104 0.0552834 0.406481
0.106 0.0999379 0.337266
0.108 0.10447 0.272339
0.11 0.067689 0.212951
0.112 -0.00128372 0.159263
0.114 -0.0852721 0.110644
0.116 -0.163537 0.0660761
0.118 -0.217197 0.02457
0.12 -0.234029 -0.0145042
0.122 -0.211376 -0.0512356
0.124 -0.156478 -0.0851516
0.126 -0.0842711 -0.115332
0.128 -0.0133156 -0.140606
0.13 0.0390923 -0.159773
0.132 0.0614124 -0.171789
0.134 0.0507399 -0.175909
0.136 0.0132134 -0.171758
0.138 -0.0381923 -0.159376
0.14 -0.0877705 -0.139233
0.142 -0.121765 -0.112242
0.144 -0.132199 -0.0797681
0.146 -0.118766 -0.0436258
0.148 -0.0883867 -0.00603118
0.15 -0.0527155 0.0305104
0.152 -0.024453 0.0633995
0.154 -0.013511 0.0902094
0.156 -0.0240639 0.108986
0.158 -0.0532938 0.118515
0.16 -0.0922197 0.118499
0.162 -0.128381 0.109578
0.164 -0.149539 0.0931996
0.166 -0.147224 0.0713579
0.168 -0.119081 0.0462632
0.17 -0.0693777 0.0200198
0.172 -0.007657 -0.00562007
0.174 0.0539404 -0.0293875
0.176 0.103821 -0.0505018
0.178 0.133694 -0.0685791
0.18 0.140291 -0.0834951
0.182 0.125705 -0.0952595
0.184 0.0963378 -0.103948
0.186 0.0608231 -0.109705
0.188 0.0275714 -0.112805
0.19 0.002655 -0.113727
0.192 -0.0114093 -0.113202
0.194 -0.0157418 -0.112187
0.196 -0.0141738 -0.11175
0.198 -0.0117424 -0.112881
0.2 -0.0131449 -0.116267
0.202 -0.0215631 -0.122101
0.204 -0.0380244 -0.129972
0.206 -0.0613022 -0.138891
0.208 -0.0882899 -0.147455
0.21 -0.11474 -0.154111
0.212 -0.136196 -0.157463
0.214 -0.148906 -0.156545
0.216 -0.150519 -0.150985
0.218 -0.140449 -0.141046
0.22 -0.119916 -0.127516
0.222 -0.0917797 -0.111509
0.224 -0.0602906 -0.0942178
0.226 -0.0307255 -0.0766975
0.228 -0.00875411 -0.0597123
0.23 0.000580647 -0.0436923
0.232 -0.00586597 -0.0287823
0.234 -0.0281993 -0.0149613
0.236 -0.0629267 -0.00218236
0.238 -0.103263 0.00950995
0.24 -0.140282 0.0199215
0.242 -0.164657 0.0287233
0.244 -0.168635 0.0355278
0.246 -0.147911 0.0399955
0.248 -0.103021 0.0419349
0.25 -0.0398506 0.0413612
0.252 0.0311115 0.0384979
0.254 0.0968217 0.0337245
0.256 0.144618 0.0274888
0.258 0.165247 0.0202137
0.26 0.15508 0.0122255
0.262 0.116894 0.00372467
0.264 0.0590695 -0.00519752
0.266 -0.00648422 -0.0145045
0.268 -0.0670974 -0.0241455
0.27 -0.11215 -0.0339962
0.272 -0.135302 -0.0438297
0.274 -0.135638 -0.0533251
0.276 -0.117417 -0.06211
0.278 -0.0884932 -0.0698225
0.28 -0.0578509 -0.0761732
0.282 -0.0330155 -0.0809924
0.284 -0.0181397 -0.0842494
0.286 -0.0133089 -0.086044
0.288 -0.015154 -0.0865753
0.29 -0.0184304 -0.0860968
0.292 -0.0179824 -0.0848701
0.294 -0.0104849 -0.083129
0.296 0.00451015 -0.0810558
0.298 0.0244743 -0.0787728
0.3 0.044737 -0.0763407
0.302 0.0599904 -0.0737593
0.304 0.0660097 -0.0709676
0.306 0.0610508 -0.0678449
0.308 0.046461 -0.064219
0.31 0.0262821 -0.0598858
0.312 0.00598263 -0.0546436
0.314 -0.00924127 -0.0483383
0.316 -0.0160223 -0.0409118
0.318 -0.0137501 -0.0324431
0.32 -0.004628 -0.0231683
0.322 0.00709416 -0.0134747
0.324 0.0164348 -0.00386252
0.326 0.0191503 0.0051161
0.328 0.0129559 0.0129312
0.33 -0.00182716 0.0191433
0.332 -0.0223721 0.023452
0.334 -0.0441575 0.0257173
0.336 -0.0622411 0.0259525
0.338 -0.0726101 0.0242987
0.34 -0.0732048 0.0209898
0.342 -0.0643353 0.0163195
0.344 -0.0484192 0.0106174
0.346 -0.0291794 0.00423774
0.348 -0.0105776 -0.00244261
0.35 0.00419998 -0.00902336
0.352 0.0134399 -0.0150874
0.354 0.0171224 -0.0202216
0.356 0.0166543 -0.0240527
0.358 0.0142409 -0.0262948
0.36 0.0121204 -0.0267952
0.362 0.011899 -0.0255687
0.364 0.0141618 -0.0228068
0.366 0.0184281 -0.0188595
0.368 0.0234119 -0.014187
0.37 0.0274724 -0.00929396
0.372 0.0291142 -0.00465672
0.374 0.027405 -0.000660032
0.376 0.022215 0.00244504
0.378 0.0142283 0.00455555
0.38 0.00473935 0.00570364
0.382 -0.0046905 0.00602266
0.384 -0.0125994 0.0057027
0.386 -0.0179072 0.00494689
0.388 -0.0200622 0.00393772
0.39 -0.0190629 0.00281862
0.392 -0.0153887 0.00169131
0.394 -0.00987687 0.000624656
0.396 -0.00356285 -0.000331595
0.398 0.00249716 -0.00113536
0.4 0.00740269 -0.00174765
0.402 0.0105531 -0.00213583
0.404 0.0117288 -0.0022824
0.406 0.0110972 -0.00219488
0.408 0.00915376 -0.001912
0.41 0.00661502 -0.00150271
0.412 0.0042751 -0.00105657
0.414 0.00283462 -0.000667485
0.416 0.00273075 -0.000414779
0.418 0.00401566 -0.000347241
0.42 0.00633018 -0.000474418
0.422 0.00899407 -0.000767269
0.424 0.0111925 -0.00116731
0.426 0.0122025 -0.00160118
0.428 0.0115885 -0.00199666
0.43 0.00931731 -0.00229609
0.432 0.00576721 -0.00246467
0.434 0.00163645 -0.00249247
0.436 -0.0022326 -0.00239078
0.438 -0.00507445 -0.00218479
0.44 -0.006408 -0.0019053
0.442 -0.00616444 -0.00158158
0.444 -0.0046906 -0.00123703
0.446 -0.00262574 -0.000887875
0.448 -0.000696142 -0.000544142
0.45 0.00050071 -0.000211891
0.452 0.000653963 0.000104512
0.454 -0.00020106 0.000400842
0.456 -0.00172645 0.000672486
0.458 -0.00340557 0.00091476
0.46 -0.00470735 0.00112357
0.462 -0.00524294 0.00129595
0.464 -0.00486881 0.00143003
0.466 -0.00370734 0.00152474
0.468 -0.00208363 0.00157918
0.47 -0.000406955 0.00159244
0.472 0.000957936 0.0015638
0.474 0.00178656 0.00149355
0.476 0.00203229 0.00138402
0.478 0.00180434 0.0012404
0.48 0.00130405 0.00107103
0.482 0.000746445 0.000886783
0.484 0.000294165 0.000699927
0.486 2.27543e-05 0.000522484
0.488 -7.68709e-05 0.000364726
0.49 -6.69693e-05 0.000233989
0.492 -2.06379e-05 0.000134047
0.494 1.19555e-05 6.50314e-05
0.496 1.65167e-05 2.37956e-05
0.498 6.04577e-06 4.59925e-06
0.4 0.0224792 0.693043
0.8 0.0227308 0.693393
1.2 0.0231488 0.69397
1.6 0.0237316 0.694764
2 0.0244764 0.695765
2.4 0.0253799 0.696954
2.8 0.0264382 0.698315
3.2 0.0276465 0.699824
3.6 0.0289993 0.701457
4 0.0304906 0.703188
4.4 0.0321136 0.704988
4.8 0.033861 0.706827
5.2 0.0357246 0.708674
5.6 0.0376961 0.710497
6 0.0397662 0.712264
6.4 0.0419255 0.713943
6.8 0.0441639 0.715502
7.2 0.0464709 0.716911
7.6 0.0488357 0.718141
8 0.0512475 0.719164
8.4 0.0536949 0.719954
8.8 0.0561665 0.72049
9.2 0.0586509 0.72075
9.6 0.0611367 0.720717
10 0.0636126 0.720377
10.4 0.0660675 0.719718
10.8 0.0684906 0.718734
11.2 0.0708713 0.71742
11.6 0.0731998 0.715776
12 0.0754667 0.713803
12.4 0.0776631 0.711509
12.8 0.0797812 0.708901
13.2 0.0818136 0.705994
13.6 0.0837542 0.7028
14 0.0855975 0.699338
14.4 0.0873394 0.695628
14.8 0.0889765 0.691691
15.2 0.0905068 0.68755
15.6 0.0919295 0.68323
16 0.0932446 0.678756
16.4 0.0944535 0.674153
16.8 0.0955588 0.669447
17.2 0.0965641 0.664665
17.6 0.0974741 0.65983
18 0.0982945 0.654968
18.4 0.0990318 0.6501
18.8 0.0996937 0.645249
19.2 0.100288 0.640435
19.6 0.100824 0.635675
20 0.101311 0.630986
20.4 0.101758 0.626382
20.8 0.102176 0.621875
21.2 0.102573 0.617474
21.6 0.102961 0.613187
22 0.103348 0.609019
22.4 0.103744 0.604975
22.8 0.104157 0.601055
23.2 0.104596 0.597259
23.6 0.105067 0.593586
24 0.105578 0.590033
24.4 0.106132 0.586596
24.8 0.106735 0.583268
25.2 0.10739 0.580045
25.6 0.108098 0.57692
26 0.10886 0.573885
26.4 0.109676 0.570935
26.8 0.110544 0.568061
27.2 0.111461 0.565259
27.6 0.112424 0.562521
28 0.113427 0.559841
28.4 0.114464 0.557215
28.8 0.11553 0.554639
29.2 0.116617 0.552109
29.6 0.117717 0.549622
30 0.118823 0.547176
30.4 0.119926 0.544772
30.8 0.121018 0.542407
31.2 0.122092 0.540084
31.6 0.123138 0.537804
32 0.124151 0.535568
32.4 0.125123 0.533379
32.8 0.126048 0.531241
33.2 0.126921 0.529157
33.6 0.127737 0.527131
34 0.128494 0.525166
34.4 0.129188 0.523268
34.8 0.129818 0.52144
35.2 0.130385 0.519685
35.6 0.130888 0.518009
36 0.131329 0.516415
36.4 0.131711 0.514905
36.8 0.132037 0.513484
37.2 0.132312 0.512152
37.6 0.132539 0.510912
38 0.132726 0.509766
38.4 0.132877 0.508713
38.8 0.132998 0.507755
39.2 0.133095 0.506889
39.6 0.133175 0.506114
40 0.133244 0.505429
40.4 0.133308 0.50483
40.8 0.133372 0.504313
41.2 0.13344 0.503874
41.6 0.133519 0.503506
42 0.133611 0.503204
42.4 0.13372 0.50296
42.8 0.133849 0.502766
43.2 0.134 0.502613
43.6 0.134174 0.502491
44 0.134372 0.502391
44.4 0.134594 0.502301
44.8 0.13484 0.502209
45.2 0.135109 0.502103
45.6 0.135401 0.50197
46 0.135713 0.501797
46.4 0.136044 0.501571
46.8 0.136393 0.501278
47.2 0.136759 0.500904
47.6 0.137139 0.500437
48 0.137534 0.499863
48.4 0.137941 0.49917
48.8 0.138361 0.498346
49.2 0.138794 0.497379
49.6 0.13924 0.49626
50 0.1397 0.49498
50.4 0.140176 0.49353
50.8 0.140669 0.491905
51.2 0.141181 0.4901
51.6 0.141716 0.488112
52 0.142276 0.485941
52.4 0.142864 0.483586
52.8 0.143484 0.481051
53.2 0.144139 0.478341
53.6 0.144831 0.475461
54 0.145565 0.472421
54.4 0.146341 0.469232
54.8 0.147163 0.465905
55.2 0.148033 0.462454
55.6 0.148949 0.458896
56 0.149914 0.455246
56.4 0.150925 0.451524
56.8 0.151982 0.447747
57.2 0.153082 0.443936
57.6 0.15422 0.44011
58 0.155394 0.436291
58.4 0.156596 0.432497
58.8 0.157822 0.42875
59.2 0.159063 0.425068
59.6 0.160313 0.42147
60 0.161563 0.417973
60.4 0.162805 0.414593
60.8 0.164028 0.411344
61.2 0.165225 0.408238
61.6 0.166386 0.405286
62 0.167502 0.402496
62.4 0.168565 0.399874
62.8 0.169567 0.397424
63.2 0.170499 0.395146
63.6 0.171357 0.393039
64 0.172134 0.391098
64.4 0.172825 0.389318
64.8 0.173429 0.387688
65.2 0.173941 0.386198
65.6 0.174362 0.384833
66 0.174693 0.383577
66.4 0.174935 0.382412
66.8 0.175091 0.381319
67.2 0.175166 0.380275
67.6 0.175165 0.379258
68 0.175095 0.378243
68.4 0.174963 0.377206
68.8 0.174777 0.376119
69.2 0.174548 0.374958
69.6 0.174282 0.373695
70 0.173991 0.372304
70.4 0.173683 0.37076
70.8 0.173368 0.369036
71.2 0.173055 0.36711
71.6 0.172751 0.364958
72 0.172465 0.362559
72.4 0.172204 0.359893
72.8 0.171972 0.356941
73.2 0.171774 0.35369
73.6 0.171613 0.350125
74 0.17149 0.346236
74.4 0.171407 0.342015
74.8 0.171361 0.337457
75.2 0.171349 0.33256
75.6 0.171368 0.327325
76 0.171412 0.321756
76.4 0.171473 0.315859
76.8 0.171544 0.309644
77.2 0.171616 0.303126
77.6 0.171678 0.296318
78 0.17172 0.289239
78.4 0.171731 0.281912
78.8 0.171699 0.274357
79.2 0.171613 0.266602
79.6 0.171463 0.258673
80 0.171237 0.250599
80.4 0.170926 0.24241
80.8 0.170521 0.234136
81.2 0.170014 0.225811
81.6 0.169399 0.217464
82 0.168671 0.209129
82.4 0.167827 0.200836
82.8 0.166866 0.192616
83.2 0.165788 0.184498
83.6 0.164597 0.176511
84 0.163297 0.16868
84.4 0.161895 0.161031
84.8 0.160399 0.153585
85.2 0.15882 0.146362
85.6 0.15717 0.139379
86 0.155464 0.13265
86.4 0.153716 0.126188
86.8 0.151944 0.12
87.2 0.150165 0.114093
87.6 0.148397 0.108471
88 0.146659 0.103132
88.4 0.14497 0.098075
88.8 0.143349 0.0932954
89.2 0.141813 0.0887862
89.6 0.140379 0.0845383
90 0.139065 0.0805411
90.4 0.137885 0.0767823
90.8 0.136852 0.0732486
91.2 0.135977 0.0699256
91.6 0.13527 0.0667984
92 0.134736 0.0638519
92.4 0.13438 0.0610707
92.8 0.134204 0.0584401
93.2 0.134206 0.0559455
93.6 0.134383 0.0535735
94 0.134727 0.0513114
94.4 0.13523 0.0491479
94.8 0.13588 0.0470729
95.2 0.136662 0.0450779
95.6 0.13756 0.0431558
96 0.138556 0.0413014
96.4 0.13963 0.0395106
96.8 0.14076 0.0377815
97.2 0.141923 0.0361133
97.6 0.143096 0.0345069
98 0.144256 0.0329642
98.4 0.145378 0.0314887
98.8 0.146439 0.0300846
99.2 0.147416 0.0287572
99.6 0.148287 0.0275121
100 0.149032 0.0263558
100.4 0.149633 0.0252946
100.8 0.150072 0.0243353
101.2 0.150335 0.023484
101.6 0.150409 0.022747
102 0.150285 0.0221298
102.4 0.149956 0.0216372
102.8 0.149419 0.0212733
103.2 0.14867 0.0210414
103.6 0.147713 0.0209434
104 0.146551 0.0209806
104.4 0.145191 0.0211529
104.8 0.143643 0.021459
105.2 0.141917 0.0218968
105.6 0.140027 0.0224627
106 0.137989 0.0231525
106.4 0.135819 0.0239607
106.8 0.133536 0.0248812
107.2 0.131157 0.0259069
107.6 0.128704 0.0270303
108 0.126195 0.0282433
108.4 0.123649 0.0295375
108.8 0.121086 0.0309042
109.2 0.118525 0.0323348
109.6 0.115982 0.0338206
110 0.113474 0.0353533
110.4 0.111015 0.0369246
110.8 0.108618 0.038527
111.2 0.106294 0.0401533
111.6 0.104052 0.0417971
112 0.1019 0.0434526
112.4 0.0998427 0.0451147
112.8 0.0978825 0.0467793
113.2 0.0960206 0.0484428
113.6 0.0942562 0.0501027
114 0.0925863 0.051757
114.4 0.0910066 0.0534046
114.8 0.0895109 0.055045
115.2 0.0880921 0.0566785
115.6 0.0867417 0.0583057
116 0.0854505 0.0599278
116.4 0.0842085 0.0615464
116.8 0.0830055 0.0631631
117.2 0.081831 0.0647799
117.6 0.0806748 0.0663988
118 0.079527 0.0680215
118.4 0.0783781 0.0696498
118.8 0.0772195 0.071285
119.2 0.0760435 0.072928
119.6 0.0748436 0.0745794
120 0.0736145 0.0762391
120.4 0.0723522 0.0779064
120.8 0.0710542 0.07958
121.2 0.0697194 0.0812578
121.6 0.0683483 0.0829369
122 0.066943 0.0846139
122.4 0.0655067 0.0862845
122.8 0.0640442 0.0879438
123.2 0.0625618 0.0895861
123.6 0.0610666 0.0912053
124 0.059567 0.0927947
124.4 0.0580721 0.0943472
124.8 0.0565919 0.0958552
125.2 0.0551368 0.0973113
125.6 0.0537177 0.0987074
126 0.0523454 0.100036
126.4 0.0510308 0.101289
126.8 0.0497846 0.10246
127.2 0.0486168 0.103542
127.6 0.0475372 0.104528
128 0.0465543 0.105412
128.4 0.0456759 0.10619
128.8 0.0449087 0.106857
129.2 0.0442581 0.107411
129.6 0.043728 0.107849
130 0.0433211 0.10817
130.4 0.0430383 0.108375
130.8 0.0428794 0.108464
131.2 0.0428421 0.108441
131.6 0.042923 0.108308
132 0.043117 0.108071
132.4 0.0434173 0.107735
132.8 0.0438162 0.107307
133.2 0.0443044 0.106795
133.6 0.0448714 0.106207
134 0.0455058 0.105551
134.4 0.0461953 0.104839
134.8 0.0469269 0.104079
135.2 0.0476871 0.103282
135.6 0.0484618 0.102458
136 0.0492371 0.101617
136.4 0.0499989 0.10077
136.8 0.0507333 0.0999253
137.2 0.051427 0.0990927
137.6 0.0520671 0.0982804
138 0.0526414 0.0974959
138.4 0.0531388 0.096746
138.8 0.0535491 0.0960362
139.2 0.0538633 0.0953712
139.6 0.0540735 0.0947545
140 0.0541735 0.0941884
140.4 0.0541581 0.0936741
140.8 0.0540239 0.0932114
141.2 0.0537687 0.0927994
141.6 0.053392 0.0924358
142 0.0528945 0.0921172
142.4 0.0522783 0.0918395
142.8 0.0515472 0.0915977
143.2 0.0507057 0.0913861
143.6 0.0497599 0.0911983
144 0.0487165 0.0910275
144.4 0.0475836 0.0908666
144.8 0.0463697 0.0907082
145.2 0.0450842 0.0905452
145.6 0.0437367 0.0903702
146 0.0423374 0.0901762
146.4 0.0408968 0.0899566
146.8 0.0394254 0.0897052
147.2 0.0379336 0.0894164
147.6 0.0364318 0.0890853
148 0.0349301 0.0887077
148.4 0.0334385 0.0882802
148.8 0.0319662 0.0878002
149.2 0.0305224 0.0872658
149.6 0.0291155 0.0866763
150 0.0277536 0.0860315
150.4 0.0264441 0.085332
150.8 0.0251939 0.0845794
151.2 0.0240093 0.0837757
151.6 0.0228963 0.0829235
152 0.0218601 0.0820262
152.4 0.0209056 0.0810872
152.8 0.0200373 0.0801106
153.2 0.0192591 0.0791004
153.6 0.0185747 0.0780609
154 0.0179873 0.0769963
154.4 0.0174999 0.0759107
154.8 0.017115 0.0748081
155.2 0.0168349 0.0736921
155.6 0.0166617 0.072566
156 0.0165969 0.0714326
156.4 0.0166418 0.0702943
156.8 0.0167974 0.0691531
157.2 0.017064 0.0680101
157.6 0.0174417 0.0668661
158 0.01793 0.0657214
158.4 0.0185276 0.0645755
158.8 0.0192327 0.0634275
159.2 0.0200429 0.0622762
159.6 0.0209547 0.0611198
160 0.021964 0.0599561
160.4 0.0230657 0.0587828
160.8 0.0242537 0.0575972
161.2 0.0255209 0.0563965
161.6 0.0268593 0.055178
162 0.02826 0.0539389
162.4 0.0297127 0.0526767
162.8 0.0312067 0.0513889
163.2 0.0327299 0.0500735
163.6 0.0342699 0.0487286
164 0.0358131 0.0473531
164.4 0.0373458 0.0459461
164.8 0.0388534 0.0445072
165.2 0.0403213 0.043037
165.6 0.0417347 0.0415361
166 0.043079 0.0400062
166.4 0.0443396 0.0384493
166.8 0.0455026 0.0368682
167.2 0.0465546 0.0352661
167.6 0.0474831 0.033647
168 0.0482769 0.0320151
168.4 0.0489258 0.0303752
168.8 0.049421 0.0287325
169.2 0.0497555 0.0270925
169.6 0.0499238 0.0254609
170 0.0499225 0.0238436
170.4 0.0497499 0.0222465
170.8 0.0494064 0.0206756
171.2 0.0488946 0.0191368
171.6 0.0482188 0.0176359
172 0.0473857 0.0161782
172.4 0.0464036 0.014769
172.8 0.0452829 0.0134129
173.2 0.0440357 0.0121144
173.6 0.0426758 0.0108773
174 0.0412184 0.00970478
174.4 0.03968 0.00859964
174.8 0.0380779 0.00756394
175.2 0.0364306 0.00659919
175.6 0.0347571 0.00570622
176 0.0330766 0.00488529
176.4 0.0314084 0.00413601
176.8 0.0297718 0.00345742
177.2 0.0281857 0.00284801
177.6 0.0266681 0.00230573
178 0.0252364 0.00182807
178.4 0.0239067 0.0014121
178.8 0.022694 0.0010545
179.2 0.0216116 0.00075166
179.6 0.0206713 0.000499711
180 0.019883 0.000294599
180.4 0.0192548 0.000132144
180.8 0.0187927 8.10084e-06
181.2 0.0185008 -8.1777e-05
181.6 0.018381 -0.000141685
182 0.0184331 -0.000175715
182.4 0.0186549 -0.000187805
182.8 0.0190423 -0.000181697
183.2 0.0195889 -0.000160904
183.6 0.0202868 -0.000128674
184 0.0211261 -8.79702e-05
184.4 0.0220954 -4.1451e-05
184.8 0.0231818 8.53908e-06
185.2 0.0243713 5.9975e-05
185.6 0.0256485 0.000111149
186 0.0269972 0.000160665
186.4 0.0284005 0.000207421
186.8 0.029841 0.0002506
187.2 0.0313009 0.000289642
187.6 0.0327623 0.000324223
188 0.0342076 0.000354226
188.4 0.0356191 0.000379715
188.8 0.0369801 0.000400905
189.2 0.0382742 0.000418128
189.6 0.0394861 0.000431811
190 0.0406014 0.000442439
190.4 0.041607 0.000450536
190.8 0.0424911 0.000456635
191.2 0.0432435 0.000461261
191.6 0.0438554 0.000464906
192 0.0443198 0.000468018
192.4 0.0446312 0.000470988
192.8 0.0447863 0.000474139
193.2 0.0447834 0.000477721
193.6 0.0446227 0.000481909
194 0.0443061 0.000486803
194.4 0.0438375 0.000492431
194.8 0.0432226 0.000498757
195.2 0.0424685 0.000505685
195.6 0.0415842 0.00051307
196 0.0405802 0.00052073
196.4 0.0394681 0.000528455
196.8 0.0382612 0.00053602
197.2 0.0369734 0.000543195
197.6 0.0356199 0.000549759
198 0.0342166 0.000555507
198.4 0.0327797 0.000560261
198.8 0.0313262 0.000563877
199.2 0.0298731 0.000566253
199.6 0.0284373 0.00056733
200 0.0270357 0.000567098
200.4 0.0256846 0.000565596
200.8 0.0244001 0.000562911
201.2 0.0231971 0.000559175
201.6 0.02209 0.000554561
202 0.0210917 0.000549282
202.4 0.0202144 0.000543576
202.8 0.0194685 0.000537709
203.2 0.0188633 0.000531958
203.6 0.0184062 0.00052661
204 0.0181033 0.00052195
204.4 0.0179589 0.000518255
204.8 0.0179756 0.000515782
205.2 0.0181542 0.00051477
205.6 0.0184939 0.000515426
206 0.0189923 0.00051792
206.4 0.0196451 0.000522389
206.8 0.0204466 0.000528925
207.2 0.0213896 0.000537578
207.6 0.0224654 0.000548355
208 0.0236641 0.000561223
208.4 0.0249747 0.000576105
208.8 0.0263852 0.000592889
209.2 0.0278824 0.000611428
209.6 0.0294529 0.000631548
210 0.0310823 0.000653049
210.4 0.0327561 0.000675712
210.8 0.0344594 0.000699308
211.2 0.0361774 0.000723597
211.6 0.0378954 0.000748341
212 0.0395987 0.000773302
212.4 0.0412734 0.000798255
212.8 0.0429059 0.000822984
213.2 0.0444835 0.000847293
213.6 0.0459942 0.000871005
214 0.047427 0.000893965
214.4 0.048772 0.000916045
214.8 0.0500205 0.000937139
215.2 0.0511648 0.000957169
215.6 0.0521988 0.000976081
216 0.0531174 0.000993847
216.4 0.0539172 0.00101046
216.8 0.0545959 0.00102594
217.2 0.0551528 0.00104032
217.6 0.0555883 0.00105364
218 0.0559043 0.00106598
218.4 0.0561039 0.00107741
218.8 0.0561915 0.00108802
219.2 0.0561724 0.00109789
219.6 0.0560533 0.00110711
220 0.0558415 0.00111579
220.4 0.0555452 0.00112401
220.8 0.0551734 0.00113186
221.2 0.0547357 0.00113943
221.6 0.0542419 0.00114679
222 0.0537024 0.00115402
222.4 0.0531276 0.00116118
222.8 0.052528 0.00116831
223.2 0.0519138 0.00117547
223.6 0.0512953 0.00118269
224 0.050682 0.00118999
224.4 0.0500833 0.00119739
224.8 0.0495077 0.00120489
225.2 0.0489632 0.00121248
225.6 0.0484568 0.00122017
226 0.0479946 0.00122791
226.4 0.0475819 0.00123568
226.8 0.0472229 0.00124345
227.2 0.0469207 0.00125117
227.6 0.0466773 0.00125879
228 0.0464937 0.00126626
228.4 0.0463698 0.00127351
228.8 0.0463044 0.0012805
229.2 0.0462952 0.00128716
229.6 0.046339 0.00129343
230 0.0464317 0.00129926
230.4 0.0465682 0.0013046
230.8 0.0467428 0.00130941
231.2 0.0469489 0.00131367
231.6 0.0471795 0.00131735
232 0.047427 0.00132047
232.4 0.0476832 0.00132302
232.8 0.0479401 0.00132507
233.2 0.0481889 0.00132666
233.6 0.0484211 0.00132789
234 0.0486281 0.00132887
234.4 0.0488013 0.00132974
234.8 0.0489323 0.00133067
235.2 0.0490131 0.00133186
235.6 0.0490358 0.00133353
236 0.0489932 0.00133593
236.4 0.0488781 0.00133934
236.8 0.0486844 0.00134405
237.2 0.0484061 0.00135036
237.6 0.0480379 0.00135861
238 0.0475754 0.0013691
238.4 0.0470146 0.00138217
238.8 0.0463523 0.00139814
239.2 0.045586 0.00141731
239.6 0.0447138 0.00143996
240 0.0437348 0.00146634
240.4 0.0426486 0.00149666
240.8 0.0414558 0.00153109
241.2 0.0401575 0.00156975
241.6 0.0387557 0.00161269
242 0.0372533 0.0016599
242.4 0.0356538 0.0017113
242.8 0.0339615 0.00176674
243.2 0.0321816 0.00182597
243.6 0.0303198 0.00188869
244 0.028383 0.0019545
244.4 0.0263784 0.00202293
244.8 0.0243142 0.00209345
245.2 0.0221993 0.00216543
245.6 0.0200433 0.00223818
246 0.0178564 0.00231099
246.4 0.0156494 0.00238306
246.8 0.0134338 0.00245357
247.2 0.0112215 0.00252167
247.6 0.00902483 0.0025865
248 0.00685652 0.00264721
248.4 0.00472955 0.00270294
248.8 0.00265707 0.00275288
249.2 0.000652276 0.00279624
249.6 -0.00127169 0.00283229
250 -0.00310188 0.00286038
250.4 -0.00482567 0.00287992
250.8 -0.00643091 0.00289042
251.2 -0.00790603 0.00289149
251.6 -0.00924021 0.00288285
252 -0.0104235 0.00286432
252.4 -0.0114469 0.00283585
252.8 -0.0123028 0.00279751
253.2 -0.0129844 0.00274948
253.6 -0.0134867 0.00269208
254 -0.013806 0.00262572
254.4 -0.0139401 0.00255095
254.8 -0.0138884 0.0024684
255.2 -0.013652 0.00237881
255.6 -0.0132338 0.002283
256 -0.0126381 0.00218184
256.4 -0.0118712 0.00207629
256.8 -0.0109406 0.00196733
257.2 -0.00985572 0.00185599
257.6 -0.00862732 0.00174329
258 -0.00726753 0.00163026
258.4 -0.00578971 0.00151791
258.8 -0.00420836 0.00140722
259.2 -0.0025389 0.00129912
259.6 -0.000797508 0.00119448
260 0.000999021 0.0010941
260.4 0.00283351 0.000998714
260.8 0.00468859 0.000908934
261.2 0.00654689 0.000825299
261.6 0.00839125 0.000748237
262 0.0102049 0.000678072
262.4 0.0119717 0.000615022
262.8 0.0136762 0.000559197
263.2 0.0153041 0.000510604
263.6 0.0168419 0.000469152
264 0.0182778 0.000434655
264.4 0.019601 0.000406841
264.8 0.0208024 0.000385362
265.2 0.0218744 0.000369801
265.6 0.0228111 0.000359684
266 0.0236084 0.000354493
266.4 0.0242637 0.000353674
266.8 0.0247764 0.000356651
267.2 0.0251473 0.000362836
267.6 0.0253793 0.000371641
268 0.0254764 0.00038249
268.4 0.0254446 0.000394825
268.8 0.0252911 0.000408116
269.2 0.0250243 0.000421868
269.6 0.0246542 0.000435631
270 0.0241913 0.000448996
270.4 0.0236475 0.000461608
270.8 0.0230351 0.00047316
271.2 0.0223671 0.000483396
271.6 0.0216569 0.000492113
272 0.0209181 0.000499153
272.4 0.0201643 0.000504403
272.8 0.019409 0.000507788
273.2 0.0186653 0.000509268
273.6 0.0179458 0.000508831
274 0.0172628 0.000506484
274.4 0.0166273 0.000502249
274.8 0.0160497 0.000496155
275.2 0.0155392 0.000488231
275.6 0.0151039 0.0004785
276 0.0147506 0.000466971
276.4 0.0144847 0.000453639
276.8 0.0143103 0.000438476
277.2 0.0142298 0.00042143
277.6 0.0142444 0.000402423
278 0.0143535 0.000381348
278.4 0.0145553 0.000358077
278.8 0.0148463 0.000332451
279.2 0.0152217 0.000304295
279.6 0.0156754 0.000273413
280 0.0162001 0.000239599
280.4 0.0167871 0.00020264
280.8 0.017427 0.000162325
281.2 0.0181094 0.000118451
281.6 0.0188232 7.08288e-05
282 0.0195566 1.92969e-05
282.4 0.0202976 -3.62765e-05
282.8 0.0210339 -9.5983e-05
283.2 0.0217531 -0.000159868
283.6 0.022443 -0.000227923
284 0.0230919 -0.000300082
284.4 0.0236883 -0.000376216
284.8 0.0242215 -0.00045613
285.2 0.0246816 -0.00053956
285.6 0.0250598 -0.000626176
286 0.0253482 -0.000715578
286.4 0.0255402 -0.000807303
286.8 0.0256305 -0.000900827
287.2 0.0256153 -0.000995572
287.6 0.0254919 -0.00109091
288 0.0252595 -0.00118617
288.4 0.0249183 -0.00128066
288.8 0.0244704 -0.00137365
289.2 0.023919 -0.00146442
289.6 0.0232686 -0.00155222
290 0.0225253 -0.00163635
290.4 0.021696 -0.00171611
290.8 0.0207887 -0.00179082
291.2 0.0198126 -0.00185988
291.6 0.0187771 -0.00192272
292 0.0176927 -0.00197883
292.4 0.01657 -0.00202779
292.8 0.0154199 -0.00206925
293.2 0.0142535 -0.00210293
293.6 0.0130817 -0.00212866
294 0.0119152 -0.00214634
294.4 0.010764 -0.00215597
294.8 0.00963807 -0.00215763
295.2 0.00854623 -0.0021515
295.6 0.0074967 -0.00213784
296 0.00649675 -0.00211697
296.4 0.00555267 -0.00208931
296.8 0.00466971 -0.00205533
297.2 0.00385205 -0.00201553
297.6 0.00310275 -0.0019705
298 0.00242379 -0.00192085
298.4 0.00181609 -0.00186719
298.8 0.00127952 -0.00181018
299.2 0.000812993 -0.00175047
299.6 0.000414511 -0.00168872
300 8.12733e-05 -0.00162555
300.4 -0.000190239 -0.00156157
300.8 -0.000404151 -0.00149737
301.2 -0.000565086 -0.0014335
301.6 -0.000678047 -0.00137046
302 -0.0007483 -0.00130869
302.4 -0.000781265 -0.0012486
302.8 -0.000782399 -0.00119054
303.2 -0.000757095 -0.00113479
303.6 -0.000710587 -0.00108159
304 -0.000647861 -0.00103111
304.4 -0.000573579 -0.000983481
304.8 -0.000492022 -0.000938766
305.2 -0.000407033 -0.000896989
305.6 -0.000321981 -0.000858128
306 -0.000239743 -0.00082212
306.4 -0.000162686 -0.000788867
306.8 -9.26725e-05 -0.000758243
307.2 -3.10723e-05 -0.000730097
307.6 2.12128e-05 -0.000704259
308 6.37175e-05 -0.000680545
308.4 9.63719e-05 -0.000658766
308.8 0.000119455 -0.000638726
309.2 0.000133545 -0.000620231
309.6 0.000139463 -0.000603093
310 0.000138219 -0.000587132
310.4 0.000130957 -0.000572177
310.8 0.000118903 -0.000558073
311.2 0.000103311 -0.000544681
311.6 8.54213e-05 -0.000531874
312 6.64164e-05 -0.000519548
312.4 4.73871e-05 -0.00050761
312.8 2.93033e-05 -0.000495988
313.2 1.29921e-05 -0.000484624
313.6 -8.77903e-07 -0.000473475
314 -1.18052e-05 -0.000462514
314.4 -1.94576e-05 -0.000451722
314.8 -2.36687e-05 -0.000441093
315.2 -2.44288e-05 -0.000430629
315.6 -2.18717e-05 -0.000420338
316 -1.62569e-05 -0.000410234
316.4 -7.94957e-06 -0.000400332
316.8 2.60204e-06 -0.000390652
317.2 1.48898e-05 -0.000381211
317.6 2.83695e-05 -0.000372028
318 4.24843e-05 -0.000363117
318.4 5.66862e-05 -0.000354492
318.8 7.04562e-05 -0.000346162
319.2 8.33217e-05 -0.000338134
319.6 9.48709e-05 -0.000330409
320 0.000104764 -0.000322985
320.4 0.000112742 -0.000315858
320.8 0.000118629 -0.000309018
321.2 0.000122335 -0.000302454
321.6 0.000123855 -0.000296152
322 0.000123259 -0.000290095
322.4 0.000120692 -0.000284268
322.8 0.000116355 -0.000278651
323.2 0.000110505 -0.000273227
323.6 0.00010343 -0.000267978
324 9.54481e-05 -0.000262888
324.4 8.68847e-05 -0.00025794
324.8 7.80655e-05 -0.000253121
325.2 6.93023e-05 -0.000248419
325.6 6.08827e-05 -0.000243822
326 5.3061e-05 -0.000239324
326.4 4.60502e-05 -0.000234916
326.8 4.00171e-05 -0.000230595
327.2 3.50783e-05 -0.000226358
327.6 3.1299e-05 -0.000222203
328 2.86934e-05 -0.00021813
328.4 2.72268e-05 -0.00021414
328.8 2.68204e-05 -0.000210234
329.2 2.73561e-05 -0.000206415
329.6 2.86833e-05 -0.000202683
330 3.06267e-05 -0.000199041
330.4 3.2994e-05 -0.000195489
330.8 3.55845e-05 -0.00019203
331.2 3.8197e-05 -0.000188662
331.6 4.06376e-05 -0.000185386
332 4.27272e-05 -0.000182198
332.4 4.43072e-05 -0.000179096
332.8 4.5245e-05 -0.000176077
333.2 4.54379e-05 -0.000173136
333.6 4.48156e-05 -0.000170267
334 4.33415e-05 -0.000167465
334.4 4.1013e-05 -0.000164722
334.8 3.78599e-05 -0.000162032
335.2 3.39421e-05 -0.000159388
335.6 2.93461e-05 -0.000156781
336 2.41808e-05 -0.000154207
336.4 1.85727e-05 -0.000151656
336.8 1.26604e-05 -0.000149124
337.2 6.589e-06 -0.000146605
337.6 5.04822e-07 -0.000144093
338 -5.4501e-06 -0.000141585
338.4 -1.11429e-05 -0.000139077
338.8 -1.64542e-05 -0.000136568
339.2 -2.1282e-05 -0.000134055
339.6 -2.5544e-05 -0.000131539
340 -2.91803e-05 -0.00012902
340.4 -3.21539e-05 -0.000126499
340.8 -3.4451e-05 -0.000123979
341.2 -3.60806e-05 -0.000121462
341.6 -3.70726e-05 -0.000118951
342 -3.74757e-05 -0.000116451
342.4 -3.73545e-05 -0.000113965
342.8 -3.67865e-05 -0.000111498
343.2 -3.58579e-05 -0.000109054
343.6 -3.46605e-05 -0.000106639
344 -3.32872e-05 -0.000104255
344.4 -3.18288e-05 -0.000101908
344.8 -3.03703e-05 -9.96016e-05
345.2 -2.89882e-05 -9.73386e-05
345.6 -2.77474e-05 -9.51224e-05
346 -2.66995e-05 -9.29554e-05
346.4 -2.58815e-05 -9.08396e-05
346.8 -2.53147e-05 -8.87763e-05
347.2 -2.50048e-05 -8.67663e-05
347.6 -2.49427e-05 -8.48098e-05
348 -2.51047e-05 -8.29065e-05
348.4 -2.5455e-05 -8.10555e-05
348.8 -2.59474e-05 -7.92552e-05
349.2 -2.65273e-05 -7.7504e-05
349.6 -2.71349e-05 -7.57994e-05
350 -2.77075e-05 -7.41389e-05
350.4 -2.81824e-05 -7.25197e-05
350.8 -2.84995e-05 -7.09387e-05
351.2 -2.86036e-05 -6.93928e-05
351.6 -2.8447e-05 -6.78788e-05
352 -2.7991e-05 -6.63934e-05
352.4 -2.72072e-05 -6.49338e-05
352.8 -2.60788e-05 -6.34971e-05
353.2 -2.46011e-05 -6.20806e-05
353.6 -2.27811e-05 -6.0682e-05
354 -2.06379e-05 -5.92994e-05
354.4 -1.82008e-05 -5.79312e-05
354.8 -1.55089e-05 -5.65762e-05
355.2 -1.26094e-05 -5.52337e-05
355.6 -9.55548e-06 -5.39032e-05
356 -6.4047e-06 -5.25848e-05
356.4 -3.21675e-06 -5.12789e-05
356.8 -5.1469e-08 -4.99864e-05
357.2 3.0332e-06 -4.87082e-05
357.6 5.98304e-06 -4.74458e-05
358 8.74927e-06 -4.62006e-05
358.4 1.12899e-05 -4.49743e-05
358.8 1.35708e-05 -4.37686e-05
359.2 1.55666e-05 -4.25851e-05
359.6 1.72611e-05 -4.14256e-05
360 1.8647e-05 -4.02913e-05
360.4 1.97264e-05 -3.91837e-05
360.8 2.05094e-05 -3.81036e-05
361.2 2.10137e-05 -3.70517e-05
361.6 2.12635e-05 -3.60284e-05
362 2.12884e-05 -3.50335e-05
362.4 2.11214e-05 -3.40667e-05
362.8 2.07982e-05 -3.3127e-05
363.2 2.03552e-05 -3.22134e-05
363.6 1.98286e-05 -3.13242e-05
364 1.92524e-05 -3.04576e-05
364.4 1.8658e-05 -2.96116e-05
364.8 1.80728e-05 -2.87839e-05
365.2 1.75194e-05 -2.7972e-05
365.6 1.70156e-05 -2.71737e-05
366 1.65735e-05 -2.63865e-05
366.4 1.61998e-05 -2.5608e-05
366.8 1.58963e-05 -2.48363e-05
367.2 1.56597e-05 -2.40695e-05
367.6 1.54829e-05 -2.3306e-05
368 1.53553e-05 -2.25448e-05
368.4 1.5264e-05 -2.17851e-05
368.8 1.51945e-05 -2.10267e-05
369.2 1.51318e-05 -2.02697e-05
369.6 1.50616e-05 -1.95148e-05
370 1.49708e-05 -1.87631e-05
370.4 1.48484e-05 -1.80162e-05
370.8 1.46866e-05 -1.7276e-05
371.2 1.44806e-05 -1.65447e-05
371.6 1.42295e-05 -1.58249e-05
372 1.39361e-05 -1.51193e-05
372.4 1.3607e-05 -1.44308e-05
372.8 1.32523e-05 -1.37622e-05
373.2 1.28852e-05 -1.31164e-05
373.6 1.25214e-05 -1.2496e-05
374 1.21784e-05 -1.19036e-05
374.4 1.18749e-05 -1.13414e-05
374.8 1.16294e-05 -1.08111e-05
375.2 1.146e-05 -1.03144e-05
375.6 1.1383e-05 -9.85221e-06
376 1.14125e-05 -9.42508e-06
376.4 1.15593e-05 -9.03311e-06
376.8 1.18305e-05 -8.67591e-06
377.2 1.22291e-05 -8.35262e-06
377.6 1.27533e-05 -8.06194e-06
378 1.3397e-05 -7.80218e-06
378.4 1.41492e-05 -7.5713e-06
378.8 1.49946e-05 -7.36695e-06
379.2 1.59139e-05 -7.18659e-06
379.6 1.68844e-05 -7.02749e-06
380 1.78806e-05 -6.88683e-06
380.4 1.88752e-05 -6.7618e-06
380.8 1.98396e-05 -6.6496e-06
381.2 2.07453e-05 -6.54754e-06
381.6 2.15646e-05 -6.45312e-06
382 2.22714e-05 -6.36401e-06
382.4 2.28424e-05 -6.27815e-06
382.8 2.32578e-05 -6.19374e-06
383.2 2.35017e-05 -6.10927e-06
383.6 2.35632e-05 -6.02354e-06
384 2.34361e-05 -5.93563e-06
384.4 2.31198e-05 -5.8449e-06
384.8 2.26189e-05 -5.75097e-06
385.2 2.19433e-05 -5.65371e-06
385.6 2.11079e-05 -5.55318e-06
386 2.0132e-05 -5.4496e-06
386.4 1.9039e-05 -5.34335e-06
386.8 1.78553e-05 -5.23488e-06
387.2 1.661e-05 -5.1247e-06
387.6 1.53336e-05 -5.01337e-06
388 1.40574e-05 -4.90142e-06
388.4 1.28124e-05 -4.78937e-06
388.8 1.16286e-05 -4.6777e-06
389.2 1.05339e-05 -4.56684e-06
389.6 9.55376e-06 -4.45717e-06
390 8.71014e-06 -4.34898e-06
390.4 8.02117e-06 -4.24257e-06
390.8 7.5007e-06 -4.13815e-06
391.2 7.15803e-06 -4.03593e-06
391.6 6.99778e-06 -3.93613e-06
392 7.01989e-06 -3.83897e-06
392.4 7.21979e-06 -3.7447e-06
392.8 7.58869e-06 -3.65363e-06
393.2 8.11392e-06 -3.56614e-06
393.6 8.77944e-06 -3.48268e-06
394 9.5664e-06 -3.40379e-06
394.4 1.04538e-05 -3.33009e-06
394.8 1.14189e-05 -3.26229e-06
395.2 1.24383e-05 -3.20119e-06
395.6 1.3488e-05 -3.14761e-06
396 1.45448e-05 -3.10246e-06
396.4 1.55858e-05 -3.06663e-06
396.8 1.659e-05 -3.04102e-06
397.2 1.7538e-05 -3.0265e-06
397.6 1.84124e-05 -3.02386e-06
398 1.91983e-05 -3.0338e-06
398.4 1.98835e-05 -3.0569e-06
398.8 2.04582e-05 -3.09359e-06
399.2 2.09152e-05 -3.14415e-06
399.6 2.12499e-05 -3.20865e-06
400 2.14602e-05 -3.287e-06
