-0.498 5.57094e-07 9.9703e-07
-0.496 1.92465e-06 2.85985e-06
-0.494 -8.05589e-07 3.4063e-06
-0.492 -1.57429e-05 2.02906e-07
-0.49 -4.80972e-05 -8.94435e-06
-0.488 -9.44893e-05 -2.55651e-05
-0.486 -0.000141935 -5.01938e-05
-0.484 -0.000173527 -8.21499e-05
-0.482 -0.000178731 -0.000119453
-0.48 -0.000162664 -0.00015891
-0.478 -0.000148284 -0.000196406
-0.476 -0.000168776 -0.000227454
-0.474 -0.00025254 -0.000248018
-0.472 -0.000407104 -0.000255568
-0.47 -0.000609136 -0.000250175
-0.468 -0.000805391 -0.000235311
-0.466 -0.000925589 -0.000218028
-0.464 -0.000904738 -0.000208349
-0.462 -0.000709325 -0.000217928
-0.46 -0.000358323 -0.000258194
-0.458 7.24285e-05 -0.000338256
-0.456 0.00047111 -0.000462909
-0.454 0.000734456 -0.000631051
-0.452 0.000820136 -0.000834772
-0.45 0.000781796 -0.00105923
-0.448 0.000765038 -0.00128328
-0.446 0.000959062 -0.00148063
-0.444 0.0015196 -0.00162122
-0.442 0.00249305 -0.00167274
-0.44 0.00377297 -0.00160231
-0.438 0.00510898 -0.0013787
-0.436 0.00616995 -0.000975437
-0.434 0.00664447 -0.000374614
-0.432 0.00634927 0.000428875
-0.43 0.0053135 0.00142374
-0.428 0.00381011 0.0025803
-0.426 0.0023133 0.00385085
-0.424 0.00137712 0.00517281
-0.422 0.00145801 0.00647413
-0.42 0.002731 0.00768035
-0.418 0.00496323 0.00872216
-0.416 0.00750104 0.00954211
-0.414 0.00940134 0.0100997
-0.412 0.00969262 0.0103739
-0.41 0.00769307 0.0103643
-0.408 0.00327291 0.0100899
-0.406 -0.00304159 0.00958747
-0.404 -0.0101611 0.00890764
-0.402 -0.0166893 0.00811063
-0.4 -0.0212644 0.00726027
-0.398 -0.0228971 0.0064175
-0.396 -0.0212266 0.00563339
-0.394 -0.0166292 0.00494267
-0.392 -0.0101504 0.00435897
-0.39 -0.00326046 0.00387297
-0.388 0.00252024 0.00345485
-0.386 0.00604047 0.0030609
-0.384 0.00685427 0.00264312
-0.382 0.00534677 0.00215947
-0.38 0.00258734 0.0015826
-0.378 -4.41486e-05 0.00090569
-0.376 -0.00132334 0.000144719
-0.374 -0.000581729 -0.000663601
-0.372 0.00207913 -0.00146809
-0.37 0.00581285 -0.00221209
-0.368 0.00927346 -0.00284231
-0.366 0.0109994 -0.00331452
-0.364 0.00982069 -0.00359423
-0.362 0.00517885 -0.00365283
-0.36 -0.00271414 -0.00346224
-0.358 -0.0129022 -0.00299208
-0.356 -0.0238792 -0.00221271
-0.354 -0.0339064 -0.00110552
-0.352 -0.0413869 0.000320412
-0.35 -0.0452194 0.00200873
-0.348 -0.0450349 0.00383874
-0.346 -0.0412424 0.00561799
-0.344 -0.0348619 0.00709038
-0.342 -0.0272066 0.007963
-0.34 -0.0195405 0.00795024
-0.338 -0.0128315 0.00682847
-0.336 -0.00765783 0.00448964
-0.334 -0.0042426 0.000979813
-0.332 -0.00255239 -0.00348916
-0.33 -0.0023988 -0.0085606
-0.328 -0.00351702 -0.0137835
-0.326 -0.00562877 -0.0186824
-0.324 -0.00850532 -0.0228297
-0.322 -0.0120244 -0.0259054
-0.32 -0.0161838 -0.027728
-0.318 -0.0210316 -0.0282531
-0.316 -0.0265134 -0.0275433
-0.314 -0.0323087 -0.0257236
-0.312 -0.037756 -0.0229395
-0.31 -0.0419317 -0.0193307
-0.308 -0.0438692 -0.015028
-0.306 -0.0428305 -0.0101721
-0.304 -0.0385325 -0.00494258
-0.302 -0.0312598 0.000413131
-0.3 -0.02186 0.00556823
-0.298 -0.0116458 0.010131
-0.296 -0.00222838 0.0136894
-0.294 0.00472155 0.0158793
-0.292 0.00779996 0.0164626
-0.29 0.00625691 0.0153942
-0.288 0.000340172 0.0128598
-0.286 -0.00856101 0.00927102
-0.284 -0.0180778 0.00521446
-0.282 -0.025309 0.00136624
-0.28 -0.0274317 -0.00161087
-0.278 -0.0223395 -0.00316461
-0.276 -0.00920954 -0.00292597
-0.274 0.0110939 -0.000745514
-0.272 0.0359004 0.00330913
-0.27 0.0610321 0.00898889
-0.268 0.0815778 0.01592
-0.266 0.0930243 0.0236658
-0.264 0.0924377 0.0317792
-0.262 0.0793018 0.039833
-0.26 0.0557353 0.0474277
-0.258 0.0260611 0.0541816
-0.256 -0.00408694 0.0597181
-0.254 -0.0288793 0.0636661
-0.252 -0.0434471 0.0656835
-0.25 -0.0449377 0.0655029
-0.248 -0.0332928 0.0629862
-0.246 -0.0115055 0.0581717
-0.244 0.0148566 0.0512969
-0.242 0.0388872 0.0427896
-0.24 0.0540531 0.0332255
-0.238 0.0558519 0.0232634
-0.236 0.0428714 0.013573
-0.234 0.0169793 0.00477324
-0.232 -0.0172768 -0.00260597
-0.23 -0.0537384 -0.0081373
-0.228 -0.0858418 -0.0114897
-0.226 -0.107752 -0.0124166
-0.224 -0.115367 -0.0107542
-0.222 -0.107168 -0.00644009
-0.22 -0.0847663 0.000447854
-0.218 -0.0528859 0.00965039
-0.216 -0.0185598 0.0207034
-0.214 0.0103613 0.0329513
-0.212 0.0269791 0.0456021
-0.21 0.0268441 0.0578218
-0.208 0.00878344 0.06885
-0.206 -0.0250136 0.078119
-0.204 -0.0694563 0.0853466
-0.202 -0.117337 0.0905729
-0.2 -0.160384 0.0941205
-0.198 -0.190662 0.0964746
-0.196 -0.202245 0.0981133
-0.194 -0.192806 0.0993369
-0.192 -0.16453 0.100155
-0.19 -0.123923 0.100267
-0.188 -0.0804418 0.0991417
-0.186 -0.0443353 0.0961683
-0.184 -0.0242519 0.0908324
-0.182 -0.0251904 0.0828785
-0.18 -0.0471947 0.0724125
-0.178 -0.0850536 0.0599206
-0.176 -0.129145 0.046193
-0.174 -0.167407 0.0321696
-0.172 -0.188124 0.0187466
-0.17 -0.182884 0.00659793
-0.168 -0.148866 -0.00393365
-0.166 -0.0897802 -0.0128467
-0.164 -0.0152038 -0.020396
-0.162 0.061489 -0.0269479
-0.16 0.126115 -0.0328291
-0.158 0.166948 -0.0382136
-0.156 0.177564 -0.0430807
-0.154 0.158526 -0.0472507
-0.152 0.117327 -0.0504871
-0.15 0.0664203 -0.0526312
-0.148 0.0197988 -0.0537216
-0.146 -0.0108497 -0.0540528
-0.144 -0.0192 -0.0541413
-0.142 -0.00570455 -0.0545994
-0.14 0.0228597 -0.0559483
-0.138 0.0553847 -0.0584254
-0.136 0.0793552 -0.0618444
-0.134 0.0840368 -0.0655485
-0.132 0.0632749 -0.068471
-0.13 0.0172907 -0.069285
-0.128 -0.0470424 -0.0665986
-0.126 -0.117681 -0.0591426
-0.124 -0.180387 -0.0459115
-0.122 -0.222391 -0.0262365
-0.12 -0.23563 0.000203149
-0.118 -0.218591 0.0334052
-0.116 -0.176338 0.0730759
-0.114 -0.118884 0.118638
-0.112 -0.0586201 0.169199
-0.11 -0.00758014 0.22348
-0.108 0.0248335 0.279746
-0.106 0.0333894 0.335762
-0.104 0.0177343 0.388856
-0.102 -0.0178017 0.436087
-0.1 -0.0653232 0.474524
-0.098 -0.11522 0.501588
-0.096 -0.158286 0.515377
-0.094 -0.187513 0.51492
-0.092 -0.199138 0.500287
-0.09 -0.192807 0.472544
-0.088 -0.17109 0.433586
-0.086 -0.138714 0.38588
-0.084 -0.101809 0.332205
-0.082 -0.0671323 0.27543
-0.08 -0.0411306 0.218379
-0.078 -0.0287858 0.163791
-0.076 -0.0324932 0.114341
-0.074 -0.0512979 0.0726726
-0.072 -0.0807006 0.0413769
-0.07 -0.113107 0.0228821
-0.068 -0.138973 0.019236
-0.066 -0.148667 0.0318204
-0.064 -0.134824 0.0610638
-0.062 -0.0946104 0.106242
-0.06 -0.0311262 0.165449
-0.058 0.0467049 0.23578
-0.056 0.125909 0.313723
-0.054 0.192467 0.395685
-0.052 0.234696 0.478544
-0.05 0.246047 0.560118
-0.048 0.226604 0.639437
-0.046 0.182984 0.716788
-0.044 0.126709 0.793518
-0.042 0.0713786 0.871695
-0.04 0.0291538 0.953696
-0.038 0.00729519 1.04184
-0.036 0.00572408 1.13815
-0.034 0.0165974 1.24424
-0.032 0.0265239 1.36139
-0.03 0.0211812 1.4906
-0.028 -0.00897829 1.63271
-0.026 -0.0639226 1.7883
-0.024 -0.131935 1.9575
-0.022 -0.190988 2.13971
-0.02 -0.213147 2.33324
-0.018 -0.170755 2.53507
-0.016 -0.0429317 2.74082
-0.014 0.17889 2.94486
-0.012 0.487393 3.14073
-0.01 0.858495 3.32161
-0.008 1.25358 3.48089
-0.006 1.62493 3.61258
-0.004 1.92372 3.71166
-0.002 2.10919 3.7743
0 2.15653 3.79798
0.002 2.06129 3.78158
0.004 1.8393 3.72548
0.006 1.52245 3.63163
0.008 1.1525 3.50361
0.01 0.774044 3.3465
0.012 0.42787 3.1666
0.014 0.145389 2.97101
0.016 -0.055151 2.76697
0.018 -0.170122 2.56123
0.02 -0.209495 2.35946
0.022 -0.193527 2.16585
0.024 -0.14771 1.98302
0.026 -0.0971033 1.8122
0.028 -0.0614353 1.65362
0.03 -0.0520753 1.50703
0.032 -0.0711432 1.37205
0.034 -0.112381 1.24841
0.036 -0.163347 1.13587
0.038 -0.208655 1.03405
0.04 -0.233868 0.942097
0.042 -0.2293 0.858539
0.044 -0.192795 0.781281
0.046 -0.130704 0.707844
0.048 -0.0567045 0.635794
0.05 0.0113022 0.563228
0.052 0.0554643 0.48923
0.054 0.0623523 0.414148
0.056 0.0264933 0.339623
0.058 -0.0476353 0.268336
0.06 -0.145702 0.203539
0.062 -0.246065 0.148452
0.064 -0.324558 0.105704
0.066 -0.360472 0.0769188
0.068 -0.34203 0.0625577
0.07 -0.269652 0.0620027
0.072 -0.156072 0.073836
0.074 -0.0233667 0.0962007
0.076 0.102131 0.127123
0.078 0.195651 0.164708
0.08 0.239253 0.207173
0.082 0.225573 0.252757
0.084 0.159407 0.299567
0.086 0.0566978 0.345469
0.088 -0.0591624 0.388067
0.09 -0.163087 0.424829
0.092 -0.234564 0.453331
0.094 -0.262434 0.471562
0.096 -0.24671 0.478233
0.098 -0.197212 0.472985
0.1 -0.129894 0.456447
0.102 -0.0622143 0.430119
0.104 -0.00886564 0.39609
0.106 0.0212174 0.356682
0.108 0.0260716 0.314105
0.11 0.0101116 0.270228
0.112 -0.0179491 0.226497
0.114 -0.0480803 0.183978
0.116 -0.0719915 0.143488
0.118 -0.0853002 0.105733
0.12 -0.0880993 0.0713985
0.122 -0.083879 0.0411641
0.124 -0.0774779 0.0156275
0.126 -0.0730279 -0.00482577
0.128 -0.0726319 -0.02016
0.13 -0.0760428 -0.0307704
0.132 -0.0812147 -0.0374596
0.134 -0.0854013 -0.0413009
0.136 -0.0863973 -0.0434195
0.138 -0.0835127 -0.044757
0.14 -0.077927 -0.0458908
0.142 -0.0722433 -0.0469608
0.144 -0.0693324 -0.0477223
0.146 -0.0708764 -0.0477025
0.148 -0.0762241 -0.0464105
0.15 -0.08214 -0.0435347
0.152 -0.0836849 -0.0390672
0.154 -0.0759473 -0.0333198
0.156 -0.0559287 -0.0268308
0.158 -0.0238361 -0.020196
0.16 0.0166355 -0.0138818
0.162 0.0590238 -0.00808159
0.164 0.0955636 -0.00266282
0.166 0.11904 0.00277668
0.168 0.124611 0.00875905
0.17 0.111107 0.0157301
0.172 0.0814078 0.0238793
0.174 0.0417156 0.0330367
0.176 -7.75284e-05 0.0426814
0.178 -0.0364509 0.0520571
0.18 -0.0621192 0.0603545
0.182 -0.0751145 0.0669044
0.184 -0.0767663 0.0713271
0.186 -0.0706837 0.0736007
0.188 -0.0612196 0.0740344
0.19 -0.0520017 0.0731562
0.192 -0.0449583 0.0715499
0.194 -0.040041 0.0696927
0.196 -0.0356698 0.0678402
0.198 -0.0297617 0.0659904
0.2 -0.0209787 0.063931
0.202 -0.0096871 0.0613501
0.204 0.00180321 0.057973
0.206 0.00984503 0.0536781
0.208 0.0106864 0.0485593
0.21 0.00187191 0.0429173
0.212 -0.0167039 0.0371859
0.214 -0.0424737 0.0318207
0.216 -0.0707083 0.0271852
0.218 -0.0956879 0.0234747
0.22 -0.112209 0.020697
0.222 -0.117053 0.0187094
0.224 -0.11001 0.0172945
0.226 -0.094068 0.016244
0.228 -0.0745812 0.0154261
0.23 -0.0576456 0.0148162
0.232 -0.0482087 0.0144861
0.234 -0.0485686 0.014556
0.236 -0.0577375 0.0151293
0.238 -0.0718366 0.0162303
0.24 -0.0853412 0.0177681
0.242 -0.0927382 0.0195426
0.244 -0.0900832 0.0212916
0.246 -0.076052 0.0227627
0.248 -0.0522652 0.023782
0.25 -0.022828 0.0242929
0.252 0.00681458 0.0243526
0.254 0.0314097 0.0240876
0.256 0.0473444 0.0236273
0.258 0.0535261 0.023038
0.26 0.05143 0.0222859
0.262 0.0443708 0.021242
0.264 0.0363206 0.0197296
0.266 0.030687 0.0175947
0.268 0.029411 0.0147716
0.27 0.0326034 0.0113211
0.272 0.0387535 0.00742667
0.274 0.0453799 0.00335399
0.276 0.0498995 -0.000613405
0.278 0.0504642 -0.00424207
0.28 0.0465318 -0.00740105
0.282 0.038999 -0.010084
0.284 0.029848 -0.0123942
0.286 0.0214226 -0.0144945
0.288 0.0155924 -0.0165383
0.29 0.0131147 -0.0186023
0.292 0.0134295 -0.0206456
0.294 0.0149475 -0.0225102
0.296 0.0156808 -0.0239612
0.298 0.0139394 -0.0247554
0.3 0.00883645 -0.0247152
0.302 0.000474476 -0.0237878
0.304 -0.0101614 -0.0220692
0.306 -0.0214952 -0.0197871
0.308 -0.0317293 -0.0172467
0.31 -0.039225 -0.0147573
0.312 -0.0428469 -0.0125613
0.314 -0.0422077 -0.0107864
0.316 -0.037731 -0.00943281
0.318 -0.0304858 -0.00839696
0.32 -0.0218379 -0.00752357
0.322 -0.0130641 -0.0066682
0.324 -0.00510211 -0.00575095
0.326 0.00147032 -0.00478418
0.328 0.00626708 -0.00386607
0.33 0.00888496 -0.00314358
0.332 0.00882279 -0.00275857
0.334 0.00561017 -0.0027959
0.336 -0.000917096 -0.00325
0.338 -0.0103595 -0.00401937
0.34 -0.0216642 -0.00492913
0.342 -0.0332466 -0.00577373
0.344 -0.043267 -0.00636673
0.346 -0.0499746 -0.00658293
0.348 -0.0520551 -0.0063818
0.35 -0.0489339 -0.00580714
0.352 -0.040971 -0.00496575
0.354 -0.0294743 -0.00399362
0.356 -0.0164776 -0.00302117
0.358 -0.00428877 -0.00214729
0.36 0.00509441 -0.00142754
0.362 0.0105175 -0.000876343
0.364 0.0119556 -0.000478986
0.366 0.0104458 -0.000207882
0.368 0.0076983 -3.73268e-05
0.37 0.00553574 4.81687e-05
0.372 0.00534245 5.48977e-05
0.374 0.00767631 -1.04509e-05
0.376 0.0121345 -0.000127574
0.378 0.0174958 -0.000252906
0.38 0.0220918 -0.000319406
0.382 0.0243001 -0.000247368
0.384 0.0230199 3.69798e-05
0.386 0.0179973 0.000581519
0.388 0.00991365 0.00139391
0.39 0.000225771 0.0024376
0.392 -0.00918856 0.00363907
0.394 -0.0164854 0.0049032
0.396 -0.0202964 0.00613194
0.398 -0.0200456 0.00724146
0.4 -0.0160571 0.00817401
0.402 -0.00943214 0.00890246
0.404 -0.00173868 0.00942666
0.406 0.00538728 0.00976331
0.408 0.0106158 0.00993313
0.41 0.013179 0.00994998
0.412 0.0129619 0.00981569
0.414 0.0104356 0.00952199
0.416 0.00647518 0.00905838
0.418 0.00212209 0.00842263
0.42 -0.00165833 0.00762959
0.422 -0.00417255 0.00671495
0.424 -0.00510902 0.00573269
0.426 -0.00454595 0.004747
0.428 -0.00286883 0.00382085
0.43 -0.000632475 0.00300451
0.432 0.00158882 0.00232708
0.434 0.00332515 0.00179358
0.436 0.00428734 0.00138841
0.438 0.00439319 0.00108343
0.44 0.00375238 0.000847984
0.442 0.00261993 0.00065745
0.444 0.00132652 0.000497996
0.446 0.000198582 0.00036668
0.448 -0.000513787 0.000267747
0.45 -0.00068379 0.000207148
0.452 -0.000321262 0.000187479
0.454 0.00044538 0.00020499
0.456 0.00140933 0.000249346
0.458 0.00233661 0.000305861
0.46 0.00301781 0.000359177
0.462 0.00331133 0.000396982
0.464 0.00317002 0.000412541
0.466 0.00264541 0.000405344
0.468 0.00186804 0.000379928
0.47 0.00100861 0.00034351
0.472 0.000231596 0.000303384
0.474 -0.000344465 0.000264922
0.476 -0.000668368 0.000230686
0.478 -0.00075553 0.000200686
0.48 -0.000669196 0.000173412
0.482 -0.000492852 0.000147097
0.484 -0.000303682 0.000120707
0.486 -0.000154099 9.43792e-05
0.488 -6.46065e-05 6.92567e-05
0.49 -2.7904e-05 4.69177e-05
0.492 -2.1226e-05 2.87032e-05
0.494 -2.13427e-05 1.52499e-05
0.496 -1.57405e-05 6.40914e-06
0.498 -5.53321e-06 1.54056e-06
0.4 0.0253525 0.497716
0.8 0.0256127 0.497388
1.2 0.0260439 0.496843
1.6 0.0266427 0.496084
2 0.0274039 0.495116
2.4 0.0283213 0.493944
2.8 0.0293873 0.492575
3.2 0.0305933 0.491016
3.6 0.0319292 0.489276
4 0.0333845 0.487362
4.4 0.0349473 0.485284
4.8 0.0366054 0.483053
5.2 0.0383457 0.480679
5.6 0.0401549 0.478171
6 0.0420191 0.475539
6.4 0.0439247 0.472795
6.8 0.0458576 0.469948
7.2 0.0478042 0.467008
7.6 0.0497513 0.463983
8 0.0516858 0.460883
8.4 0.0535955 0.457717
8.8 0.0554688 0.454491
9.2 0.0572951 0.451214
9.6 0.0590646 0.447892
10 0.0607687 0.444531
10.4 0.0623999 0.441137
10.8 0.0639518 0.437716
11.2 0.0654194 0.434272
11.6 0.0667989 0.430811
12 0.0680877 0.427338
12.4 0.0692845 0.423855
12.8 0.0703892 0.420368
13.2 0.0714028 0.416881
13.6 0.0723274 0.413398
14 0.0731662 0.409924
14.4 0.073923 0.406462
14.8 0.0746025 0.403017
15.2 0.07521 0.399594
15.6 0.0757511 0.396197
16 0.0762319 0.392831
16.4 0.0766585 0.3895
16.8 0.0770371 0.38621
17.2 0.0773738 0.382963
17.6 0.0776742 0.379765
18 0.0779437 0.376619
18.4 0.078187 0.37353
18.8 0.0784084 0.370498
19.2 0.0786113 0.367528
19.6 0.0787983 0.36462
20 0.0789713 0.361776
20.4 0.0791313 0.358994
20.8 0.0792785 0.356275
21.2 0.0794124 0.353615
21.6 0.0795317 0.351012
22 0.0796342 0.348462
22.4 0.0797176 0.34596
22.8 0.0797786 0.343498
23.2 0.0798141 0.341071
23.6 0.0798204 0.33867
24 0.0797939 0.336286
24.4 0.0797312 0.333911
24.8 0.079629 0.331534
25.2 0.0794844 0.329146
25.6 0.0792954 0.326737
26 0.0790602 0.324295
26.4 0.0787782 0.321813
26.8 0.0784494 0.31928
27.2 0.0780751 0.316688
27.6 0.0776576 0.31403
28 0.0772 0.311299
28.4 0.0767068 0.308489
28.8 0.0761836 0.305597
29.2 0.0756369 0.30262
29.6 0.0750741 0.299558
30 0.0745036 0.296411
30.4 0.0739346 0.293182
30.8 0.0733766 0.289876
31.2 0.0728398 0.286498
31.6 0.0723344 0.283056
32 0.0718709 0.27956
32.4 0.0714594 0.276019
32.8 0.0711098 0.272446
33.2 0.0708312 0.268854
33.6 0.0706321 0.265256
34 0.0705199 0.261668
34.4 0.070501 0.258103
34.8 0.0705802 0.254578
35.2 0.070761 0.251107
35.6 0.0710454 0.247706
36 0.0714335 0.244388
36.4 0.0719239 0.241167
36.8 0.0725132 0.238056
37.2 0.0731964 0.235066
37.6 0.0739667 0.232207
38 0.0748157 0.229488
38.4 0.0757334 0.226917
38.8 0.0767083 0.224498
39.2 0.0777278 0.222235
39.6 0.0787779 0.22013
40 0.0798442 0.218184
40.4 0.080911 0.216395
40.8 0.0819627 0.214761
41.2 0.0829831 0.213276
41.6 0.0839563 0.211936
42 0.0848664 0.210732
42.4 0.0856982 0.209658
42.8 0.0864373 0.208704
43.2 0.0870701 0.207861
43.6 0.0875842 0.207119
44 0.0879687 0.206467
44.4 0.0882139 0.205897
44.8 0.0883121 0.205396
45.2 0.0882572 0.204956
45.6 0.0880449 0.204567
46 0.0876728 0.20422
46.4 0.0871406 0.203907
46.8 0.0864497 0.20362
47.2 0.0856036 0.203354
47.6 0.0846075 0.203102
48 0.0834683 0.20286
48.4 0.0821948 0.202624
48.8 0.0807972 0.20239
49.2 0.079287 0.202157
49.6 0.0776771 0.201924
50 0.0759814 0.201689
50.4 0.0742147 0.201452
50.8 0.0723925 0.201213
51.2 0.0705308 0.200973
51.6 0.068646 0.200733
52 0.0667544 0.200493
52.4 0.0648725 0.200254
52.8 0.0630164 0.200017
53.2 0.0612019 0.199783
53.6 0.0594442 0.19955
54 0.0577577 0.199318
54.4 0.0561559 0.199088
54.8 0.0546514 0.198856
55.2 0.0532556 0.198622
55.6 0.0519787 0.198382
56 0.0508297 0.198135
56.4 0.0498161 0.197875
56.8 0.0489439 0.197599
57.2 0.0482179 0.197303
57.6 0.0476411 0.196981
58 0.0472153 0.19663
58.4 0.0469406 0.196242
58.8 0.0468158 0.195814
59.2 0.0468381 0.195339
59.6 0.0470034 0.194813
60 0.0473064 0.19423
60.4 0.0477403 0.193585
60.8 0.0482974 0.192874
61.2 0.0489688 0.192093
61.6 0.0497449 0.191238
62 0.0506149 0.190305
62.4 0.0515675 0.189292
62.8 0.052591 0.188196
63.2 0.0536731 0.187016
63.6 0.0548011 0.185749
64 0.0559625 0.184395
64.4 0.0571446 0.182954
64.8 0.0583349 0.181424
65.2 0.0595213 0.179807
65.6 0.060692 0.178101
66 0.061836 0.176309
66.4 0.0629428 0.17443
66.8 0.0640029 0.172464
67.2 0.0650077 0.170414
67.6 0.0659496 0.168279
68 0.0668221 0.16606
68.4 0.0676199 0.163758
68.8 0.0683391 0.161373
69.2 0.0689766 0.158906
69.6 0.069531 0.156357
70 0.0700018 0.153728
70.4 0.0703898 0.151017
70.8 0.0706972 0.148227
71.2 0.0709268 0.145357
71.6 0.0710829 0.142408
72 0.0711702 0.139383
72.4 0.0711946 0.136281
72.8 0.0711624 0.133106
73.2 0.0710805 0.12986
73.6 0.0709562 0.126545
74 0.070797 0.123166
74.4 0.0706103 0.119727
74.8 0.0704039 0.116232
75.2 0.070185 0.112689
75.6 0.0699606 0.109103
76 0.0697372 0.105482
76.4 0.0695209 0.101834
76.8 0.069317 0.098168
77.2 0.0691301 0.0944933
77.6 0.068964 0.0908201
78 0.0688217 0.0871589
78.4 0.0687054 0.0835207
78.8 0.0686162 0.0799165
79.2 0.0685546 0.0763578
79.6 0.0685202 0.0728558
80 0.0685119 0.0694215
80.4 0.0685277 0.0660658
80.8 0.0685653 0.0627991
81.2 0.0686215 0.0596309
81.6 0.068693 0.0565704
82 0.068776 0.0536257
82.4 0.0688665 0.0508038
82.8 0.0689605 0.0481108
83.2 0.0690538 0.0455517
83.6 0.0691424 0.0431302
84 0.0692227 0.0408486
84.4 0.0692909 0.0387082
84.8 0.0693441 0.0367087
85.2 0.0693794 0.034849
85.6 0.0693944 0.0331263
86 0.0693876 0.031537
86.4 0.0693574 0.0300765
86.8 0.0693031 0.028739
87.2 0.0692243 0.0275182
87.6 0.0691213 0.0264069
88 0.0689945 0.0253974
88.4 0.0688448 0.0244817
88.8 0.0686734 0.0236516
89.2 0.0684817 0.0228985
89.6 0.0682714 0.0222143
90 0.0680439 0.0215909
90.4 0.0678011 0.0210203
90.8 0.0675444 0.0204953
91.2 0.0672753 0.0200091
91.6 0.0669949 0.0195555
92 0.0667044 0.0191291
92.4 0.0664044 0.0187251
92.8 0.0660953 0.0183396
93.2 0.0657772 0.0179694
93.6 0.0654498 0.0176123
94 0.0651128 0.0172665
94.4 0.0647652 0.0169313
94.8 0.0644062 0.0166063
95.2 0.0640346 0.016292
95.6 0.0636493 0.0159893
96 0.0632491 0.0156994
96.4 0.0628328 0.015424
96.8 0.0623997 0.0151649
97.2 0.0619491 0.0149242
97.6 0.0614807 0.0147039
98 0.0609948 0.014506
98.4 0.0604922 0.0143324
98.8 0.0599741 0.0141847
99.2 0.0594427 0.0140645
99.6 0.0589007 0.0139728
100 0.0583514 0.0139104
100.4 0.0577992 0.0138778
100.8 0.0572489 0.0138749
101.2 0.0567062 0.0139016
101.6 0.0561772 0.0139571
102 0.0556689 0.0140406
102.4 0.0551885 0.0141507
102.8 0.0547436 0.0142862
103.2 0.0543422 0.0144453
103.6 0.0539921 0.0146265
104 0.0537013 0.0148279
104.4 0.0534775 0.015048
104.8 0.053328 0.0152851
105.2 0.0532596 0.015538
105.6 0.0532782 0.0158053
106 0.0533891 0.0160863
106.4 0.0535964 0.0163804
106.8 0.0539031 0.0166872
107.2 0.054311 0.017007
107.6 0.0548204 0.0173403
108 0.0554303 0.0176879
108.4 0.0561382 0.0180511
108.8 0.05694 0.0184314
109.2 0.0578301 0.0188307
109.6 0.0588016 0.019251
110 0.0598459 0.0196946
110.4 0.0609535 0.0201637
110.8 0.0621133 0.0206609
111.2 0.0633135 0.0211884
111.6 0.0645411 0.0217485
112 0.0657825 0.0223432
112.4 0.0670239 0.0229743
112.8 0.0682509 0.0236433
113.2 0.069449 0.0243511
113.6 0.0706043 0.0250984
114 0.0717028 0.0258852
114.4 0.0727317 0.026711
114.8 0.0736785 0.0275747
115.2 0.0745323 0.0284748
115.6 0.075283 0.029409
116 0.0759223 0.0303745
116.4 0.0764434 0.0313678
116.8 0.076841 0.0323851
117.2 0.0771119 0.033422
117.6 0.0772544 0.0344736
118 0.0772689 0.0355346
118.4 0.0771577 0.0365996
118.8 0.0769246 0.0376628
119.2 0.0765754 0.0387182
119.6 0.0761176 0.0397599
120 0.0755597 0.0407817
120.4 0.0749121 0.0417779
120.8 0.0741858 0.0427425
121.2 0.0733931 0.0436699
121.6 0.0725467 0.044555
122 0.0716599 0.0453926
122.4 0.0707462 0.0461783
122.8 0.0698188 0.046908
123.2 0.0688909 0.0475779
123.6 0.0679751 0.048185
124 0.067083 0.0487266
124.4 0.0662255 0.0492005
124.8 0.0654123 0.0496052
125.2 0.0646517 0.0499395
125.6 0.0639506 0.050203
126 0.0633144 0.0503955
126.4 0.0627469 0.0505174
126.8 0.0622501 0.0505694
127.2 0.0618246 0.0505528
127.6 0.0614693 0.050469
128 0.0611815 0.05032
128.4 0.0609573 0.0501078
128.8 0.0607913 0.0498349
129.2 0.060677 0.0495039
129.6 0.060607 0.0491175
130 0.0605732 0.0486788
130.4 0.0605668 0.0481908
130.8 0.060579 0.0476567
131.2 0.0606006 0.0470797
131.6 0.0606228 0.0464632
132 0.060637 0.0458105
132.4 0.0606352 0.0451251
132.8 0.0606103 0.0444102
133.2 0.0605562 0.0436695
133.6 0.0604676 0.0429062
134 0.0603409 0.0421237
134.4 0.0601735 0.0413255
134.8 0.0599642 0.0405148
135.2 0.0597135 0.039695
135.6 0.059423 0.0388693
136 0.0590959 0.0380409
136.4 0.0587367 0.0372127
136.8 0.058351 0.0363877
137.2 0.0579455 0.0355688
137.6 0.057528 0.0347585
138 0.0571067 0.0339594
138.4 0.0566905 0.0331736
138.8 0.0562888 0.0324032
139.2 0.0559107 0.03165
139.6 0.0555656 0.0309155
140 0.0552621 0.0302007
140.4 0.0550086 0.0295067
140.8 0.0548124 0.0288339
141.2 0.0546799 0.0281825
141.6 0.0546166 0.0275524
142 0.0546263 0.026943
142.4 0.0547115 0.0263535
142.8 0.0548734 0.0257826
143.2 0.0551112 0.0252289
143.6 0.055423 0.0246905
144 0.055805 0.0241654
144.4 0.0562519 0.0236512
144.8 0.056757 0.0231454
145.2 0.0573124 0.0226454
145.6 0.0579087 0.0221484
146 0.0585357 0.0216516
146.4 0.0591825 0.0211523
146.8 0.0598372 0.0206477
147.2 0.0604879 0.0201352
147.6 0.0611223 0.0196125
148 0.0617284 0.0190774
148.4 0.0622944 0.018528
148.8 0.062809 0.0179628
149.2 0.0632619 0.0173805
149.6 0.0636435 0.0167804
150 0.0639456 0.0161621
150.4 0.0641614 0.0155257
150.8 0.0642853 0.0148718
151.2 0.0643135 0.0142013
151.6 0.0642437 0.0135158
152 0.0640753 0.0128169
152.4 0.0638096 0.0121071
152.8 0.0634493 0.0113889
153.2 0.0629987 0.0106653
153.6 0.0624638 0.00993953
154 0.0618517 0.00921503
154.4 0.0611709 0.00849542
154.8 0.0604309 0.00778442
155.2 0.0596419 0.0070858
155.6 0.058815 0.00640329
156 0.0579615 0.00574054
156.4 0.057093 0.00510105
156.8 0.0562209 0.00448812
157.2 0.0553565 0.00390477
157.6 0.0545107 0.00335372
158 0.0536935 0.00283734
158.4 0.0529141 0.00235759
158.8 0.0521807 0.00191604
159.2 0.0515004 0.0015138
159.6 0.0508789 0.00115153
160 0.0503205 0.000829458
160.4 0.0498283 0.00054734
160.8 0.0494037 0.000304508
161.2 0.0490468 9.98802e-05
161.6 0.048756 -6.80129e-05
162 0.0485288 -0.000200992
162.4 0.048361 -0.000301188
162.8 0.0482474 -0.000371003
163.2 0.0481819 -0.000413055
163.6 0.0481572 -0.000430134
164 0.0481657 -0.00042515
164.4 0.0481989 -0.000401077
164.8 0.0482481 -0.000360907
165.2 0.0483045 -0.000307599
165.6 0.0483593 -0.000244032
166 0.0484038 -0.000172965
166.4 0.0484298 -9.69963e-05
166.8 0.0484296 -1.85328e-05
167.2 0.0483962 6.02407e-05
167.6 0.0483235 0.000137382
168 0.0482063 0.000211207
168.4 0.0480403 0.000280303
168.8 0.0478226 0.000343527
169.2 0.047551 0.000400012
169.6 0.0472249 0.000449154
170 0.0468446 0.000490602
170.4 0.0464116 0.000524245
170.8 0.0459284 0.000550185
171.2 0.0453984 0.000568722
171.6 0.0448263 0.000580324
172 0.0442171 0.000585598
172.4 0.0435769 0.000585267
172.8 0.0429119 0.000580136
173.2 0.0422291 0.000571067
173.6 0.0415355 0.000558952
174 0.0408384 0.000544682
174.4 0.0401448 0.00052913
174.8 0.0394617 0.000513125
175.2 0.0387957 0.000497437
175.6 0.038153 0.000482756
176 0.0375392 0.000469686
176.4 0.0369592 0.000458731
176.8 0.0364173 0.00045029
177.2 0.0359167 0.000444658
177.6 0.0354599 0.000442019
178 0.0350486 0.000442456
178.4 0.0346833 0.000445952
178.8 0.0343637 0.000452401
179.2 0.0340887 0.000461611
179.6 0.0338562 0.000473324
180 0.0336634 0.00048722
180.4 0.0335066 0.000502934
180.8 0.0333814 0.000520065
181.2 0.0332831 0.000538193
181.6 0.0332063 0.000556889
182 0.0331451 0.000575726
182.4 0.0330936 0.000594293
182.8 0.0330455 0.000612199
183.2 0.0329946 0.000629089
183.6 0.0329347 0.000644645
184 0.0328596 0.000658592
184.4 0.0327635 0.000670707
184.8 0.032641 0.000680816
185.2 0.0324869 0.000688798
185.6 0.0322967 0.000694586
186 0.0320662 0.00069816
186.4 0.0317922 0.000699555
186.8 0.0314716 0.000698846
187.2 0.0311025 0.000696152
187.6 0.0306833 0.000691628
188 0.0302133 0.000685462
188.4 0.0296925 0.000677868
188.8 0.0291215 0.000669079
189.2 0.0285016 0.000659345
189.6 0.0278347 0.000648926
190 0.0271233 0.000638087
190.4 0.0263707 0.000627092
190.8 0.0255804 0.000616202
191.2 0.0247566 0.00060567
191.6 0.0239038 0.000595734
192 0.0230271 0.000586622
192.4 0.0221317 0.000578541
192.8 0.0212232 0.000571679
193.2 0.0203074 0.000566202
193.6 0.0193904 0.000562255
194 0.0184783 0.000559957
194.4 0.0175773 0.000559404
194.8 0.0166938 0.000560667
195.2 0.015834 0.000563792
195.6 0.0150043 0.000568798
196 0.0142107 0.000575682
196.4 0.0134593 0.000584416
196.8 0.0127559 0.000594947
197.2 0.0121061 0.0006072
197.6 0.0115152 0.000621076
198 0.0109883 0.000636459
198.4 0.0105299 0.000653208
198.8 0.0101442 0.000671166
199.2 0.00983485 0.000690158
199.6 0.00960509 0.000709995
200 0.00945746 0.000730471
200.4 0.00939392 0.000751372
200.8 0.00941573 0.000772472
201.2 0.00952344 0.000793541
201.6 0.00971683 0.000814341
202 0.0099949 0.000834637
202.4 0.0103558 0.000854194
202.8 0.0107969 0.00087278
203.2 0.0113147 0.000890175
203.6 0.0119049 0.000906166
204 0.0125623 0.000920557
204.4 0.0132808 0.000933169
204.8 0.0140539 0.000943843
205.2 0.0148741 0.000952442
205.6 0.0157334 0.000958854
206 0.0166232 0.000962996
206.4 0.0175344 0.000964812
206.8 0.0184578 0.000964276
207.2 0.0193836 0.000961392
207.6 0.0203023 0.000956196
208 0.0212043 0.000948752
208.4 0.02208 0.000939153
208.8 0.0229204 0.00092752
209.2 0.023717 0.000914
209.6 0.0244618 0.000898762
210 0.0251475 0.000881993
210.4 0.025768 0.0008639
210.8 0.0263179 0.000844698
211.2 0.0267932 0.000824616
211.6 0.027191 0.000803884
212 0.0275097 0.000782734
212.4 0.0277491 0.000761396
212.8 0.0279102 0.000740089
213.2 0.0279956 0.000719026
213.6 0.0280091 0.000698403
214 0.0279559 0.000678399
214.4 0.0278425 0.000659174
214.8 0.0276762 0.000640868
215.2 0.0274656 0.000623596
215.6 0.0272202 0.00060745
216 0.0269501 0.0005925
216.4 0.0266659 0.000578789
216.8 0.0263786 0.000566343
217.2 0.0260994 0.000555163
217.6 0.0258394 0.000545235
218 0.0256094 0.000536527
218.4 0.02542 0.000528996
218.8 0.0252808 0.00052259
219.2 0.0252009 0.000517251
219.6 0.0251882 0.000512919
220 0.0252497 0.000509538
220.4 0.025391 0.000507054
220.8 0.0256165 0.000505428
221.2 0.025929 0.000504628
221.6 0.02633 0.00050464
222 0.0268197 0.00050547
222.4 0.0273966 0.00050714
222.8 0.0280579 0.000509696
223.2 0.0287995 0.000513205
223.6 0.0296163 0.000517755
224 0.0305018 0.000523457
224.4 0.0314486 0.000530439
224.8 0.0324489 0.000538849
225.2 0.0334937 0.000548849
225.6 0.0345742 0.000560612
226 0.0356809 0.000574319
226.4 0.0368044 0.000590154
226.8 0.0379356 0.000608298
227.2 0.0390653 0.000628928
227.6 0.0401852 0.000652205
228 0.0412873 0.000678276
228.4 0.0423643 0.000707263
228.8 0.0434101 0.000739261
229.2 0.0444188 0.000774333
229.6 0.0453862 0.000812502
230 0.0463083 0.000853753
230.4 0.0471826 0.000898025
230.8 0.0480072 0.00094521
231.2 0.048781 0.000995152
231.6 0.0495039 0.00104764
232 0.0501762 0.00110243
232.4 0.0507989 0.0011592
232.8 0.0513731 0.00121761
233.2 0.0519005 0.00127725
233.6 0.0523827 0.00133769
234 0.0528214 0.00139845
234.4 0.0532178 0.00145903
234.8 0.0535732 0.0015189
235.2 0.0538882 0.0015775
235.6 0.054163 0.00163428
236 0.054397 0.00168866
236.4 0.0545892 0.0017401
236.8 0.0547377 0.00178804
237.2 0.05484 0.00183196
237.6 0.0548928 0.00187136
238 0.0548922 0.00190578
238.4 0.0548339 0.00193481
238.8 0.0547128 0.00195807
239.2 0.0545238 0.00197526
239.6 0.0542614 0.00198614
240 0.0539201 0.00199052
240.4 0.0534945 0.0019883
240.8 0.0529796 0.00197944
241.2 0.0523706 0.00196398
241.6 0.0516636 0.00194204
242 0.0508554 0.00191379
242.4 0.0499438 0.00187951
242.8 0.0489276 0.00183952
243.2 0.047807 0.0017942
243.6 0.0465834 0.00174402
244 0.0452595 0.00168948
244.4 0.0438395 0.00163112
244.8 0.0423291 0.00156953
245.2 0.0407352 0.00150534
245.6 0.0390662 0.00143918
246 0.0373317 0.0013717
246.4 0.0355423 0.00130357
246.8 0.0337098 0.00123543
247.2 0.0318467 0.00116792
247.6 0.029966 0.00110165
248 0.0280813 0.00103722
248.4 0.0262063 0.000975148
248.8 0.0243547 0.000915952
249.2 0.0225398 0.000860076
249.6 0.0207745 0.000807914
250 0.019071 0.000759798
250.4 0.0174406 0.000715997
250.8 0.0158933 0.000676717
251.2 0.0144381 0.000642094
251.6 0.0130823 0.000612202
252 0.0118319 0.000587048
252.4 0.0106912 0.000566576
252.8 0.00966287 0.000550672
253.2 0.00874784 0.000539164
253.6 0.00794549 0.000531831
254 0.00725355 0.000528405
254.4 0.00666827 0.000528577
254.8 0.0061845 0.000532006
255.2 0.00579583 0.000538324
255.6 0.00549476 0.000547141
256 0.00527291 0.000558055
256.4 0.00512116 0.000570656
256.8 0.0050299 0.000584535
257.2 0.00498921 0.000599288
257.6 0.00498912 0.000614523
258 0.00501976 0.000629868
258.4 0.00507158 0.000644971
258.8 0.00513553 0.000659508
259.2 0.00520325 0.000673186
259.6 0.00526715 0.000685746
260 0.00532061 0.000696965
260.4 0.00535799 0.000706657
260.8 0.00537477 0.000714677
261.2 0.00536754 0.000720918
261.6 0.00533402 0.000725312
262 0.00527304 0.000727829
262.4 0.0051845 0.000728476
262.8 0.0050693 0.000727293
263.2 0.00492921 0.000724353
263.6 0.00476681 0.000719757
264 0.00458535 0.000713631
264.4 0.00438856 0.000706125
264.8 0.00418058 0.000697405
265.2 0.00396574 0.000687649
265.6 0.00374844 0.000677049
266 0.00353299 0.000665798
266.4 0.00332349 0.000654095
266.8 0.00312368 0.000642131
267.2 0.00293681 0.000630094
267.6 0.00276561 0.000618158
268 0.00261213 0.000606487
268.4 0.00247773 0.000595222
268.8 0.00236305 0.000584487
269.2 0.00226795 0.000574379
269.6 0.00219161 0.000564972
270 0.00213245 0.000556309
270.4 0.00208828 0.000548405
270.8 0.00205631 0.000541243
271.2 0.00203327 0.000534773
271.6 0.00201549 0.000528915
272 0.00199904 0.000523556
272.4 0.0019798 0.00051855
272.8 0.00195366 0.000513724
273.2 0.00191655 0.000508875
273.6 0.00186465 0.000503774
274 0.00179445 0.000498169
274.4 0.00170289 0.000491787
274.8 0.00158741 0.000484339
275.2 0.00144611 0.000475524
275.6 0.00127773 0.000465031
276 0.00108176 0.000452548
276.4 0.000858443 0.000437764
276.8 0.000608785 0.000420374
277.2 0.000334557 0.000400086
277.6 3.82579e-05 0.000376626
278 -0.000276927 0.000349742
278.4 -0.000607193 0.000319213
278.8 -0.000948194 0.00028485
279.2 -0.00129513 0.000246502
279.6 -0.00164287 0.00020406
280 -0.00198602 0.000157465
280.4 -0.0023191 0.000106705
280.8 -0.0026366 5.18224e-05
281.2 -0.00293316 -7.08596e-06
281.6 -0.00320365 -6.98672e-05
282 -0.00344328 -0.000136312
282.4 -0.00364773 -0.000206155
282.8 -0.00381321 -0.000279076
283.2 -0.00393657 -0.000354703
283.6 -0.00401534 -0.000432614
284 -0.00404781 -0.000512344
284.4 -0.00403303 -0.000593386
284.8 -0.00397087 -0.000675199
285.2 -0.00386196 -0.000757215
285.6 -0.00370775 -0.000838842
286 -0.00351041 -0.000919477
286.4 -0.00327282 -0.000998511
286.8 -0.0029985 -0.00107534
287.2 -0.00269153 -0.00114935
287.6 -0.00235648 -0.00121999
288 -0.0019983 -0.00128668
288.4 -0.00162224 -0.00134892
288.8 -0.00123373 -0.00140623
289.2 -0.000838296 -0.00145817
289.6 -0.000441446 -0.00150438
290 -4.85684e-05 -0.00154454
290.4 0.00033516 -0.0015784
290.8 0.000704858 -0.00160576
291.2 0.00105603 -0.00162651
291.6 0.00138461 -0.00164061
292 0.00168707 -0.00164808
292.4 0.0019604 -0.001649
292.8 0.00220219 -0.00164355
293.2 0.00241066 -0.00163192
293.6 0.0025846 -0.00161442
294 0.00272345 -0.00159137
294.4 0.00282723 -0.00156316
294.8 0.00289652 -0.00153021
295.2 0.00293243 -0.00149299
295.6 0.00293657 -0.00145199
296 0.00291096 -0.00140772
296.4 0.00285799 -0.00136069
296.8 0.00278035 -0.00131145
297.2 0.00268099 -0.00126052
297.6 0.002563 -0.00120841
298 0.00242958 -0.00115562
298.4 0.00228396 -0.00110264
298.8 0.00212933 -0.00104991
299.2 0.0019688 -0.000997856
299.6 0.00180534 -0.000946848
300 0.00164171 -0.000897229
300.4 0.00148044 -0.000849294
300.8 0.00132381 -0.000803295
301.2 0.00117378 -0.000759437
301.6 0.00103202 -0.000717879
302 0.000899875 -0.000678738
302.4 0.000778372 -0.000642085
302.8 0.000668217 -0.000607953
303.2 0.000569814 -0.000576334
303.6 0.000483281 -0.000547188
304 0.000408472 -0.000520444
304.4 0.000345005 -0.000496002
304.8 0.000292293 -0.000473742
305.2 0.000249578 -0.000453523
305.6 0.000215962 -0.000435193
306 0.000190444 -0.000418589
306.4 0.000171957 -0.000403541
306.8 0.000159398 -0.000389881
307.2 0.00015166 -0.000377439
307.6 0.000147663 -0.000366052
308 0.000146376 -0.000355565
308.4 0.000146846 -0.000345831
308.8 0.000148208 -0.000336719
309.2 0.000149706 -0.000328108
309.6 0.0001507 -0.000319892
310 0.000150672 -0.000311981
310.4 0.00014923 -0.000304298
310.8 0.000146105 -0.000296784
311.2 0.000141147 -0.000289391
311.6 0.000134316 -0.000282087
312 0.000125672 -0.000274849
312.4 0.000115363 -0.000267667
312.8 0.000103611 -0.00026054
313.2 9.06956e-05 -0.000253474
313.6 7.69382e-05 -0.000246483
314 6.26883e-05 -0.000239582
314.4 4.83068e-05 -0.000232794
314.8 3.41516e-05 -0.000226138
315.2 2.05648e-05 -0.000219639
315.6 7.86074e-06 -0.000213316
316 -3.68381e-06 -0.000207191
316.4 -1.38375e-05 -0.000201279
316.8 -2.24204e-05 -0.000195595
317.2 -2.93077e-05 -0.00019015
317.6 -3.44315e-05 -0.000184948
318 -3.77805e-05 -0.000179994
318.4 -3.93978e-05 -0.000175284
318.8 -3.93771e-05 -0.000170816
319.2 -3.78574e-05 -0.000166579
319.6 -3.50168e-05 -0.000162563
320 -3.10648e-05 -0.000158755
320.4 -2.62342e-05 -0.00015514
320.8 -2.07732e-05 -0.0001517
321.2 -1.49367e-05 -0.000148419
321.6 -8.97796e-06 -0.00014528
322 -3.14111e-06 -0.000142267
322.4 2.34607e-06 -0.000139362
322.8 7.27837e-06 -0.000136551
323.2 1.14784e-05 -0.000133823
323.6 1.48005e-05 -0.000131164
324 1.71341e-05 -0.000128566
324.4 1.84048e-05 -0.000126021
324.8 1.85756e-05 -0.000123524
325.2 1.76455e-05 -0.000121072
325.6 1.56484e-05 -0.000118663
326 1.26499e-05 -0.000116297
326.4 8.74427e-06 -0.000113974
326.8 4.0497e-06 -0.000111698
327.2 -1.29601e-06 -0.000109472
327.6 -7.14073e-06 -0.000107299
328 -1.33232e-05 -0.000105183
328.4 -1.96782e-05 -0.000103128
328.8 -2.60418e-05 -0.000101138
329.2 -3.2256e-05 -9.92157e-05
329.6 -3.8173e-05 -9.73645e-05
330 -4.36592e-05 -9.5586e-05
330.4 -4.85982e-05 -9.38814e-05
330.8 -5.2893e-05 -9.2251e-05
331.2 -5.64684e-05 -9.06942e-05
331.6 -5.92713e-05 -8.92097e-05
332 -6.1271e-05 -8.77954e-05
332.4 -6.24593e-05 -8.64485e-05
332.8 -6.28487e-05 -8.51657e-05
333.2 -6.2471e-05 -8.39434e-05
333.6 -6.13753e-05 -8.27776e-05
334 -5.96252e-05 -8.16644e-05
334.4 -5.7296e-05 -8.05996e-05
334.8 -5.44716e-05 -7.95793e-05
335.2 -5.12419e-05 -7.85999e-05
335.6 -4.7699e-05 -7.76579e-05
336 -4.39348e-05 -7.67503e-05
336.4 -4.00381e-05 -7.58744e-05
336.8 -3.60924e-05 -7.5028e-05
337.2 -3.21734e-05 -7.42092e-05
337.6 -2.83476e-05 -7.34165e-05
338 -2.46711e-05 -7.26484e-05
338.4 -2.11887e-05 -7.19038e-05
338.8 -1.79333e-05 -7.11816e-05
339.2 -1.49266e-05 -7.04806e-05
339.6 -1.21785e-05 -6.97997e-05
340 -9.68871e-06 -6.91371e-05
340.4 -7.44763e-06 -6.84909e-05
340.8 -5.4374e-06 -6.78589e-05
341.2 -3.63359e-06 -6.7238e-05
341.6 -2.00674e-06 -6.66248e-05
342 -5.24016e-07 -6.60154e-05
342.4 8.49185e-07 -6.54049e-05
342.8 2.14768e-06 -6.47883e-05
343.2 3.40506e-06 -6.41598e-05
343.6 4.65246e-06 -6.35133e-05
344 5.91748e-06 -6.28422e-05
344.4 7.22336e-06 -6.214e-05
344.8 8.58842e-06 -6.14001e-05
345.2 1.00257e-05 -6.06157e-05
345.6 1.15429e-05 -5.97807e-05
346 1.31424e-05 -5.88893e-05
346.4 1.48219e-05 -5.79362e-05
346.8 1.65746e-05 -5.69172e-05
347.2 1.839e-05 -5.58289e-05
347.6 2.0255e-05 -5.46689e-05
348 2.2154e-05 -5.34362e-05
348.4 2.40705e-05 -5.21311e-05
348.8 2.59878e-05 -5.07552e-05
349.2 2.78893e-05 -4.93114e-05
349.6 2.976e-05 -4.78042e-05
350 3.15865e-05 -4.62394e-05
350.4 3.33577e-05 -4.46241e-05
350.8 3.50652e-05 -4.29665e-05
351.2 3.67034e-05 -4.12759e-05
351.6 3.82695e-05 -3.95627e-05
352 3.97633e-05 -3.78377e-05
352.4 4.11871e-05 -3.61124e-05
352.8 4.25451e-05 -3.43988e-05
353.2 4.38429e-05 -3.27086e-05
353.6 4.50873e-05 -3.10536e-05
354 4.62848e-05 -2.94452e-05
354.4 4.74421e-05 -2.78943e-05
354.8 4.85644e-05 -2.64108e-05
355.2 4.96556e-05 -2.5004e-05
355.6 5.07173e-05 -2.36816e-05
356 5.17486e-05 -2.24504e-05
356.4 5.27458e-05 -2.13156e-05
356.8 5.37021e-05 -2.02811e-05
357.2 5.46076e-05 -1.93492e-05
357.6 5.54496e-05 -1.85204e-05
358 5.62125e-05 -1.77942e-05
358.4 5.68787e-05 -1.71681e-05
358.8 5.74283e-05 -1.66385e-05
359.2 5.78407e-05 -1.62005e-05
359.6 5.80945e-05 -1.58477e-05
360 5.81687e-05 -1.55731e-05
360.4 5.80431e-05 -1.53685e-05
360.8 5.76996e-05 -1.52252e-05
361.2 5.71224e-05 -1.51339e-05
361.6 5.62991e-05 -1.50849e-05
362 5.52211e-05 -1.50686e-05
362.4 5.38842e-05 -1.50753e-05
362.8 5.22889e-05 -1.50956e-05
363.2 5.0441e-05 -1.51203e-05
363.6 4.83511e-05 -1.5141e-05
364 4.60351e-05 -1.51498e-05
364.4 4.35137e-05 -1.51398e-05
364.8 4.0812e-05 -1.51048e-05
365.2 3.79596e-05 -1.50394e-05
365.6 3.4989e-05 -1.49395e-05
366 3.19358e-05 -1.48019e-05
366.4 2.88375e-05 -1.46243e-05
366.8 2.57324e-05 -1.44055e-05
367.2 2.26594e-05 -1.4145e-05
367.6 1.96565e-05 -1.38436e-05
368 1.67601e-05 -1.35026e-05
368.4 1.40043e-05 -1.31242e-05
368.8 1.14202e-05 -1.27109e-05
369.2 9.03482e-06 -1.22662e-05
369.6 6.87108e-06 -1.17938e-05
370 4.94705e-06 -1.12977e-05
370.4 3.27575e-06 -1.07822e-05
370.8 1.86498e-06 -1.02516e-05
371.2 7.17329e-07 -9.71051e-06
371.6 -1.69761e-07 -9.16329e-06
372 -8.03699e-07 -8.61425e-06
372.4 -1.19641e-06 -8.06751e-06
372.8 -1.36387e-06 -7.527e-06
373.2 -1.32555e-06 -6.99636e-06
373.6 -1.10381e-06 -6.47893e-06
374 -7.23235e-07 -5.97774e-06
374.4 -2.09979e-07 -5.49552e-06
374.8 4.08956e-07 -5.03466e-06
375.2 1.10636e-06 -4.59722e-06
375.6 1.85546e-06 -4.18497e-06
376 2.63048e-06 -3.79941e-06
376.4 3.40718e-06 -3.44175e-06
376.8 4.16326e-06 -3.11297e-06
377.2 4.87873e-06 -2.81382e-06
377.6 5.53618e-06 -2.54488e-06
378 6.12091e-06 -2.30651e-06
378.4 6.62105e-06 -2.09894e-06
378.8 7.02752e-06 -1.92223e-06
379.2 7.33399e-06 -1.77631e-06
379.6 7.53668e-06 -1.66096e-06
380 7.63419e-06 -1.57584e-06
380.4 7.62724e-06 -1.52045e-06
380.8 7.51837e-06 -1.49414e-06
381.2 7.31167e-06 -1.4961e-06
381.6 7.01244e-06 -1.52536e-06
382 6.62693e-06 -1.58075e-06
382.4 6.16202e-06 -1.66089e-06
382.8 5.62501e-06 -1.7642e-06
383.2 5.02337e-06 -1.88887e-06
383.6 4.36455e-06 -2.03288e-06
384 3.65589e-06 -2.19397e-06
384.4 2.90448e-06 -2.36964e-06
384.8 2.11713e-06 -2.55719e-06
385.2 1.30035e-06 -2.75371e-06
385.6 4.60366e-07 -2.95613e-06
386 -3.9684e-07 -3.16122e-06
386.4 -1.26545e-06 -3.36563e-06
386.8 -2.13972e-06 -3.56594e-06
387.2 -3.01396e-06 -3.75872e-06
387.6 -3.88238e-06 -3.94054e-06
388 -4.73907e-06 -4.10805e-06
388.4 -5.57795e-06 -4.25806e-06
388.8 -6.39272e-06 -4.38752e-06
389.2 -7.1769e-06 -4.49367e-06
389.6 -7.92382e-06 -4.57399e-06
390 -8.62672e-06 -4.62635e-06
390.4 -9.27884e-06 -4.64898e-06
390.8 -9.87349e-06 -4.64052e-06
391.2 -1.04042e-05 -4.60008e-06
391.6 -1.0865e-05 -4.52724e-06
392 -1.12504e-05 -4.42206e-06
392.4 -1.15556e-05 -4.28508e-06
392.8 -1.17768e-05 -4.11732e-06
393.2 -1.1911e-05 -3.92027e-06
393.6 -1.19567e-05 -3.69586e-06
394 -1.19133e-05 -3.44642e-06
394.4 -1.17817e-05 -3.17463e-06
394.8 -1.15642e-05 -2.8835e-06
395.2 -1.12642e-05 -2.5763e-06
395.6 -1.08866e-05 -2.25648e-06
396 -1.04373e-05 -1.92763e-06
396.4 -9.92313e-06 -1.59343e-06
396.8 -9.352e-06 -1.25755e-06
397.2 -8.73222e-06 -9.23607e-07
397.6 -8.07254e-06 -5.95115e-07
398 -7.3818e-06 -2.75403e-07
398.4 -6.66867e-06 3.2417e-08
398.8 -5.9414e-06 3.25502e-07
399.2 -5.20755e-06 6.01315e-07
399.6 -4.47376e-06 8.57655e-07
400 -3.7455e-06 1.09268e-06
