-9.01459 -9.01451
-9.01385 -9.01307
-9.01235 -9.0122
-9.01472 -9.01585
-9.01633 -9.01639
-9.01786 -9.01832
-9.01085 -9.01129
-9.01257 -9.01123
-9.00861 -9.00828
-9.0466 -9.04707
-9.01933 -9.01999
-9.01721 -9.01739
-9.00901 -9.00842
-9.01017 -9.00918
-9.01758 -9.01851
-9.03275 -9.03358
-9.00859 -9.01005
-9.0522 -9.05276
-9.01664 -9.01527
-9.01933 -9.01859
-9.02013 -9.01997
-9.01387 -9.01282
-9.01299 -9.01385
-9.01235 -9.01261
-9.01616 -9.01433
-9.03462 -9.03427
-9.01319 -9.01404
-9.00963 -9.01162
-9.00862 -9.00721
-9.01436 -9.01512
-9.05172 -9.05328
-9.01297 -9.01314
-9.0149 -9.01365
-9.01071 -9.01028
-9.01426 -9.01485
-9.01767 -9.01741
-9.00925 -9.00743
-9.01082 -9.01085
-9.01353 -9.01272
-9.01379 -9.01354
-9.01182 -9.01072
-9.00751 -9.00618
-9.01607 -9.01744
-9.01204 -9.01247
-9.01036 -9.01067
-9.00451 -9.00423
-9.01817 -9.01986
-9.0195 -9.01894
-9.02247 -9.02387
-9.0152 -9.01437
-9.00828 -9.00917
-9.01482 -9.01331
-9.01696 -9.01872
-9.02142 -9.02284
-9.01823 -9.0198
-9.00839 -9.00676
-9.01223 -9.00978
-9.04754 -9.04735
-9.00662 -9.00455
-9.01809 -9.01851
-9.01338 -9.01356
-9.03088 -9.03112
-9.01424 -9.01428
-9.01562 -9.01706
-9.01245 -9.01132
-9.01981 -9.02006
-9.00532 -9.00561
-9.00874 -9.00822
-9.01801 -9.0176
-9.05158 -9.05187
-9.01072 -9.00985
-9.01248 -9.01119
-9.01371 -9.01388
-9.01069 -9.01164
-9.04692 -9.04852
-9.01311 -9.01405
-9.01763 -9.01705
-9.01896 -9.01865
-9.01672 -9.01831
-9.00937 -9.00742
-9.01025 -9.00801
-9.01219 -9.01022
-9.01075 -9.01086
-9.00883 -9.00923
-9.01917 -9.01981
-9.04223 -9.04314
-9.0143 -9.01638
-9.01751 -9.01846
-9.01533 -9.01541
-9.00973 -9.01013
-9.01688 -9.01531
-9.0427 -9.04316
-9.01149 -9.01061
-9.01579 -9.0147
-9.05066 -9.05148
-9.01179 -9.0121
-9.01658 -9.01661
-9.04298 -9.04445
-9.04551 -9.04657
-9.00959 -9.00894
