-0.0996015 5.35988 -0.0775517 0.0698246 -0.0693444 -0.118286 -0.104014 5.35772 -0.0820773 0.083903 -0.0718059 -0.115232
0.0979037 5.43821 -0.104512 -0.0265793 -0.0575818 -0.0637425 0.107695 5.43893 -0.110823 -0.0522713 -0.0591093 -0.0586582
-0.647513 5.0765 -0.125889 -0.0880439 -0.0127839 0.0762236 -0.64703 5.09623 -0.130044 -0.0946839 -0.00955808 0.0678041
0.121285 4.95305 -0.0548824 0.0350734 0.0439349 0.00406041 0.189718 4.90581 -0.0626322 0.0249057 0.0432028 -0.00570281
-0.0855065 5.24534 -0.0469478 -0.0283811 -0.0230291 0.0935923 -0.0671223 5.20269 -0.04753 -0.0443473 -0.0201842 0.0994497
0.374042 5.20946 -0.0521776 -0.0671908 0.00192805 -0.0410341 0.398621 5.18693 -0.0545219 -0.0556342 0.00413839 -0.041654
0.18862 5.36781 -0.0873873 -0.0688844 -0.00602297 0.0767924 0.211304 5.32188 -0.0885354 -0.0642223 -0.00649618 0.0758066
-0.468999 5.59694 -0.0929088 -0.117001 -0.0614239 -0.0431983 -0.479956 5.60164 -0.100588 -0.106816 -0.0579745 -0.0424162
-0.464091 5.15021 -0.147698 -0.0786234 -0.0306945 0.121784 -0.476497 5.1987 -0.153649 -0.0643566 -0.0335854 0.120685
-0.426503 5.20733 -0.059869 0.0503493 0.00169358 -0.00193505 -0.420288 5.20604 -0.0598675 0.03823 0.00609034 -0.00395063
-0.147521 5.26494 -0.105135 -0.0403422 -0.0954149 0.021801 -0.148173 5.25036 -0.107022 -0.0425566 -0.102992 0.0192391
-0.024039 4.8542 -0.0913855 0.003066 -0.0500593 0.101869 -0.0211195 4.85256 -0.0934777 0.00478335 -0.0512297 0.0995392
-0.825676 5.35415 -0.147242 -0.00907787 -0.0461156 0.0718504 -0.826277 5.37791 -0.151568 -0.0220069 -0.0521464 0.0646144
0.22898 5.1308 -0.103445 0.034936 0.0110988 0.0179432 0.223909 5.15464 -0.110713 0.0253021 0.0157419 0.0138802
0.662725 5.10863 -0.0229152 0.108277 -0.0524555 -0.0688578 0.665747 5.12895 -0.0258075 0.112293 -0.0495106 -0.0612837
-0.087677 5.20409 -0.0751642 0.00881247 -0.092109 -0.0775278 -0.0760274 5.17307 -0.0717072 0.0221637 -0.10341 -0.0784355
0.233227 5.062 -0.0836646 -0.0751051 -0.105777 -0.0279923 0.218716 5.01639 -0.0875185 -0.052426 -0.111619 -0.0219202
-0.265209 5.25723 -0.0632302 0.00859691 0.0247824 -0.00825713 -0.255983 5.23993 -0.0613561 -0.00057908 0.0292106 -0.0104704
-0.883089 5.52865 -0.149427 -0.0426766 -0.0252996 0.118115 -0.929198 5.57877 -0.158326 -0.0230293 -0.0320841 0.120053
0.0815153 5.82331 -0.070273 0.0464934 0.0478423 -0.0950611 0.062842 5.8367 -0.076608 0.032928 0.0498278 -0.0985221
-0.388349 5.23486 -0.0648633 -0.0317254 0.0504418 0.069763 -0.403711 5.26482 -0.070349 -0.0260525 0.0609511 0.0658934
-0.162445 5.6974 -0.0780248 0.153032 0.0497324 0.0402993 -0.191042 5.72948 -0.0884748 0.144573 0.0484808 0.0448539
-0.352645 5.06796 -0.139585 -3.09451e-05 -0.0608392 -0.10988 -0.359649 5.04552 -0.141001 0.0036654 -0.0694365 -0.118984
-0.927407 5.30769 -0.164362 0.0558092 0.000806159 0.132815 -0.899523 5.28339 -0.166486 0.0522277 -0.00433478 0.130999
-0.070576 5.82826 -0.0667196 -0.0172683 0.0438136 -0.141513 -0.0874993 5.84156 -0.0783305 -0.0357693 0.0382599 -0.147544
-0.239184 5.50244 -0.0964912 -0.0740549 -0.036244 0.0165281 -0.229782 5.46811 -0.101463 -0.0818683 -0.0345444 0.0107693
-0.585806 5.16375 -0.132198 0.0675239 0.173817 -0.102545 -0.603462 5.1593 -0.133596 0.0581717 0.18956 -0.0996899
-0.28915 4.96618 -0.165313 0.0741963 0.0680135 -0.0912661 -0.277392 4.95037 -0.164027 0.065861 0.0751932 -0.0961944
-0.260982 5.62358 -0.0895693 -0.0907562 0.0934762 -0.0253653 -0.268651 5.63138 -0.0969976 -0.0991879 0.0999248 -0.0217061
0.204571 5.00555 -0.0579991 0.0223103 0.159643 0.151848 0.211309 4.97339 -0.0608627 -0.00709925 0.162288 0.163089
-0.175127 5.13228 -0.0605804 0.0121472 -0.00927738 0.0353461 -0.146723 5.09943 -0.0541876 0.00589205 -0.0114374 0.0338039
-0.190793 5.09608 -0.0722193 0.0243775 0.0171501 0.141161 -0.188962 5.06906 -0.0764408 0.0323201 0.00680435 0.142931
0.234701 5.52276 -0.083675 -0.0998057 0.0534883 -0.0287689 0.228846 5.54462 -0.090525 -0.10174 0.0555011 -0.0247447
-0.562748 5.79442 -0.120516 0.0151693 -0.0428271 -0.0035001 -0.580962 5.78293 -0.132876 0.0109977 -0.0466175 0.000287751
-0.534703 5.22361 -0.132319 -0.033295 0.00594441 0.138857 -0.5396 5.21494 -0.135267 -0.0595642 0.0111389 0.136249
0.247559 5.14558 -0.0752626 -0.174102 0.0496094 -0.10958 0.255897 5.16033 -0.0849473 -0.176175 0.0491597 -0.112733
-0.576868 5.70008 -0.103001 -0.0170548 -0.0329265 -0.0369077 -0.596164 5.67925 -0.107376 -0.00489618 -0.0431251 -0.0528849
-0.104538 5.7614 -0.0786657 0.13489 0.0203379 0.0442672 -0.133503 5.74702 -0.0824383 0.118741 0.0182434 0.0405002
-0.215516 5.41166 -0.0906 -0.00993512 0.103462 -0.000413375 -0.247064 5.46439 -0.10002 -0.00460612 0.11282 0.00369382
-0.635822 5.14513 -0.0990649 0.0561211 0.0302001 0.0422618 -0.640076 5.16702 -0.1005 0.048688 0.025185 0.0417304
0.296652 5.35421 -0.0659236 0.0264357 0.0443967 -0.00845545 0.284341 5.35803 -0.0713796 0.0161161 0.0504978 -0.00767749
0.117298 5.4179 -0.0971171 0.0126712 -0.0316807 0.0222995 0.0977862 5.40742 -0.106498 0.0291868 -0.0339664 0.01704
0.0542307 5.40896 -0.0734178 -0.129068 0.0489441 -0.0175469 0.0647492 5.37809 -0.0741757 -0.138042 0.0434066 -0.0170849
0.10866 5.13407 -0.0696521 0.0231047 -0.0311848 -0.0735262 0.128957 5.109 -0.0752823 0.0205273 -0.0306264 -0.0801858
-0.560787 5.51304 -0.109072 0.00121701 -0.099106 0.0552331 -0.587879 5.54096 -0.110994 0.0151822 -0.110669 0.0477009
-0.917409 5.56585 -0.152558 -0.0760271 0.0447691 0.0272836 -0.952535 5.56625 -0.157136 -0.113133 0.0485431 0.0329137
0.194502 5.09807 -0.0671144 0.117563 -0.0389712 0.110592 0.182527 5.04377 -0.067625 0.139632 -0.0412492 0.108045
0.182478 5.37589 -0.058386 -0.0630756 0.0386772 -0.0804883 0.190337 5.3996 -0.0713761 -0.0631561 0.0398323 -0.083555
-0.0405183 4.82013 -0.055691 0.0509938 0.0269871 0.0523861 -0.0480325 4.8683 -0.0621977 0.048011 0.0255591 0.0500918
-0.674165 5.03405 -0.126719 0.0118397 -0.0291209 0.0407223 -0.671241 5.07018 -0.1398 0.0166914 -0.0381942 0.0337672
-0.811841 5.08425 -0.136809 -0.0197777 0.110902 -0.0618725 -0.80844 5.056 -0.14353 -0.00238052 0.11185 -0.0611244
-0.380714 5.7868 -0.128162 -0.0301003 0.00289574 -0.115204 -0.423755 5.81407 -0.13648 -0.0255271 -0.0032263 -0.117542
-0.0619639 4.77783 -0.0456296 0.0393955 -0.0426265 -0.0436177 -0.0393517 4.7858 -0.049334 0.0340796 -0.0440698 -0.0484402
-0.466138 4.99483 -0.0928259 -0.0215529 -0.0310013 0.0635645 -0.450308 4.98757 -0.0914123 -0.0422568 -0.0294754 0.0689019
0.275639 5.23059 -0.0255951 0.0861254 0.00256563 0.058652 0.281706 5.23897 -0.0305685 0.0761567 -0.00230264 0.0572314
-0.686011 5.6165 -0.135304 -0.0686046 0.00630253 -0.0225803 -0.697003 5.61198 -0.144324 -0.0447074 -2.44178e-05 -0.0196963
-0.679401 5.76152 -0.141994 0.0552316 -0.09377 -0.0624611 -0.70864 5.77074 -0.155807 0.0538538 -0.0986667 -0.0580322
-0.0792315 5.44892 -0.0392213 0.0258945 0.0119497 0.0417981 -0.0819891 5.43741 -0.0415091 0.0129223 0.0145041 0.0425176
-0.716407 6.00486 -0.148467 -0.084443 0.0801348 -0.0340752 -0.777013 6.02624 -0.160388 -0.0425818 0.0955873 -0.0312594
-0.44669 5.21091 -0.0853861 -0.0689233 0.010214 -0.00232585 -0.42789 5.21738 -0.0880448 -0.0416268 0.00549378 0.00305727
0.0939803 4.99642 -0.0766533 0.00892697 0.0601346 -0.0189606 0.117105 4.98569 -0.079998 0.029407 0.0711515 -0.0276548
-0.27099 5.22288 -0.113012 -0.0012409 -0.0372717 0.021881 -0.264731 5.21857 -0.115119 0.00203846 -0.0427892 0.0161864
-0.143752 5.21691 -0.106388 0.00729759 -0.0161387 0.0151586 -0.135574 5.21877 -0.11191 0.00654648 -0.0267431 0.0151607
0.332189 5.04286 -0.0858511 0.124364 0.0144952 -0.0421149 0.350195 5.02972 -0.0851129 0.114841 0.0143932 -0.0395357
-0.291686 5.31426 -0.0729343 -0.0119347 0.0906276 -0.034478 -0.279132 5.2797 -0.0790765 -0.0338268 0.101663 -0.0433495
0.278553 5.39489 -0.0621087 0.0221579 0.00495487 0.0626211 0.277174 5.38549 -0.0636285 0.0113526 0.0148252 0.0653891
-0.156204 5.20247 -0.0111202 0.0202028 -0.0200263 -0.182033 -0.160587 5.19246 -0.00996939 0.0317429 -0.0132439 -0.182399
0.104977 4.98649 -0.121526 0.011028 -0.110892 -0.0797747 0.119673 5.00967 -0.131466 0.0158145 -0.114124 -0.0816879
-0.073761 5.65816 -0.0771764 -0.0263364 -0.156154 -0.0602863 -0.120848 5.69031 -0.0862762 -0.00904089 -0.167221 -0.0486989
-0.17447 5.35731 -0.0380997 0.0115361 0.0233578 0.0272773 -0.177661 5.35282 -0.0378633 0.0108442 0.0220147 0.0262421
-0.687548 5.57931 -0.137 -0.0502492 -0.131236 -0.0589374 -0.705427 5.60513 -0.146783 -0.0325912 -0.145629 -0.0540885
-0.584369 5.58137 -0.118171 -0.137921 -0.00428742 0.0328111 -0.583763 5.60468 -0.125637 -0.137188 -0.0081008 0.047858
0.356442 5.42164 -0.0600892 0.00234061 -0.053322 0.0483175 0.352408 5.41214 -0.0631104 0.0226439 -0.0533501 0.0384062
-0.43925 4.62652 -0.146757 0.0432691 0.0121836 -0.137248 -0.429469 4.63915 -0.153614 0.01349 0.0032463 -0.130767
0.182578 5.03004 -0.0389533 -0.0459848 0.0374355 0.0364271 0.212477 5.00413 -0.0333294 -0.0473239 0.0395483 0.0404358
-0.332693 5.21913 -0.120116 0.00531403 0.0592766 0.0110193 -0.332864 5.23061 -0.119592 0.0124716 0.058173 0.01238
-0.291422 5.57191 -0.117934 0.128367 -0.0153455 -0.0223821 -0.318714 5.57267 -0.126524 0.122346 -0.0145484 -0.0123369
-0.427045 5.42576 -0.109768 -0.119629 -0.00812432 -0.067231 -0.424585 5.41942 -0.110574 -0.118652 -0.00873945 -0.0640543
0.217143 4.90497 -0.087417 0.00667585 -0.0774034 0.0472881 0.236993 4.87337 -0.091803 0.00116216 -0.0792485 0.043444
-0.148222 5.36173 -0.0773019 0.10517 0.0709038 -0.131469 -0.14816 5.3791 -0.0856583 0.112539 0.0852902 -0.124848
0.153332 5.87439 -0.100343 0.017577 0.0802318 -0.0559295 0.131876 5.88491 -0.109551 0.0379086 0.0729036 -0.0529234
-0.0406633 5.90789 -0.100617 0.0604641 -0.0644895 0.0118458 -0.0362383 5.91211 -0.112161 0.0724081 -0.0624316 0.00932927
-0.680464 5.48585 -0.125656 -0.0661059 -0.0965438 -0.00612549 -0.696987 5.46592 -0.130243 -0.0776034 -0.107603 -0.00105607
-0.160314 5.0146 -0.133455 -0.0338096 -0.0201562 0.0706087 -0.134522 4.98174 -0.136689 -0.00210919 -0.0215049 0.0698327
-0.121403 4.87466 -0.0723461 0.0444957 0.060483 -0.0602372 -0.0984044 4.87138 -0.0804837 0.0223515 0.0682525 -0.0667247
-0.384882 5.19257 -0.0617773 0.00406868 0.00390861 0.0958996 -0.36303 5.20492 -0.0602458 0.0054199 0.00139265 0.1002
-0.21909 4.72617 -0.0977505 -0.0481927 0.0429107 -0.127923 -0.196872 4.70819 -0.0989416 -0.0475976 0.0513223 -0.120429
-0.0334956 5.04204 -0.0668844 -0.0578884 -0.0410608 -0.0358301 -0.0228624 5.0318 -0.0697047 -0.0661873 -0.0408206 -0.0329899
-0.412325 5.18305 -0.0603439 0.0792988 -0.0773057 0.0775875 -0.417329 5.16304 -0.0615951 0.0764865 -0.0783915 0.0825916
-0.288211 5.42807 -0.121472 -0.0700492 -0.0149884 0.107639 -0.313848 5.40494 -0.129772 -0.062348 -0.0225452 0.101698
-0.142717 5.6453 -0.0878707 -0.00775999 -0.0399621 -0.0108278 -0.160682 5.67757 -0.0965722 -0.02549 -0.039474 0.00122889
-0.504498 5.15125 -0.115717 0.0479856 0.0224214 0.016613 -0.495469 5.14564 -0.111926 0.0389162 0.02658 0.0133523
-0.8535 5.60474 -0.136907 0.0234428 0.034184 0.0212371 -0.867288 5.63189 -0.143905 0.01207 0.0376947 0.02081
-0.0910793 5.54075 -0.0656759 -0.0500229 0.0166095 0.0644845 -0.112539 5.56548 -0.0711121 -0.0619775 0.0227969 0.0628515
0.0862509 5.15347 -0.0219593 -0.0254734 -0.0211979 0.0606512 0.106644 5.15284 -0.0201625 -0.0242178 -0.0247322 0.0611713
-0.0210296 5.29587 -0.105063 0.0206453 0.0238053 0.0577011 -0.018234 5.26709 -0.110522 0.00277036 0.0248345 0.0551475
-0.283383 4.91694 -0.0835967 0.0884774 -0.036873 0.0811627 -0.229763 4.89868 -0.090721 0.0774803 -0.0364624 0.0796644
0.109767 4.95408 -0.0525018 -0.000595253 0.0125403 0.0263464 0.152208 4.91287 -0.0506991 0.0102355 0.00990708 0.0276653
-0.372629 4.97595 -0.044046 -0.0445427 0.022423 0.0922635 -0.355787 4.97045 -0.0461226 -0.0426174 0.0203566 0.0941572
-0.0757052 5.63801 -0.067049 0.0138692 0.0113573 -0.0266163 -0.096415 5.6528 -0.0742645 -0.0242801 0.0165917 -0.0294364
