-0.498 4.08535e-06 3.78054e-06
-0.496 1.63182e-05 1.85128e-05
-0.494 3.10099e-05 4.91082e-05
-0.492 3.58797e-05 9.95036e-05
-0.49 1.57302e-05 0.00017172
-0.488 -4.22459e-05 0.00026504
-0.486 -0.000143552 0.00037548
-0.484 -0.000283512 0.000495765
-0.482 -0.000447084 0.00061592
-0.48 -0.000611002 0.000724466
-0.478 -0.000747329 0.000810023
-0.476 -0.000827809 0.000862994
-0.474 -0.000829338 0.000877013
-0.472 -0.00074103 0.000849927
-0.47 -0.000571763 0.000784244
-0.468 -0.00035494 0.000687043
-0.466 -0.000146853 0.000569375
-0.464 -1.70362e-05 0.000445185
-0.462 -3.16505e-05 0.000329856
-0.46 -0.000233007 0.000238524
-0.458 -0.000619651 0.000184275
-0.456 -0.00113229 0.000176314
-0.454 -0.00165119 0.00021814
-0.452 -0.00201038 0.00030589
-0.45 -0.0020321 0.000427185
-0.448 -0.00157841 0.000561036
-0.446 -0.000606741 0.000679346
-0.444 0.000793056 0.000750276
-0.442 0.00240182 0.000743104
-0.44 0.00392116 0.000633674
-0.438 0.00505626 0.000409318
-0.436 0.00560354 7.22328e-05
-0.434 0.00551606 -0.000359344
-0.432 0.00492859 -0.000852277
-0.43 0.00413423 -0.00136161
-0.428 0.00351118 -0.00183485
-0.426 0.00340911 -0.00221662
-0.424 0.00402141 -0.00245305
-0.422 0.00528626 -0.00249523
-0.42 0.0068621 -0.0023017
-0.418 0.00820349 -0.00184038
-0.416 0.0087248 -0.00109058
-0.414 0.00799994 -4.59378e-05
-0.412 0.00592648 0.00128164
-0.41 0.00279584 0.00285712
-0.408 -0.000751726 0.00461773
-0.406 -0.00387217 0.00647028
-0.404 -0.00572704 0.00829229
-0.402 -0.00571184 0.00993842
-0.4 -0.00364835 0.0112527
-0.398 0.000119261 0.0120859
-0.396 0.00477128 0.0123155
-0.394 0.00921179 0.0118651
-0.392 0.0123787 0.0107193
-0.39 0.0135753 0.00892897
-0.388 0.0127098 0.00660739
-0.386 0.0103453 0.00391571
-0.384 0.00752423 0.00104285
-0.382 0.00541473 -0.0018168
-0.38 0.00489923 -0.00448315
-0.378 0.00624334 -0.00680487
-0.376 0.00895831 -0.0086679
-0.374 0.0119087 -0.00999892
-0.372 0.0136442 -0.0107654
-0.37 0.0128642 -0.0109743
-0.368 0.00888493 -0.0106698
-0.366 0.00196685 -0.00993141
-0.364 -0.00660495 -0.0088716
-0.362 -0.0147497 -0.00763184
-0.36 -0.0201116 -0.0063755
-0.358 -0.0207569 -0.00527625
-0.356 -0.0158373 -0.00450188
-0.354 -0.00598289 -0.00419577
-0.352 0.00674727 -0.00446006
-0.35 0.0193748 -0.00534398
-0.348 0.0288299 -0.00683894
-0.346 0.0328371 -0.00887982
-0.344 0.030576 -0.0113508
-0.342 0.022911 -0.0140951
-0.34 0.012139 -0.0169263
-0.338 0.00135808 -0.0196418
-0.336 -0.00635406 -0.022034
-0.334 -0.00875701 -0.0238993
-0.332 -0.00509489 -0.0250448
-0.33 0.00357872 -0.0252959
-0.328 0.0145373 -0.0245107
-0.326 0.024043 -0.0225994
-0.324 0.0284234 -0.0195496
-0.322 0.025247 -0.0154481
-0.32 0.0141786 -0.0104929
-0.318 -0.00281394 -0.00498648
-0.316 -0.0219765 0.000691297
-0.314 -0.0387969 0.00613056
-0.312 -0.0491685 0.0109502
-0.31 -0.050339 0.0148566
-0.308 -0.0414648 0.0176874
-0.306 -0.0237563 0.019427
-0.304 -0.000247384 0.0201882
-0.302 0.0247833 0.0201648
-0.3 0.046687 0.0195712
-0.298 0.0614449 0.018587
-0.296 0.0665179 0.0173272
-0.294 0.0612806 0.0158421
-0.292 0.0469321 0.0141467
-0.29 0.0259902 0.0122646
-0.288 0.00162144 0.0102745
-0.286 -0.0229486 0.00834057
-0.284 -0.0448288 0.00671712
-0.282 -0.061673 0.0057204
-0.28 -0.0717765 0.00566895
-0.278 -0.0741315 0.00680391
-0.276 -0.068511 0.00920993
-0.274 -0.0556122 0.0127618
-0.272 -0.0371981 0.0171176
-0.27 -0.0160931 0.0217647
-0.268 0.00410237 0.0261094
-0.266 0.0196126 0.0295852
-0.264 0.0273016 0.0317541
-0.262 0.0254806 0.0323758
-0.26 0.0144267 0.0314335
-0.258 -0.00360454 0.0291122
-0.256 -0.0249081 0.0257378
-0.254 -0.0452521 0.0216907
-0.252 -0.0609598 0.0173181
-0.25 -0.0699083 0.0128687
-0.248 -0.0721954 0.00847179
-0.246 -0.0702209 0.0041653
-0.244 -0.068016 -4.08259e-05
-0.242 -0.0698875 -0.00409686
-0.24 -0.0787304 -0.00787197
-0.238 -0.094578 -0.0111559
-0.236 -0.113972 -0.0137009
-0.234 -0.130494 -0.015287
-0.232 -0.136391 -0.0157889
-0.23 -0.124856 -0.0152245
-0.228 -0.0923305 -0.0137725
-0.226 -0.0401786 -0.0117507
-0.224 0.02483 -0.00955779
-0.222 0.0915357 -0.0075908
-0.22 0.146802 -0.00616318
-0.218 0.178748 -0.00544776
-0.216 0.179923 -0.00546101
-0.214 0.149497 -0.00608722
-0.212 0.0937768 -0.00712803
-0.21 0.0248128 -0.00835518
-0.208 -0.0425553 -0.00954764
-0.206 -0.0944116 -0.0105049
-0.204 -0.121263 -0.0110398
-0.202 -0.120441 -0.0109617
-0.2 -0.09676 -0.0100607
-0.198 -0.0611157 -0.00810431
-0.196 -0.0272857 -0.0048581
-0.194 -0.00779095 -0.000133305
-0.192 -0.0101267 0.00614565
-0.19 -0.0346092 0.013874
-0.188 -0.0745189 0.0227253
-0.186 -0.118387 0.0321575
-0.184 -0.153551 0.0414751
-0.182 -0.169808 0.0499403
-0.18 -0.162168 0.056904
-0.178 -0.132096 0.0619178
-0.176 -0.087047 0.0647969
-0.174 -0.0383799 0.0656166
-0.172 0.00189239 0.0646502
-0.17 0.0247118 0.0622677
-0.168 0.0267881 0.0588248
-0.166 0.0115269 0.0545696
-0.164 -0.0124119 0.0495916
-0.162 -0.0344329 0.0438298
-0.16 -0.045882 0.0371403
-0.158 -0.0429719 0.0294067
-0.156 -0.0277641 0.0206564
-0.154 -0.00707259 0.0111357
-0.152 0.0101089 0.00130754
-0.15 0.0157144 -0.00823303
-0.148 0.00531972 -0.0168987
-0.146 -0.0202486 -0.0242539
-0.144 -0.0548397 -0.0301094
-0.142 -0.0885652 -0.0345316
-0.14 -0.110765 -0.0377584
-0.138 -0.113568 -0.040052
-0.136 -0.0948516 -0.0415349
-0.134 -0.0594273 -0.0420605
-0.132 -0.0178651 -0.0411557
-0.13 0.0167175 -0.038049
-0.128 0.0327791 -0.0317767
-0.126 0.023991 -0.0213445
-0.124 -0.00875764 -0.00590584
-0.122 -0.057547 0.0150859
-0.12 -0.109723 0.0417879
-0.118 -0.15165 0.0739571
-0.116 -0.172859 0.111005
-0.114 -0.16934 0.152079
-0.112 -0.144918 0.196133
-0.11 -0.110195 0.241953
-0.108 -0.0793322 0.288134
-0.106 -0.065666 0.333051
-0.104 -0.0775667 0.374841
-0.102 -0.115795 0.411444
-0.1 -0.173111 0.440704
-0.098 -0.236194 0.460546
-0.096 -0.289259 0.469204
-0.094 -0.318327 0.465477
-0.092 -0.314982 0.448967
-0.09 -0.278558 0.42023
-0.088 -0.216118 0.380822
-0.086 -0.140204 0.333197
-0.084 -0.0651164 0.280478
-0.082 -0.00303556 0.226157
-0.08 0.0388 0.173771
-0.078 0.0591426 0.126634
-0.076 0.0619393 0.0876595
-0.074 0.0541544 0.0592863
-0.072 0.0430466 0.0434737
-0.07 0.0338422 0.0417231
-0.068 0.0285072 0.055073
-0.066 0.0258558 0.0840429
-0.064 0.0228002 0.128536
-0.062 0.0162597 0.187741
-0.06 0.00508325 0.260073
-0.058 -0.00875704 0.343225
-0.056 -0.0203215 0.434317
-0.054 -0.023384 0.53018
-0.052 -0.0131501 0.627707
-0.05 0.0110648 0.724231
-0.048 0.0444445 0.817848
-0.046 0.0773738 0.907647
-0.044 0.0981433 0.993792
-0.042 0.0966824 1.07745
-0.04 0.0679077 1.16062
-0.038 0.0134901 1.2458
-0.036 -0.0584545 1.33576
-0.034 -0.135464 1.43326
-0.032 -0.203806 1.54082
-0.03 -0.251561 1.66068
-0.028 -0.270875 1.79461
-0.026 -0.258859 1.94383
-0.024 -0.216895 2.10879
-0.022 -0.148459 2.2889
-0.02 -0.0561348 2.48237
-0.018 0.0609681 2.686
-0.016 0.207934 2.89525
-0.014 0.392134 3.10443
-0.012 0.619034 3.30692
-0.01 0.887154 3.49568
-0.008 1.18407 3.66364
-0.006 1.48513 3.80419
-0.004 1.75583 3.91154
-0.002 1.95778 3.9811
0 2.0568 4.00966
0.002 2.03122 3.99565
0.004 1.878 3.93918
0.006 1.61492 3.84218
0.008 1.27814 3.70831
0.01 0.915265 3.54285
0.012 0.575413 3.35232
0.014 0.298634 3.14401
0.016 0.107613 2.92541
0.018 0.00393524 2.70363
0.02 -0.0300452 2.48495
0.022 -0.0243249 2.27452
0.024 -0.0114168 2.07628
0.026 -0.0164633 1.89301
0.028 -0.0502344 1.72654
0.03 -0.107071 1.57791
0.032 -0.168213 1.44745
0.034 -0.209197 1.33474
0.036 -0.2089 1.2386
0.038 -0.157458 1.15691
0.04 -0.0607201 1.08669
0.042 0.0601709 1.02424
0.044 0.174085 0.965538
0.046 0.248614 0.906735
0.048 0.259627 0.844731
0.05 0.198822 0.777646
0.052 0.0769526 0.705087
0.054 -0.0783492 0.628134
0.056 -0.229666 0.549067
0.058 -0.339856 0.470877
0.06 -0.38218 0.396715
0.062 -0.347588 0.329389
0.064 -0.247063 0.271025
0.066 -0.108398 0.222944
0.068 0.0315827 0.185744
0.07 0.137047 0.159528
0.072 0.182504 0.144158
0.074 0.158858 0.139442
0.076 0.0746496 0.145156
0.078 -0.0474914 0.160912
0.08 -0.177814 0.185911
0.082 -0.287708 0.218703
0.084 -0.356997 0.257042
0.086 -0.378338 0.29794
0.088 -0.357658 0.337913
0.09 -0.31071 0.373399
0.092 -0.257054 0.401229
0.094 -0.213495 0.419069
0.096 -0.189088 0.425703
0.098 -0.183151 0.421109
0.1 -0.186741 0.406314
0.102 -0.186862 0.38307
0.104 -0.171805 0.353455
0.106 -0.135716 0.319498
0.108 -0.0808945 0.282908
0.11 -0.0171712 0.244981
0.112 0.0412798 0.206656
0.114 0.0805675 0.168675
0.116 0.0915994 0.131769
0.118 0.0730626 0.0967734
0.12 0.0319878 0.0646449
0.122 -0.0182575 0.0363524
0.124 -0.0620046 0.0126939
0.126 -0.0862259 -0.0059026
0.128 -0.0848471 -0.0195173
0.13 -0.0608893 -0.028758
0.132 -0.0255203 -0.034644
0.134 0.00576374 -0.03838
0.136 0.0184864 -0.0410822
0.138 0.00415776 -0.0435316
0.14 -0.0368204 -0.0460222
0.142 -0.0951561 -0.0483443
0.144 -0.155382 -0.0499026
0.146 -0.200284 -0.0499267
0.148 -0.215708 -0.0477102
0.15 -0.194498 -0.0428117
0.152 -0.138602 -0.0351709
0.154 -0.0588245 -0.0251156
0.156 0.0278613 -0.013264
0.158 0.102811 -0.000360898
0.16 0.15076 0.0128959
0.162 0.163835 0.0259789
0.164 0.143267 0.0385666
0.166 0.0983748 0.05049
0.168 0.0433341 0.0616192
0.17 -0.00710872 0.0717402
0.172 -0.0416529 0.0804701
0.174 -0.0550767 0.0872466
0.176 -0.0489067 0.0913985
0.178 -0.0301797 0.0922818
0.18 -0.00886679 0.0894441
0.182 0.00522511 0.0827693
0.184 0.00522357 0.0725581
0.186 -0.0110923 0.0595162
0.188 -0.041039 0.0446537
0.19 -0.0781689 0.0291247
0.192 -0.114285 0.014055
0.194 -0.141638 0.000396385
0.196 -0.154694 -0.0111649
0.198 -0.151078 -0.0202385
0.2 -0.131549 -0.0267062
0.202 -0.0991971 -0.0306604
0.204 -0.0582849 -0.0323275
0.206 -0.0132201 -0.0319995
0.208 0.0320567 -0.0299891
0.21 0.0742118 -0.0266195
0.212 0.110333 -0.0222435
0.214 0.137689 -0.0172737
0.216 0.153714 -0.0121983
0.218 0.156341 -0.00756316
0.22 0.144619 -0.00391526
0.222 0.119362 -0.00172313
0.224 0.0835404 -0.00129708
0.226 0.0421457 -0.00273463
0.228 0.00142576 -0.00590772
0.23 -0.0324111 -0.0104946
0.232 -0.0546779 -0.0160445
0.234 -0.0634143 -0.0220544
0.236 -0.0598841 -0.0280368
0.238 -0.0481468 -0.0335639
0.24 -0.0338022 -0.0382842
0.242 -0.022322 -0.041917
0.244 -0.0175038 -0.0442368
0.246 -0.0204806 -0.0450635
0.248 -0.0295074 -0.0442664
0.25 -0.0405666 -0.0417862
0.252 -0.0486668 -0.0376671
0.254 -0.0495058 -0.032087
0.256 -0.0409908 -0.0253692
0.258 -0.0240989 -0.0179649
0.26 -0.00275062 -0.0104018
0.262 0.0173121 -0.00320495
0.264 0.0303056 0.00319155
0.266 0.0322509 0.00851878
0.268 0.0222631 0.0127105
0.27 0.00288612 0.0158921
0.272 -0.0205706 0.0183258
0.274 -0.0414597 0.0203297
0.276 -0.0536018 0.0221934
0.278 -0.0530243 0.0241121
0.28 -0.0391625 0.0261531
0.282 -0.0151359 0.0282593
0.284 0.0130559 0.0302879
0.286 0.0382225 0.0320685
0.288 0.054045 0.0334621
0.29 0.0568496 0.0344028
0.292 0.0465289 0.0349092
0.294 0.0263624 0.0350634
0.296 0.00188664 0.0349668
0.298 -0.0207396 0.0346883
0.3 -0.0363574 0.0342246
0.302 -0.0420134 0.033485
0.304 -0.0375229 0.0323068
0.306 -0.0253081 0.0304954
0.308 -0.0095606 0.0278813
0.31 0.00506021 0.024377
0.312 0.0148098 0.020018
0.314 0.0178776 0.0149751
0.316 0.0147165 0.00953431
0.318 0.00761701 0.00404857
0.32 -0.000258385 -0.00112273
0.322 -0.00599124 -0.00567096
0.324 -0.00777844 -0.00937784
0.326 -0.00531625 -0.0121309
0.328 0.000319273 -0.0139159
0.33 0.0071471 -0.0147944
0.332 0.0129232 -0.0148746
0.334 0.0157939 -0.0142854
0.336 0.01482 -0.0131583
0.338 0.0102343 -0.0116208
0.34 0.00334284 -0.00979724
0.342 -0.00390653 -0.00781583
0.344 -0.0095373 -0.00581347
0.346 -0.0121212 -0.00393546
0.348 -0.0111255 -0.0023262
0.35 -0.00694443 -0.00111177
0.352 -0.000663528 -0.000379125
0.354 0.00630919 -0.000159292
0.356 0.0126144 -0.000420392
0.358 0.017231 -0.00107237
0.36 0.0196407 -0.00198124
0.362 0.0198486 -0.00298914
0.364 0.0182741 -0.00393663
0.366 0.0155623 -0.00468364
0.368 0.0123853 -0.00512511
0.37 0.00929727 -0.00519826
0.372 0.00667913 -0.00488092
0.374 0.00476647 -0.00418336
0.376 0.00370733 -0.00313849
0.378 0.00358635 -0.00179455
0.38 0.00438856 -0.000212889
0.382 0.00593807 0.00153053
0.384 0.00787797 0.00334312
0.386 0.00973006 0.00511692
0.388 0.011014 0.00673514
0.39 0.011371 0.00808325
0.392 0.0106473 0.00906209
0.394 0.00892722 0.00960024
0.396 0.006523 0.00966354
0.398 0.00392388 0.00925987
0.4 0.00169917 0.00843829
0.402 0.000355821 0.00728239
0.404 0.000180656 0.0058991
0.406 0.00112618 0.00440503
0.408 0.00280106 0.0029132
0.41 0.00458902 0.00152245
0.412 0.00585858 0.000310969
0.414 0.00617822 -0.000666552
0.416 0.00545021 -0.00137911
0.418 0.00392135 -0.00181817
0.42 0.0020846 -0.00199536
0.422 0.00051875 -0.00193904
0.424 -0.00028316 -0.00169018
0.426 -5.37242e-05 -0.00129775
0.428 0.00117307 -0.000814106
0.43 0.00307023 -0.000290503
0.432 0.00511083 0.000226861
0.434 0.00672235 0.000700113
0.436 0.00745657 0.00110191
0.438 0.00711921 0.00141643
0.44 0.00581458 0.00163897
0.442 0.00389345 0.0017743
0.444 0.00182996 0.00183427
0.446 7.58209e-05 0.00183491
0.448 -0.00106126 0.00179371
0.45 -0.00148368 0.00172725
0.452 -0.00130302 0.00164955
0.454 -0.000779309 0.00157117
0.456 -0.000223971 0.00149916
0.458 0.000101602 0.0014374
0.46 6.02654e-05 0.00138705
0.462 -0.000335021 0.00134692
0.464 -0.000948149 0.00131367
0.466 -0.00158484 0.00128202
0.468 -0.00206704 0.00124537
0.47 -0.00228772 0.00119686
0.472 -0.00223007 0.00113086
0.474 -0.00195299 0.00104433
0.476 -0.00155641 0.00093768
0.478 -0.001143 0.000814753
0.48 -0.000788663 0.000682127
0.482 -0.000528582 0.000547858
0.484 -0.000359374 0.000420054
0.486 -0.000253658 0.000305575
0.488 -0.000179634 0.000209124
0.49 -0.000116878 0.000132862
0.492 -6.16579e-05 7.65824e-05
0.494 -2.09265e-05 3.82948e-05
0.496 -7.54367e-07 1.49776e-05
0.498 2.15066e-06 3.27275e-06
0.4 0.0290232 0.532019
0.8 0.0291475 0.531768
1.2 0.0293554 0.531351
1.6 0.0296478 0.530769
2 0.0300261 0.530025
2.4 0.0304918 0.529122
2.8 0.0310467 0.528063
3.2 0.0316925 0.526853
3.6 0.032431 0.525495
4 0.0332637 0.523995
4.4 0.034192 0.522357
4.8 0.0352167 0.520586
5.2 0.036338 0.518689
5.6 0.0375555 0.51667
6 0.0388681 0.514535
6.4 0.0402738 0.512289
6.8 0.0417695 0.509937
7.2 0.0433512 0.507485
7.6 0.0450138 0.504937
8 0.0467512 0.502297
8.4 0.0485561 0.499571
8.8 0.0504204 0.496763
9.2 0.0523346 0.493875
9.6 0.0542888 0.490912
10 0.056272 0.487877
10.4 0.0582728 0.484774
10.8 0.060279 0.481604
11.2 0.0622784 0.478373
11.6 0.0642583 0.475081
12 0.0662063 0.471732
12.4 0.0681103 0.468329
12.8 0.0699583 0.464874
13.2 0.0717392 0.46137
13.6 0.0734427 0.45782
14 0.0750594 0.454227
14.4 0.076581 0.450594
14.8 0.0780007 0.446924
15.2 0.079313 0.44322
15.6 0.0805138 0.439486
16 0.0816006 0.435724
16.4 0.0825727 0.431937
16.8 0.0834309 0.428131
17.2 0.0841774 0.424306
17.6 0.0848161 0.420467
18 0.0853523 0.416616
18.4 0.0857926 0.412757
18.8 0.0861448 0.408892
19.2 0.0864177 0.405023
19.6 0.0866209 0.401154
20 0.0867646 0.397285
20.4 0.0868596 0.393419
20.8 0.0869165 0.389556
21.2 0.0869464 0.3857
21.6 0.0869597 0.381849
22 0.0869666 0.378006
22.4 0.0869766 0.37417
22.8 0.0869985 0.370343
23.2 0.0870398 0.366525
23.6 0.0871073 0.362717
24 0.0872062 0.358918
24.4 0.0873406 0.35513
24.8 0.0875133 0.351353
25.2 0.0877254 0.347589
25.6 0.087977 0.343839
26 0.0882666 0.340104
26.4 0.0885916 0.336387
26.8 0.0889481 0.33269
27.2 0.0893313 0.329016
27.6 0.0897352 0.325368
28 0.0901532 0.32175
28.4 0.0905783 0.318166
28.8 0.0910026 0.31462
29.2 0.0914185 0.311118
29.6 0.0918178 0.307664
30 0.0921928 0.304263
30.4 0.0925359 0.300922
30.8 0.0928401 0.297646
31.2 0.0930988 0.294439
31.6 0.0933061 0.291307
32 0.093457 0.288255
32.4 0.0935475 0.285287
32.8 0.0935743 0.282408
33.2 0.0935353 0.27962
33.6 0.0934291 0.276926
34 0.0932557 0.274329
34.4 0.0930158 0.271828
34.8 0.0927109 0.269426
35.2 0.0923435 0.267119
35.6 0.0919168 0.264908
36 0.0914347 0.262788
36.4 0.0909013 0.260757
36.8 0.0903216 0.258809
37.2 0.0897005 0.256939
37.6 0.0890433 0.255141
38 0.0883553 0.253408
38.4 0.0876418 0.251731
38.8 0.0869079 0.250102
39.2 0.0861585 0.248513
39.6 0.0853983 0.246955
40 0.0846316 0.245418
40.4 0.0838621 0.243893
40.8 0.0830936 0.242371
41.2 0.0823288 0.240844
41.6 0.0815706 0.239304
42 0.0808211 0.237742
42.4 0.080082 0.236151
42.8 0.0793549 0.234526
43.2 0.0786409 0.232862
43.6 0.0779408 0.231154
44 0.0772553 0.229399
44.4 0.0765849 0.227596
44.8 0.07593 0.225744
45.2 0.0752908 0.223844
45.6 0.0746677 0.221898
46 0.0740609 0.219908
46.4 0.0734709 0.21788
46.8 0.0728979 0.215819
47.2 0.0723424 0.213732
47.6 0.071805 0.211626
48 0.0712863 0.209509
48.4 0.0707868 0.20739
48.8 0.0703071 0.20528
49.2 0.0698478 0.203189
49.6 0.0694095 0.201126
50 0.0689925 0.199102
50.4 0.0685971 0.197128
50.8 0.0682233 0.195213
51.2 0.0678709 0.193368
51.6 0.0675395 0.191601
52 0.0672282 0.189921
52.4 0.066936 0.188335
52.8 0.0666614 0.186849
53.2 0.0664026 0.185469
53.6 0.0661575 0.184198
54 0.0659235 0.183039
54.4 0.065698 0.181993
54.8 0.0654779 0.18106
55.2 0.0652599 0.180236
55.6 0.0650407 0.17952
56 0.0648167 0.178904
56.4 0.0645846 0.178384
56.8 0.0643408 0.177951
57.2 0.0640821 0.177596
57.6 0.0638052 0.177307
58 0.0635075 0.177074
58.4 0.0631865 0.176884
58.8 0.06284 0.176723
59.2 0.0624665 0.176577
59.6 0.062065 0.176433
60 0.0616348 0.176275
60.4 0.0611761 0.176089
60.8 0.0606896 0.17586
61.2 0.0601764 0.175575
61.6 0.0596384 0.17522
62 0.059078 0.174783
62.4 0.0584981 0.174251
62.8 0.0579021 0.173614
63.2 0.057294 0.172863
63.6 0.0566778 0.17199
64 0.0560582 0.170987
64.4 0.0554399 0.169851
64.8 0.0548279 0.168578
65.2 0.0542273 0.167165
65.6 0.0536433 0.165613
66 0.0530808 0.163923
66.4 0.052545 0.162098
66.8 0.0520407 0.160141
67.2 0.0515727 0.158059
67.6 0.0511453 0.155857
68 0.0507628 0.153544
68.4 0.0504291 0.151128
68.8 0.0501479 0.148619
69.2 0.0499223 0.146026
69.6 0.0497553 0.14336
70 0.0496495 0.14063
70.4 0.0496072 0.137848
70.8 0.0496303 0.135023
71.2 0.0497203 0.132165
71.6 0.0498786 0.129284
72 0.050106 0.126388
72.4 0.0504033 0.123486
72.8 0.0507707 0.120585
73.2 0.0512081 0.117692
73.6 0.0517154 0.114811
74 0.0522918 0.111947
74.4 0.0529363 0.109104
74.8 0.0536475 0.106285
75.2 0.0544238 0.103492
75.6 0.055263 0.100725
76 0.0561625 0.0979853
76.4 0.0571193 0.095272
76.8 0.05813 0.0925844
77.2 0.0591907 0.0899213
77.6 0.060297 0.0872812
78 0.0614439 0.0846622
78.4 0.062626 0.0820627
78.8 0.0638375 0.0794809
79.2 0.065072 0.0769153
79.6 0.0663226 0.0743646
80 0.0675823 0.0718281
80.4 0.0688433 0.0693052
80.8 0.070098 0.066796
81.2 0.0713381 0.0643013
81.6 0.0725554 0.0618221
82 0.0737416 0.0593604
82.4 0.0748885 0.0569185
82.8 0.0759878 0.0544994
83.2 0.0770317 0.0521066
83.6 0.0780126 0.049744
84 0.0789233 0.047416
84.4 0.0797573 0.0451274
84.8 0.0805084 0.042883
85.2 0.0811716 0.0406879
85.6 0.0817422 0.0385474
86 0.0822168 0.0364667
86.4 0.0825927 0.0344509
86.8 0.0828683 0.0325048
87.2 0.0830428 0.0306331
87.6 0.0831165 0.0288402
88 0.0830909 0.0271299
88.4 0.0829682 0.0255058
88.8 0.0827518 0.0239709
89.2 0.0824459 0.0225278
89.6 0.0820554 0.0211784
90 0.0815862 0.0199243
90.4 0.0810449 0.0187666
90.8 0.0804385 0.0177057
91.2 0.0797745 0.0167417
91.6 0.0790611 0.0158744
92 0.0783065 0.0151031
92.4 0.0775192 0.0144266
92.8 0.0767076 0.0138437
93.2 0.0758804 0.013353
93.6 0.0750459 0.0129525
94 0.0742125 0.0126406
94.4 0.073388 0.0124152
94.8 0.0725802 0.0122743
95.2 0.0717962 0.0122158
95.6 0.0710428 0.0122376
96 0.0703265 0.0123377
96.4 0.0696529 0.0125139
96.8 0.0690276 0.012764
97.2 0.0684552 0.0130861
97.6 0.06794 0.0134779
98 0.0674858 0.0139371
98.4 0.0670959 0.0144615
98.8 0.0667728 0.0150485
99.2 0.0665191 0.0156957
99.6 0.0663363 0.0164002
100 0.0662259 0.0171591
100.4 0.0661887 0.017969
100.8 0.0662251 0.0188266
101.2 0.0663353 0.019728
101.6 0.0665187 0.0206692
102 0.0667745 0.0216457
102.4 0.0671015 0.0226531
102.8 0.0674978 0.0236863
103.2 0.0679612 0.0247402
103.6 0.0684891 0.0258095
104 0.0690782 0.0268886
104.4 0.0697248 0.0279721
104.8 0.0704247 0.0290542
105.2 0.0711729 0.0301293
105.6 0.0719642 0.0311919
106 0.0727926 0.0322366
106.4 0.0736516 0.0332584
106.8 0.0745342 0.0342525
107.2 0.0754329 0.0352145
107.6 0.0763396 0.0361405
108 0.0772458 0.037027
108.4 0.0781429 0.0378712
108.8 0.0790215 0.0386709
109.2 0.0798724 0.0394245
109.6 0.080686 0.0401311
110 0.0814527 0.0407904
110.4 0.082163 0.0414028
110.8 0.0828076 0.0419694
111.2 0.0833773 0.0424917
111.6 0.0838634 0.042972
112 0.0842578 0.0434128
112.4 0.0845528 0.0438174
112.8 0.0847416 0.0441891
113.2 0.0848181 0.0445317
113.6 0.0847771 0.0448488
114 0.0846144 0.0451445
114.4 0.084327 0.0454227
114.8 0.0839127 0.0456869
115.2 0.0833706 0.0459408
115.6 0.082701 0.0461876
116 0.0819052 0.04643
116.4 0.0809856 0.0466703
116.8 0.0799459 0.0469104
117.2 0.0787907 0.0471515
117.6 0.0775256 0.0473943
118 0.0761571 0.0476387
118.4 0.0746925 0.0478841
118.8 0.0731398 0.0481294
119.2 0.0715077 0.0483727
119.6 0.0698053 0.0486118
120 0.0680422 0.0488438
120.4 0.0662282 0.0490656
120.8 0.0643731 0.0492736
121.2 0.062487 0.0494642
121.6 0.0605799 0.0496334
122 0.0586614 0.0497774
122.4 0.0567412 0.0498925
122.8 0.0548285 0.049975
123.2 0.0529321 0.0500216
123.6 0.0510604 0.0500295
124 0.0492213 0.0499962
124.4 0.0474224 0.0499198
124.8 0.0456705 0.0497992
125.2 0.0439721 0.0496337
125.6 0.0423331 0.0494236
126 0.0407589 0.0491699
126.4 0.0392545 0.0488741
126.8 0.0378246 0.0485387
127.2 0.0364731 0.0481668
127.6 0.035204 0.0477623
128 0.0340208 0.0473293
128.4 0.0329267 0.046873
128.8 0.0319247 0.0463984
129.2 0.0310177 0.0459112
129.6 0.0302081 0.0454172
130 0.0294986 0.0449223
130.4 0.0288914 0.0444322
130.8 0.0283887 0.0439526
131.2 0.0279925 0.0434888
131.6 0.0277047 0.0430455
132 0.0275269 0.0426272
132.4 0.0274606 0.0422374
132.8 0.0275067 0.0418791
133.2 0.0276663 0.0415543
133.6 0.0279397 0.0412641
134 0.0283269 0.0410088
134.4 0.0288274 0.0407876
134.8 0.0294401 0.0405988
135.2 0.0301634 0.0404397
135.6 0.0309949 0.0403067
136 0.0319315 0.0401953
136.4 0.0329693 0.0401003
136.8 0.0341038 0.0400157
137.2 0.0353293 0.039935
137.6 0.0366396 0.0398512
138 0.0380275 0.0397569
138.4 0.039485 0.0396447
138.8 0.0410033 0.0395069
139.2 0.0425729 0.0393362
139.6 0.0441834 0.0391252
140 0.0458241 0.0388673
140.4 0.0474834 0.0385562
140.8 0.0491496 0.0381863
141.2 0.0508104 0.0377529
141.6 0.0524533 0.037252
142 0.0540659 0.0366808
142.4 0.0556357 0.0360373
142.8 0.0571504 0.0353209
143.2 0.058598 0.0345317
143.6 0.0599671 0.0336714
144 0.0612465 0.0327423
144.4 0.0624262 0.0317481
144.8 0.0634969 0.0306935
145.2 0.0644501 0.0295838
145.6 0.0652785 0.0284254
146 0.065976 0.0272254
146.4 0.0665377 0.0259913
146.8 0.0669601 0.0247313
147.2 0.067241 0.0234538
147.6 0.0673796 0.0221673
148 0.0673765 0.0208804
148.4 0.0672337 0.0196016
148.8 0.0669548 0.0183392
149.2 0.0665443 0.0171011
149.6 0.0660086 0.0158945
150 0.0653547 0.0147262
150.4 0.0645912 0.0136024
150.8 0.0637277 0.0125282
151.2 0.0627744 0.0115082
151.6 0.0617425 0.0105459
152 0.0606441 0.00964392
152.4 0.0594916 0.00880415
152.8 0.0582976 0.00802742
153.2 0.0570754 0.00731374
153.6 0.0558381 0.00666233
154 0.0545987 0.00607163
154.4 0.0533702 0.00553939
154.8 0.0521652 0.00506279
155.2 0.0509957 0.00463844
155.6 0.0498733 0.0042626
156 0.0488088 0.00393116
156.4 0.047812 0.00363981
156.8 0.046892 0.00338413
157.2 0.0460569 0.00315968
157.6 0.0453134 0.00296207
158 0.0446675 0.00278708
158.4 0.0441238 0.00263071
158.8 0.0436854 0.00248925
159.2 0.0433547 0.00235934
159.6 0.0431324 0.00223801
160 0.0430183 0.0021227
160.4 0.0430106 0.00201127
160.8 0.0431066 0.00190204
161.2 0.0433025 0.00179376
161.6 0.0435932 0.00168557
162 0.0439727 0.00157704
162.4 0.044434 0.00146807
162.8 0.0449693 0.00135887
163.2 0.0455699 0.00124994
163.6 0.0462267 0.00114196
164 0.0469297 0.00103582
164.4 0.0476686 0.000932485
164.8 0.0484327 0.000832993
165.2 0.049211 0.000738389
165.6 0.0499925 0.000649678
166 0.050766 0.000567784
166.4 0.0515205 0.000493516
166.8 0.0522451 0.000427534
167.2 0.0529293 0.000370328
167.6 0.0535629 0.000322203
168 0.0541363 0.000283265
168.4 0.0546403 0.000253425
168.8 0.0550667 0.0002324
169.2 0.0554079 0.000219725
169.6 0.055657 0.000214769
170 0.0558082 0.000216756
170.4 0.0558566 0.00022479
170.8 0.0557984 0.000237885
171.2 0.0556306 0.00025499
171.6 0.0553516 0.000275025
172 0.0549607 0.000296905
172.4 0.0544583 0.000319577
172.8 0.0538461 0.000342042
173.2 0.0531265 0.000363381
173.6 0.0523035 0.000382779
174 0.0513815 0.000399539
174.4 0.0503664 0.000413099
174.8 0.0492647 0.000423038
175.2 0.0480839 0.000429084
175.6 0.0468321 0.000431113
176 0.0455181 0.000429143
176.4 0.0441515 0.000423329
176.8 0.0427421 0.000413951
177.2 0.0413002 0.000401397
177.6 0.0398362 0.000386149
178 0.0383608 0.000368763
178.4 0.0368846 0.000349847
178.8 0.0354181 0.000330046
179.2 0.0339717 0.000310013
179.6 0.0325552 0.000290396
180 0.0311782 0.000271817
180.4 0.0298496 0.000254855
180.8 0.0285777 0.000240029
181.2 0.0273699 0.00022779
181.6 0.026233 0.000218506
182 0.0251728 0.00021246
182.4 0.0241941 0.000209842
182.8 0.0233006 0.00021075
183.2 0.0224953 0.000215192
183.6 0.0217798 0.000223088
184 0.0211549 0.000234276
184.4 0.0206201 0.000248524
184.8 0.020174 0.000265537
185.2 0.0198142 0.000284967
185.6 0.0195374 0.000306429
186 0.0193394 0.000329507
186.4 0.0192149 0.000353775
186.8 0.0191582 0.000378799
187.2 0.0191628 0.000404157
187.6 0.0192217 0.000429444
188 0.0193273 0.000454282
188.4 0.0194716 0.000478328
188.8 0.0196466 0.000501282
189.2 0.0198439 0.000522888
189.6 0.0200551 0.000542937
190 0.020272 0.000561271
190.4 0.0204862 0.000577781
190.8 0.02069 0.000592404
191.2 0.0208757 0.000605121
191.6 0.0210362 0.000615953
192 0.0211647 0.000624955
192.4 0.0212553 0.000632212
192.8 0.0213023 0.00063783
193.2 0.0213011 0.000641934
193.6 0.0212475 0.000644659
194 0.0211381 0.000646145
194.4 0.0209705 0.00064653
194.8 0.0207427 0.000645948
195.2 0.0204537 0.000644525
195.6 0.0201032 0.00064237
196 0.0196917 0.00063958
196.4 0.0192203 0.000636235
196.8 0.0186908 0.000632396
197.2 0.0181057 0.000628108
197.6 0.017468 0.000623396
198 0.0167812 0.000618273
198.4 0.0160495 0.000612738
198.8 0.015277 0.000606776
199.2 0.0144687 0.000600368
199.6 0.0136295 0.000593487
200 0.0127646 0.000586104
200.4 0.0118792 0.00057819
200.8 0.0109787 0.00056972
201.2 0.0100685 0.000560674
201.6 0.00915361 0.000551038
202 0.00823925 0.000540812
202.4 0.00733021 0.000530001
202.8 0.00643105 0.000518624
203.2 0.00554603 0.000506713
203.6 0.00467901 0.000494308
204 0.00383347 0.000481463
204.4 0.00301245 0.000468239
204.8 0.00221855 0.000454707
205.2 0.00145389 0.000440944
205.6 0.000720111 0.000427033
206 1.84032e-05 0.000413058
206.4 -0.000650511 0.000399104
206.8 -0.00128634 0.000385256
207.2 -0.00188922 0.000371593
207.6 -0.00245964 0.000358191
208 -0.00299843 0.000345114
208.4 -0.00350671 0.000332421
208.8 -0.00398583 0.000320159
209.2 -0.00443731 0.000308361
209.6 -0.00486277 0.00029705
210 -0.0052639 0.000286232
210.4 -0.00564236 0.000275903
210.8 -0.00599972 0.00026604
211.2 -0.00633743 0.000256612
211.6 -0.00665671 0.000247568
212 -0.00695852 0.00023885
212.4 -0.00724351 0.000230384
212.8 -0.00751199 0.000222088
213.2 -0.00776385 0.00021387
213.6 -0.00799856 0.000205628
214 -0.00821517 0.000197259
214.4 -0.00841227 0.000188651
214.8 -0.00858799 0.000179692
215.2 -0.00874003 0.00017027
215.6 -0.0088657 0.000160277
216 -0.0089619 0.000149605
216.4 -0.00902522 0.000138159
216.8 -0.00905196 0.000125849
217.2 -0.00903821 0.000112599
217.6 -0.0089799 9.83469e-05
218 -0.0088729 8.30477e-05
218.4 -0.00871309 6.66751e-05
218.8 -0.00849644 4.9224e-05
219.2 -0.0082191 3.07123e-05
219.6 -0.00787749 1.1183e-05
220 -0.00746838 -9.29517e-06
220.4 -0.00698898 -3.0626e-05
220.8 -0.006437 -5.26856e-05
221.2 -0.00581077 -7.5322e-05
221.6 -0.00510921 -9.83554e-05
222 -0.00433198 -0.000121579
222.4 -0.00347947 -0.000144761
222.8 -0.00255286 -0.000167646
223.2 -0.0015541 -0.000189956
223.6 -0.000485975 -0.000211398
224 0.000647934 -0.000231663
224.4 0.00184326 -0.000250431
224.8 0.00309487 -0.000267381
225.2 0.0043969 -0.000282187
225.6 0.00574282 -0.000294532
226 0.00712549 -0.000304108
226.4 0.0085372 -0.000310627
226.8 0.00996977 -0.000313819
227.2 0.0114146 -0.000313449
227.6 0.0128629 -0.000309311
228 0.0143056 -0.000301241
228.4 0.0157333 -0.000289121
228.8 0.0171368 -0.000272878
229.2 0.018507 -0.000252493
229.6 0.0198348 -0.000228004
230 0.0211114 -0.000199501
230.4 0.0223282 -0.000167135
230.8 0.0234771 -0.000131114
231.2 0.0245506 -9.17001e-05
231.6 0.0255415 -4.92111e-05
232 0.0264433 -4.01464e-06
232.4 0.0272501 4.34754e-05
232.8 0.0279569 9.28039e-05
233.2 0.0285593 0.000143481
233.6 0.0290535 0.000194989
234 0.029437 0.000246789
234.4 0.0297076 0.000298329
234.8 0.0298644 0.000349055
235.2 0.0299072 0.000398414
235.6 0.0298366 0.000445867
236 0.0296542 0.000490898
236.4 0.0293625 0.000533017
236.8 0.0289648 0.000571771
237.2 0.0284654 0.000606754
237.6 0.0278693 0.000637606
238 0.0271825 0.000664026
238.4 0.0264116 0.000685771
238.8 0.0255643 0.000702662
239.2 0.0246486 0.000714586
239.6 0.0236735 0.000721497
240 0.0226485 0.000723418
240.4 0.0215838 0.000720438
240.8 0.0204899 0.000712709
241.2 0.0193777 0.000700446
241.6 0.0182587 0.000683922
242 0.0171444 0.000663462
242.4 0.0160464 0.000639439
242.8 0.0149764 0.000612266
243.2 0.0139461 0.000582394
243.6 0.0129668 0.000550297
244 0.0120494 0.000516473
244.4 0.0112046 0.000481431
244.8 0.0104422 0.000445686
245.2 0.00977148 0.000409753
245.6 0.00920067 0.000374136
246 0.00873715 0.000339327
246.4 0.00838714 0.000305795
246.8 0.00815569 0.000273984
247.2 0.00804656 0.000244304
247.6 0.00806214 0.000217132
248 0.00820339 0.000192804
248.4 0.00846983 0.000171614
248.8 0.00885947 0.000153811
249.2 0.00936885 0.0001396
249.6 0.00999303 0.000129137
250 0.0107257 0.00012253
250.4 0.011559 0.000119843
250.8 0.0124841 0.000121093
251.2 0.0134909 0.000126251
251.6 0.014568 0.000135248
252 0.0157035 0.000147974
252.4 0.0168846 0.000164282
252.8 0.0180978 0.00018399
253.2 0.0193296 0.000206886
253.6 0.020566 0.00023273
254 0.0217931 0.000261256
254.4 0.0229973 0.000292179
254.8 0.0241654 0.000325199
255.2 0.0252846 0.000359999
255.6 0.0263433 0.000396256
256 0.0273303 0.000433639
256.4 0.028236 0.000471815
256.8 0.0290516 0.000510454
257.2 0.0297699 0.000549227
257.6 0.030385 0.000587816
258 0.0308924 0.000625913
258.4 0.0312891 0.000663222
258.8 0.0315738 0.000699466
259.2 0.0317464 0.000734384
259.6 0.0318083 0.000767737
260 0.0317623 0.000799311
260.4 0.0316126 0.000828915
260.8 0.0313643 0.000856384
261.2 0.0310236 0.000881583
261.6 0.0305978 0.000904405
262 0.0300946 0.000924771
262.4 0.0295225 0.000942635
262.8 0.0288904 0.000957977
263.2 0.0282072 0.000970811
263.6 0.0274823 0.000981176
264 0.0267246 0.000989144
264.4 0.025943 0.000994809
264.8 0.025146 0.000998295
265.2 0.0243418 0.000999745
265.6 0.0235377 0.000999328
266 0.0227406 0.000997229
266.4 0.0219566 0.000993648
266.8 0.0211909 0.0009888
267.2 0.0204482 0.000982911
267.6 0.0197322 0.000976209
268 0.0190459 0.000968929
268.4 0.0183915 0.000961304
268.8 0.0177705 0.00095356
269.2 0.0171839 0.00094592
269.6 0.0166318 0.000938591
270 0.0161142 0.000931766
270.4 0.0156304 0.000925621
270.8 0.0151795 0.000920308
271.2 0.0147604 0.000915957
271.6 0.0143716 0.000912669
272 0.0140117 0.000910517
272.4 0.0136793 0.000909542
272.8 0.013373 0.000909755
273.2 0.0130916 0.00091113
273.6 0.0128338 0.00091361
274 0.0125986 0.000917102
274.4 0.0123853 0.000921483
274.8 0.0121931 0.000926594
275.2 0.0120216 0.000932247
275.6 0.0118704 0.000938227
276 0.0117394 0.00094429
276.4 0.0116283 0.000950171
276.8 0.011537 0.000955583
277.2 0.0114654 0.000960225
277.6 0.0114132 0.000963785
278 0.0113801 0.00096594
278.4 0.0113655 0.000966367
278.8 0.0113687 0.000964744
279.2 0.0113885 0.000960757
279.6 0.0114236 0.000954101
280 0.0114723 0.000944492
280.4 0.0115326 0.000931662
280.8 0.0116021 0.000915374
281.2 0.0116781 0.000895419
281.6 0.0117575 0.000871621
282 0.0118371 0.000843846
282.4 0.0119133 0.000811997
282.8 0.0119823 0.000776022
283.2 0.0120404 0.000735916
283.6 0.0120835 0.000691721
284 0.0121079 0.000643524
284.4 0.0121098 0.000591463
284.8 0.0120856 0.000535723
285.2 0.0120319 0.000476535
285.6 0.011946 0.000414174
286 0.0118251 0.000348958
286.4 0.0116672 0.00028124
286.8 0.0114709 0.000211413
287.2 0.0112352 0.000139895
287.6 0.0109598 6.71331e-05
288 0.010645 -6.40783e-06
288.4 0.0102919 -8.02472e-05
288.8 0.00990198 -0.000153896
289.2 0.0094776 -0.000226863
289.6 0.00902158 -0.00029866
290 0.00853731 -0.000368808
290.4 0.00802868 -0.000436845
290.8 0.00749999 -0.000502327
291.2 0.00695587 -0.00056484
291.6 0.00640122 -0.000623999
292 0.00584111 -0.000679455
292.4 0.00528067 -0.000730901
292.8 0.00472502 -0.000778072
293.2 0.00417917 -0.000820748
293.6 0.00364793 -0.000858758
294 0.00313582 -0.00089198
294.4 0.002647 -0.000920342
294.8 0.00218521 -0.00094382
295.2 0.00175368 -0.000962442
295.6 0.00135513 -0.000976278
296 0.000991708 -0.000985448
296.4 0.000664961 -0.000990109
296.8 0.000375843 -0.000990461
297.2 0.00012471 -0.000986734
297.6 -8.86642e-05 -0.000979191
298 -0.000265059 -0.000968121
298.4 -0.00040577 -0.000953832
298.8 -0.000512566 -0.000936649
299.2 -0.000587627 -0.000916908
299.6 -0.000633489 -0.000894951
300 -0.000652973 -0.000871121
300.4 -0.00064912 -0.000845757
300.8 -0.000625116 -0.000819192
301.2 -0.000584223 -0.000791744
301.6 -0.000529711 -0.00076372
302 -0.000464792 -0.000735404
302.4 -0.000392557 -0.000707063
302.8 -0.000315926 -0.000678937
303.2 -0.000237595 -0.000651243
303.6 -0.000160001 -0.000624172
304 -8.52863e-05 -0.000597887
304.4 -1.52786e-05 -0.000572526
304.8 4.85254e-05 -0.000548197
305.2 0.000104964 -0.000524986
305.6 0.00015321 -0.000502952
306 0.000192758 -0.000482131
306.4 0.000223405 -0.000462538
306.8 0.000245235 -0.000444168
307.2 0.000258579 -0.000426999
307.6 0.000263992 -0.000410995
308 0.000262208 -0.000396104
308.4 0.00025411 -0.000382269
308.8 0.000240685 -0.000369419
309.2 0.000222989 -0.000357482
309.6 0.000202108 -0.00034638
310 0.000179123 -0.000336035
310.4 0.000155079 -0.000326367
310.8 0.000130956 -0.0003173
311.2 0.000107643 -0.000308759
311.6 8.59188e-05 -0.000300677
312 6.64408e-05 -0.000292988
312.4 4.97297e-05 -0.000285633
312.8 3.61672e-05 -0.000278562
313.2 2.59948e-05 -0.000271729
313.6 1.93175e-05 -0.000265094
314 1.61113e-05 -0.000258626
314.4 1.62344e-05 -0.000252299
314.8 1.94409e-05 -0.000246092
315.2 2.53971e-05 -0.000239992
315.6 3.36986e-05 -0.000233989
316 4.38892e-05 -0.000228076
316.4 5.54794e-05 -0.000222253
316.8 6.79649e-05 -0.00021652
317.2 8.08443e-05 -0.000210881
317.6 9.36349e-05 -0.00020534
318 0.000105888 -0.000199904
318.4 0.000117198 -0.000194579
318.8 0.000127219 -0.000189371
319.2 0.000135664 -0.000184288
319.6 0.000142315 -0.000179335
320 0.000147025 -0.000174517
320.4 0.000149715 -0.000169837
320.8 0.000150375 -0.000165298
321.2 0.000149056 -0.000160902
321.6 0.000145869 -0.000156649
322 0.000140969 -0.000152537
322.4 0.000134555 -0.000148565
322.8 0.000126857 -0.000144728
323.2 0.000118123 -0.000141025
323.6 0.000108617 -0.000137449
324 9.86003e-05 -0.000133995
324.4 8.83312e-05 -0.000130658
324.8 7.80517e-05 -0.000127433
325.2 6.79828e-05 -0.000124313
325.6 5.83187e-05 -0.000121293
326 4.92226e-05 -0.000118368
326.4 4.08241e-05 -0.000115532
326.8 3.32175e-05 -0.000112781
327.2 2.64623e-05 -0.000110111
327.6 2.05842e-05 -0.000107518
328 1.55775e-05 -0.000105
328.4 1.14086e-05 -0.000102554
328.8 8.01986e-06 -0.000100177
329.2 5.33454e-06 -9.78688e-05
329.6 3.26177e-06 -9.56282e-05
330 1.70162e-06 -9.34547e-05
330.4 5.50285e-07 -9.13479e-05
330.8 -2.95106e-07 -8.93079e-05
331.2 -9.32115e-07 -8.73351e-05
331.6 -1.44914e-06 -8.54297e-05
332 -1.92231e-06 -8.35922e-05
332.4 -2.41306e-06 -8.1823e-05
332.8 -2.96663e-06 -8.01223e-05
333.2 -3.61133e-06 -7.84904e-05
333.6 -4.3586e-06 -7.69271e-05
334 -5.20388e-06 -7.54321e-05
334.4 -6.12812e-06 -7.40048e-05
334.8 -7.09993e-06 -7.26441e-05
335.2 -8.07812e-06 -7.13487e-05
335.6 -9.01464e-06 -7.01167e-05
336 -9.85771e-06 -6.89461e-05
336.4 -1.0555e-05 -6.78343e-05
336.8 -1.10566e-05 -6.67782e-05
337.2 -1.13182e-05 -6.57745e-05
337.6 -1.13034e-05 -6.48195e-05
338 -1.09861e-05 -6.39091e-05
338.4 -1.0352e-05 -6.30389e-05
338.8 -9.39966e-06 -6.22045e-05
339.2 -8.14134e-06 -6.1401e-05
339.6 -6.60268e-06 -6.06234e-05
340 -4.82217e-06 -5.98668e-05
340.4 -2.84997e-06 -5.91262e-05
340.8 -7.46272e-07 -5.83965e-05
341.2 1.42081e-06 -5.76728e-05
341.6 3.57758e-06 -5.69504e-05
342 5.64739e-06 -5.62249e-05
342.4 7.5534e-06 -5.54919e-05
342.8 9.22128e-06 -5.47476e-05
343.2 1.05819e-05 -5.39884e-05
343.6 1.15739e-05 -5.32111e-05
344 1.21456e-05 -5.2413e-05
344.4 1.22572e-05 -5.15918e-05
344.8 1.18821e-05 -5.07458e-05
345.2 1.10075e-05 -4.98734e-05
345.6 9.63561e-06 -4.89739e-05
346 7.78287e-06 -4.80467e-05
346.4 5.47989e-06 -4.70916e-05
346.8 2.77029e-06 -4.61091e-05
347.2 -2.9068e-07 -4.50996e-05
347.6 -3.63793e-06 -4.40641e-05
348 -7.19861e-06 -4.30037e-05
348.4 -1.08945e-05 -4.19199e-05
348.8 -1.46442e-05 -4.0814e-05
349.2 -1.8366e-05 -3.96878e-05
349.6 -2.19802e-05 -3.85429e-05
350 -2.54112e-05 -3.73812e-05
350.4 -2.85902e-05 -3.62042e-05
350.8 -3.14565e-05 -3.50138e-05
351.2 -3.39596e-05 -3.38116e-05
351.6 -3.60601e-05 -3.25994e-05
352 -3.77306e-05 -3.13787e-05
352.4 -3.89562e-05 -3.01513e-05
352.8 -3.97341e-05 -2.89185e-05
353.2 -4.00739e-05 -2.76822e-05
353.6 -3.99961e-05 -2.6444e-05
354 -3.95312e-05 -2.52055e-05
354.4 -3.87187e-05 -2.39688e-05
354.8 -3.76047e-05 -2.27356e-05
355.2 -3.62406e-05 -2.15084e-05
355.6 -3.46812e-05 -2.02894e-05
356 -3.29823e-05 -1.90813e-05
356.4 -3.11992e-05 -1.78871e-05
356.8 -2.9385e-05 -1.671e-05
357.2 -2.75885e-05 -1.55534e-05
357.6 -2.58529e-05 -1.44211e-05
358 -2.4215e-05 -1.33172e-05
358.4 -2.27038e-05 -1.22459e-05
358.8 -2.13404e-05 -1.12118e-05
359.2 -2.01375e-05 -1.02195e-05
359.6 -1.90992e-05 -9.27365e-06
360 -1.82221e-05 -8.3791e-06
360.4 -1.74952e-05 -7.54055e-06
360.8 -1.69014e-05 -6.76259e-06
361.2 -1.64181e-05 -6.04959e-06
361.6 -1.6019e-05 -5.40565e-06
362 -1.5675e-05 -4.83447e-06
362.4 -1.5356e-05 -4.33927e-06
362.8 -1.5032e-05 -3.92275e-06
363.2 -1.4675e-05 -3.58697e-06
363.6 -1.42597e-05 -3.33331e-06
364 -1.37651e-05 -3.1624e-06
364.4 -1.31752e-05 -3.07411e-06
364.8 -1.24799e-05 -3.06747e-06
365.2 -1.16753e-05 -3.14068e-06
365.6 -1.07641e-05 -3.29112e-06
366 -9.75586e-06 -3.51533e-06
366.4 -8.66617e-06 -3.80905e-06
366.8 -7.51663e-06 -4.16729e-06
367.2 -6.33401e-06 -4.58432e-06
367.6 -5.14934e-06 -5.05378e-06
368 -3.99695e-06 -5.56876e-06
368.4 -2.91325e-06 -6.12186e-06
368.8 -1.93559e-06 -6.7053e-06
369.2 -1.10098e-06 -7.31102e-06
369.6 -4.44877e-07 -7.93079e-06
370 -2.79444e-11 -8.55629e-06
370.4 2.04612e-07 -9.17927e-06
370.8 1.44813e-07 -9.79161e-06
371.2 -1.98152e-07 -1.03855e-05
371.6 -8.36899e-07 -1.09533e-05
372 -1.77753e-06 -1.14881e-05
372.4 -3.01946e-06 -1.19833e-05
372.8 -4.55536e-06 -1.2433e-05
373.2 -6.37146e-06 -1.28321e-05
373.6 -8.44787e-06 -1.31761e-05
374 -1.07592e-05 -1.34613e-05
374.4 -1.32752e-05 -1.36851e-05
374.8 -1.59617e-05 -1.38453e-05
375.2 -1.87816e-05 -1.39411e-05
375.6 -2.16957e-05 -1.39723e-05
376 -2.46636e-05 -1.39395e-05
376.4 -2.76451e-05 -1.38444e-05
376.8 -3.06009e-05 -1.36893e-05
377.2 -3.34935e-05 -1.34775e-05
377.6 -3.62883e-05 -1.32128e-05
378 -3.89537e-05 -1.28998e-05
378.4 -4.14623e-05 -1.25436e-05
378.8 -4.3791e-05 -1.21498e-05
379.2 -4.59213e-05 -1.17245e-05
379.6 -4.78395e-05 -1.1274e-05
380 -4.95367e-05 -1.08048e-05
380.4 -5.10085e-05 -1.03236e-05
380.8 -5.2255e-05 -9.83709e-06
381.2 -5.328e-05 -9.3517e-06
381.6 -5.4091e-05 -8.8738e-06
382 -5.46985e-05 -8.40938e-06
382.4 -5.51152e-05 -7.96402e-06
382.8 -5.53558e-05 -7.54283e-06
383.2 -5.54359e-05 -7.15031e-06
383.6 -5.5372e-05 -6.79031e-06
384 -5.51805e-05 -6.46599e-06
384.4 -5.48774e-05 -6.17974e-06
384.8 -5.4478e-05 -5.93316e-06
385.2 -5.39962e-05 -5.72708e-06
385.6 -5.34447e-05 -5.56147e-06
386 -5.28343e-05 -5.43557e-06
386.4 -5.21744e-05 -5.34782e-06
386.8 -5.14723e-05 -5.29595e-06
387.2 -5.0734e-05 -5.27706e-06
387.6 -4.99636e-05 -5.28763e-06
388 -4.91642e-05 -5.32367e-06
388.4 -4.83374e-05 -5.38077e-06
388.8 -4.74839e-05 -5.45421e-06
389.2 -4.66039e-05 -5.5391e-06
389.6 -4.5697e-05 -5.63043e-06
390 -4.47625e-05 -5.72323e-06
390.4 -4.38e-05 -5.81266e-06
390.8 -4.28089e-05 -5.89412e-06
391.2 -4.17891e-05 -5.96335e-06
391.6 -4.07411e-05 -6.0165e-06
392 -3.96657e-05 -6.05022e-06
392.4 -3.85641e-05 -6.06173e-06
392.8 -3.74382e-05 -6.04885e-06
393.2 -3.62902e-05 -6.01007e-06
393.6 -3.51226e-05 -5.94451e-06
394 -3.39383e-05 -5.85196e-06
394.4 -3.274e-05 -5.73286e-06
394.8 -3.15308e-05 -5.58827e-06
395.2 -3.03133e-05 -5.41978e-06
395.6 -2.909e-05 -5.22953e-06
396 -2.78631e-05 -5.02007e-06
396.4 -2.66344e-05 -4.7943e-06
396.8 -2.54051e-05 -4.5554e-06
397.2 -2.41764e-05 -4.30673e-06
397.6 -2.29489e-05 -4.05171e-06
398 -2.17228e-05 -3.79378e-06
398.4 -2.04983e-05 -3.53626e-06
398.8 -1.92757e-05 -3.28231e-06
399.2 -1.80553e-05 -3.03483e-06
399.6 -1.68375e-05 -2.79638e-06
400 -1.56235e-05 -2.56918e-06
