-0.498 -5.14151e-06 6.044e-06
-0.496 -3.30892e-05 2.33951e-05
-0.494 -9.28028e-05 4.90186e-05
-0.492 -0.000172245 7.74621e-05
-0.49 -0.000237908 0.00010108
-0.488 -0.00024671 0.000110586
-0.486 -0.000165885 9.61081e-05
-0.484 8.20592e-06 4.87409e-05
-0.482 0.000242181 -3.75905e-05
-0.48 0.00047442 -0.000164365
-0.478 0.000638555 -0.000327284
-0.476 0.00069176 -0.000516086
-0.474 0.00063409 -0.000715532
-0.472 0.000508248 -0.000907381
-0.47 0.000378516 -0.00107283
-0.468 0.000298437 -0.00119478
-0.466 0.000282846 -0.00125934
-0.464 0.000297514 -0.00125644
-0.462 0.000271314 -0.00117973
-0.46 0.000127345 -0.0010263
-0.458 -0.000176339 -0.00079673
-0.456 -0.000610407 -0.000495801
-0.454 -0.00106009 -0.000133793
-0.452 -0.00134877 0.000272341
-0.45 -0.00130164 0.000698955
-0.448 -0.000830536 0.00111791
-0.446 -1.65208e-06 0.0015013
-0.444 0.000955529 0.00182797
-0.442 0.00172062 0.00209005
-0.44 0.00201967 0.00229725
-0.438 0.0017715 0.00247674
-0.436 0.00117165 0.00266796
-0.434 0.000665397 0.00291255
-0.432 0.000807417 0.00324225
-0.43 0.00204999 0.00366798
-0.428 0.00452648 0.00417421
-0.426 0.00790346 0.00472089
-0.424 0.0113645 0.00525349
-0.422 0.0137582 0.00571848
-0.42 0.0138944 0.00607934
-0.418 0.0109214 0.00632798
-0.416 0.00468012 0.00648738
-0.414 -0.00408691 0.00660389
-0.412 -0.0137753 0.00673068
-0.41 -0.0222494 0.00690671
-0.408 -0.027404 0.00713745
-0.406 -0.0277971 0.00738435
-0.404 -0.0231456 0.00756797
-0.402 -0.0145058 0.00758569
-0.4 -0.0040551 0.00734031
-0.398 0.00548493 0.00677117
-0.396 0.0116244 0.00587773
-0.394 0.0128436 0.00472723
-0.392 0.00906033 0.00344278
-0.39 0.00167121 0.00217439
-0.388 -0.00685613 0.00106089
-0.386 -0.0137282 0.000193509
-0.384 -0.01669 -0.0004081
-0.382 -0.0147433 -0.000800203
-0.38 -0.00848206 -0.00109813
-0.378 8.70982e-05 -0.0014431
-0.376 0.00820648 -0.0019627
-0.374 0.0133082 -0.00273679
-0.372 0.013919 -0.00377962
-0.37 0.0102078 -0.00504315
-0.368 0.00396614 -0.00644037
-0.366 -0.00199788 -0.00788035
-0.364 -0.00486066 -0.00930259
-0.362 -0.00283777 -0.0106975
-0.36 0.00408396 -0.0121043
-0.358 0.0140026 -0.013585
-0.356 0.0236092 -0.0151835
-0.354 0.0292034 -0.016886
-0.352 0.0279181 -0.0185978
-0.35 0.0187785 -0.0201493
-0.348 0.00323327 -0.0213319
-0.346 -0.015065 -0.0219542
-0.344 -0.0312215 -0.0219021
-0.342 -0.0405467 -0.021183
-0.34 -0.0400536 -0.0199425
-0.338 -0.0295115 -0.0184446
-0.336 -0.0116612 -0.0170204
-0.334 0.00854504 -0.0159941
-0.332 0.0254734 -0.0156051
-0.33 0.0346085 -0.0159505
-0.328 0.0340143 -0.0169657
-0.326 0.0249542 -0.0184527
-0.324 0.0114547 -0.0201473
-0.322 -0.00103933 -0.0218017
-0.32 -0.00746398 -0.0232542
-0.318 -0.00480203 -0.0244606
-0.316 0.00690113 -0.0254804
-0.314 0.024479 -0.0264228
-0.312 0.0425821 -0.0273726
-0.31 0.0553727 -0.0283197
-0.308 0.058481 -0.0291177
-0.306 0.0505797 -0.0294885
-0.304 0.0339872 -0.0290754
-0.302 0.0140049 -0.0275353
-0.3 -0.00285517 -0.0246427
-0.298 -0.0111584 -0.0203769
-0.296 -0.00852174 -0.0149625
-0.294 0.00345419 -0.00884837
-0.292 0.0196352 -0.00262849
-0.29 0.033023 0.00307246
-0.288 0.0370899 0.00771646
-0.286 0.0280361 0.0109411
-0.284 0.0062607 0.012598
-0.282 -0.0234512 0.0127348
-0.28 -0.0531629 0.0115329
-0.278 -0.074147 0.00922446
-0.276 -0.0796843 0.0060206
-0.274 -0.0673889 0.00207074
-0.272 -0.0402371 -0.0025346
-0.27 -0.00587725 -0.00772397
-0.268 0.0256206 -0.0133873
-0.266 0.0448841 -0.0193275
-0.264 0.0462182 -0.0252458
-0.262 0.0294447 -0.0307734
-0.26 -3.92818e-05 -0.0355409
-0.258 -0.0330335 -0.0392663
-0.256 -0.0595719 -0.0418282
-0.254 -0.0722362 -0.0432988
-0.252 -0.0686546 -0.0439192
-0.25 -0.0523435 -0.0440217
-0.248 -0.0315861 -0.0439238
-0.246 -0.0166992 -0.0438264
-0.244 -0.0165718 -0.0437504
-0.242 -0.0355666 -0.0435348
-0.24 -0.0717418 -0.0428985
-0.238 -0.116979 -0.0415512
-0.236 -0.15909 -0.0393171
-0.234 -0.185401 -0.0362309
-0.232 -0.186746 -0.0325723
-0.23 -0.160597 -0.0288225
-0.228 -0.112166 -0.0255537
-0.226 -0.0529894 -0.0232804
-0.224 0.00261374 -0.0223157
-0.222 0.0420495 -0.0226777
-0.22 0.058323 -0.0240795
-0.218 0.0519554 -0.0260139
-0.216 0.0303705 -0.0279071
-0.214 0.00509866 -0.0292984
-0.212 -0.0121849 -0.029984
-0.21 -0.0135266 -0.030079
-0.208 0.00266978 -0.0299766
-0.206 0.0310169 -0.0302162
-0.204 0.0607817 -0.0313007
-0.202 0.0793993 -0.0335206
-0.2 0.0768477 -0.0368391
-0.198 0.0494707 -0.0408772
-0.196 0.00187016 -0.0450084
-0.194 -0.0539698 -0.0485392
-0.192 -0.102227 -0.0509155
-0.19 -0.128326 -0.051887
-0.188 -0.123775 -0.0515674
-0.186 -0.0890582 -0.0503716
-0.184 -0.0336189 -0.0488542
-0.182 0.0269891 -0.0475104
-0.18 0.0758234 -0.0466105
-0.178 0.0996876 -0.0461203
-0.176 0.0931301 -0.0457336
-0.174 0.0600612 -0.0450048
-0.172 0.0124086 -0.0435427
-0.17 -0.0338543 -0.0412064
-0.168 -0.0640741 -0.0382351
-0.166 -0.0698965 -0.0352632
-0.164 -0.052144 -0.0332057
-0.162 -0.0205662 -0.0330427
-0.16 0.00949097 -0.0355698
-0.158 0.0224024 -0.0411893
-0.156 0.00781922 -0.0498102
-0.154 -0.0353391 -0.060884
-0.152 -0.0977772 -0.0735649
-0.15 -0.162086 -0.0869381
-0.148 -0.207848 -0.10024
-0.146 -0.218122 -0.113001
-0.144 -0.185235 -0.125056
-0.142 -0.11388 -0.136435
-0.14 -0.020317 -0.147152
-0.138 0.0722182 -0.156976
-0.136 0.140442 -0.165262
-0.134 0.168028 -0.170901
-0.132 0.15045 -0.172425
-0.13 0.0961926 -0.16824
-0.128 0.0240146 -0.156952
-0.126 -0.0428756 -0.137678
-0.124 -0.0840027 -0.11028
-0.122 -0.0880238 -0.075427
-0.12 -0.0564203 -0.0344858
-0.118 -0.00331123 0.0107476
-0.116 0.0486869 0.0583684
-0.114 0.0754218 0.106631
-0.112 0.0588806 0.154074
-0.11 -0.00689617 0.19948
-0.108 -0.113617 0.241697
-0.106 -0.240959 0.279427
-0.104 -0.362435 0.311071
-0.102 -0.453006 0.334733
-0.1 -0.496065 0.348392
-0.098 -0.487675 0.350244
-0.096 -0.43687 0.3391
-0.094 -0.362076 0.314758
-0.092 -0.284922 0.278225
-0.09 -0.223409 0.231716
-0.088 -0.186592 0.178397
-0.086 -0.172432 0.121954
-0.084 -0.169535 0.0660737
-0.082 -0.162119 0.0139888
-0.08 -0.136421 -0.0318105
-0.078 -0.0862368 -0.0696441
-0.076 -0.0157069 -0.0985018
-0.074 0.0615651 -0.117775
-0.072 0.126781 -0.126969
-0.07 0.162252 -0.125501
-0.068 0.157704 -0.112667
-0.066 0.114415 -0.0877824
-0.064 0.0456261 -0.0504764
-0.062 -0.027109 -0.00101945
-0.06 -0.0805732 0.059434
-0.058 -0.0973345 0.12881
-0.056 -0.0714897 0.204336
-0.054 -0.0107834 0.282998
-0.052 0.0655609 0.362111
-0.05 0.132543 0.439873
-0.048 0.166831 0.515746
-0.046 0.15375 0.590572
-0.044 0.0918088 0.666406
-0.042 -0.00663294 0.746117
-0.04 -0.118981 0.832878
-0.038 -0.219421 0.929668
-0.036 -0.28714 1.03891
-0.034 -0.312898 1.16234
-0.032 -0.301557 1.30098
-0.03 -0.269531 1.45537
-0.028 -0.238009 1.62567
-0.026 -0.224336 1.81173
-0.024 -0.234557 2.01291
-0.022 -0.259507 2.22784
-0.02 -0.275574 2.45398
-0.018 -0.249997 2.68743
-0.016 -0.14964 2.92277
-0.014 0.0487708 3.15336
-0.012 0.349747 3.37174
-0.01 0.734268 3.57036
-0.008 1.16093 3.74217
-0.006 1.57311 3.88122
-0.004 1.91067 3.98298
-0.002 2.1232 4.04442
0 2.18129 4.06395
0.002 2.08242 4.0413
0.004 1.85004 3.97737
0.006 1.52681 3.87422
0.008 1.1645 3.73507
0.01 0.813257 3.56444
0.012 0.512274 3.36807
0.014 0.283714 3.15277
0.016 0.13103 2.92595
0.018 0.0417252 2.69506
0.02 -0.00646111 2.4669
0.022 -0.0377603 2.24715
0.024 -0.0711056 2.03995
0.026 -0.115365 1.84787
0.028 -0.168363 1.67211
0.03 -0.219674 1.5128
0.032 -0.255685 1.36931
0.034 -0.264757 1.24056
0.036 -0.240812 1.12517
0.038 -0.184786 1.02146
0.04 -0.104169 0.927499
0.042 -0.0111623 0.840995
0.044 0.0800183 0.759412
0.046 0.156079 0.680122
0.048 0.207174 0.600716
0.05 0.228473 0.519389
0.052 0.220525 0.4353
0.054 0.188527 0.348819
0.056 0.140907 0.261561
0.058 0.0877073 0.176192
0.06 0.0390705 0.0960267
0.062 0.00386752 0.0245124
0.064 -0.0115972 -0.0352921
0.066 -0.00474537 -0.0811202
0.068 0.0224975 -0.111712
0.07 0.0635946 -0.126821
0.072 0.108135 -0.127045
0.074 0.143428 -0.113571
0.076 0.156794 -0.0879161
0.078 0.138241 -0.051739
0.08 0.0830428 -0.00678254
0.082 -0.00637229 0.0450723
0.084 -0.119872 0.101682
0.086 -0.240937 0.160526
0.088 -0.349875 0.218675
0.09 -0.428246 0.272889
0.092 -0.463216 0.31987
0.094 -0.450545 0.356595
0.096 -0.395436 0.380698
0.098 -0.311154 0.39077
0.1 -0.215882 0.386524
0.102 -0.128564 0.368776
0.104 -0.0646729 0.339258
0.106 -0.0328661 0.3003
0.108 -0.0333233 0.254478
0.11 -0.058193 0.204295
0.112 -0.094108 0.151975
0.114 -0.126144 0.0993811
0.116 -0.142042 0.0480535
0.118 -0.13531 -0.000697643
0.12 -0.106289 -0.0456863
0.122 -0.0611264 -0.0857931
0.124 -0.009342 -0.119983
0.126 0.0390374 -0.147399
0.128 0.0759521 -0.167496
0.13 0.0968437 -0.180169
0.132 0.101038 -0.185817
0.134 0.091067 -0.185312
0.136 0.07127 -0.179869
0.138 0.0461604 -0.170847
0.14 0.019103 -0.15953
0.142 -0.00822174 -0.14696
0.144 -0.0353654 -0.133835
0.146 -0.0619601 -0.120522
0.148 -0.086589 -0.107151
0.15 -0.106401 -0.0937637
0.152 -0.117719 -0.0804687
0.154 -0.117302 -0.0675467
0.156 -0.103696 -0.0554783
0.158 -0.0781518 -0.0448899
0.16 -0.0448471 -0.036436
0.162 -0.0103289 -0.0306554
0.164 0.0177739 -0.0278423
0.166 0.0325573 -0.027971
0.168 0.0297944 -0.0306936
0.17 0.00944019 -0.0354118
0.172 -0.0239983 -0.0414009
0.174 -0.0626236 -0.0479512
0.176 -0.0975566 -0.0544827
0.178 -0.121652 -0.0605976
0.18 -0.13146 -0.0660564
0.182 -0.127832 -0.0706973
0.184 -0.115199 -0.0743395
0.186 -0.0999524 -0.076716
0.188 -0.0884517 -0.0774688
0.19 -0.0851171 -0.0762084
0.192 -0.0910386 -0.0726187
0.194 -0.103486 -0.0665707
0.196 -0.116596 -0.0582087
0.198 -0.123188 -0.0479791
0.2 -0.117209 -0.0365905
0.202 -0.095903 -0.0249106
0.204 -0.0608978 -0.0138267
0.206 -0.0177972 -0.00410788
0.208 0.0254607 0.00369542
0.21 0.0608191 0.00928987
0.212 0.0821558 0.0126115
0.214 0.0866387 0.0137487
0.216 0.0751376 0.0128504
0.218 0.0516797 0.0100539
0.22 0.0221339 0.00545804
0.222 -0.0074967 -0.000853833
0.224 -0.0326452 -0.00874875
0.226 -0.051099 -0.017964
0.228 -0.0629919 -0.028044
0.23 -0.0699797 -0.0383244
0.232 -0.0740305 -0.0479795
0.234 -0.076353 -0.0561273
0.236 -0.0768596 -0.0619686
0.238 -0.0743265 -0.0649248
0.24 -0.0671537 -0.0647405
0.242 -0.0544103 -0.0615247
0.244 -0.0367303 -0.0557194
0.246 -0.0166646 -0.048006
0.248 0.00172741 -0.0391738
0.25 0.0139935 -0.0299822
0.252 0.0167877 -0.0210481
0.254 0.0092391 -0.0127813
0.256 -0.00634108 -0.00537784
0.258 -0.0247582 0.00113414
0.26 -0.0392363 0.00681641
0.262 -0.04337 0.0117399
0.264 -0.0331468 0.0159274
0.266 -0.00842269 0.019335
0.268 0.026647 0.0218704
0.27 0.0644473 0.0234384
0.272 0.0958581 0.0239919
0.274 0.112781 0.0235688
0.276 0.110475 0.0223007
0.278 0.0889902 0.0203916
0.28 0.0533014 0.0180732
0.282 0.0120864 0.0155535
0.284 -0.0245255 0.0129771
0.286 -0.047656 0.01041
0.288 -0.0520826 0.00785482
0.29 -0.0376257 0.00529099
0.292 -0.00908919 0.0027226
0.294 0.0251998 0.000214319
0.296 0.0557725 -0.00210086
0.298 0.0745997 -0.00404629
0.3 0.0771542 -0.00545073
0.302 0.0634365 -0.00620472
0.304 0.0377601 -0.00630432
0.306 0.00742483 -0.00586611
0.308 -0.0193191 -0.00510666
0.31 -0.0354625 -0.00429106
0.312 -0.0370039 -0.00366615
0.314 -0.0238361 -0.00339863
0.316 0.000448813 -0.0035367
0.318 0.0297217 -0.00400618
0.32 0.0570537 -0.00464203
0.322 0.076488 -0.00524646
0.324 0.0843497 -0.00565728
0.326 0.0797988 -0.00580612
0.328 0.064597 -0.00574748
0.33 0.0422974 -0.00564749
0.332 0.0171895 -0.0057345
0.334 -0.00667528 -0.00622727
0.336 -0.0261643 -0.00726368
0.338 -0.0393756 -0.00885192
0.34 -0.0456224 -0.0108572
0.342 -0.04519 -0.0130263
0.344 -0.0389893 -0.0150419
0.346 -0.0282315 -0.0165912
0.348 -0.0142301 -0.0174335
0.35 0.00162917 -0.017447
0.352 0.017809 -0.016648
0.354 0.0325773 -0.015174
0.356 0.044139 -0.0132413
0.358 0.0509689 -0.0110863
0.36 0.0522286 -0.00891189
0.362 0.0480821 -0.00685296
0.364 0.0397609 -0.00496872
0.366 0.0293333 -0.00325986
0.368 0.0192346 -0.00169996
0.37 0.011685 -0.000268465
0.372 0.00815077 0.00102584
0.374 0.00898374 0.00213758
0.376 0.0133332 0.00299482
0.378 0.0193641 0.00352239
0.38 0.0247416 0.00367029
0.382 0.0272625 0.00343742
0.384 0.0254569 0.0028824
0.386 0.0189858 0.00211709
0.388 0.00872478 0.00128466
0.39 -0.00348223 0.000529222
0.392 -0.0153225 -3.37102e-05
0.394 -0.0246188 -0.000337484
0.396 -0.029864 -0.000370563
0.398 -0.0305362 -0.000168365
0.4 -0.0271184 0.000205443
0.402 -0.0208483 0.000681347
0.404 -0.013309 0.00120255
0.406 -0.00600543 0.00173426
0.408 -4.70084e-05 0.00226224
0.41 0.00400434 0.00278343
0.412 0.00612416 0.0032936
0.414 0.0066915 0.00377732
0.416 0.00628328 0.00420378
0.418 0.00545788 0.00452953
0.42 0.00459264 0.00470724
0.422 0.00382203 0.00469769
0.424 0.0030837 0.0044812
0.426 0.00223478 0.00406471
0.428 0.00117529 0.00348208
0.43 -7.88936e-05 0.0027874
0.432 -0.0013972 0.0020432
0.434 -0.00259419 0.0013076
0.436 -0.00350713 0.000624352
0.438 -0.00405212 1.81735e-05
0.44 -0.00424011 -0.000504006
0.442 -0.00415628 -0.000947651
0.444 -0.00391743 -0.00132344
0.446 -0.00362453 -0.00164077
0.448 -0.00332669 -0.00190384
0.45 -0.00300997 -0.0021109
0.452 -0.00261642 -0.00225644
0.454 -0.00208547 -0.00233487
0.456 -0.00139876 -0.00234401
0.458 -0.000606604 -0.00228705
0.46 0.000176973 -0.00217235
0.462 0.000809025 -0.00201161
0.464 0.00116736 -0.00181736
0.466 0.00119439 -0.00160092
0.468 0.000917903 -0.00137143
0.47 0.000441787 -0.00113608
0.472 -8.83912e-05 -0.000901265
0.474 -0.000531451 -0.000673813
0.476 -0.000791962 -0.000461752
0.478 -0.000843007 -0.000273987
0.48 -0.000723543 -0.000118956
0.482 -0.000513496 -2.73822e-06
0.484 -0.000298403 7.25995e-05
0.486 -0.000138651 0.000109743
0.488 -5.45918e-05 0.000115648
0.49 -3.07858e-05 0.000100004
0.492 -3.41885e-05 7.31967e-05
0.494 -3.57227e-05 4.44086e-05
0.496 -2.43731e-05 2.03933e-05
0.498 -7.67899e-06 5.09956e-06
0.4 0.0227814 0.430079
0.8 0.0228981 0.430258
1.2 0.023093 0.430554
1.6 0.0233669 0.430962
2 0.0237207 0.431478
2.4 0.0241555 0.432095
2.8 0.0246727 0.432805
3.2 0.0252736 0.433598
3.6 0.0259597 0.434464
4 0.0267325 0.435392
4.4 0.0275932 0.43637
4.8 0.0285429 0.437383
5.2 0.0295825 0.438418
5.6 0.0307126 0.439462
6 0.0319331 0.440498
6.4 0.0332437 0.441513
6.8 0.0346434 0.442491
7.2 0.0361303 0.443418
7.6 0.0377022 0.444279
8 0.0393558 0.445061
8.4 0.0410872 0.445749
8.8 0.0428915 0.446331
9.2 0.0447631 0.446795
9.6 0.0466952 0.44713
10 0.0486806 0.447327
10.4 0.0507109 0.447377
10.8 0.0527771 0.447271
11.2 0.0548694 0.447005
11.6 0.0569773 0.446574
12 0.0590897 0.445974
12.4 0.0611953 0.445203
12.8 0.0632821 0.444261
13.2 0.065338 0.443148
13.6 0.0673509 0.441867
14 0.0693086 0.440421
14.4 0.0711992 0.438815
14.8 0.073011 0.437054
15.2 0.0747332 0.435145
15.6 0.0763551 0.433095
16 0.0778674 0.430913
16.4 0.0792612 0.428608
16.8 0.0805292 0.426188
17.2 0.081665 0.423664
17.6 0.0826636 0.421044
18 0.0835213 0.41834
18.4 0.0842363 0.415561
18.8 0.0848078 0.412715
19.2 0.0852368 0.409813
19.6 0.0855261 0.406862
20 0.0856798 0.40387
20.4 0.0857034 0.400845
20.8 0.0856042 0.397792
21.2 0.0853907 0.394719
21.6 0.0850727 0.391628
22 0.0846609 0.388525
22.4 0.0841674 0.385412
22.8 0.0836049 0.382291
23.2 0.0829866 0.379165
23.6 0.0823263 0.376032
24 0.0816382 0.372895
24.4 0.0809362 0.369751
24.8 0.0802343 0.366601
25.2 0.079546 0.363443
25.6 0.0788843 0.360276
26 0.0782613 0.357098
26.4 0.0776883 0.353908
26.8 0.0771755 0.350705
27.2 0.0767318 0.347489
27.6 0.0763645 0.344258
28 0.0760798 0.341014
28.4 0.0758821 0.337757
28.8 0.0757741 0.334489
29.2 0.075757 0.331214
29.6 0.0758303 0.327933
30 0.0759918 0.324652
30.4 0.0762379 0.321376
30.8 0.0765631 0.31811
31.2 0.076961 0.314862
31.6 0.0774234 0.311638
32 0.0779414 0.308447
32.4 0.0785048 0.305297
32.8 0.0791028 0.302197
33.2 0.0797237 0.299156
33.6 0.0803557 0.296182
34 0.0809864 0.293284
34.4 0.0816036 0.29047
34.8 0.0821952 0.287749
35.2 0.0827493 0.285126
35.6 0.0832547 0.282609
36 0.0837008 0.280203
36.4 0.0840777 0.277911
36.8 0.0843766 0.275736
37.2 0.0845898 0.27368
37.6 0.0847108 0.271743
38 0.0847343 0.269924
38.4 0.0846562 0.268219
38.8 0.084474 0.266624
39.2 0.0841862 0.265134
39.6 0.0837931 0.263743
40 0.0832958 0.262442
40.4 0.082697 0.261222
40.8 0.0820003 0.260074
41.2 0.0812107 0.258987
41.6 0.0803337 0.257951
42 0.0793762 0.256955
42.4 0.0783454 0.255986
42.8 0.0772492 0.255036
43.2 0.0760961 0.254092
43.6 0.0748948 0.253146
44 0.0736542 0.252188
44.4 0.0723833 0.25121
44.8 0.0710908 0.250205
45.2 0.0697855 0.249168
45.6 0.0684758 0.248093
46 0.0671697 0.246979
46.4 0.0658745 0.245823
46.8 0.0645974 0.244625
47.2 0.0633445 0.243388
47.6 0.0621216 0.242112
48 0.0609336 0.240803
48.4 0.0597849 0.239466
48.8 0.0586791 0.238106
49.2 0.057619 0.23673
49.6 0.0566069 0.235346
50 0.0556445 0.233962
50.4 0.0547328 0.232586
50.8 0.0538724 0.231226
51.2 0.0530634 0.229889
51.6 0.0523053 0.228584
52 0.0515974 0.227316
52.4 0.0509387 0.226092
52.8 0.0503279 0.224917
53.2 0.0497636 0.223794
53.6 0.0492441 0.222726
54 0.0487678 0.221714
54.4 0.0483329 0.220759
54.8 0.0479375 0.219858
55.2 0.04758 0.219009
55.6 0.0472586 0.218206
56 0.0469714 0.217445
56.4 0.0467167 0.216719
56.8 0.0464929 0.216019
57.2 0.0462983 0.215337
57.6 0.0461311 0.214662
58 0.0459896 0.213985
58.4 0.0458722 0.213295
58.8 0.0457769 0.212581
59.2 0.045702 0.211831
59.6 0.0456454 0.211035
60 0.0456052 0.210183
60.4 0.0455792 0.209263
60.8 0.0455651 0.208267
61.2 0.0455605 0.207186
61.6 0.045563 0.206011
62 0.04557 0.204737
62.4 0.045579 0.203358
62.8 0.0455873 0.201868
63.2 0.0455925 0.200265
63.6 0.0455919 0.198547
64 0.0455834 0.196711
64.4 0.0455646 0.194759
64.8 0.0455338 0.192691
65.2 0.0454893 0.190509
65.6 0.04543 0.188217
66 0.0453552 0.185817
66.4 0.0452647 0.183315
66.8 0.0451588 0.180716
67.2 0.0450386 0.178025
67.6 0.0449057 0.175248
68 0.0447625 0.172392
68.4 0.0446122 0.169462
68.8 0.0444585 0.166466
69.2 0.0443059 0.16341
69.6 0.0441598 0.1603
70 0.044026 0.157143
70.4 0.0439109 0.153946
70.8 0.0438216 0.150714
71.2 0.0437656 0.147453
71.6 0.0437505 0.144168
72 0.0437844 0.140866
72.4 0.0438755 0.137552
72.8 0.0440317 0.13423
73.2 0.0442611 0.130905
73.6 0.0445711 0.127583
74 0.0449689 0.124266
74.4 0.0454611 0.120961
74.8 0.0460534 0.11767
75.2 0.0467508 0.114399
75.6 0.0475571 0.111151
76 0.0484752 0.10793
76.4 0.0495068 0.104739
76.8 0.050652 0.101584
77.2 0.0519101 0.0984666
77.6 0.0532787 0.095391
78 0.0547542 0.0923604
78.4 0.0563315 0.089378
78.8 0.0580043 0.0864467
79.2 0.059765 0.083569
79.6 0.0616051 0.0807475
80 0.0635147 0.077984
80.4 0.0654831 0.0752804
80.8 0.067499 0.0726379
81.2 0.0695504 0.0700575
81.6 0.0716247 0.0675397
82 0.0737094 0.0650846
82.4 0.0757917 0.062692
82.8 0.0778589 0.0603611
83.2 0.0798989 0.0580909
83.6 0.0818999 0.05588
84 0.0838508 0.0537267
84.4 0.0857414 0.0516289
84.8 0.0875626 0.0495846
85.2 0.0893062 0.0475913
85.6 0.0909654 0.0456467
86 0.0925346 0.0437482
86.4 0.0940096 0.0418936
86.8 0.0953874 0.0400804
87.2 0.0966666 0.0383066
87.6 0.0978471 0.0365704
88 0.0989298 0.0348701
88.4 0.0999171 0.0332045
88.8 0.100812 0.0315729
89.2 0.10162 0.0299749
89.6 0.102344 0.0284105
90 0.102991 0.0268803
90.4 0.103568 0.0253853
90.8 0.104079 0.0239271
91.2 0.104532 0.0225076
91.6 0.104933 0.0211292
92 0.105289 0.0197947
92.4 0.105604 0.0185073
92.8 0.105883 0.0172704
93.2 0.106131 0.0160878
93.6 0.106352 0.0149634
94 0.106547 0.0139013
94.4 0.106719 0.0129055
94.8 0.106867 0.0119803
95.2 0.106991 0.0111297
95.6 0.10709 0.0103577
96 0.107162 0.00966825
96.4 0.107202 0.00906485
96.8 0.107208 0.00855088
97.2 0.107174 0.00812941
97.6 0.107095 0.00780315
98 0.106967 0.00757448
98.4 0.106785 0.00744536
98.8 0.106542 0.00741738
99.2 0.106235 0.00749169
99.6 0.105859 0.00766903
100 0.105411 0.00794973
100.4 0.104887 0.00833366
100.8 0.104287 0.00882029
101.2 0.10361 0.00940867
101.6 0.102856 0.0100974
102 0.102028 0.0108848
102.4 0.101129 0.0117686
102.8 0.100163 0.0127461
103.2 0.0991383 0.0138146
103.6 0.0980607 0.0149704
104 0.0969392 0.01621
104.4 0.0957835 0.017529
104.8 0.094604 0.018923
105.2 0.093412 0.020387
105.6 0.092219 0.0219156
106 0.091037 0.0235031
106.4 0.0898779 0.0251433
106.8 0.0887531 0.0268299
107.2 0.0876737 0.0285559
107.6 0.0866499 0.0303141
108 0.0856909 0.0320971
108.4 0.0848046 0.0338971
108.8 0.0839974 0.0357059
109.2 0.083274 0.0375155
109.6 0.0826373 0.0393172
110 0.0820882 0.0411026
110.4 0.0816258 0.0428632
110.8 0.0812469 0.0445904
111.2 0.0809463 0.0462757
111.6 0.0807171 0.0479109
112 0.0805501 0.049488
112.4 0.0804347 0.0509992
112.8 0.0803585 0.0524374
113.2 0.080308 0.0537957
113.6 0.0802684 0.0550679
114 0.0802242 0.0562486
114.4 0.0801595 0.0573327
114.8 0.0800579 0.0583164
115.2 0.0799035 0.0591962
115.6 0.0796807 0.0599699
116 0.0793747 0.0606358
116.4 0.0789718 0.0611934
116.8 0.0784597 0.0616429
117.2 0.0778279 0.0619855
117.6 0.0770676 0.0622231
118 0.0761722 0.0623586
118.4 0.0751374 0.0623957
118.8 0.0739613 0.0623386
119.2 0.0726445 0.0621923
119.6 0.0711899 0.0619624
120 0.0696031 0.0616548
120.4 0.0678918 0.061276
120.8 0.0660663 0.0608325
121.2 0.0641387 0.0603312
121.6 0.0621232 0.0597791
122 0.0600357 0.059183
122.4 0.0578932 0.0585496
122.8 0.0557141 0.0578856
123.2 0.0535175 0.0571972
123.6 0.0513229 0.0564902
124 0.04915 0.0557701
124.4 0.0470183 0.0550418
124.8 0.0449469 0.0543096
125.2 0.0429539 0.0535774
125.6 0.0410564 0.0528484
126 0.0392703 0.0521251
126.4 0.0376098 0.0514094
126.8 0.0360872 0.0507027
127.2 0.0347133 0.0500057
127.6 0.0334966 0.0493188
128 0.0324435 0.0486415
128.4 0.0315585 0.0479731
128.8 0.0308438 0.0473126
129.2 0.0302998 0.0466584
129.6 0.0299247 0.0460087
130 0.029715 0.0453617
130.4 0.0296655 0.0447152
130.8 0.0297695 0.0440671
131.2 0.030019 0.0434151
131.6 0.0304049 0.0427573
132 0.0309171 0.0420916
132.4 0.0315451 0.0414161
132.8 0.0322776 0.0407293
133.2 0.0331035 0.0400297
133.6 0.0340112 0.0393164
134 0.0349896 0.0385884
134.4 0.0360279 0.0378453
134.8 0.0371156 0.0370871
135.2 0.0382429 0.0363138
135.6 0.0394007 0.035526
136 0.0405806 0.0347246
136.4 0.041775 0.0339107
136.8 0.0429773 0.0330857
137.2 0.0441814 0.0322512
137.6 0.0453823 0.0314092
138 0.0465754 0.0305616
138.4 0.0477571 0.0297106
138.8 0.0489242 0.0288585
139.2 0.050074 0.0280077
139.6 0.0512043 0.0271604
140 0.0523129 0.026319
140.4 0.0533983 0.0254859
140.8 0.0544586 0.024663
141.2 0.0554921 0.0238526
141.6 0.0564973 0.0230564
142 0.0574722 0.0222762
142.4 0.0584146 0.0215133
142.8 0.0593225 0.0207692
143.2 0.0601931 0.0200447
143.6 0.0610238 0.0193407
144 0.0618115 0.0186575
144.4 0.0625529 0.0179955
144.8 0.0632448 0.0173546
145.2 0.0638834 0.0167345
145.6 0.0644654 0.0161347
146 0.0649869 0.0155546
146.4 0.0654446 0.0149931
146.8 0.0658351 0.0144492
147.2 0.0661553 0.0139216
147.6 0.0664024 0.013409
148 0.066574 0.0129099
148.4 0.0666682 0.0124228
148.8 0.0666835 0.0119462
149.2 0.0666191 0.0114785
149.6 0.0664746 0.0110184
150 0.0662505 0.0105644
150.4 0.0659478 0.0101152
150.8 0.0655679 0.0096696
151.2 0.0651131 0.00922669
151.6 0.0645863 0.00878561
152 0.0639907 0.00834573
152.4 0.0633302 0.00790666
152.8 0.0626093 0.0074682
153.2 0.0618325 0.00703039
153.6 0.0610049 0.00659353
154 0.060132 0.00615809
154.4 0.0592192 0.00572481
154.8 0.0582723 0.00529462
155.2 0.057297 0.00486861
155.6 0.0562992 0.00444809
156 0.0552848 0.00403446
156.4 0.0542594 0.00362928
156.8 0.0532288 0.00323417
157.2 0.0521986 0.00285081
157.6 0.0511742 0.00248088
158 0.0501608 0.00212608
158.4 0.0491636 0.00178802
158.8 0.0481875 0.00146827
159.2 0.0472372 0.00116825
159.6 0.0463175 0.000889253
160 0.0454326 0.000632391
160.4 0.0445869 0.000398587
160.8 0.0437844 0.000188547
161.2 0.0430292 2.74705e-06
161.6 0.0423248 -0.000158578
162 0.0416749 -0.000295442
162.4 0.0410828 -0.000408107
162.8 0.0405516 -0.00049708
163.2 0.040084 -0.000563106
163.6 0.0396827 -0.000607153
164 0.0393498 -0.000630401
164.4 0.039087 -0.000634212
164.8 0.0388955 -0.000620116
165.2 0.0387762 -0.000589777
165.6 0.0387292 -0.00054497
166 0.0387542 -0.000487548
166.4 0.0388498 -0.000419413
166.8 0.0390144 -0.000342483
167.2 0.0392454 -0.000258667
167.6 0.0395392 -0.000169829
168 0.0398916 -7.77698e-05
168.4 0.0402978 1.58062e-05
168.8 0.0407517 0.000109307
169.2 0.0412468 0.000201273
169.6 0.0417758 0.000290393
170 0.0423306 0.000375516
170.4 0.0429028 0.000455658
170.8 0.0434831 0.000530006
171.2 0.0440622 0.000597919
171.6 0.0446304 0.000658925
172 0.0451778 0.000712715
172.4 0.0456946 0.000759134
172.8 0.0461713 0.000798169
173.2 0.0465985 0.000829936
173.6 0.0469676 0.000854665
174 0.0472704 0.000872684
174.4 0.0474995 0.000884399
174.8 0.0476486 0.000890285
175.2 0.0477124 0.000890858
175.6 0.0476867 0.000886669
176 0.0475686 0.000878283
176.4 0.0473564 0.000866267
176.8 0.04705 0.000851178
177.2 0.0466503 0.000833551
177.6 0.0461599 0.000813894
178 0.0455826 0.000792677
178.4 0.0449234 0.000770329
178.8 0.0441884 0.000747237
179.2 0.0433848 0.000723741
179.6 0.0425209 0.000700138
180 0.0416054 0.000676682
180.4 0.0406478 0.000653585
180.8 0.0396579 0.000631025
181.2 0.0386458 0.000609147
181.6 0.0376213 0.000588069
182 0.0365943 0.000567885
182.4 0.0355742 0.000548672
182.8 0.0345697 0.000530494
183.2 0.0335888 0.000513405
183.6 0.0326387 0.000497451
184 0.0317253 0.000482676
184.4 0.0308535 0.000469121
184.8 0.0300269 0.000456827
185.2 0.0292478 0.00044583
185.6 0.028517 0.000436169
186 0.0278342 0.000427878
186.4 0.0271976 0.000420986
186.8 0.0266043 0.000415516
187.2 0.0260501 0.000411482
187.6 0.02553 0.000408886
188 0.0250378 0.000407717
188.4 0.0245668 0.000407945
188.8 0.0241098 0.000409525
189.2 0.0236591 0.000412391
189.6 0.0232069 0.000416454
190 0.0227456 0.000421606
190.4 0.0222678 0.000427718
190.8 0.0217665 0.000434638
191.2 0.0212355 0.000442197
191.6 0.0206694 0.000450209
192 0.0200638 0.00045847
192.4 0.0194155 0.000466769
192.8 0.0187225 0.000474881
193.2 0.0179841 0.00048258
193.6 0.017201 0.000489636
194 0.0163755 0.00049582
194.4 0.0155109 0.000500911
194.8 0.0146121 0.000504694
195.2 0.0136852 0.000506964
195.6 0.0127374 0.000507533
196 0.0117771 0.000506227
196.4 0.0108131 0.000502888
196.8 0.00985542 0.000497379
197.2 0.00891407 0.000489582
197.6 0.00799952 0.000479395
198 0.00712221 0.000466741
198.4 0.00629237 0.000451558
198.8 0.00551978 0.000433804
199.2 0.00481358 0.000413456
199.6 0.00418202 0.000390507
200 0.00363233 0.000364966
200.4 0.00317048 0.000336861
200.8 0.0028011 0.000306232
201.2 0.0025273 0.000273138
201.6 0.00235064 0.000237652
202 0.00227103 0.000199865
202.4 0.00228675 0.000159886
202.8 0.00239441 0.000117842
203.2 0.00258908 7.38802e-05
203.6 0.00286429 2.81711e-05
204 0.0032122 -1.90917e-05
204.4 0.00362374 -6.76887e-05
204.8 0.00408877 -0.000117373
205.2 0.00459628 -0.000167871
205.6 0.00513463 -0.000218876
206 0.00569175 -0.000270055
206.4 0.00625541 -0.000321044
206.8 0.00681347 -0.000371451
207.2 0.00735411 -0.000420858
207.6 0.00786611 -0.000468824
208 0.00833905 -0.000514887
208.4 0.00876355 -0.000558572
208.8 0.00913148 -0.000599394
209.2 0.00943612 -0.000636866
209.6 0.00967232 -0.000670508
210 0.00983662 -0.000699852
210.4 0.00992734 -0.000724452
210.8 0.00994463 -0.000743894
211.2 0.00989047 -0.000757806
211.6 0.0097687 -0.000765864
212 0.00958487 -0.000767801
212.4 0.00934627 -0.000763419
212.8 0.00906168 -0.000752592
213.2 0.00874129 -0.000735273
213.6 0.00839651 -0.000711503
214 0.00803973 -0.000681409
214.4 0.00768409 -0.000645207
214.8 0.00734325 -0.000603207
215.2 0.00703115 -0.000555804
215.6 0.00676169 -0.000503481
216 0.00654852 -0.0004468
216.4 0.00640474 -0.000386396
216.8 0.00634267 -0.000322967
217.2 0.0063736 -0.000257267
217.6 0.00650758 -0.000190092
218 0.0067532 -0.000122267
218.4 0.00711744 -5.46315e-05
218.8 0.00760552 1.19698e-05
219.2 0.00822079 7.67066e-05
219.6 0.00896463 0.000138775
220 0.00983645 0.000197411
220.4 0.0108336 0.000251907
220.8 0.0119516 0.000301618
221.2 0.0131839 0.00034598
221.6 0.0145221 0.000384515
222 0.0159564 0.000416839
222.4 0.017475 0.000442671
222.8 0.0190652 0.000461834
223.2 0.0207127 0.000474261
223.6 0.0224027 0.00047999
224 0.0241194 0.000479167
224.4 0.0258465 0.000472039
224.8 0.0275677 0.000458948
225.2 0.0292665 0.000440327
225.6 0.0309268 0.000416685
226 0.032533 0.000388604
226.4 0.0340701 0.000356722
226.8 0.0355243 0.00032172
227.2 0.0368826 0.000284316
227.6 0.0381336 0.000245244
228 0.039267 0.000205247
228.4 0.0402744 0.000165062
228.8 0.0411488 0.000125406
229.2 0.0418851 8.6968e-05
229.6 0.0424798 5.03978e-05
230 0.0429313 1.62953e-05
230.4 0.0432396 -1.47962e-05
230.8 0.0434066 -4.23968e-05
231.2 0.0434356 -6.60954e-05
231.6 0.0433315 -8.55527e-05
232 0.0431008 -0.000100504
232.4 0.042751 -0.000110759
232.8 0.0422911 -0.000116204
233.2 0.0417308 -0.000116794
233.6 0.0410808 -0.000112557
234 0.0403524 -0.000103584
234.4 0.0395573 -9.00301e-05
234.8 0.0387077 -7.21015e-05
235.2 0.0378157 -5.00556e-05
235.6 0.0368935 -2.41922e-05
236 0.0359532 5.15318e-06
236.4 0.0350062 3.76156e-05
236.8 0.0340638 7.28073e-05
237.2 0.0331364 0.000110324
237.6 0.0322337 0.000149753
238 0.0313647 0.000190674
238.4 0.0305372 0.000232669
238.8 0.0297582 0.000275327
239.2 0.0290337 0.000318245
239.6 0.0283683 0.000361034
240 0.0277657 0.000403322
240.4 0.0272286 0.000444757
240.8 0.0267582 0.000485009
241.2 0.0263551 0.000523771
241.6 0.0260183 0.000560763
242 0.0257463 0.000595731
242.4 0.0255364 0.000628448
242.8 0.0253849 0.000658717
243.2 0.0252877 0.000686368
243.6 0.0252395 0.000711263
244 0.0252349 0.000733291
244.4 0.0252675 0.000752374
244.8 0.0253308 0.000768461
245.2 0.025418 0.000781534
245.6 0.0255218 0.000791602
246 0.0256352 0.000798708
246.4 0.0257509 0.00080292
246.8 0.0258619 0.000804337
247.2 0.0259613 0.000803087
247.6 0.0260426 0.000799324
248 0.0260997 0.000793228
248.4 0.0261269 0.000785002
248.8 0.0261192 0.000774874
249.2 0.0260722 0.00076309
249.6 0.0259822 0.000749912
250 0.0258461 0.00073562
250.4 0.0256619 0.000720502
250.8 0.0254282 0.000704853
251.2 0.0251444 0.000688973
251.6 0.0248109 0.00067316
252 0.0244288 0.000657707
252.4 0.0240002 0.000642895
252.8 0.0235279 0.000628994
253.2 0.0230153 0.000616253
253.6 0.0224667 0.000604899
254 0.0218869 0.00059513
254.4 0.0212812 0.000587116
254.8 0.0206556 0.000580992
255.2 0.0200163 0.000576856
255.6 0.0193696 0.000574766
256 0.0187224 0.000574744
256.4 0.0180813 0.000576766
256.8 0.017453 0.000580773
257.2 0.016844 0.000586661
257.6 0.0162607 0.000594291
258 0.0157088 0.000603489
258.4 0.015194 0.000614047
258.8 0.0147212 0.000625731
259.2 0.0142946 0.00063828
259.6 0.013918 0.000651418
260 0.0135943 0.000664856
260.4 0.0133256 0.000678297
260.8 0.0131134 0.000691444
261.2 0.0129581 0.000704007
261.6 0.0128597 0.000715708
262 0.012817 0.000726287
262.4 0.0128285 0.000735508
262.8 0.0128917 0.000743165
263.2 0.0130035 0.000749087
263.6 0.0131604 0.000753141
264 0.0133584 0.000755235
264.4 0.0135931 0.00075532
264.8 0.0138597 0.000753393
265.2 0.0141535 0.000749497
265.6 0.0144696 0.000743717
266 0.0148032 0.000736181
266.4 0.0151495 0.000727059
266.8 0.0155041 0.000716551
267.2 0.0158629 0.000704892
267.6 0.0162222 0.000692339
268 0.0165789 0.000679165
268.4 0.0169302 0.000665657
268.8 0.0172741 0.000652102
269.2 0.0176091 0.000638781
269.6 0.0179344 0.000625964
270 0.0182497 0.000613896
270.4 0.0185553 0.000602795
270.8 0.0188522 0.00059284
271.2 0.0191418 0.000584168
271.6 0.0194257 0.000576864
272 0.0197063 0.000570959
272.4 0.0199859 0.000566426
272.8 0.020267 0.000563175
273.2 0.0205524 0.000561052
273.6 0.0208446 0.000559844
274 0.021146 0.000559272
274.4 0.0214588 0.000559001
274.8 0.0217849 0.000558641
275.2 0.0221255 0.000557755
275.6 0.0224816 0.000555863
276 0.0228534 0.000552453
276.4 0.0232405 0.00054699
276.8 0.0236417 0.000538925
277.2 0.0240553 0.000527708
277.6 0.0244787 0.000512797
278 0.0249086 0.000493673
278.4 0.0253411 0.000469847
278.8 0.0257715 0.000440878
279.2 0.0261948 0.000406377
279.6 0.0266053 0.000366022
280 0.0269968 0.000319568
280.4 0.0273631 0.00026685
280.8 0.0276975 0.000207795
281.2 0.0279934 0.000142426
281.6 0.0282443 7.08633e-05
282 0.0284438 -6.67149e-06
282.4 0.0285858 -8.98557e-05
282.8 0.0286646 -0.000178268
283.2 0.0286752 -0.000271393
283.6 0.0286132 -0.000368625
284 0.0284748 -0.000469278
284.4 0.0282573 -0.000572591
284.8 0.0279587 -0.000677744
285.2 0.027578 -0.000783866
285.6 0.0271153 -0.000890047
286 0.0265715 -0.000995355
286.4 0.0259488 -0.00109885
286.8 0.0252502 -0.0011996
287.2 0.0244795 -0.00129668
287.6 0.0236418 -0.00138921
288 0.0227425 -0.00147637
288.4 0.0217882 -0.00155738
288.8 0.0207858 -0.00163153
289.2 0.019743 -0.00169823
289.6 0.0186677 -0.00175693
290 0.017568 -0.00180722
290.4 0.0164525 -0.00184879
290.8 0.0153295 -0.00188142
291.2 0.0142075 -0.00190501
291.6 0.0130944 -0.00191957
292 0.0119981 -0.00192524
292.4 0.010926 -0.00192222
292.8 0.00988494 -0.00191085
293.2 0.00888109 -0.00189154
293.6 0.00792003 -0.00186479
294 0.00700657 -0.00183116
294.4 0.00614476 -0.00179128
294.8 0.00533784 -0.00174584
295.2 0.00458825 -0.00169554
295.6 0.00389761 -0.00164114
296 0.00326675 -0.00158338
296.4 0.00269576 -0.00152303
296.8 0.002184 -0.00146081
297.2 0.00173017 -0.00139744
297.6 0.00133238 -0.00133362
298 0.000988192 -0.00126999
298.4 0.000694725 -0.00120713
298.8 0.000448714 -0.00114558
299.2 0.000246594 -0.00108582
299.6 8.45846e-05 -0.00102825
300 -4.12347e-05 -0.000973223
300.4 -0.000134849 -0.000921
300.8 -0.000200235 -0.000871789
301.2 -0.000241298 -0.000825726
301.6 -0.000261811 -0.000782888
302 -0.000265361 -0.000743288
302.4 -0.000255311 -0.00070689
302.8 -0.000234761 -0.000673605
303.2 -0.00020652 -0.000643306
303.6 -0.000173092 -0.000615828
304 -0.00013666 -0.000590979
304.4 -9.90906e-05 -0.000568544
304.8 -6.19322e-05 -0.000548294
305.2 -2.64297e-05 -0.000529992
305.6 6.45986e-06 -0.0005134
306 3.60458e-05 -0.000498281
306.4 6.18789e-05 -0.000484409
306.8 8.37234e-05 -0.00047157
307.2 0.000101527 -0.000459566
307.6 0.000115392 -0.000448219
308 0.000125541 -0.000437373
308.4 0.000132293 -0.000426893
308.8 0.000136028 -0.000416668
309.2 0.00013717 -0.000406611
309.6 0.000136153 -0.000396656
310 0.00013341 -0.000386758
310.4 0.00012935 -0.000376891
310.8 0.000124347 -0.000367047
311.2 0.00011873 -0.000357233
311.6 0.000112774 -0.000347465
312 0.000106697 -0.000337772
312.4 0.00010066 -0.000328188
312.8 9.47698e-05 -0.000318752
313.2 8.90795e-05 -0.000309503
313.6 8.35976e-05 -0.000300482
314 7.82941e-05 -0.000291726
314.4 7.31085e-05 -0.000283268
314.8 6.79584e-05 -0.000275137
315.2 6.27488e-05 -0.000267355
315.6 5.73799e-05 -0.000259937
316 5.17555e-05 -0.000252891
316.4 4.57898e-05 -0.000246218
316.8 3.9413e-05 -0.000239912
317.2 3.25766e-05 -0.000233961
317.6 2.5256e-05 -0.000228347
318 1.74526e-05 -0.000223048
318.4 9.19472e-06 -0.000218039
318.8 5.36126e-07 -0.00021329
319.2 -8.44549e-06 -0.000208771
319.6 -1.76517e-05 -0.000204454
320 -2.6967e-05 -0.000200306
320.4 -3.62635e-05 -0.000196301
320.8 -4.54058e-05 -0.000192412
321.2 -5.42558e-05 -0.000188615
321.6 -6.2678e-05 -0.000184891
322 -7.05443e-05 -0.000181223
322.4 -7.77382e-05 -0.000177598
322.8 -8.4159e-05 -0.000174007
323.2 -8.97245e-05 -0.000170445
323.6 -9.43734e-05 -0.00016691
324 -9.80672e-05 -0.000163403
324.4 -0.00010079 -0.000159927
324.8 -0.00010255 -0.000156487
325.2 -0.000103376 -0.00015309
325.6 -0.000103317 -0.000149743
326 -0.000102439 -0.000146453
326.4 -0.000100824 -0.000143229
326.8 -9.85643e-05 -0.000140077
327.2 -9.57598e-05 -0.000137001
327.6 -9.25143e-05 -0.000134006
328 -8.8932e-05 -0.000131093
328.4 -8.51136e-05 -0.000128264
328.8 -8.11533e-05 -0.000125516
329.2 -7.71363e-05 -0.000122847
329.6 -7.3136e-05 -0.00012025
330 -6.92126e-05 -0.00011772
330.4 -6.54118e-05 -0.00011525
330.8 -6.17646e-05 -0.000112829
331.2 -5.82869e-05 -0.00011045
331.6 -5.49805e-05 -0.000108103
332 -5.18343e-05 -0.00010578
332.4 -4.88257e-05 -0.000103472
332.8 -4.59229e-05 -0.000101172
333.2 -4.30869e-05 -9.8874e-05
333.6 -4.02743e-05 -9.6574e-05
334 -3.74396e-05 -9.42691e-05
334.4 -3.4538e-05 -9.19585e-05
334.8 -3.15273e-05 -8.96432e-05
335.2 -2.83705e-05 -8.73262e-05
335.6 -2.50378e-05 -8.50123e-05
336 -2.15076e-05 -8.27081e-05
336.4 -1.77681e-05 -8.04215e-05
336.8 -1.38179e-05 -7.81618e-05
337.2 -9.66595e-06 -7.59395e-05
337.6 -5.33186e-06 -7.37654e-05
338 -8.44937e-07 -7.16512e-05
338.4 3.75669e-06 -6.96083e-05
338.8 8.42737e-06 -6.76482e-05
339.2 1.31156e-05 -6.57818e-05
339.6 1.77656e-05 -6.4019e-05
340 2.23196e-05 -6.23691e-05
340.4 2.67195e-05 -6.08399e-05
340.8 3.09088e-05 -5.94377e-05
341.2 3.48347e-05 -5.81676e-05
341.6 3.84496e-05 -5.70328e-05
342 4.17123e-05 -5.60349e-05
342.4 4.45898e-05 -5.51741e-05
342.8 4.70577e-05 -5.44486e-05
343.2 4.91007e-05 -5.38554e-05
343.6 5.07131e-05 -5.33898e-05
344 5.18985e-05 -5.3046e-05
344.4 5.26695e-05 -5.28168e-05
344.8 5.30465e-05 -5.26943e-05
345.2 5.30574e-05 -5.26694e-05
345.6 5.27358e-05 -5.27327e-05
346 5.212e-05 -5.28739e-05
346.4 5.12513e-05 -5.30827e-05
346.8 5.01728e-05 -5.33484e-05
347.2 4.89276e-05 -5.36602e-05
347.6 4.75578e-05 -5.40075e-05
348 4.61028e-05 -5.43796e-05
348.4 4.45985e-05 -5.47664e-05
348.8 4.30764e-05 -5.51578e-05
349.2 4.15626e-05 -5.55442e-05
349.6 4.00779e-05 -5.59165e-05
350 3.86373e-05 -5.62658e-05
350.4 3.72503e-05 -5.6584e-05
350.8 3.59209e-05 -5.68634e-05
351.2 3.46484e-05 -5.70966e-05
351.6 3.34281e-05 -5.72772e-05
352 3.22522e-05 -5.7399e-05
352.4 3.11105e-05 -5.74565e-05
352.8 2.99916e-05 -5.74447e-05
353.2 2.88841e-05 -5.73595e-05
353.6 2.77772e-05 -5.7197e-05
354 2.66619e-05 -5.69543e-05
354.4 2.55315e-05 -5.6629e-05
354.8 2.43826e-05 -5.62194e-05
355.2 2.32153e-05 -5.57246e-05
355.6 2.20335e-05 -5.51442e-05
356 2.0845e-05 -5.44786e-05
356.4 1.96614e-05 -5.37291e-05
356.8 1.84975e-05 -5.28975e-05
357.2 1.7371e-05 -5.19863e-05
357.6 1.63019e-05 -5.09986e-05
358 1.53112e-05 -4.99384e-05
358.4 1.44205e-05 -4.881e-05
358.8 1.36509e-05 -4.76184e-05
359.2 1.30217e-05 -4.63688e-05
359.6 1.25496e-05 -4.50672e-05
360 1.22481e-05 -4.37195e-05
360.4 1.21263e-05 -4.2332e-05
360.8 1.21882e-05 -4.09113e-05
361.2 1.24325e-05 -3.94638e-05
361.6 1.28521e-05 -3.79962e-05
362 1.34341e-05 -3.65148e-05
362.4 1.41598e-05 -3.50259e-05
362.8 1.50049e-05 -3.35356e-05
363.2 1.59402e-05 -3.20498e-05
363.6 1.69322e-05 -3.05738e-05
364 1.79441e-05 -2.91129e-05
364.4 1.89363e-05 -2.76717e-05
364.8 1.98684e-05 -2.62548e-05
365.2 2.06992e-05 -2.4866e-05
365.6 2.1389e-05 -2.3509e-05
366 2.19001e-05 -2.2187e-05
366.4 2.21978e-05 -2.09028e-05
366.8 2.22521e-05 -1.96589e-05
367.2 2.20381e-05 -1.84576e-05
367.6 2.15368e-05 -1.73007e-05
368 2.07357e-05 -1.619e-05
368.4 1.96294e-05 -1.51267e-05
368.8 1.82195e-05 -1.41121e-05
369.2 1.65146e-05 -1.31472e-05
369.6 1.45304e-05 -1.22327e-05
370 1.22886e-05 -1.13694e-05
370.4 9.81708e-06 -1.05575e-05
370.8 7.14845e-06 -9.79748e-06
371.2 4.31956e-06 -9.08934e-06
371.6 1.37033e-06 -8.433e-06
372 -1.65729e-06 -7.82819e-06
372.4 -4.72044e-06 -7.2744e-06
372.8 -7.7764e-06 -6.77093e-06
373.2 -1.07837e-05 -6.31684e-06
373.6 -1.37031e-05 -5.91099e-06
374 -1.64986e-05 -5.55199e-06
374.4 -1.91378e-05 -5.23821e-06
374.8 -2.15932e-05 -4.96782e-06
375.2 -2.38419e-05 -4.7388e-06
375.6 -2.58667e-05 -4.54891e-06
376 -2.76555e-05 -4.39577e-06
376.4 -2.92018e-05 -4.27689e-06
376.8 -3.05042e-05 -4.18966e-06
377.2 -3.15661e-05 -4.13144e-06
377.6 -3.23955e-05 -4.09957e-06
378 -3.3004e-05 -4.09141e-06
378.4 -3.34064e-05 -4.10443e-06
378.8 -3.362e-05 -4.13618e-06
379.2 -3.36638e-05 -4.18436e-06
379.6 -3.35577e-05 -4.24687e-06
380 -3.33221e-05 -4.3218e-06
380.4 -3.29765e-05 -4.40744e-06
380.8 -3.25398e-05 -4.50235e-06
381.2 -3.20293e-05 -4.60529e-06
381.6 -3.14601e-05 -4.71525e-06
382 -3.08454e-05 -4.83142e-06
382.4 -3.01957e-05 -4.95319e-06
382.8 -2.95192e-05 -5.08007e-06
383.2 -2.88217e-05 -5.21172e-06
383.6 -2.81064e-05 -5.34786e-06
384 -2.73749e-05 -5.48826e-06
384.4 -2.66267e-05 -5.63268e-06
384.8 -2.58602e-05 -5.78084e-06
385.2 -2.50727e-05 -5.93238e-06
385.6 -2.42614e-05 -6.08684e-06
386 -2.34231e-05 -6.24361e-06
386.4 -2.25553e-05 -6.40195e-06
386.8 -2.16562e-05 -6.56093e-06
387.2 -2.07253e-05 -6.71948e-06
387.6 -1.97635e-05 -6.87639e-06
388 -1.87736e-05 -7.03029e-06
388.4 -1.77599e-05 -7.17971e-06
388.8 -1.67289e-05 -7.32313e-06
389.2 -1.56888e-05 -7.45896e-06
389.6 -1.46495e-05 -7.58565e-06
390 -1.36223e-05 -7.7017e-06
390.4 -1.26201e-05 -7.80571e-06
390.8 -1.16562e-05 -7.89644e-06
391.2 -1.07448e-05 -7.97285e-06
391.6 -9.89987e-06 -8.03412e-06
392 -9.13534e-06 -8.0797e-06
392.4 -8.46417e-06 -8.10934e-06
392.8 -7.8982e-06 -8.12308e-06
393.2 -7.44766e-06 -8.12128e-06
393.6 -7.12087e-06 -8.10459e-06
394 -6.92389e-06 -8.07394e-06
394.4 -6.86036e-06 -8.03053e-06
394.8 -6.93128e-06 -7.97577e-06
395.2 -7.13491e-06 -7.91124e-06
395.6 -7.46682e-06 -7.83865e-06
396 -7.91986e-06 -7.75977e-06
396.4 -8.48436e-06 -7.67641e-06
396.8 -9.1483e-06 -7.59028e-06
397.2 -9.89753e-06 -7.50304e-06
397.6 -1.07161e-05 -7.41614e-06
398 -1.15867e-05 -7.33087e-06
398.4 -1.24908e-05 -7.24825e-06
398.8 -1.34092e-05 -7.16903e-06
399.2 -1.43223e-05 -7.09366e-06
399.6 -1.52109e-05 -7.02231e-06
400 -1.60558e-05 -6.95481e-06
