-9.03174 -9.01451
-9.03223 -9.01307
-9.03351 -9.0122
-9.03466 -9.01585
-9.03673 -9.01639
-9.03604 -9.01832
-9.03074 -9.01129
-9.03419 -9.01123
-9.02927 -9.00828
-9.06117 -9.04707
-9.03801 -9.01999
-9.03727 -9.01739
-9.0302 -9.00842
-9.0298 -9.00918
-9.03231 -9.01851
-9.05071 -9.03358
-9.02864 -9.01005
-9.06816 -9.05276
-9.03447 -9.01527
-9.03586 -9.01859
-9.03524 -9.01997
-9.03394 -9.01282
-9.03347 -9.01385
-9.03565 -9.01261
-9.03363 -9.01433
-9.05263 -9.03427
-9.03379 -9.01404
-9.0297 -9.01162
-9.03037 -9.00721
-9.02892 -9.01512
-9.06804 -9.05328
-9.03477 -9.01314
-9.0357 -9.01365
-9.03453 -9.01028
-9.03417 -9.01485
-9.03204 -9.01741
-9.03379 -9.00743
-9.03099 -9.01085
-9.0299 -9.01272
-9.03317 -9.01354
-9.0306 -9.01072
-9.02994 -9.00618
-9.03645 -9.01744
-9.03036 -9.01247
-9.02888 -9.01067
-9.0281 -9.00423
-9.03587 -9.01986
-9.03205 -9.01894
-9.03667 -9.02387
-9.03118 -9.01437
-9.0293 -9.00917
-9.03521 -9.01331
-9.03069 -9.01872
-9.03948 -9.02284
-9.03081 -9.0198
-9.03028 -9.00676
-9.03465 -9.00978
-9.06341 -9.04735
-9.02913 -9.00455
-9.03466 -9.01851
-9.033 -9.01356
-9.04679 -9.03112
-9.03368 -9.01428
-9.03173 -9.01706
-9.03573 -9.01132
-9.03403 -9.02006
-9.02511 -9.00561
-9.02694 -9.00822
-9.03321 -9.0176
-9.06627 -9.05187
-9.032 -9.00985
-9.03225 -9.01119
-9.03195 -9.01388
-9.03051 -9.01164
-9.06113 -9.04852
-9.03307 -9.01405
-9.03683 -9.01705
-9.03777 -9.01865
-9.03355 -9.01831
-9.03018 -9.00742
-9.03188 -9.00801
-9.03211 -9.01022
-9.03236 -9.01086
-9.02863 -9.00923
-9.03271 -9.01981
-9.05598 -9.04314
-9.03018 -9.01638
-9.03712 -9.01846
-9.03588 -9.01541
-9.03023 -9.01013
-9.03361 -9.01531
-9.05946 -9.04316
-9.0331 -9.01061
-9.03363 -9.0147
-9.06414 -9.05148
-9.02826 -9.0121
-9.03504 -9.01661
-9.05704 -9.04445
-9.06006 -9.04657
-9.02755 -9.00894
