0.514163 5.18549 -0.0270784 0.0581431 -0.0575403 -0.102252 -0.104014 5.35772 -0.0820773 0.083903 -0.0718059 -0.115232
0.72393 5.29077 -0.0542654 -0.0174717 -0.0417729 -0.0659181 0.107695 5.43893 -0.110823 -0.0522713 -0.0591093 -0.0586582
-0.0398977 4.83031 -0.0913889 -0.0517115 -0.0252981 0.114595 -0.64703 5.09623 -0.130044 -0.0946839 -0.00955808 0.0678041
0.649606 4.70914 -0.0155737 0.0361992 0.0552488 -0.0102918 0.189718 4.90581 -0.0626322 0.0249057 0.0432028 -0.00570281
0.544613 5.06047 -0.018162 -0.0336758 -0.0181071 0.0453619 -0.0671223 5.20269 -0.04753 -0.0443473 -0.0201842 0.0994497
0.928345 5.0103 -0.0183618 -0.0579959 -0.00724633 -0.0726265 0.398621 5.18693 -0.0545219 -0.0556342 0.00413839 -0.041654
0.770976 5.18844 -0.0392321 -0.0496912 -0.012989 0.0611166 0.211304 5.32188 -0.0885354 -0.0642223 -0.00649618 0.0758066
0.217324 5.50505 -0.0358517 -0.0894589 -0.0505231 0.0127474 -0.479956 5.60164 -0.100588 -0.106816 -0.0579745 -0.0424162
0.103363 4.99497 -0.0876748 -0.0494777 -0.0197064 0.129671 -0.476497 5.1987 -0.153649 -0.0643566 -0.0335854 0.120685
0.296924 5.06985 -0.0163184 0.0401291 0.00571211 -0.0392649 -0.420288 5.20604 -0.0598675 0.03823 0.00609034 -0.00395063
0.502933 5.08053 -0.0520062 -0.012746 -0.0795887 0.016414 -0.148173 5.25036 -0.107022 -0.0425566 -0.102992 0.0192391
0.492119 4.66753 -0.0652867 -0.0178743 -0.0338647 0.0608025 -0.0211195 4.85256 -0.0934777 0.00478335 -0.0512297 0.0995392
-0.150421 5.23587 -0.0909516 -0.00549537 -0.0394046 0.0264837 -0.826277 5.37791 -0.151568 -0.0220069 -0.0521464 0.0646144
0.755926 4.98477 -0.0644886 0.0129542 0.00955311 0.0556734 0.223909 5.15464 -0.110713 0.0253021 0.0157419 0.0138802
1.20492 4.93943 -0.00517695 0.0937411 -0.047103 -0.0561424 0.665747 5.12895 -0.0258075 0.112293 -0.0495106 -0.0612837
0.549356 4.95974 -0.0280223 0.0067788 -0.0845514 -0.0388245 -0.0760274 5.17307 -0.0717072 0.0221637 -0.10341 -0.0784355
0.775718 4.86046 -0.0377742 -0.0510433 -0.0883975 -0.0148672 0.218716 5.01639 -0.0875185 -0.052426 -0.111619 -0.0219202
0.452812 5.09832 -0.00505868 -2.14447e-05 0.0208687 -0.0231987 -0.255983 5.23993 -0.0613561 -0.00057908 0.0292106 -0.0104704
-0.151225 5.28703 -0.0826129 -0.0454998 -0.0294521 0.133027 -0.929198 5.57877 -0.158326 -0.0230293 -0.0320841 0.120053
0.786527 5.66072 -0.0129258 0.0153836 0.0382819 -0.0947836 0.062842 5.8367 -0.076608 0.032928 0.0498278 -0.0985221
0.276158 5.03945 -0.0251225 -0.0281057 0.0442994 0.028769 -0.403711 5.26482 -0.070349 -0.0260525 0.0609511 0.0658934
0.498939 5.58255 -0.0394104 0.108634 0.0534162 0.077654 -0.191042 5.72948 -0.0884748 0.144573 0.0484808 0.0448539
0.235359 4.81379 -0.0995544 0.0151739 -0.0570971 -0.099285 -0.359649 5.04552 -0.141001 0.0036654 -0.0694365 -0.118984
-0.297098 5.12432 -0.0951668 0.0467288 -0.0139425 0.115377 -0.899523 5.28339 -0.166486 0.0522277 -0.00433478 0.130999
0.62754 5.65381 -0.0270874 -0.0257335 0.0449953 -0.102788 -0.0874993 5.84156 -0.0783305 -0.0357693 0.0382599 -0.147544
0.453811 5.33522 -0.0340068 -0.0629798 -0.0367071 0.0210727 -0.229782 5.46811 -0.101463 -0.0818683 -0.0345444 0.0107693
0.0640272 5.00809 -0.0730669 0.026201 0.153439 -0.119674 -0.603462 5.1593 -0.133596 0.0581717 0.18956 -0.0996899
0.268219 4.64721 -0.124125 0.051868 0.0481002 -0.0488804 -0.277392 4.95037 -0.164027 0.065861 0.0751932 -0.0961944
0.416081 5.4589 -0.0293324 -0.078874 0.0847078 0.000726104 -0.268651 5.63138 -0.0969976 -0.0991879 0.0999248 -0.0217061
0.763406 4.764 -0.0245437 0.0155653 0.157194 0.101972 0.211309 4.97339 -0.0608627 -0.00709925 0.162288 0.163089
0.511335 4.92427 -0.00553797 0.0138663 -0.0115603 0.0173282 -0.146723 5.09943 -0.0541876 0.00589205 -0.0114374 0.0338039
0.377766 4.83641 -0.0441827 0.0137132 0.0209267 0.0871248 -0.188962 5.06906 -0.0764408 0.0323201 0.00680435 0.142931
0.828867 5.39073 -0.0245822 -0.0758784 0.0367837 -0.0244238 0.228846 5.54462 -0.090525 -0.10174 0.0555011 -0.0247447
0.116938 5.58205 -0.0580771 0.00822343 -0.0410848 -0.000149448 -0.580962 5.78293 -0.132876 0.0109977 -0.0466175 0.000287751
0.104568 4.96645 -0.0812774 -0.0251754 -0.00708134 0.131317 -0.5396 5.21494 -0.135267 -0.0595642 0.0111389 0.136249
0.823795 4.88549 -0.0452065 -0.134289 0.0348038 -0.0920426 0.255897 5.16033 -0.0849473 -0.176175 0.0491597 -0.112733
0.116618 5.51252 -0.0686318 -0.010174 -0.0230785 0.0484178 -0.596164 5.67925 -0.107376 -0.00489618 -0.0431251 -0.0528849
0.582257 5.55328 -0.0244404 0.0846923 0.00790348 0.0338382 -0.133503 5.74702 -0.0824383 0.118741 0.0182434 0.0405002
0.443515 5.29464 -0.0434425 -0.00903518 0.0954364 0.0177973 -0.247064 5.46439 -0.10002 -0.00460612 0.11282 0.00369382
-0.00742258 4.95828 -0.0547702 0.0610938 0.0564016 0.00610409 -0.640076 5.16702 -0.1005 0.048688 0.025185 0.0417304
0.886495 5.25479 -0.0173487 0.0318551 0.0308138 -0.00841611 0.284341 5.35803 -0.0713796 0.0161161 0.0504978 -0.00767749
0.705772 5.23695 -0.0449324 0.00022596 -0.0362398 0.00222964 0.0977862 5.40742 -0.106498 0.0291868 -0.0339664 0.01704
0.677968 5.1509 -0.0318486 -0.0740525 0.0464718 -0.0329498 0.0647492 5.37809 -0.0741757 -0.138042 0.0434066 -0.0170849
0.656015 4.82717 -0.0538382 0.0147613 -0.0252315 -0.0391515 0.128957 5.109 -0.0752823 0.0205273 -0.0306264 -0.0801858
0.129659 5.26582 -0.0519908 0.0239336 -0.0942655 0.0456341 -0.587879 5.54096 -0.110994 0.0151822 -0.110669 0.0477009
-0.187589 5.41763 -0.0820396 -0.0695311 0.0332452 -0.000119326 -0.952535 5.56625 -0.157136 -0.113133 0.0485431 0.0329137
0.762532 4.84324 -0.0226309 0.0925284 -0.0230785 0.0958072 0.182527 5.04377 -0.067625 0.139632 -0.0412492 0.108045
0.833089 5.16071 -0.0368333 -0.053292 0.0322146 -0.0464762 0.190337 5.3996 -0.0713761 -0.0631561 0.0398323 -0.083555
0.524862 4.65852 -0.0323236 0.0352469 0.016741 0.0293403 -0.0480325 4.8683 -0.0621977 0.048011 0.0255591 0.0500918
-0.028555 4.79264 -0.100314 0.017928 -0.0380802 0.00803233 -0.671241 5.07018 -0.1398 0.0166914 -0.0381942 0.0337672
-0.205299 4.80435 -0.0997778 -0.0245899 0.0918052 -0.0931387 -0.80844 5.056 -0.14353 -0.00238052 0.11185 -0.0611244
0.304639 5.70593 -0.0594557 -0.0181711 -0.00681342 -0.122798 -0.423755 5.81407 -0.13648 -0.0255271 -0.0032263 -0.117542
0.521189 4.54484 -0.0298002 0.0349447 -0.0435315 -0.0578178 -0.0393517 4.7858 -0.049334 0.0340796 -0.0440698 -0.0484402
0.134363 4.73744 -0.0601751 -0.0308093 -0.0255701 0.0838131 -0.450308 4.98757 -0.0914123 -0.0422568 -0.0294754 0.0689019
0.907659 4.96075 -0.0019092 0.0596413 -0.0019147 0.0692972 0.281706 5.23897 -0.0305685 0.0761567 -0.00230264 0.0572314
0.0201811 5.42341 -0.0626537 -0.0618786 0.000345577 -0.0341495 -0.697003 5.61198 -0.144324 -0.0447074 -2.44178e-05 -0.0196963
0.0133185 5.61289 -0.0659536 0.0359268 -0.0851127 -0.0448107 -0.70864 5.77074 -0.155807 0.0538538 -0.0986667 -0.0580322
0.654622 5.32792 0.00325116 0.0165182 0.00427473 0.00512846 -0.0819891 5.43741 -0.0415091 0.0129223 0.0145041 0.0425176
0.00816791 5.78909 -0.0710272 -0.0699954 0.0624164 -0.0461386 -0.777013 6.02624 -0.160388 -0.0425818 0.0955873 -0.0312594
0.2136 4.90938 -0.056372 -0.0365599 -0.0037925 -0.0348372 -0.42789 5.21738 -0.0880448 -0.0416268 0.00549378 0.00305727
0.646094 4.79472 -0.0457432 0.00957148 0.0498589 0.017128 0.117105 4.98569 -0.079998 0.029407 0.0711515 -0.0276548
0.395461 4.96961 -0.0649756 0.00516735 -0.0241715 0.0228384 -0.264731 5.21857 -0.115119 0.00203846 -0.0427892 0.0161864
0.446827 5.00793 -0.0857979 -0.000693719 -0.0147123 0.0627863 -0.135574 5.21877 -0.11191 0.00654648 -0.0267431 0.0151607
0.867305 4.81074 -0.0599334 0.0867874 0.0220503 -0.0316775 0.350195 5.02972 -0.0851129 0.114841 0.0143932 -0.0395357
0.345519 5.17586 -0.0136492 -0.00565306 0.088415 -0.0103701 -0.279132 5.2797 -0.0790765 -0.0338268 0.101663 -0.0433495
0.927828 5.1833 -0.0163729 0.0236755 0.020609 0.0551916 0.277174 5.38549 -0.0636285 0.0113526 0.0148252 0.0653891
0.454556 4.99277 0.00633696 0.0317877 -0.00574285 -0.115748 -0.160587 5.19246 -0.00996939 0.0317429 -0.0132439 -0.182399
0.616118 4.74506 -0.0860064 -0.0214725 -0.0873343 -0.0785725 0.119673 5.00967 -0.131466 0.0158145 -0.114124 -0.0816879
0.630407 5.47407 -0.0328764 -0.0412708 -0.127294 -0.0271879 -0.120848 5.69031 -0.0862762 -0.00904089 -0.167221 -0.0486989
0.566913 5.21221 0.000384434 0.0127977 0.02141 -0.0181337 -0.177661 5.35282 -0.0378633 0.0108442 0.0220147 0.0262421
0.00467213 5.43984 -0.0908573 -0.0504292 -0.102114 -0.00892063 -0.705427 5.60513 -0.146783 -0.0325912 -0.145629 -0.0540885
0.109118 5.39444 -0.0843582 -0.0934709 -0.017242 -0.0224045 -0.583763 5.60468 -0.125637 -0.137188 -0.0081008 0.047858
0.944119 5.27754 -0.0154075 0.0355614 -0.0646707 0.0526349 0.352408 5.41214 -0.0631104 0.0226439 -0.0533501 0.0384062
0.0740429 4.41033 -0.12779 0.0187683 0.0246735 -0.102177 -0.429469 4.63915 -0.153614 0.01349 0.0032463 -0.130767
0.831218 4.79781 -0.0126872 -0.0262802 0.0370729 0.000342674 0.212477 5.00413 -0.0333294 -0.0473239 0.0395483 0.0404358
0.272373 4.94162 -0.0748634 0.0127723 0.0547617 0.0218336 -0.332864 5.23061 -0.119592 0.0124716 0.058173 0.01238
0.386585 5.41237 -0.0535379 0.105554 -0.0220543 -0.0342774 -0.318714 5.57267 -0.126524 0.122346 -0.0145484 -0.0123369
0.247209 5.27526 -0.0515427 -0.110982 -0.00513891 -0.018424 -0.424585 5.41942 -0.110574 -0.118652 -0.00873945 -0.0640543
0.763236 4.63543 -0.0806697 -0.000251867 -0.0691949 0.0557029 0.236993 4.87337 -0.091803 0.00116216 -0.0792485 0.043444
0.473362 5.21748 -0.0202277 0.0588351 0.0639897 -0.15143 -0.14816 5.3791 -0.0856583 0.112539 0.0852902 -0.124848
0.833178 5.7981 -0.0404234 0.0200758 0.0680708 -0.03076 0.131876 5.88491 -0.109551 0.0379086 0.0729036 -0.0529234
0.638505 5.76609 -0.0368737 0.0300525 -0.0569075 -0.0152417 -0.0362383 5.91211 -0.112161 0.0724081 -0.0624316 0.00932927
0.00190169 5.27299 -0.0610452 -0.0482917 -0.0833884 -0.0292034 -0.696987 5.46592 -0.130243 -0.0776034 -0.107603 -0.00105607
0.392897 4.72441 -0.101598 -0.0147161 0.0136722 0.054112 -0.134522 4.98174 -0.136689 -0.00210919 -0.0215049 0.0698327
0.45065 4.56428 -0.0666019 0.0544028 0.0406982 -0.0341207 -0.0984044 4.87138 -0.0804837 0.0223515 0.0682525 -0.0667247
0.335057 4.98959 -0.0245289 0.00495789 0.00198559 0.0669326 -0.36303 5.20492 -0.0602458 0.0054199 0.00139265 0.1002
0.321484 4.48023 -0.0912605 -0.0238923 0.0259629 -0.0863274 -0.196872 4.70819 -0.0989416 -0.0475976 0.0513223 -0.120429
0.515307 4.80688 -0.0315523 -0.046035 -0.0270331 -0.0171087 -0.0228624 5.0318 -0.0697047 -0.0661873 -0.0408206 -0.0329899
0.232039 5.05582 -0.0465037 0.0574103 -0.0790956 -0.00686562 -0.417329 5.16304 -0.0615951 0.0764865 -0.0783915 0.0825916
0.340882 5.20791 -0.071278 -0.0536506 -0.0341515 0.0903336 -0.313848 5.40494 -0.129772 -0.062348 -0.0225452 0.101698
0.593296 5.51978 -0.0362547 -0.00230552 -0.0248703 0.0247287 -0.160682 5.67757 -0.0965722 -0.02549 -0.039474 0.00122889
0.192626 4.95822 -0.0528796 0.0285857 0.0204238 0.0094151 -0.495469 5.14564 -0.111926 0.0389162 0.02658 0.0133523
-0.124024 5.48367 -0.0682397 0.009677 0.0282014 0.00543001 -0.867288 5.63189 -0.143905 0.01207 0.0376947 0.02081
0.589627 5.39253 -0.0171437 -0.0178694 0.0139473 0.0877585 -0.112539 5.56548 -0.0711121 -0.0619775 0.0227969 0.0628515
0.767712 4.98001 0.0110212 -0.00431314 -0.0205338 0.0304175 0.106644 5.15284 -0.0201625 -0.0242178 -0.0247322 0.0611713
0.636146 5.07516 -0.0755184 0.0249486 0.0343878 0.0302661 -0.018234 5.26709 -0.110522 0.00277036 0.0248345 0.0551475
0.264548 4.60965 -0.0538886 0.0416953 -0.0333374 0.054355 -0.229763 4.89868 -0.090721 0.0774803 -0.0364624 0.0796644
0.730281 4.72066 -0.0196468 0.00255588 0.00918075 0.00463737 0.152208 4.91287 -0.0506991 0.0102355 0.00990708 0.0276653
0.30016 4.72123 -0.021844 -0.0285472 0.0197617 0.0544899 -0.355787 4.97045 -0.0461226 -0.0426174 0.0203566 0.0941572
0.578292 5.41143 -0.0376614 0.0132418 0.0130687 0.017841 -0.096415 5.6528 -0.0742645 -0.0242801 0.0165917 -0.0294364
