0.2655 2.67765 -0.0139826 0.0300236 -0.0297123 -0.0528005 -0.0537102 2.76659 -0.0423826 0.0433253 -0.0370787 -0.0595028
0.373819 2.73202 -0.0280212 -0.00902193 -0.0215704 -0.0340384 0.0556109 2.80852 -0.057226 -0.0269915 -0.0305225 -0.0302896
-0.0206021 2.49425 -0.0471909 -0.0267025 -0.0130633 0.059174 -0.334109 2.63156 -0.0671511 -0.0488923 -0.00493554 0.0350123
0.33544 2.43168 -0.00804185 0.0186923 0.0285291 -0.0053144 0.0979655 2.53323 -0.0323416 0.0128607 0.0223088 -0.00294478
0.281224 2.6131 -0.00937839 -0.0173893 -0.00935006 0.0234237 -0.0346602 2.68653 -0.0245433 -0.0228998 -0.0104226 0.0513533
0.479373 2.58719 -0.00948156 -0.0299476 -0.00374182 -0.0375024 0.205837 2.6784 -0.0281537 -0.028728 0.00213696 -0.021509
0.398112 2.67917 -0.0202584 -0.0256593 -0.00670718 0.0315591 0.109112 2.74808 -0.0457174 -0.0331627 -0.00335446 0.0391446
0.11222 2.84267 -0.0185129 -0.0461943 -0.0260888 0.00658242 -0.247837 2.89254 -0.051941 -0.055157 -0.0299365 -0.0219026
0.0533741 2.57927 -0.045273 -0.025549 -0.0101759 0.0669587 -0.24605 2.68447 -0.0793405 -0.0332321 -0.0173426 0.0623185
0.153324 2.61794 -0.0084264 0.0207216 0.00294958 -0.0202754 -0.217026 2.68826 -0.030914 0.019741 0.00314489 -0.00204
0.259702 2.62345 -0.0268547 -0.0065817 -0.0410975 0.00847577 -0.0765129 2.71115 -0.0552636 -0.0219751 -0.0531822 0.00993457
0.254118 2.41019 -0.0337124 -0.00922981 -0.0174868 0.0313968 -0.0109055 2.50573 -0.0482695 0.00247 -0.0264537 0.0513995
-0.0776737 2.70367 -0.046965 -0.00283767 -0.0203475 0.0136755 -0.426668 2.77701 -0.0782658 -0.0113638 -0.0269271 0.0333652
0.390341 2.57401 -0.0333002 0.00668919 0.00493298 0.0287483 0.115621 2.66172 -0.0571696 0.0130653 0.0081287 0.00716739
0.622189 2.55059 -0.00267324 0.0484055 -0.0243228 -0.0289905 0.343774 2.64846 -0.0133263 0.0579852 -0.025566 -0.0316453
0.283673 2.56108 -0.01447 0.0035004 -0.0436602 -0.0200479 -0.0392586 2.67124 -0.0370277 0.0114448 -0.0533985 -0.0405021
0.40056 2.50981 -0.0195056 -0.0263575 -0.0456462 -0.00767706 0.112939 2.59033 -0.0451923 -0.0270714 -0.057637 -0.011319
0.23382 2.63264 -0.00261217 -1.10735e-05 0.010776 -0.0119792 -0.132183 2.70577 -0.0316827 -0.000299022 0.0150836 -0.00540663
-0.0780889 2.73008 -0.0426592 -0.0234949 -0.0152083 0.0686918 -0.479814 2.88073 -0.0817555 -0.0118917 -0.0165674 0.0619924
0.406142 2.92305 -0.00667453 0.0079437 0.0197678 -0.0489438 0.03245 3.01392 -0.0395584 0.0170032 0.0257298 -0.0508742
0.142601 2.60224 -0.0129726 -0.0145131 0.022875 0.0148556 -0.208466 2.71862 -0.0363264 -0.0134528 0.0314736 0.0340257
0.257639 2.88268 -0.0203505 0.0560958 0.0275828 0.0400985 -0.0986491 2.95856 -0.0456861 0.0746536 0.0250342 0.0231614
0.121533 2.48572 -0.0514073 0.00783538 -0.0294834 -0.0512682 -0.185713 2.60537 -0.0728092 0.00189272 -0.0358552 -0.0614402
-0.153413 2.64607 -0.0491416 0.0241296 -0.00719955 0.0595776 -0.464491 2.7282 -0.0859691 0.026969 -0.00223837 0.0676445
0.324045 2.91948 -0.0139872 -0.0132881 0.0232344 -0.0530772 -0.0451824 3.01643 -0.0404478 -0.0184703 0.0197564 -0.0761879
0.234336 2.75497 -0.0175602 -0.0325212 -0.0189546 0.0108814 -0.118654 2.82359 -0.0523926 -0.0422747 -0.0178378 0.00556098
0.033062 2.58605 -0.0377298 0.0135295 0.0792319 -0.0617966 -0.311612 2.66413 -0.0689853 0.0300384 0.0978838 -0.0514773
0.138501 2.3997 -0.0640947 0.0267833 0.0248377 -0.0252405 -0.143238 2.55624 -0.084699 0.0340089 0.0388278 -0.0496723
0.214853 2.81883 -0.0151465 -0.0407285 0.0437409 0.000374941 -0.138725 2.9079 -0.0500871 -0.051218 0.0515986 -0.0112085
0.394203 2.46 -0.0126738 0.0080375 0.0811711 0.0526556 0.109114 2.56813 -0.0314279 -0.00366587 0.0838015 0.084215
0.26404 2.54276 -0.00285966 0.00716021 -0.00596942 0.00894784 -0.0757641 2.63321 -0.0279811 0.0030425 -0.00590598 0.0174554
0.195069 2.4974 -0.0228148 0.00708114 0.010806 0.044989 -0.0975752 2.61753 -0.0394721 0.0166892 0.00351359 0.0738061
0.428006 2.78363 -0.0126936 -0.0391817 0.0189941 -0.0126118 0.11817 2.8631 -0.0467448 -0.0525358 0.0286593 -0.0127775
0.0603836 2.88242 -0.0299895 0.00424636 -0.0212151 -7.71712e-05 -0.299994 2.98616 -0.0686135 0.00567891 -0.0240721 0.000148587
0.0539964 2.56455 -0.0419696 -0.0129999 -0.00365662 0.0678087 -0.278635 2.69286 -0.0698485 -0.0307574 0.00575185 0.0703555
0.425386 2.52274 -0.0233435 -0.0693434 0.0179718 -0.0475284 0.132138 2.66466 -0.0438646 -0.0909722 0.0253848 -0.0582123
0.0602187 2.84652 -0.0354397 -0.00525358 -0.0119171 0.0250017 -0.307844 2.93262 -0.0554463 -0.00252826 -0.0222687 -0.0273084
0.300662 2.86757 -0.0126204 0.0437329 0.00408115 0.0174732 -0.0689375 2.96761 -0.042569 0.0613149 0.00942043 0.0209133
0.229019 2.73401 -0.0224326 -0.00466553 0.0492809 0.00919007 -0.127578 2.82167 -0.0516475 -0.00237848 0.0582573 0.00190739
-0.00383283 2.56033 -0.0282819 0.0315472 0.0291243 0.003152 -0.330519 2.66811 -0.0518955 0.0251412 0.0130049 0.0215485
0.457763 2.71343 -0.00895842 0.0164492 0.0159115 -0.00434586 0.146826 2.76675 -0.0368586 0.00832196 0.0260758 -0.00396446
0.364442 2.70423 -0.0232019 0.00011668 -0.0187133 0.00115133 0.0504942 2.79225 -0.0549927 0.0150713 -0.0175393 0.00879902
0.350085 2.65979 -0.0164458 -0.0382388 0.0239968 -0.0170144 0.0334348 2.77711 -0.0383024 -0.0712811 0.022414 -0.00882217
0.338749 2.49262 -0.0278007 0.00762237 -0.0130289 -0.0202168 0.0665899 2.63816 -0.0388738 0.0105998 -0.0158147 -0.0414059
0.0669528 2.71913 -0.0268467 0.0123587 -0.0486763 0.0235643 -0.303565 2.86121 -0.0573146 0.00783967 -0.0571469 0.0246315
-0.0968661 2.79753 -0.0423631 -0.0359041 0.017167 -6.16169e-05 -0.491864 2.87427 -0.0811412 -0.0584188 0.0250664 0.0169958
0.393752 2.50092 -0.011686 0.0477792 -0.0119172 0.0494723 0.0942521 2.60447 -0.0349198 0.0721022 -0.0213 0.0557914
0.430186 2.66486 -0.0190198 -0.0275186 0.0166348 -0.0239991 0.0982852 2.78821 -0.0368567 -0.0326122 0.0205684 -0.0431457
0.271025 2.40554 -0.0166911 0.0182006 0.0086446 0.0151506 -0.0248027 2.51387 -0.0321173 0.0247916 0.013198 0.0258661
-0.0147451 2.47479 -0.0517996 0.00925753 -0.0196636 0.00414769 -0.346611 2.61811 -0.072189 0.00861902 -0.0197225 0.0174365
-0.106011 2.48084 -0.0515227 -0.0126976 0.0474058 -0.0480944 -0.417457 2.61079 -0.074115 -0.00122924 0.0577566 -0.031563
0.157308 2.94639 -0.0307014 -0.00938308 -0.00351827 -0.0634099 -0.218816 3.00223 -0.0704746 -0.0131815 -0.00166598 -0.0606955
0.269129 2.34684 -0.015388 0.0180445 -0.0224785 -0.0298556 -0.0203202 2.47126 -0.0254748 0.0175978 -0.0227565 -0.0250133
0.0693816 2.44629 -0.0310729 -0.0159091 -0.0132038 0.0432789 -0.232527 2.57545 -0.0472029 -0.0218203 -0.0152203 0.0355791
0.468692 2.5616 -0.000985859 0.0307972 -0.000988699 0.0357833 0.145465 2.70527 -0.0157848 0.0393253 -0.00118902 0.0295528
0.010421 2.80051 -0.0323527 -0.0319525 0.000178447 -0.0176339 -0.359914 2.89788 -0.0745252 -0.0230858 -1.26087e-05 -0.0101707
0.00687735 2.89835 -0.0340567 0.0185517 -0.04395 -0.0231391 -0.365923 2.97986 -0.0804549 0.0278087 -0.0509489 -0.0299663
0.33803 2.7512 0.00167881 0.00852959 0.00220736 0.0026482 -0.0423371 2.80774 -0.0214342 0.00667272 0.00748957 0.021955
0.0042177 2.98934 -0.0366766 -0.0361438 0.0322302 -0.0238248 -0.40123 3.11179 -0.08282 -0.0219882 0.0493588 -0.0161415
0.110298 2.53508 -0.029109 -0.0188786 -0.00195835 -0.017989 -0.220951 2.69412 -0.045464 -0.021495 0.00283685 0.0015787
0.333626 2.47587 -0.0236206 0.00494246 0.0257458 0.00884445 0.0604702 2.57448 -0.0413089 0.015185 0.0367408 -0.0142802
0.204206 2.56618 -0.0335517 0.00266829 -0.0124815 0.0117932 -0.1367 2.69473 -0.0594442 0.00105261 -0.0220952 0.00835826
0.23073 2.58596 -0.0443038 -0.000358219 -0.00759706 0.0324212 -0.0700071 2.69484 -0.0577876 0.00338043 -0.0138095 0.00782859
0.447854 2.48414 -0.030948 0.0448148 0.0113862 -0.0163574 0.180832 2.59721 -0.0439501 0.0593008 0.00743228 -0.0204152
0.178417 2.67268 -0.00704807 -0.00291909 0.0456552 -0.00535485 -0.144136 2.7263 -0.040833 -0.0174673 0.0524963 -0.0223846
0.479107 2.67652 -0.00845453 0.0122254 0.0106419 0.0284995 0.143126 2.78093 -0.0328561 0.00586217 0.00765533 0.0337652
0.234721 2.57813 0.00327224 0.0164143 -0.00296546 -0.0597692 -0.0829227 2.68125 -0.00514793 0.0163912 -0.0068388 -0.094186
0.318147 2.45022 -0.0444115 -0.0110878 -0.0450972 -0.0405728 0.0617962 2.58686 -0.0678857 0.0081662 -0.0589307 -0.0421815
0.325526 2.82667 -0.0169765 -0.0213112 -0.0657311 -0.0140391 -0.0624029 2.93833 -0.0445508 -0.00466848 -0.0863484 -0.0251468
0.292739 2.69145 0.000198512 0.0066084 0.0110555 -0.00936378 -0.0917397 2.76406 -0.0195516 0.00559967 0.0113678 0.0135508
0.00241257 2.80899 -0.0469163 -0.0260403 -0.0527289 -0.00460638 -0.364264 2.89434 -0.0757949 -0.0168292 -0.075199 -0.0279299
0.0563458 2.78555 -0.0435604 -0.048266 -0.00890332 -0.0115691 -0.30144 2.89411 -0.0648757 -0.0708401 -0.00418304 0.0247126
0.487519 2.72518 -0.00795603 0.018363 -0.0333942 0.0271793 0.181974 2.79469 -0.0325886 0.0116927 -0.0275486 0.019832
0.0382339 2.27738 -0.0659872 0.00969148 0.0127407 -0.0527615 -0.221767 2.39554 -0.0793225 0.00696587 0.0016763 -0.0675245
0.429219 2.47746 -0.00655133 -0.0135704 0.0191435 0.000176948 0.109718 2.584 -0.0172104 -0.0244368 0.0204217 0.02088
0.140647 2.55173 -0.0386575 0.00659529 0.0282775 0.0112743 -0.171883 2.70095 -0.0617542 0.00644 0.030039 0.00639272
0.199623 2.79481 -0.0276456 0.0545052 -0.0113883 -0.0177 -0.164576 2.87758 -0.0653336 0.0631761 -0.00751239 -0.00637044
0.127652 2.72401 -0.0266153 -0.0573085 -0.0026536 -0.00951368 -0.219244 2.79845 -0.0570977 -0.0612687 -0.00451283 -0.033076
0.394115 2.39361 -0.0416557 -0.000130057 -0.0357304 0.0287635 0.122377 2.51648 -0.0474047 0.000600109 -0.0409218 0.0224334
0.244432 2.69417 -0.0104451 0.0303809 0.0330426 -0.0781943 -0.076506 2.77763 -0.0442317 0.0581123 0.0440416 -0.064468
0.430231 2.99399 -0.0208736 0.0103666 0.03515 -0.0158837 0.0680972 3.03882 -0.0565692 0.019575 0.0376455 -0.0273283
0.329707 2.97746 -0.0190406 0.0155183 -0.0293855 -0.00787041 -0.0187125 3.05286 -0.0579168 0.0373897 -0.032238 0.00481739
0.000981984 2.72283 -0.0315222 -0.0249366 -0.0430596 -0.0150799 -0.359906 2.82246 -0.067254 -0.0400724 -0.0555634 -0.000545326
0.202882 2.43956 -0.0524625 -0.00759899 0.00705996 0.027942 -0.0694635 2.57244 -0.0705826 -0.00108913 -0.0111046 0.0360598
0.232704 2.35688 -0.0343915 0.0280922 0.0210155 -0.0176191 -0.0508135 2.51545 -0.0415597 0.0115417 0.0352438 -0.0344549
0.173015 2.5765 -0.0126661 0.00256013 0.00102531 0.0345622 -0.187459 2.68769 -0.0311093 0.0027987 0.00071913 0.0517404
0.166006 2.31348 -0.0471246 -0.0123374 0.0134066 -0.0445773 -0.10166 2.43119 -0.0510909 -0.0245782 0.0265015 -0.0621862
0.266091 2.48215 -0.0162928 -0.0237713 -0.0139592 -0.00883448 -0.0118055 2.59829 -0.0359937 -0.0341774 -0.0210787 -0.0170351
0.119819 2.61069 -0.0240133 0.0296452 -0.0408429 -0.00354523 -0.215498 2.66606 -0.0318061 0.0394957 -0.0404794 0.0426482
0.176022 2.68923 -0.0368061 -0.0277038 -0.0176349 0.0466459 -0.162063 2.79097 -0.0670109 -0.0321949 -0.0116417 0.0525143
0.306363 2.85027 -0.018721 -0.00119051 -0.0128424 0.0127693 -0.082972 2.93175 -0.0498674 -0.0131624 -0.0203834 0.000634565
0.0994668 2.5603 -0.0273056 0.0147609 0.0105463 0.00486171 -0.255847 2.65707 -0.0577959 0.0200953 0.0137252 0.00689478
-0.064043 2.83162 -0.0352372 0.00499695 0.0145625 0.00280392 -0.447845 2.90816 -0.0743086 0.00623261 0.0194646 0.0107458
0.304468 2.78456 -0.00885254 -0.00922729 0.00720203 0.0453162 -0.0581122 2.87387 -0.0367204 -0.0320036 0.0117717 0.0324549
0.396426 2.57155 0.00569108 -0.00222719 -0.0106031 0.0157068 0.0550683 2.66079 -0.0104114 -0.0125054 -0.0127711 0.0315873
0.328489 2.62068 -0.0389958 0.0128828 0.017757 0.0156286 -0.00941554 2.71979 -0.0570704 0.00143054 0.0128239 0.0284767
0.136606 2.38031 -0.0278267 0.0215304 -0.0172146 0.0280675 -0.118643 2.52955 -0.046846 0.0400088 -0.0188283 0.0411366
0.377098 2.43763 -0.0101451 0.00131979 0.0047407 0.00239462 0.0785961 2.53688 -0.0261797 0.00528533 0.00511576 0.0142857
0.154995 2.43792 -0.0112797 -0.014741 0.0102044 0.0281372 -0.183719 2.56661 -0.0238165 -0.0220065 0.0105116 0.0486203
0.298615 2.79432 -0.0194474 0.00683772 0.00674835 0.00921264 -0.0497862 2.91896 -0.0383483 -0.0125376 0.0085675 -0.0152002
