-0.498 7.73878e-06 3.96948e-06
-0.496 2.67743e-05 1.42518e-05
-0.494 4.60909e-05 2.70144e-05
-0.492 5.35799e-05 3.71951e-05
-0.49 4.29683e-05 3.93386e-05
-0.488 1.76681e-05 2.845e-05
-0.486 -1.12448e-05 9.09333e-07
-0.484 -3.30464e-05 -4.449e-05
-0.482 -4.84478e-05 -0.000105411
-0.48 -7.84328e-05 -0.000174954
-0.478 -0.000165072 -0.000241125
-0.476 -0.00036079 -0.000287194
-0.474 -0.000707063 -0.000293245
-0.472 -0.0012086 -0.000238914
-0.47 -0.00181289 -0.000106945
-0.468 -0.00240568 0.00011312
-0.466 -0.00282935 0.000421988
-0.464 -0.00292285 0.000809198
-0.462 -0.00257289 0.00125365
-0.46 -0.00175949 0.00172593
-0.458 -0.000579124 0.00219168
-0.456 0.000765207 0.00261506
-0.454 0.00200662 0.0029615
-0.452 0.00287871 0.00319938
-0.45 0.00318434 0.0033009
-0.448 0.00285029 0.00324265
-0.446 0.0019514 0.0030066
-0.444 0.000692841 0.0025821
-0.442 -0.000650556 0.00196902
-0.44 -0.00182381 0.00118171
-0.438 -0.00268118 0.00025292
-0.436 -0.00324032 -0.000763887
-0.434 -0.0036745 -0.00179523
-0.432 -0.00423841 -0.00275255
-0.43 -0.00515174 -0.00354159
-0.428 -0.00648478 -0.00407508
-0.426 -0.00809007 -0.00428592
-0.424 -0.00960588 -0.00413743
-0.422 -0.0105339 -0.00362814
-0.42 -0.0103741 -0.00278988
-0.418 -0.00878413 -0.00168067
-0.416 -0.00572077 -0.000374695
-0.414 -0.00151841 0.00104726
-0.412 0.00312551 0.00250467
-0.41 0.00726973 0.00391995
-0.408 0.0099388 0.00521794
-0.406 0.0103793 0.00632394
-0.404 0.00829024 0.00716313
-0.402 0.0039473 0.00766318
-0.4 -0.00183303 0.00776126
-0.398 -0.00788637 0.00741409
-0.396 -0.0129978 0.00660812
-0.394 -0.0162195 0.00536624
-0.392 -0.0171206 0.0037479
-0.39 -0.0159013 0.00184209
-0.388 -0.0133439 -0.000245711
-0.386 -0.0106072 -0.00240938
-0.384 -0.00890838 -0.00455658
-0.382 -0.00915694 -0.00661812
-0.38 -0.0116389 -0.00854983
-0.378 -0.0158522 -0.0103267
-0.376 -0.020571 -0.0119315
-0.374 -0.0241489 -0.013343
-0.372 -0.0249879 -0.0145277
-0.37 -0.0220339 -0.015441
-0.368 -0.0151415 -0.0160363
-0.366 -0.00519408 -0.0162821
-0.364 0.00605879 -0.0161792
-0.362 0.0164095 -0.0157722
-0.36 0.0237479 -0.0151484
-0.358 0.0266278 -0.0144232
-0.356 0.0246924 -0.0137145
-0.354 0.0188263 -0.0131161
-0.352 0.0109582 -0.0126764
-0.35 0.00353389 -0.0123911
-0.348 -0.0012098 -0.0122129
-0.346 -0.00194614 -0.0120745
-0.344 0.0012989 -0.0119197
-0.342 0.00711586 -0.0117323
-0.34 0.0131013 -0.011555
-0.338 0.0165403 -0.0114897
-0.336 0.0151813 -0.0116775
-0.334 0.00789773 -0.0122597
-0.332 -0.00492156 -0.0133308
-0.33 -0.0213577 -0.0148976
-0.328 -0.0383601 -0.0168616
-0.326 -0.0525015 -0.019034
-0.324 -0.0609156 -0.0211811
-0.322 -0.0621277 -0.0230864
-0.32 -0.0564757 -0.0246056
-0.318 -0.0459309 -0.0256998
-0.316 -0.0333694 -0.0264339
-0.314 -0.0215707 -0.0269457
-0.312 -0.0123166 -0.0273952
-0.31 -0.00588613 -0.0279086
-0.308 -0.0010739 -0.0285327
-0.306 0.00430006 -0.029214
-0.304 0.0125228 -0.0298097
-0.302 0.024985 -0.0301317
-0.3 0.0413464 -0.030012
-0.298 0.0591952 -0.0293689
-0.296 0.0744216 -0.0282508
-0.294 0.0822866 -0.0268423
-0.292 0.0788969 -0.0254263
-0.29 0.0625929 -0.0243158
-0.288 0.0347513 -0.0237735
-0.286 -0.000293735 -0.0239459
-0.284 -0.0361956 -0.0248279
-0.282 -0.0661317 -0.0262695
-0.28 -0.0845387 -0.0280223
-0.278 -0.0886244 -0.0298126
-0.276 -0.0792442 -0.0314167
-0.274 -0.0608079 -0.0327145
-0.272 -0.0401134 -0.0337023
-0.27 -0.0243691 -0.0344591
-0.268 -0.0190183 -0.0350807
-0.266 -0.0260867 -0.0356054
-0.264 -0.043589 -0.0359578
-0.262 -0.0661475 -0.0359319
-0.26 -0.086593 -0.0352216
-0.258 -0.0980579 -0.0334913
-0.256 -0.0959694 -0.0304671
-0.254 -0.0793934 -0.0260168
-0.252 -0.0513751 -0.0201917
-0.25 -0.0181753 -0.0132148
-0.248 0.0124305 -0.00542099
-0.246 0.0333736 0.00282862
-0.244 0.0403856 0.0112296
-0.242 0.0332381 0.0195865
-0.24 0.0156294 0.0278176
-0.238 -0.00626168 0.0359145
-0.236 -0.0259907 0.0438681
-0.234 -0.0389949 0.051589
-0.232 -0.0439295 0.0588458
-0.23 -0.0427997 0.0652451
-0.228 -0.0399235 0.0702605
-0.226 -0.0401238 0.0733117
-0.224 -0.046761 0.0738755
-0.222 -0.0602392 0.0716032
-0.22 -0.0774819 0.0664077
-0.218 -0.0926197 0.0584928
-0.216 -0.0988184 0.0483128
-0.214 -0.0908002 0.0364751
-0.212 -0.0672615 0.0236187
-0.21 -0.0322572 0.0103104
-0.208 0.00513818 -0.00301249
-0.206 0.03301 -0.0160384
-0.204 0.0400878 -0.0285274
-0.202 0.0194979 -0.0402323
-0.2 -0.0284329 -0.0508283
-0.198 -0.0953239 -0.0598843
-0.196 -0.166255 -0.0668939
-0.194 -0.223306 -0.0713653
-0.192 -0.250159 -0.0729522
-0.19 -0.236469 -0.0715851
-0.188 -0.180825 -0.0675608
-0.186 -0.0914823 -0.06155
-0.184 0.0153459 -0.0545108
-0.182 0.119287 -0.0475256
-0.18 0.200846 -0.0416042
-0.178 0.246424 -0.037504
-0.176 0.25189 -0.0356144
-0.174 0.223504 -0.0359318
-0.172 0.17574 -0.0381289
-0.17 0.126652 -0.0416956
-0.168 0.0922779 -0.0461038
-0.166 0.081892 -0.0509471
-0.164 0.0955378 -0.0560128
-0.162 0.124466 -0.0612721
-0.16 0.154176 -0.0668008
-0.158 0.169042 -0.0726644
-0.156 0.157218 -0.0788144
-0.154 0.114502 -0.0850315
-0.152 0.0461164 -0.0909374
-0.15 -0.034253 -0.096073
-0.148 -0.108066 -0.100021
-0.146 -0.157234 -0.102531
-0.144 -0.169475 -0.103601
-0.142 -0.141987 -0.103475
-0.14 -0.0822745 -0.102551
-0.138 -0.00592059 -0.101222
-0.136 0.0678968 -0.0996951
-0.134 0.121782 -0.0978467
-0.132 0.144837 -0.0951496
-0.13 0.135412 -0.0907034
-0.128 0.101128 -0.0833641
-0.126 0.0562084 -0.0719457
-0.124 0.0169531 -0.0554454
-0.122 -0.00326916 -0.0332356
-0.12 0.0019742 -0.00517965
-0.118 0.0303088 0.0283526
-0.116 0.0713074 0.0665591
-0.114 0.109582 0.108336
-0.112 0.129262 0.152414
-0.11 0.118551 0.197443
-0.108 0.0730783 0.242014
-0.106 -0.00287433 0.284614
-0.104 -0.0975832 0.323563
-0.102 -0.195075 0.356994
-0.1 -0.279219 0.382914
-0.098 -0.3374 0.399377
-0.096 -0.362738 0.404729
-0.094 -0.354504 0.397884
-0.092 -0.317044 0.378575
-0.09 -0.257834 0.347497
-0.088 -0.185369 0.306342
-0.086 -0.107367 0.257674
-0.084 -0.0297298 0.204689
-0.082 0.0435213 0.150907
-0.08 0.109358 0.0998411
-0.078 0.164428 0.0547237
-0.076 0.20414 0.0183243
-0.074 0.222858 -0.00713732
-0.072 0.215382 -0.0200017
-0.07 0.179165 -0.0191498
-0.068 0.116332 -0.00399105
-0.066 0.0345638 0.0255213
-0.064 -0.0535595 0.0688502
-0.062 -0.132735 0.124836
-0.06 -0.188192 0.191691
-0.058 -0.209329 0.267074
-0.056 -0.192769 0.348252
-0.054 -0.14382 0.432387
-0.052 -0.0755856 0.516886
-0.05 -0.00571818 0.599782
-0.048 0.0483387 0.680053
-0.046 0.074088 0.757802
-0.044 0.0671327 0.834251
-0.042 0.0318236 0.91157
-0.04 -0.0205732 0.992591
-0.038 -0.0754362 1.08047
-0.036 -0.119018 1.1784
-0.034 -0.142251 1.28933
-0.032 -0.143119 1.41577
-0.03 -0.126785 1.55967
-0.028 -0.103189 1.72225
-0.026 -0.0825545 1.90388
-0.024 -0.0701207 2.1039
-0.022 -0.062052 2.32047
-0.02 -0.0443964 2.55042
-0.018 0.00408899 2.78918
-0.016 0.106014 3.03087
-0.014 0.278226 3.26854
-0.012 0.525539 3.49458
-0.01 0.836915 3.70117
-0.008 1.18505 3.8809
-0.006 1.52972 4.02715
-0.004 1.82434 4.13451
-0.002 2.02467 4.19899
0 2.09773 4.21815
0.002 2.02931 4.19127
0.004 1.82771 4.11943
0.006 1.52253 4.00558
0.008 1.15798 3.8545
0.01 0.783183 3.67255
0.012 0.442283 3.46725
0.014 0.16686 3.24673
0.016 -0.0279655 3.01902
0.018 -0.143523 2.79138
0.02 -0.194114 2.56974
0.022 -0.201273 2.35843
0.024 -0.187349 2.1601
0.026 -0.169927 1.97595
0.028 -0.158282 1.80615
0.03 -0.152717 1.65028
0.032 -0.146961 1.50759
0.034 -0.13272 1.37722
0.036 -0.104484 1.25806
0.038 -0.0627079 1.14869
0.04 -0.0143324 1.04724
0.042 0.0293109 0.95139
0.044 0.0562957 0.858592
0.046 0.0581726 0.766417
0.048 0.0328976 0.673003
0.05 -0.0142517 0.577487
0.052 -0.0718798 0.480294
0.054 -0.125354 0.383183
0.056 -0.160622 0.289021
0.058 -0.168031 0.201321
0.06 -0.145111 0.123664
0.062 -0.0974326 0.0591337
0.064 -0.0371539 0.00990702
0.066 0.0204189 -0.0229406
0.068 0.0612104 -0.0394016
0.07 0.0762478 -0.0403348
0.072 0.063751 -0.0271825
0.074 0.0289012 -0.00170106
0.076 -0.0183516 0.0342224
0.078 -0.0665073 0.078627
0.08 -0.105752 0.129419
0.082 -0.13042 0.184249
0.084 -0.14015 0.240423
0.086 -0.139424 0.294903
0.088 -0.135517 0.344479
0.09 -0.135409 0.386056
0.092 -0.142776 0.417027
0.094 -0.156305 0.43561
0.096 -0.170092 0.441066
0.098 -0.175952 0.433727
0.1 -0.166723 0.41483
0.102 -0.139276 0.386214
0.104 -0.0961529 0.349964
0.106 -0.0452647 0.308091
0.108 0.00220509 0.262342
0.11 0.0349874 0.214158
0.112 0.0450425 0.164766
0.114 0.0300721 0.115345
0.116 -0.00551943 0.0671769
0.118 -0.0516189 0.021703
0.12 -0.0952109 -0.0195388
0.122 -0.124223 -0.0551011
0.124 -0.131206 -0.0838716
0.126 -0.115658 -0.105299
0.128 -0.084204 -0.119517
0.13 -0.0485681 -0.127329
0.132 -0.0218941 -0.130032
0.134 -0.0145045 -0.129132
0.136 -0.0303833 -0.126027
0.138 -0.0655355 -0.121735
0.14 -0.108851 -0.116754
0.142 -0.145304 -0.111088
0.144 -0.160553 -0.104407
0.146 -0.145515 -0.0963085
0.148 -0.0994939 -0.086576
0.15 -0.0308397 -0.0753646
0.152 0.0451254 -0.0632513
0.154 0.110353 -0.0511363
0.156 0.149254 -0.0400284
0.158 0.153296 -0.0307855
0.16 0.12366 -0.0238963
0.162 0.0710577 -0.0193748
0.164 0.0126751 -0.0168054
0.166 -0.0329467 -0.0155205
0.168 -0.0515719 -0.01485
0.17 -0.0377497 -0.0143539
0.172 0.00329587 -0.0139624
0.174 0.0570054 -0.0139785
0.176 0.103708 -0.0149492
0.178 0.124498 -0.0174465
0.18 0.107063 -0.021827
0.182 0.0497489 -0.0280441
0.184 -0.0373426 -0.0355696
0.186 -0.134667 -0.0434555
0.188 -0.2184 -0.0505229
0.19 -0.267028 -0.0556282
0.192 -0.267444 -0.0579277
0.194 -0.218741 -0.0570594
0.196 -0.132575 -0.0531871
0.198 -0.0299294 -0.0468985
0.2 0.0647504 -0.0389963
0.202 0.130256 -0.0302556
0.204 0.154109 -0.0212269
0.206 0.135309 -0.0121389
0.208 0.0837886 -0.0029193
0.21 0.0170076 0.00668297
0.212 -0.0452043 0.016919
0.214 -0.086152 0.0278617
0.216 -0.0967003 0.039284
0.218 -0.0774472 0.0506357
0.22 -0.0380414 0.0611291
0.222 0.00615779 0.069909
0.224 0.0390635 0.076253
0.226 0.0489292 0.0797389
0.228 0.0318826 0.0803321
0.23 -0.0071941 0.078374
0.232 -0.0566322 0.0744821
0.234 -0.101989 0.0693952
0.236 -0.130662 0.0638083
0.238 -0.135618 0.0582437
0.24 -0.117178 0.0529888
0.242 -0.0824913 0.0481144
0.244 -0.0429979 0.0435557
0.246 -0.0107375 0.0392229
0.248 0.00531624 0.0350973
0.25 0.00179828 0.03128
0.252 -0.0183422 0.0279754
0.254 -0.0471109 0.0254197
0.256 -0.0742602 0.0237819
0.258 -0.0906962 0.0230749
0.26 -0.0914137 0.0231091
0.262 -0.0770351 0.0235083
0.264 -0.0534657 0.0237839
0.266 -0.0297687 0.023449
0.268 -0.0149405 0.0221371
0.27 -0.0146788 0.019688
0.272 -0.0292834 0.0161742
0.274 -0.053437 0.0118587
0.276 -0.0779076 0.00710248
0.278 -0.0925263 0.00225312
0.28 -0.0894087 -0.00244339
0.282 -0.0654128 -0.00688101
0.284 -0.0231563 -0.011075
0.286 0.0296101 -0.0150999
0.288 0.0820412 -0.0190106
0.29 0.123094 -0.0227727
0.292 0.144523 -0.0262271
0.294 0.143126 -0.0291012
0.296 0.121537 -0.0310657
0.298 0.0872619 -0.0318243
0.3 0.0502353 -0.0312068
0.302 0.0197723 -0.029237
0.304 0.00195495 -0.0261505
0.306 -0.00171925 -0.0223542
0.308 0.00584493 -0.0183409
0.31 0.018786 -0.0145836
0.312 0.0303983 -0.0114429
0.314 0.035249 -0.00911027
0.316 0.030749 -0.00759874
0.318 0.0178076 -0.00677799
0.32 0.000413657 -0.00643864
0.322 -0.0157522 -0.00636718
0.324 -0.0252576 -0.00641049
0.326 -0.0247626 -0.00651224
0.328 -0.0141162 -0.00671199
0.33 0.00366623 -0.00711048
0.332 0.0234787 -0.00781576
0.334 0.0398052 -0.00889164
0.336 0.048397 -0.010327
0.338 0.0474229 -0.0120349
0.34 0.0378123 -0.0138786
0.342 0.0227785 -0.0157108
0.344 0.00673337 -0.0174119
0.346 -0.00605923 -0.0189137
0.348 -0.0126949 -0.0202029
0.35 -0.0123604 -0.0213043
0.352 -0.00639112 -0.0222521
0.354 0.0023266 -0.0230585
0.356 0.0103779 -0.0236923
0.358 0.0149139 -0.0240752
0.36 0.0144674 -0.0240979
0.362 0.00926061 -0.02365
0.364 0.000953712 -0.0226545
0.366 -0.00804149 -0.0210952
0.368 -0.0154238 -0.0190282
0.37 -0.0197331 -0.0165721
0.372 -0.0207032 -0.0138831
0.374 -0.0191474 -0.01112
0.376 -0.0164771 -0.00841315
0.378 -0.0140782 -0.00584602
0.38 -0.0127911 -0.00345419
0.382 -0.0126569 -0.00124056
0.384 -0.0129801 0.000800528
0.386 -0.0126555 0.00265978
0.388 -0.0106358 0.00429926
0.39 -0.00638645 0.00565344
0.392 -0.000180221 0.00664409
0.394 0.00687674 0.00720345
0.396 0.0131222 0.00729772
0.398 0.0168469 0.00694355
0.4 0.0168674 0.0062126
0.402 0.0129497 0.00522295
0.404 0.00591968 0.00411914
0.406 -0.00258273 0.00304603
0.408 -0.0106073 0.00212311
0.41 -0.0164647 0.00142611
0.412 -0.0191734 0.000980313
0.414 -0.0186569 0.000766631
0.416 -0.0156659 0.000737043
0.418 -0.0114794 0.000833832
0.42 -0.00748875 0.00100637
0.422 -0.0047891 0.00122098
0.424 -0.00389102 0.00146208
0.426 -0.00462853 0.00172597
0.428 -0.00627962 0.00201088
0.43 -0.00785238 0.00230747
0.432 -0.0084376 0.00259389
0.434 -0.00750686 0.00283712
0.436 -0.00505845 0.00300029
0.438 -0.00157589 0.00305292
0.44 0.00216387 0.00298051
0.442 0.00534884 0.00278952
0.444 0.00736581 0.00250642
0.446 0.00794395 0.00217109
0.448 0.00718164 0.00182719
0.45 0.00546775 0.00151247
0.452 0.00333595 0.00125171
0.454 0.00130375 0.00105393
0.456 -0.000255382 0.000913971
0.458 -0.00117522 0.000817439
0.46 -0.00148834 0.00074698
0.462 -0.0013624 0.000687951
0.464 -0.00101232 0.000631829
0.466 -0.000621936 0.000576689
0.468 -0.000299245 0.000525191
0.47 -7.26659e-05 0.000481289
0.472 8.17022e-05 0.000447193
0.474 0.000201813 0.000421753
0.476 0.000310048 0.000400671
0.478 0.000403 0.000378128
0.48 0.000459887 0.000348964
0.482 0.000460276 0.000310457
0.484 0.000399543 0.000263079
0.486 0.000294112 0.000210109
0.488 0.000175053 0.000156417
0.49 7.44502e-05 0.000106982
0.492 1.19918e-05 6.56652e-05
0.494 -1.14267e-05 3.45708e-05
0.496 -1.01424e-05 1.40522e-05
0.498 -2.69434e-06 3.13479e-06
0.4 0.0366216 0.490528
0.8 0.0368211 0.490568
1.2 0.037151 0.490632
1.6 0.0376075 0.490717
2 0.0381853 0.490817
2.4 0.0388778 0.490926
2.8 0.0396772 0.491038
3.2 0.0405746 0.491143
3.6 0.0415601 0.491233
4 0.0426231 0.491297
4.4 0.0437524 0.491324
4.8 0.0449364 0.491304
5.2 0.0461634 0.491224
5.6 0.0474215 0.491074
6 0.048699 0.490841
6.4 0.0499847 0.490515
6.8 0.0512675 0.490085
7.2 0.0525373 0.48954
7.6 0.0537846 0.488873
8 0.0550007 0.488074
8.4 0.0561777 0.487137
8.8 0.0573091 0.486056
9.2 0.058389 0.484827
9.6 0.0594125 0.483446
10 0.0603761 0.481914
10.4 0.0612769 0.48023
10.8 0.0621131 0.478397
11.2 0.0628836 0.476418
11.6 0.0635882 0.474298
12 0.0642274 0.472044
12.4 0.0648022 0.469665
12.8 0.0653141 0.46717
13.2 0.065765 0.464568
13.6 0.0661571 0.461873
14 0.0664927 0.459095
14.4 0.0667744 0.456249
14.8 0.0670046 0.453346
15.2 0.0671858 0.450401
15.6 0.0673204 0.447425
16 0.0674107 0.444432
16.4 0.0674588 0.441434
16.8 0.067467 0.438441
17.2 0.0674371 0.435465
17.6 0.0673711 0.432513
18 0.0672708 0.429593
18.4 0.0671383 0.42671
18.8 0.0669755 0.42387
19.2 0.0667848 0.421074
19.6 0.0665685 0.418322
20 0.0663294 0.415614
20.4 0.0660707 0.412945
20.8 0.065796 0.410313
21.2 0.0655093 0.407709
21.6 0.0652153 0.405126
22 0.0649191 0.402554
22.4 0.0646263 0.399984
22.8 0.0643432 0.397403
23.2 0.0640766 0.394799
23.6 0.0638335 0.39216
24 0.0636214 0.389474
24.4 0.0634483 0.386728
24.8 0.063322 0.383909
25.2 0.0632505 0.381006
25.6 0.0632418 0.378009
26 0.0633035 0.374909
26.4 0.0634428 0.371697
26.8 0.0636663 0.368368
27.2 0.06398 0.364918
27.6 0.0643889 0.361343
28 0.0648969 0.357643
28.4 0.0655068 0.353821
28.8 0.06622 0.34988
29.2 0.0670367 0.345826
29.6 0.0679552 0.341668
30 0.0689726 0.337415
30.4 0.0700842 0.33308
30.8 0.0712838 0.328676
31.2 0.0725636 0.32422
31.6 0.0739142 0.319727
32 0.0753248 0.315215
32.4 0.0767833 0.310702
32.8 0.0782764 0.306208
33.2 0.0797899 0.301752
33.6 0.0813086 0.297353
34 0.0828167 0.293031
34.4 0.0842982 0.288802
34.8 0.0857365 0.284686
35.2 0.0871156 0.280699
35.6 0.0884195 0.276856
36 0.0896328 0.27317
36.4 0.0907409 0.269655
36.8 0.0917303 0.26632
37.2 0.0925887 0.263174
37.6 0.0933052 0.260224
38 0.0938703 0.257474
38.4 0.0942766 0.254929
38.8 0.0945183 0.252587
39.2 0.0945915 0.25045
39.6 0.0944943 0.248513
40 0.0942269 0.246772
40.4 0.0937913 0.245222
40.8 0.0931916 0.243855
41.2 0.0924337 0.242663
41.6 0.0915251 0.241637
42 0.0904752 0.240764
42.4 0.0892946 0.240035
42.8 0.0879954 0.239438
43.2 0.0865907 0.23896
43.6 0.0850945 0.238589
44 0.0835216 0.238313
44.4 0.081887 0.23812
44.8 0.0802062 0.237996
45.2 0.0784947 0.237931
45.6 0.0767677 0.237912
46 0.0750401 0.23793
46.4 0.0733264 0.237973
46.8 0.07164 0.238031
47.2 0.0699937 0.238095
47.6 0.0683993 0.238157
48 0.0668673 0.238208
48.4 0.0654071 0.238241
48.8 0.0640268 0.238249
49.2 0.0627331 0.238225
49.6 0.0615316 0.238163
50 0.0604265 0.238058
50.4 0.0594204 0.237904
50.8 0.0585151 0.237697
51.2 0.0577109 0.237432
51.6 0.0570071 0.237105
52 0.056402 0.236711
52.4 0.0558929 0.236248
52.8 0.0554763 0.235712
53.2 0.055148 0.235099
53.6 0.0549031 0.234406
54 0.0547365 0.23363
54.4 0.0546424 0.232768
54.8 0.054615 0.231818
55.2 0.054648 0.230778
55.6 0.0547355 0.229646
56 0.0548711 0.22842
56.4 0.055049 0.227099
56.8 0.0552632 0.225682
57.2 0.055508 0.224169
57.6 0.0557782 0.22256
58 0.0560686 0.220856
58.4 0.0563745 0.219058
58.8 0.0566915 0.217168
59.2 0.0570157 0.215188
59.6 0.0573435 0.213122
60 0.0576717 0.210973
60.4 0.0579974 0.208745
60.8 0.0583183 0.206444
61.2 0.0586322 0.204074
61.6 0.0589376 0.201643
62 0.059233 0.199155
62.4 0.0595174 0.196619
62.8 0.0597902 0.194041
63.2 0.0600511 0.191429
63.6 0.0602999 0.18879
64 0.0605371 0.186132
64.4 0.060763 0.183463
64.8 0.0609785 0.18079
65.2 0.0611848 0.178121
65.6 0.0613832 0.175464
66 0.0615753 0.172823
66.4 0.0617631 0.170207
66.8 0.0619485 0.16762
67.2 0.062134 0.165067
67.6 0.062322 0.162553
68 0.0625151 0.160081
68.4 0.0627162 0.157653
68.8 0.0629281 0.155272
69.2 0.0631538 0.152938
69.6 0.0633963 0.15065
70 0.0636585 0.148407
70.4 0.0639433 0.146208
70.8 0.0642533 0.14405
71.2 0.0645911 0.141928
71.6 0.064959 0.139837
72 0.0653588 0.137773
72.4 0.0657923 0.13573
72.8 0.0662604 0.1337
73.2 0.0667639 0.131677
73.6 0.0673028 0.129653
74 0.0678768 0.127622
74.4 0.0684847 0.125575
74.8 0.0691248 0.123505
75.2 0.0697948 0.121404
75.6 0.0704915 0.119267
76 0.0712112 0.117085
76.4 0.0719496 0.114855
76.8 0.0727017 0.11257
77.2 0.0734619 0.110225
77.6 0.0742241 0.107819
78 0.0749817 0.105347
78.4 0.0757276 0.10281
78.8 0.0764546 0.100206
79.2 0.0771551 0.0975367
79.6 0.0778215 0.0948036
80 0.0784461 0.0920099
80.4 0.0790211 0.0891599
80.8 0.0795393 0.0862587
81.2 0.0799934 0.0833125
81.6 0.0803768 0.0803285
82 0.0806832 0.0773143
82.4 0.0809071 0.0742787
82.8 0.0810437 0.0712306
83.2 0.0810889 0.0681796
83.6 0.0810395 0.0651355
84 0.0808933 0.0621082
84.4 0.0806492 0.0591077
84.8 0.0803069 0.0561437
85.2 0.0798675 0.0532257
85.6 0.0793329 0.0503629
86 0.0787064 0.0475639
86.4 0.0779922 0.0448365
86.8 0.0771955 0.042188
87.2 0.0763229 0.0396249
87.6 0.0753815 0.0371527
88 0.0743796 0.0347761
88.4 0.0733265 0.0324988
88.8 0.0722319 0.0303237
89.2 0.0711064 0.0282529
89.6 0.0699611 0.0262874
90 0.0688077 0.0244275
90.4 0.067658 0.022673
90.8 0.0665243 0.0210228
91.2 0.0654189 0.0194754
91.6 0.064354 0.0180288
92 0.0633417 0.0166808
92.4 0.0623939 0.0154288
92.8 0.061522 0.0142704
93.2 0.060737 0.0132029
93.6 0.0600492 0.012224
94 0.059468 0.0113315
94.4 0.0590021 0.0105236
94.8 0.058659 0.00979862
95.2 0.0584454 0.00915565
95.6 0.0583665 0.00859405
96 0.0584263 0.0081137
96.4 0.0586275 0.007715
96.8 0.0589713 0.00739875
97.2 0.0594574 0.00716623
97.6 0.0600841 0.00701903
98 0.0608479 0.00695908
98.4 0.0617439 0.00698846
98.8 0.0627656 0.00710938
99.2 0.0639048 0.00732403
99.6 0.0651521 0.00763445
100 0.0664964 0.00804244
100.4 0.0679252 0.00854941
100.8 0.0694249 0.00915631
101.2 0.0709806 0.00986343
101.6 0.0725765 0.0106704
102 0.0741958 0.0115759
102.4 0.0758212 0.0125781
102.8 0.0774347 0.0136737
103.2 0.0790182 0.0148588
103.6 0.0805534 0.0161284
104 0.0820223 0.0174765
104.4 0.0834071 0.0188962
104.8 0.0846908 0.0203795
105.2 0.0858572 0.0219177
105.6 0.0868914 0.0235013
106 0.0877795 0.0251202
106.4 0.0885094 0.0267637
106.8 0.0890707 0.0284206
107.2 0.0894549 0.0300798
107.6 0.0896555 0.0317298
108 0.0896684 0.0333593
108.4 0.0894916 0.0349573
108.8 0.0891256 0.0365132
109.2 0.0885731 0.0380169
109.6 0.0878393 0.039459
110 0.0869317 0.0408312
110.4 0.0858598 0.0421258
110.8 0.0846355 0.0433364
111.2 0.0832723 0.0444577
111.6 0.0817855 0.0454857
112 0.0801918 0.0464174
112.4 0.0785091 0.0472512
112.8 0.0767562 0.047987
113.2 0.0749523 0.0486254
113.6 0.0731171 0.0491686
114 0.0712699 0.0496197
114.4 0.0694297 0.0499828
114.8 0.0676148 0.0502629
115.2 0.0658423 0.0504657
115.6 0.0641277 0.0505977
116 0.0624853 0.0506658
116.4 0.0609271 0.050677
116.8 0.0594631 0.050639
117.2 0.0581009 0.0505591
117.6 0.0568459 0.0504447
118 0.0557008 0.050303
118.4 0.0546658 0.0501409
118.8 0.0537389 0.0499647
119.2 0.0529152 0.0497803
119.6 0.052188 0.049593
120 0.0515483 0.0494074
120.4 0.0509851 0.0492275
120.8 0.0504859 0.0490564
121.2 0.0500371 0.0488966
121.6 0.0496237 0.0487499
122 0.0492304 0.0486173
122.4 0.0488415 0.0484993
122.8 0.0484412 0.0483957
123.2 0.0480146 0.0483057
123.6 0.0475471 0.0482284
124 0.0470257 0.0481621
124.4 0.0464386 0.0481051
124.8 0.0457759 0.0480552
125.2 0.0450297 0.0480104
125.6 0.0441942 0.0479684
126 0.0432661 0.047927
126.4 0.0422445 0.0478839
126.8 0.0411313 0.0478373
127.2 0.0399305 0.0477851
127.6 0.038649 0.0477258
128 0.037296 0.0476579
128.4 0.0358827 0.0475801
128.8 0.0344225 0.0474914
129.2 0.0329308 0.0473912
129.6 0.0314242 0.0472787
130 0.0299206 0.0471537
130.4 0.0284389 0.0470159
130.8 0.0269983 0.0468651
131.2 0.0256184 0.0467014
131.6 0.0243185 0.0465245
132 0.0231173 0.0463346
132.4 0.0220327 0.0461313
132.8 0.0210814 0.0459146
133.2 0.0202787 0.0456841
133.6 0.0196381 0.0454392
134 0.019171 0.0451794
134.4 0.0188869 0.0449036
134.8 0.0187929 0.044611
135.2 0.0188938 0.0443003
135.6 0.019192 0.0439701
136 0.0196874 0.0436188
136.4 0.0203776 0.0432449
136.8 0.021258 0.0428466
137.2 0.0223217 0.0424221
137.6 0.0235599 0.0419699
138 0.024962 0.0414882
138.4 0.0265158 0.0409754
138.8 0.0282076 0.0404302
139.2 0.0300227 0.0398515
139.6 0.0319455 0.0392383
140 0.0339596 0.0385901
140.4 0.0360484 0.0379066
140.8 0.0381949 0.037188
141.2 0.0403824 0.0364348
141.6 0.0425943 0.035648
142 0.0448144 0.0348288
142.4 0.0470271 0.0339791
142.8 0.0492178 0.0331009
143.2 0.0513722 0.032197
143.6 0.0534775 0.03127
144 0.0555214 0.0303231
144.4 0.057493 0.0293598
144.8 0.0593822 0.0283838
145.2 0.06118 0.0273987
145.6 0.0628784 0.0264085
146 0.0644705 0.025417
146.4 0.0659502 0.0244281
146.8 0.0673124 0.0234457
147.2 0.0685528 0.0224733
147.6 0.0696678 0.0215145
148 0.0706549 0.0205724
148.4 0.071512 0.0196499
148.8 0.0722376 0.0187497
149.2 0.0728312 0.0178741
149.6 0.0732927 0.017025
150 0.0736226 0.0162038
150.4 0.0738222 0.0154119
150.8 0.0738932 0.0146499
151.2 0.073838 0.0139183
151.6 0.0736599 0.0132173
152 0.0733626 0.0125465
152.4 0.0729505 0.0119056
152.8 0.072429 0.0112937
153.2 0.071804 0.0107099
153.6 0.0710823 0.010153
154 0.0702712 0.00962189
154.4 0.0693791 0.00911512
154.8 0.0684147 0.00863134
155.2 0.0673878 0.00816913
155.6 0.0663085 0.00772711
156 0.0651875 0.00730398
156.4 0.0640359 0.00689848
156.8 0.0628654 0.0065095
157.2 0.0616875 0.00613602
157.6 0.060514 0.00577718
158 0.0593567 0.00543225
158.4 0.0582271 0.00510065
158.8 0.0571361 0.00478195
159.2 0.0560944 0.00447583
159.6 0.0551117 0.00418212
160 0.054197 0.00390076
160.4 0.0533582 0.00363177
160.8 0.0526022 0.00337525
161.2 0.0519346 0.00313135
161.6 0.0513594 0.00290025
162 0.0508795 0.00268216
162.4 0.0504963 0.00247726
162.8 0.0502095 0.00228572
163.2 0.0500176 0.00210765
163.6 0.0499175 0.00194312
164 0.0499048 0.00179211
164.4 0.0499736 0.00165453
164.8 0.0501171 0.00153022
165.2 0.0503273 0.0014189
165.6 0.0505955 0.00132022
166 0.050912 0.00123375
166.4 0.0512667 0.00115897
166.8 0.0516494 0.00109527
167.2 0.0520493 0.00104201
167.6 0.0524562 0.000998463
168 0.0528596 0.000963888
168.4 0.0532499 0.000937498
168.8 0.053618 0.000918497
169.2 0.0539553 0.000906081
169.6 0.0542544 0.00089946
170 0.0545089 0.00089786
170.4 0.0547134 0.000900541
170.8 0.0548637 0.000906798
171.2 0.0549568 0.000915974
171.6 0.0549911 0.000927465
172 0.0549659 0.000940718
172.4 0.0548819 0.00095524
172.8 0.0547407 0.000970593
173.2 0.0545452 0.000986396
173.6 0.0542988 0.00100232
174 0.0540059 0.00101809
174.4 0.0536716 0.00103346
174.8 0.0533012 0.00104824
175.2 0.0529006 0.00106226
175.6 0.0524756 0.00107539
176 0.0520321 0.00108751
176.4 0.0515759 0.00109852
176.8 0.0511124 0.00110833
177.2 0.0506465 0.00111686
177.6 0.0501829 0.00112401
178 0.0497251 0.00112971
178.4 0.0492763 0.00113387
178.8 0.0488386 0.00113641
179.2 0.0484133 0.00113724
179.6 0.048001 0.00113626
180 0.0476011 0.00113338
180.4 0.0472124 0.00112853
180.8 0.0468327 0.00112163
181.2 0.0464591 0.00111262
181.6 0.0460879 0.00110143
182 0.0457148 0.00108805
182.4 0.0453351 0.00107246
182.8 0.0449435 0.00105469
183.2 0.0445344 0.00103477
183.6 0.0441023 0.00101278
184 0.0436411 0.000988837
184.4 0.0431454 0.000963074
184.8 0.0426094 0.000935662
185.2 0.0420279 0.000906804
185.6 0.0413962 0.000876728
186 0.0407098 0.000845689
186.4 0.039965 0.000813961
186.8 0.0391588 0.000781835
187.2 0.0382889 0.000749612
187.6 0.0373537 0.0007176
188 0.0363527 0.000686107
188.4 0.0352861 0.000655432
188.8 0.0341551 0.000625867
189.2 0.0329617 0.000597681
189.6 0.031709 0.000571124
190 0.0304008 0.000546419
190.4 0.0290418 0.000523753
190.8 0.0276377 0.000503284
191.2 0.0261946 0.000485128
191.6 0.0247197 0.000469363
192 0.0232206 0.000456029
192.4 0.0217054 0.000445123
192.8 0.0201828 0.000436603
193.2 0.0186619 0.000430393
193.6 0.0171519 0.000426377
194 0.0156625 0.000424411
194.4 0.014203 0.000424321
194.8 0.0127832 0.000425909
195.2 0.0114123 0.00042896
195.6 0.0100996 0.00043324
196 0.00885393 0.00043851
196.4 0.0076836 0.000444524
196.8 0.00659648 0.000451036
197.2 0.00559977 0.000457807
197.6 0.00469995 0.000464606
198 0.00390266 0.000471216
198.4 0.0032127 0.000477436
198.8 0.00263389 0.000483087
199.2 0.00216908 0.000488012
199.6 0.00182006 0.000492078
200 0.00158753 0.000495181
200.4 0.00147114 0.000497241
200.8 0.0014694 0.00049821
201.2 0.00157974 0.000498063
201.6 0.00179854 0.000496806
202 0.00212112 0.00049447
202.4 0.00254183 0.00049111
202.8 0.00305411 0.000486806
203.2 0.00365052 0.000481657
203.6 0.00432288 0.000475781
204 0.00506236 0.000469312
204.4 0.00585954 0.0004624
204.8 0.00670458 0.000455203
205.2 0.00758729 0.000447886
205.6 0.00849729 0.000440623
206 0.00942412 0.000433585
206.4 0.0103574 0.000426945
206.8 0.0112868 0.000420872
207.2 0.0122024 0.000415528
207.6 0.0130946 0.000411066
208 0.0139544 0.000407627
208.4 0.0147733 0.000405339
208.8 0.0155436 0.000404312
209.2 0.0162582 0.00040464
209.6 0.0169109 0.000406394
210 0.0174965 0.000409627
210.4 0.0180104 0.000414366
210.8 0.0184492 0.000420618
211.2 0.0188102 0.000428361
211.6 0.0190919 0.000437553
212 0.0192933 0.000448125
212.4 0.0194146 0.000459983
212.8 0.0194567 0.000473012
213.2 0.0194211 0.000487072
213.6 0.0193103 0.000502004
214 0.0191272 0.000517629
214.4 0.0188754 0.000533753
214.8 0.018559 0.000550166
215.2 0.0181823 0.000566648
215.6 0.0177502 0.00058297
216 0.0172679 0.0005989
216.4 0.0167406 0.000614203
216.8 0.0161739 0.000628648
217.2 0.0155732 0.00064201
217.6 0.0149443 0.000654074
218 0.0142928 0.00066464
218.4 0.0136244 0.000673523
218.8 0.0129445 0.000680562
219.2 0.0122587 0.000685617
219.6 0.0115724 0.000688577
220 0.0108909 0.000689358
220.4 0.0102195 0.000687909
220.8 0.00956312 0.000684209
221.2 0.00892687 0.000678273
221.6 0.00831556 0.000670147
222 0.00773396 0.000659912
222.4 0.00718668 0.000647682
222.8 0.00667822 0.000633601
223.2 0.00621296 0.000617845
223.6 0.00579511 0.000600615
224 0.00542875 0.000582137
224.4 0.00511775 0.000562659
224.8 0.00486579 0.000542447
225.2 0.0046763 0.000521779
225.6 0.00455245 0.000500945
226 0.00449709 0.00048024
226.4 0.00451274 0.000459959
226.8 0.00460151 0.000440395
227.2 0.00476508 0.000421833
227.6 0.00500466 0.000404549
228 0.00532095 0.000388799
228.4 0.00571411 0.000374824
228.8 0.00618368 0.000362841
229.2 0.00672863 0.00035304
229.6 0.00734729 0.000345587
230 0.00803735 0.000340612
230.4 0.00879585 0.000338219
230.8 0.00961921 0.000338474
231.2 0.0105032 0.000341411
231.6 0.0114431 0.000347031
232 0.0124334 0.000355297
232.4 0.0134684 0.000366142
232.8 0.0145416 0.000379465
233.2 0.0156464 0.000395134
233.6 0.0167758 0.000412988
234 0.0179223 0.00043284
234.4 0.0190784 0.000454477
234.8 0.0202367 0.000477666
235.2 0.0213895 0.000502153
235.6 0.0225293 0.000527671
236 0.0236487 0.000553942
236.4 0.0247406 0.000580676
236.8 0.0257981 0.000607581
237.2 0.0268147 0.000634363
237.6 0.0277844 0.00066073
238 0.0287017 0.000686396
238.4 0.0295615 0.000711086
238.8 0.0303594 0.000734534
239.2 0.0310915 0.000756492
239.6 0.0317544 0.000776731
240 0.0323456 0.000795041
240.4 0.032863 0.000811236
240.8 0.0333051 0.000825157
241.2 0.033671 0.00083667
241.6 0.0339603 0.000845671
242 0.0341733 0.000852083
242.4 0.0343105 0.000855862
242.8 0.034373 0.000856991
243.2 0.0343624 0.000855483
243.6 0.0342803 0.000851382
244 0.0341289 0.000844759
244.4 0.0339105 0.000835709
244.8 0.0336277 0.000824355
245.2 0.0332832 0.00081084
245.6 0.0328797 0.000795328
246 0.0324202 0.000778
246.4 0.0319076 0.000759052
246.8 0.0313448 0.00073869
247.2 0.0307347 0.00071713
247.6 0.0300803 0.000694591
248 0.0293844 0.000671295
248.4 0.0286496 0.000647463
248.8 0.0278786 0.000623309
249.2 0.027074 0.000599044
249.6 0.0262382 0.000574865
250 0.0253735 0.000550958
250.4 0.0244821 0.000527497
250.8 0.023566 0.000504637
251.2 0.0226273 0.000482518
251.6 0.0216678 0.000461259
252 0.0206893 0.000440961
252.4 0.0196933 0.000421708
252.8 0.0186815 0.000403563
253.2 0.0176553 0.00038657
253.6 0.0166163 0.000370757
254 0.0155657 0.000356135
254.4 0.0145049 0.000342699
254.8 0.0134354 0.000330431
255.2 0.0123584 0.000319303
255.6 0.0112756 0.000309275
256 0.0101884 0.000300301
256.4 0.00909847 0.000292329
256.8 0.00800778 0.000285302
257.2 0.00691835 0.000279163
257.6 0.00583252 0.000273855
258 0.0047529 0.000269321
258.4 0.00368248 0.000265511
258.8 0.0026246 0.000262376
259.2 0.00158304 0.000259876
259.6 0.000562044 0.000257977
260 -0.000433678 0.000256651
260.4 -0.00139889 0.000255881
260.8 -0.00232784 0.000255657
261.2 -0.00321426 0.000255979
261.6 -0.00405134 0.000256855
262 -0.0048318 0.000258303
262.4 -0.0055479 0.000260348
262.8 -0.00619149 0.000263026
263.2 -0.00675407 0.000266377
263.6 -0.0072269 0.000270451
264 -0.00760107 0.000275305
264.4 -0.00786762 0.000281
264.8 -0.00801767 0.000287604
265.2 -0.00804258 0.000295189
265.6 -0.00793404 0.000303831
266 -0.00768431 0.000313609
266.4 -0.00728632 0.000324603
266.8 -0.00673387 0.000336895
267.2 -0.00602181 0.000350564
267.6 -0.00514617 0.000365691
268 -0.00410436 0.00038235
268.4 -0.00289528 0.000400612
268.8 -0.0015195 0.00042054
269.2 2.06639e-05 0.000442187
269.6 0.00172103 0.000465597
270 0.00357547 0.000490798
270.4 0.00557589 0.000517803
270.8 0.00771219 0.000546606
271.2 0.00997229 0.000577178
271.6 0.0123422 0.000609467
272 0.014806 0.000643395
272.4 0.017346 0.000678851
272.8 0.0199432 0.000715695
273.2 0.0225769 0.000753754
273.6 0.0252252 0.000792816
274 0.0278653 0.000832635
274.4 0.0304739 0.000872926
274.8 0.0330269 0.000913369
275.2 0.0355005 0.000953605
275.6 0.0378706 0.000993239
276 0.040114 0.00103185
276.4 0.0422082 0.00106897
276.8 0.0441318 0.00110412
277.2 0.045865 0.00113681
277.6 0.0473895 0.0011665
278 0.0486891 0.00119267
278.4 0.04975 0.00121479
278.8 0.0505606 0.00123232
279.2 0.0511122 0.00124477
279.6 0.0513986 0.00125162
280 0.0514167 0.00125244
280.4 0.0511662 0.00124678
280.8 0.0506499 0.00123429
281.2 0.0498734 0.00121465
281.6 0.0488452 0.00118759
282 0.0475765 0.00115295
282.4 0.0460811 0.00111062
282.8 0.0443751 0.00106057
283.2 0.0424768 0.00100289
283.6 0.0404064 0.000937726
284 0.0381856 0.000865328
284.4 0.0358375 0.00078604
284.8 0.0333861 0.000700293
285.2 0.0308559 0.000608607
285.6 0.0282718 0.000511583
286 0.0256587 0.000409898
286.4 0.0230408 0.000304298
286.8 0.0204419 0.000195587
287.2 0.0178846 8.46203e-05
287.6 0.0153903 -2.77108e-05
288 0.0129788 -0.000140488
288.4 0.0106681 -0.00025278
288.8 0.00847425 -0.000363654
289.2 0.00641121 -0.000472192
289.6 0.00449073 -0.0005775
290 0.00272222 -0.000678724
290.4 0.00111279 -0.000775058
290.8 -0.000332796 -0.00086576
291.2 -0.00161205 -0.00095016
291.6 -0.00272472 -0.00102767
292 -0.00367265 -0.00109778
292.4 -0.00445964 -0.0011601
292.8 -0.00509132 -0.00121431
293.2 -0.00557494 -0.00126021
293.6 -0.00591915 -0.00129769
294 -0.00613384 -0.00132676
294.4 -0.00622985 -0.00134752
294.8 -0.00621879 -0.00136016
295.2 -0.00611279 -0.00136496
295.6 -0.00592428 -0.00136229
296 -0.00566576 -0.00135261
296.4 -0.00534963 -0.0013364
296.8 -0.00498797 -0.00131425
297.2 -0.00459236 -0.00128675
297.6 -0.00417378 -0.00125455
298 -0.00374241 -0.00121832
298.4 -0.00330758 -0.00117871
298.8 -0.00287764 -0.00113642
299.2 -0.00245995 -0.00109211
299.6 -0.00206077 -0.00104641
300 -0.00168534 -0.000999945
300.4 -0.00133781 -0.000953286
300.8 -0.00102128 -0.000906966
301.2 -0.000737884 -0.000861466
301.6 -0.000488812 -0.000817213
302 -0.000274393 -0.000774573
302.4 -9.41855e-05 -0.000733856
302.8 5.29367e-05 -0.000695307
303.2 0.000168682 -0.000659115
303.6 0.00025524 -0.000625407
304 0.000315181 -0.000594255
304.4 0.000351354 -0.000565679
304.8 0.000366791 -0.000539651
305.2 0.000364612 -0.0005161
305.6 0.000347948 -0.000494918
306 0.000319855 -0.000475963
306.4 0.000283257 -0.00045907
306.8 0.000240883 -0.000444053
307.2 0.000195226 -0.000430715
307.6 0.000148504 -0.000418848
308 0.000102639 -0.000408243
308.4 5.92401e-05 -0.000398696
308.8 1.96011e-05 -0.000390006
309.2 -1.52969e-05 -0.000381988
309.6 -4.47729e-05 -0.000374466
310 -6.84266e-05 -0.000367286
310.4 -8.61148e-05 -0.00036031
310.8 -9.79219e-05 -0.00035342
311.2 -0.000104128 -0.000346522
311.6 -0.000105174 -0.000339538
312 -0.000101628 -0.000332415
312.4 -9.41496e-05 -0.000325116
312.8 -8.34568e-05 -0.000317624
313.2 -7.02938e-05 -0.000309936
313.6 -5.54024e-05 -0.000302066
314 -3.94971e-05 -0.000294038
314.4 -2.32432e-05 -0.000285885
314.8 -7.23874e-06 -0.000277649
315.2 7.99817e-06 -0.000269377
315.6 2.2039e-05 -0.000261117
316 3.45495e-05 -0.000252918
316.4 4.52917e-05 -0.000244831
316.8 5.41205e-05 -0.000236899
317.2 6.09797e-05 -0.000229166
317.6 6.58928e-05 -0.000221669
318 6.89539e-05 -0.000214437
318.4 7.03157e-05 -0.000207495
318.8 7.01767e-05 -0.000200861
319.2 6.87686e-05 -0.000194546
319.6 6.63432e-05 -0.000188554
320 6.31594e-05 -0.000182885
320.4 5.9472e-05 -0.000177531
320.8 5.55212e-05 -0.000172481
321.2 5.15235e-05 -0.000167719
321.6 4.76647e-05 -0.000163229
322 4.40947e-05 -0.000158988
322.4 4.09237e-05 -0.000154975
322.8 3.82208e-05 -0.000151169
323.2 3.60144e-05 -0.000147547
323.6 3.4294e-05 -0.00014409
324 3.30136e-05 -0.000140777
324.4 3.20961e-05 -0.000137591
324.8 3.14394e-05 -0.000134519
325.2 3.09225e-05 -0.000131546
325.6 3.04122e-05 -0.000128665
326 2.97701e-05 -0.000125867
326.4 2.88597e-05 -0.000123147
326.8 2.75524e-05 -0.000120504
327.2 2.57339e-05 -0.000117936
327.6 2.33088e-05 -0.000115445
328 2.02052e-05 -0.000113032
328.4 1.63775e-05 -0.0001107
328.8 1.18088e-05 -0.000108452
329.2 6.5113e-06 -0.000106291
329.6 5.26467e-07 -0.00010422
330 -6.07649e-06 -0.000102239
330.4 -1.32028e-05 -0.000100351
330.8 -2.07356e-05 -9.85532e-05
331.2 -2.85392e-05 -9.68446e-05
331.6 -3.64643e-05 -9.52217e-05
332 -4.43522e-05 -9.36792e-05
332.4 -5.20406e-05 -9.22109e-05
332.8 -5.93678e-05 -9.08089e-05
333.2 -6.61784e-05 -8.94643e-05
333.6 -7.23277e-05 -8.81675e-05
334 -7.7686e-05 -8.69079e-05
334.4 -8.21422e-05 -8.56746e-05
334.8 -8.56069e-05 -8.44569e-05
335.2 -8.80148e-05 -8.32438e-05
335.6 -8.93259e-05 -8.20254e-05
336 -8.95264e-05 -8.0792e-05
336.4 -8.86286e-05 -7.95353e-05
336.8 -8.667e-05 -7.8248e-05
337.2 -8.37117e-05 -7.69245e-05
337.6 -7.98363e-05 -7.55604e-05
338 -7.5145e-05 -7.41532e-05
338.4 -6.97546e-05 -7.27017e-05
338.8 -6.37937e-05 -7.12067e-05
339.2 -5.73995e-05 -6.96705e-05
339.6 -5.07134e-05 -6.80967e-05
340 -4.38777e-05 -6.64905e-05
340.4 -3.70317e-05 -6.48579e-05
340.8 -3.03085e-05 -6.32064e-05
341.2 -2.3832e-05 -6.15438e-05
341.6 -1.77141e-05 -5.98788e-05
342 -1.20526e-05 -5.822e-05
342.4 -6.92966e-06 -5.65766e-05
342.8 -2.41035e-06 -5.49572e-05
343.2 1.45762e-06 -5.33703e-05
343.6 4.64415e-06 -5.18239e-05
344 7.13637e-06 -5.03253e-05
344.4 8.93776e-06 -4.88809e-05
344.8 1.00669e-05 -4.74962e-05
345.2 1.05559e-05 -4.6176e-05
345.6 1.04487e-05 -4.49237e-05
346 9.79859e-06 -4.3742e-05
346.4 8.66667e-06 -4.26325e-05
346.8 7.11918e-06 -4.15958e-05
347.2 5.2255e-06 -4.06317e-05
347.6 3.05606e-06 -3.97392e-05
348 6.80318e-07 -3.89167e-05
348.4 -1.83492e-06 -3.81619e-05
348.8 -4.42705e-06 -3.74722e-05
349.2 -7.03898e-06 -3.68446e-05
349.6 -9.62003e-06 -3.6276e-05
350 -1.21267e-05 -3.5763e-05
350.4 -1.4523e-05 -3.53026e-05
350.8 -1.67807e-05 -3.48914e-05
351.2 -1.88792e-05 -3.45266e-05
351.6 -2.08052e-05 -3.42053e-05
352 -2.25518e-05 -3.39252e-05
352.4 -2.41186e-05 -3.36839e-05
352.8 -2.55102e-05 -3.34795e-05
353.2 -2.67355e-05 -3.33102e-05
353.6 -2.7807e-05 -3.31744e-05
354 -2.87398e-05 -3.30708e-05
354.4 -2.95502e-05 -3.2998e-05
354.8 -3.02558e-05 -3.29546e-05
355.2 -3.08741e-05 -3.29392e-05
355.6 -3.14217e-05 -3.29502e-05
356 -3.19146e-05 -3.29859e-05
356.4 -3.2367e-05 -3.3044e-05
356.8 -3.27913e-05 -3.31221e-05
357.2 -3.31981e-05 -3.32173e-05
357.6 -3.3596e-05 -3.33262e-05
358 -3.39918e-05 -3.34449e-05
358.4 -3.43904e-05 -3.35692e-05
358.8 -3.47951e-05 -3.36942e-05
359.2 -3.52082e-05 -3.38146e-05
359.6 -3.56306e-05 -3.3925e-05
360 -3.60629e-05 -3.40192e-05
360.4 -3.65049e-05 -3.40912e-05
360.8 -3.69564e-05 -3.41346e-05
361.2 -3.74169e-05 -3.41431e-05
361.6 -3.78864e-05 -3.41104e-05
362 -3.83648e-05 -3.40304e-05
362.4 -3.88524e-05 -3.38976e-05
362.8 -3.93495e-05 -3.37065e-05
363.2 -3.98566e-05 -3.34525e-05
363.6 -4.03742e-05 -3.31317e-05
364 -4.09022e-05 -3.27408e-05
364.4 -4.14404e-05 -3.22776e-05
364.8 -4.19877e-05 -3.17407e-05
365.2 -4.25419e-05 -3.11297e-05
365.6 -4.30998e-05 -3.04453e-05
366 -4.36567e-05 -2.96892e-05
366.4 -4.42065e-05 -2.88642e-05
366.8 -4.47412e-05 -2.79739e-05
367.2 -4.52515e-05 -2.70231e-05
367.6 -4.57261e-05 -2.60174e-05
368 -4.61525e-05 -2.49631e-05
368.4 -4.65165e-05 -2.38672e-05
368.8 -4.68032e-05 -2.27373e-05
369.2 -4.69966e-05 -2.15814e-05
369.6 -4.70804e-05 -2.04079e-05
370 -4.70384e-05 -1.92251e-05
370.4 -4.68545e-05 -1.80416e-05
370.8 -4.6514e-05 -1.68656e-05
371.2 -4.60032e-05 -1.57052e-05
371.6 -4.53104e-05 -1.45682e-05
372 -4.4426e-05 -1.34616e-05
372.4 -4.33432e-05 -1.2392e-05
372.8 -4.20579e-05 -1.13655e-05
373.2 -4.05694e-05 -1.0387e-05
373.6 -3.88801e-05 -9.46092e-06
374 -3.69961e-05 -8.59084e-06
374.4 -3.49268e-05 -7.77941e-06
374.8 -3.26847e-05 -7.02845e-06
375.2 -3.02856e-05 -6.33901e-06
375.6 -2.77483e-05 -5.71133e-06
376 -2.50939e-05 -5.14493e-06
376.4 -2.23456e-05 -4.63868e-06
376.8 -1.95284e-05 -4.19083e-06
377.2 -1.66682e-05 -3.79911e-06
377.6 -1.37917e-05 -3.46083e-06
378 -1.09256e-05 -3.17293e-06
378.4 -8.09631e-06 -2.93205e-06
378.8 -5.32904e-06 -2.73466e-06
379.2 -2.64782e-06 -2.57709e-06
379.6 -7.47793e-08 -2.4556e-06
380 2.37008e-06 -2.36647e-06
380.4 4.66921e-06 -2.30599e-06
380.8 6.80772e-06 -2.27058e-06
381.2 8.7735e-06 -2.25675e-06
381.6 1.05573e-05 -2.26116e-06
382 1.21527e-05 -2.28062e-06
382.4 1.35559e-05 -2.3121e-06
382.8 1.47659e-05 -2.35273e-06
383.2 1.57838e-05 -2.39979e-06
383.6 1.6613e-05 -2.45071e-06
384 1.72586e-05 -2.50303e-06
384.4 1.77274e-05 -2.55444e-06
384.8 1.80271e-05 -2.60268e-06
385.2 1.81664e-05 -2.64563e-06
385.6 1.81547e-05 -2.68122e-06
386 1.80014e-05 -2.70748e-06
386.4 1.77162e-05 -2.72249e-06
386.8 1.73084e-05 -2.72445e-06
387.2 1.67871e-05 -2.71162e-06
387.6 1.61609e-05 -2.68242e-06
388 1.5438e-05 -2.63536e-06
388.4 1.4626e-05 -2.56913e-06
388.8 1.37319e-05 -2.48261e-06
389.2 1.27625e-05 -2.37491e-06
389.6 1.17242e-05 -2.24536e-06
390 1.06231e-05 -2.0936e-06
390.4 9.46562e-06 -1.91957e-06
390.8 8.25801e-06 -1.72356e-06
391.2 7.00699e-06 -1.5062e-06
391.6 5.71974e-06 -1.2685e-06
392 4.40399e-06 -1.01184e-06
392.4 3.06824e-06 -7.37979e-07
392.8 1.72171e-06 -4.49052e-07
393.2 3.74473e-07 -1.47533e-07
393.6 -9.62594e-07 1.63775e-07
394 -2.27786e-06 4.81787e-07
394.4 -3.55904e-06 8.03173e-07
394.8 -4.79328e-06 1.12441e-06
395.2 -5.96742e-06 1.44183e-06
395.6 -7.06809e-06 1.7517e-06
396 -8.08202e-06 2.05028e-06
396.4 -8.99627e-06 2.33386e-06
396.8 -9.79843e-06 2.59886e-06
397.2 -1.0477e-05 2.8419e-06
397.6 -1.10214e-05 3.05982e-06
398 -1.14225e-05 3.24976e-06
398.4 -1.16726e-05 3.40922e-06
398.8 -1.17657e-05 3.53609e-06
399.2 -1.16975e-05 3.62869e-06
399.6 -1.14657e-05 3.68577e-06
400 -1.10697e-05 3.70657e-06
