-0.498 1.90922e-06 1.1223e-06
-0.496 -8.91526e-07 2.72426e-06
-0.494 -2.27169e-05 2.65937e-06
-0.492 -7.34007e-05 -2.00773e-07
-0.49 -0.000153031 -5.81184e-06
-0.488 -0.00025194 -1.31169e-05
-0.486 -0.000355338 -2.03616e-05
-0.484 -0.000449203 -2.53506e-05
-0.482 -0.000523182 -2.55051e-05
-0.48 -0.000568406 -1.77475e-05
-0.478 -0.000571969 1.58189e-06
-0.476 -0.000512954 3.64576e-05
-0.474 -0.000365252 9.02645e-05
-0.472 -0.000109415 0.000164202
-0.47 0.000249432 0.000255329
-0.468 0.000665536 0.000354929
-0.466 0.00104763 0.000448019
-0.464 0.00127142 0.000514595
-0.462 0.00120972 0.000532701
-0.46 0.00077399 0.000482745
-0.458 -4.48425e-05 0.000351873
-0.456 -0.00115172 0.000137019
-0.454 -0.00235329 -0.000154473
-0.452 -0.0033999 -0.000506978
-0.45 -0.00405589 -0.000900787
-0.448 -0.00417855 -0.00131682
-0.446 -0.00377898 -0.00173995
-0.444 -0.00303817 -0.0021594
-0.442 -0.00226172 -0.00256571
-0.44 -0.00177947 -0.00294538
-0.438 -0.001822 -0.00327548
-0.436 -0.00241863 -0.00352075
-0.434 -0.00335539 -0.00363504
-0.432 -0.00421322 -0.00356797
-0.43 -0.00448377 -0.00327603
-0.428 -0.00373518 -0.00273596
-0.426 -0.00177939 -0.00195683
-0.424 0.00121312 -0.0009866
-0.422 0.00469363 8.95549e-05
-0.42 0.00783144 0.00115993
-0.418 0.00971787 0.00210384
-0.416 0.00963037 0.00281191
-0.414 0.00727385 0.00320419
-0.412 0.00291121 0.00324139
-0.41 -0.00267016 0.00292682
-0.408 -0.00835525 0.00229889
-0.406 -0.0130089 0.00141698
-0.404 -0.0158018 0.000344979
-0.402 -0.0164486 -0.000862442
-0.4 -0.0152742 -0.00216652
-0.398 -0.0130832 -0.00354213
-0.396 -0.0108747 -0.00496738
-0.394 -0.0094902 -0.00640883
-0.392 -0.00931103 -0.00780777
-0.39 -0.0101121 -0.00907365
-0.388 -0.0111367 -0.0100885
-0.386 -0.0113726 -0.0107227
-0.384 -0.00993555 -0.010859
-0.382 -0.00642314 -0.0104172
-0.38 -0.00111656 -0.00937301
-0.378 0.0050438 -0.00776538
-0.376 0.0107169 -0.00568926
-0.374 0.0145937 -0.00327609
-0.372 0.0158815 -0.000666708
-0.37 0.0146709 0.00201528
-0.368 0.0120188 0.0046823
-0.366 0.00965871 0.0072888
-0.364 0.00938643 0.00982468
-0.362 0.0123166 0.0123003
-0.36 0.0182903 0.0147301
-0.358 0.0256972 0.0171215
-0.356 0.0318353 0.0194719
-0.354 0.033725 0.0217757
-0.352 0.029108 0.0240352
-0.35 0.0173045 0.0262705
-0.348 -0.000332294 0.0285203
-0.346 -0.0205124 0.0308319
-0.344 -0.038687 0.0332401
-0.342 -0.0502049 0.0357404
-0.34 -0.051675 0.038266
-0.338 -0.0421365 0.0406775
-0.336 -0.0236275 0.042771
-0.334 -0.000887766 0.0443029
-0.332 0.0198197 0.0450279
-0.33 0.0324793 0.0447395
-0.328 0.0331586 0.0433051
-0.326 0.0213174 0.0406839
-0.324 0.000156363 0.0369257
-0.322 -0.0241392 0.0321502
-0.32 -0.0440912 0.0265166
-0.318 -0.0531077 0.0201917
-0.316 -0.0475192 0.0133296
-0.314 -0.0278348 0.00606694
-0.312 0.00121523 -0.00146507
-0.31 0.0319113 -0.00911771
-0.308 0.0557228 -0.0166992
-0.306 0.065801 -0.0239576
-0.304 0.0590401 -0.0305823
-0.302 0.0370783 -0.0362297
-0.3 0.00592461 -0.0405706
-0.298 -0.0256999 -0.043347
-0.296 -0.0488548 -0.044421
-0.294 -0.0570216 -0.0438011
-0.292 -0.0481308 -0.0416366
-0.29 -0.0253244 -0.0381827
-0.288 0.00386049 -0.0337487
-0.286 0.0297132 -0.0286428
-0.284 0.0433124 -0.0231302
-0.282 0.0392916 -0.0174137
-0.28 0.017513 -0.0116384
-0.278 -0.0168848 -0.00591468
-0.276 -0.0550742 -0.000347841
-0.274 -0.0872557 0.00494161
-0.272 -0.10566 0.00981666
-0.27 -0.106915 0.0141444
-0.268 -0.0930538 0.01783
-0.266 -0.0708284 0.0208491
-0.264 -0.0495072 0.0232654
-0.262 -0.0378003 0.0252263
-0.26 -0.0408699 0.0269348
-0.258 -0.0584103 0.0286031
-0.256 -0.084474 0.0303968
-0.254 -0.109188 0.0323848
-0.252 -0.121885 0.0345106
-0.25 -0.114707 0.0365978
-0.248 -0.0855189 0.0383924
-0.246 -0.0391963 0.0396289
-0.244 0.0132393 0.040102
-0.242 0.0574557 0.0397203
-0.24 0.079849 0.0385242
-0.238 0.0716134 0.0366633
-0.236 0.0316395 0.0343357
-0.234 -0.0326498 0.0317114
-0.232 -0.106858 0.0288625
-0.23 -0.173236 0.0257263
-0.228 -0.215409 0.0221157
-0.226 -0.222828 0.0177794
-0.224 -0.193614 0.012495
-0.222 -0.134972 0.00616664
-0.22 -0.061114 -0.0011063
-0.218 0.0106284 -0.00901101
-0.216 0.0643869 -0.0170566
-0.214 0.0898138 -0.0246525
-0.212 0.0845741 -0.031207
-0.21 0.0546416 -0.036221
-0.208 0.0123132 -0.0393521
-0.206 -0.0275313 -0.0404353
-0.204 -0.0518573 -0.0394627
-0.202 -0.0532426 -0.0365346
-0.2 -0.0318211 -0.0318025
-0.198 0.00512805 -0.0254259
-0.196 0.0456719 -0.0175613
-0.194 0.0769058 -0.00838515
-0.192 0.0886768 0.00185631
-0.19 0.0763184 0.0127946
-0.188 0.0417428 0.0239084
-0.186 -0.00726264 0.034536
-0.184 -0.0592399 0.0439387
-0.182 -0.10214 0.0514034
-0.18 -0.126452 0.0563564
-0.178 -0.127497 0.058454
-0.176 -0.106237 0.0576243
-0.174 -0.0684108 0.054051
-0.172 -0.0224692 0.0481074
-0.17 0.0228709 0.04026
-0.168 0.060671 0.0309675
-0.166 0.086939 0.0206065
-0.164 0.100795 0.00944601
-0.162 0.103784 -0.00232243
-0.16 0.0987068 -0.0145111
-0.158 0.0884427 -0.0268544
-0.156 0.0752023 -0.0389597
-0.154 0.0603619 -0.0503245
-0.152 0.0447844 -0.060423
-0.15 0.0293509 -0.0688332
-0.148 0.0153967 -0.0753584
-0.146 0.00477953 -0.0800957
-0.144 -0.000545567 -0.0834231
-0.142 0.000656922 -0.0859032
-0.14 0.00803973 -0.0881205
-0.138 0.0192221 -0.0904905
-0.136 0.0301165 -0.0930882
-0.134 0.036078 -0.0955444
-0.132 0.0335034 -0.097045
-0.13 0.0212392 -0.0964395
-0.128 0.00123664 -0.0924349
-0.126 -0.0217503 -0.0838254
-0.124 -0.0412846 -0.0696971
-0.122 -0.050882 -0.0495604
-0.12 -0.0458463 -0.0233866
-0.118 -0.0249596 0.00844633
-0.116 0.0084062 0.0452648
-0.114 0.046262 0.0862164
-0.112 0.0774364 0.130345
-0.11 0.0903903 0.176599
-0.108 0.0766459 0.223768
-0.106 0.0335871 0.270394
-0.104 -0.0344666 0.314698
-0.102 -0.117269 0.354576
-0.1 -0.20123 0.387711
-0.098 -0.272563 0.411795
-0.096 -0.320066 0.424829
-0.094 -0.336968 0.42543
-0.092 -0.32172 0.413088
-0.09 -0.277806 0.388292
-0.088 -0.212761 0.35252
-0.086 -0.136546 0.30808
-0.084 -0.0595609 0.257856
-0.082 0.0092668 0.205015
-0.08 0.0637877 0.15274
-0.078 0.100963 0.104027
-0.076 0.120216 0.0615703
-0.074 0.122257 0.0277285
-0.072 0.108104 0.00454476
-0.07 0.0789195 -0.00622744
-0.068 0.0367107 -0.00314609
-0.066 -0.0146695 0.0148154
-0.064 -0.0690472 0.0480897
-0.062 -0.118471 0.0963168
-0.06 -0.154712 0.158208
-0.058 -0.171237 0.231553
-0.056 -0.165019 0.313412
-0.054 -0.137626 0.400478
-0.052 -0.0952441 0.489548
-0.05 -0.0475472 0.577996
-0.048 -0.00562072 0.664168
-0.046 0.0206459 0.747596
-0.044 0.0250534 0.829018
-0.042 0.00670639 0.910191
-0.04 -0.0299008 0.993563
-0.038 -0.0764742 1.08187
-0.036 -0.123651 1.17779
-0.034 -0.163891 1.28367
-0.032 -0.193536 1.40143
-0.03 -0.213342 1.5325
-0.028 -0.227166 1.67789
-0.026 -0.238982 1.83811
-0.024 -0.249082 2.0131
-0.022 -0.250951 2.20204
-0.02 -0.230462 2.40308
-0.018 -0.168236 2.61313
-0.016 -0.044694 2.82776
-0.014 0.153736 3.04127
-0.012 0.429077 3.24693
-0.01 0.768453 3.43745
-0.008 1.14383 3.6055
-0.006 1.51514 3.74432
-0.004 1.83631 3.84812
-0.002 2.06338 3.91253
0 2.16312 3.93478
0.002 2.12059 3.91385
0.004 1.94324 3.85061
0.006 1.6599 3.74773
0.008 1.31429 3.60963
0.01 0.954967 3.44217
0.012 0.625156 3.25224
0.014 0.354975 3.04724
0.016 0.157762 2.83447
0.018 0.0306759 2.62063
0.02 -0.0410346 2.41132
0.022 -0.0775154 2.21087
0.024 -0.097501 2.02225
0.026 -0.113127 1.8472
0.028 -0.127626 1.68651
0.03 -0.136276 1.54023
0.032 -0.130119 1.40794
0.034 -0.101124 1.28884
0.036 -0.0469709 1.18171
0.038 0.0262961 1.08488
0.04 0.104697 0.99619
0.042 0.169742 0.913062
0.044 0.20381 0.832755
0.046 0.195795 0.752726
0.048 0.145137 0.671056
0.05 0.0627845 0.586818
0.052 -0.0313234 0.500301
0.054 -0.113435 0.413009
0.056 -0.162203 0.327432
0.058 -0.164174 0.246644
0.06 -0.117183 0.1738
0.062 -0.0308464 0.111669
0.064 0.0759219 0.0622803
0.066 0.179723 0.0267627
0.068 0.258549 0.00537516
0.07 0.297118 -0.00231773
0.072 0.290169 0.00278674
0.074 0.242826 0.0195279
0.076 0.168118 0.0465818
0.078 0.0826097 0.0824495
0.08 0.00158867 0.125366
0.082 -0.0647853 0.173192
0.084 -0.113306 0.223348
0.086 -0.14712 0.27286
0.088 -0.173121 0.318536
0.09 -0.198449 0.357262
0.092 -0.227364 0.386366
0.094 -0.2595 0.403947
0.096 -0.2899 0.409099
0.098 -0.310697 0.401956
0.1 -0.313835 0.383565
0.102 -0.293932 0.355614
0.104 -0.250432 0.320109
0.106 -0.188397 0.279071
0.108 -0.117674 0.234329
0.11 -0.0505745 0.187434
0.112 0.00132394 0.139693
0.114 0.0302601 0.0922893
0.116 0.0342026 0.0464145
0.118 0.0169684 0.00335022
0.12 -0.0133529 -0.0355569
0.122 -0.0469862 -0.0690267
0.124 -0.0751967 -0.0960411
0.126 -0.0924054 -0.116032
0.128 -0.0971897 -0.128996
0.13 -0.091966 -0.135501
0.132 -0.0815273 -0.136576
0.134 -0.0709709 -0.13351
0.136 -0.0637652 -0.127616
0.138 -0.0606532 -0.120013
0.14 -0.0597666 -0.111482
0.142 -0.0578507 -0.102431
0.144 -0.0520444 -0.0929558
0.146 -0.0414501 -0.0829794
0.148 -0.0278677 -0.0724087
0.15 -0.0154598 -0.0612615
0.152 -0.00949546 -0.0497207
0.154 -0.0145372 -0.0381067
0.156 -0.0325666 -0.0267876
0.158 -0.0616279 -0.0160686
0.16 -0.0955531 -0.00610694
0.162 -0.125076 0.00311246
0.164 -0.140175 0.0117312
0.166 -0.132995 0.0199196
0.168 -0.10039 0.0277663
0.17 -0.0452447 0.0351963
0.172 0.0238457 0.0419459
0.174 0.0943951 0.0476055
0.176 0.152826 0.0517191
0.178 0.187581 0.0539155
0.18 0.191896 0.0540311
0.182 0.165565 0.052184
0.184 0.115167 0.0487678
0.186 0.0525388 0.0443607
0.188 -0.00812753 0.0395755
0.19 -0.0537459 0.034901
0.192 -0.0753419 0.0305878
0.194 -0.0698332 0.0266149
0.196 -0.0402618 0.0227423
0.198 0.00537899 0.0186304
0.2 0.0562829 0.0139881
0.202 0.101377 0.00870416
0.204 0.131742 0.00292498
0.206 0.142436 -0.0029471
0.208 0.133314 -0.00833677
0.21 0.108597 -0.0126378
0.212 0.0753028 -0.0153731
0.214 0.0410883 -0.0163253
0.216 0.0122798 -0.0155967
0.218 -0.00730684 -0.0135821
0.22 -0.0166119 -0.0108645
0.222 -0.0168881 -0.00806518
0.224 -0.0109238 -0.00569335
0.226 -0.00218275 -0.00403341
0.228 0.00602014 -0.00310027
0.23 0.0112228 -0.00267145
0.232 0.0122628 -0.0023822
0.234 0.00932145 -0.0018506
0.236 0.00353988 -0.000792193
0.238 -0.00361874 0.000909201
0.24 -0.0109622 0.00319142
0.242 -0.0178707 0.00586174
0.244 -0.0242366 0.0086813
0.246 -0.030158 0.0114542
0.248 -0.0356025 0.0140909
0.25 -0.0402305 0.0166261
0.252 -0.0434531 0.0191895
0.254 -0.0446648 0.0219403
0.256 -0.04353 0.0249877
0.258 -0.0402112 0.0283218
0.26 -0.0354618 0.0317771
0.262 -0.0305299 0.0350409
0.264 -0.0268578 0.0377049
0.266 -0.0256308 0.0393462
0.268 -0.0273159 0.0396144
0.27 -0.0313628 0.0382977
0.272 -0.0361972 0.0353516
0.274 -0.0395403 0.0308831
0.276 -0.0389801 0.0251029
0.278 -0.0326352 0.0182672
0.28 -0.0197362 0.0106315
0.282 -0.00098091 0.00242981
0.284 0.0214341 -0.0061175
0.286 0.0441569 -0.0147775
0.288 0.0633679 -0.0232732
0.29 0.0756636 -0.0312631
0.292 0.0788934 -0.0383425
0.294 0.0727024 -0.0440721
0.296 0.0586282 -0.048031
0.298 0.0397358 -0.049883
0.3 0.0198957 -0.0494412
0.302 0.00289272 -0.0467111
0.304 -0.00842753 -0.041901
0.306 -0.012787 -0.0353931
0.308 -0.0107369 -0.0276849
0.31 -0.00446539 -0.0193153
0.312 0.00283563 -0.0107964
0.314 0.00788634 -0.00256407
0.316 0.00823926 0.00504598
0.318 0.00292279 0.0117998
0.32 -0.00735393 0.0175512
0.322 -0.0204416 0.0222211
0.324 -0.0333355 0.0257778
0.326 -0.0429544 0.0282253
0.328 -0.0469412 0.0296012
0.33 -0.0442993 0.0299846
0.332 -0.0356858 0.029504
0.334 -0.0232472 0.0283396
0.336 -0.01002 0.0267126
0.338 0.000919241 0.0248621
0.34 0.00726862 0.0230148
0.342 0.00802237 0.0213551
0.344 0.0035827 0.0200033
0.346 -0.0044909 0.0190075
0.348 -0.0139558 0.0183482
0.35 -0.0224453 0.0179558
0.352 -0.0280111 0.0177327
0.354 -0.0295531 0.017576
0.356 -0.0270308 0.0173948
0.358 -0.0213741 0.0171183
0.36 -0.014108 0.0166953
0.362 -0.00683167 0.0160879
0.364 -0.00076044 0.0152646
0.366 0.00350766 0.0141977
0.368 0.0059626 0.012866
0.37 0.00697165 0.0112638
0.372 0.00701609 0.00941175
0.374 0.00647532 0.00736535
0.376 0.0055022 0.00521817
0.378 0.00400182 0.00309518
0.38 0.00171747 0.00113703
0.382 -0.00158978 -0.000522222
0.384 -0.00592398 -0.00177857
0.386 -0.0108957 -0.0025767
0.388 -0.0157165 -0.00291903
0.39 -0.0193808 -0.00286261
0.392 -0.0209795 -0.00250482
0.394 -0.0200207 -0.00196177
0.396 -0.0166252 -0.00134521
0.398 -0.0115285 -0.000743795
0.4 -0.00589733 -0.000213202
0.402 -0.00102751 0.000223472
0.404 0.00198925 0.000566838
0.406 0.00254918 0.000828502
0.408 0.000701752 0.00101944
0.41 -0.00285473 0.00114282
0.412 -0.00696464 0.0011926
0.414 -0.0103529 0.00115724
0.416 -0.0120068 0.0010267
0.418 -0.0114723 0.000800064
0.42 -0.00896383 0.00049067
0.422 -0.00526173 0.000126671
0.424 -0.0014496 -0.000253552
0.426 0.00141252 -0.000609701
0.428 0.00258229 -0.000908656
0.43 0.00182478 -0.00113114
0.432 -0.000542237 -0.00127388
0.434 -0.00375577 -0.00134729
0.436 -0.00683978 -0.00137015
0.438 -0.00889507 -0.0013634
0.44 -0.00935646 -0.00134479
0.442 -0.0081366 -0.0013254
0.444 -0.00561605 -0.0013086
0.446 -0.00249391 -0.00129139
0.448 0.000440869 -0.00126737
0.45 0.00253786 -0.00123025
0.452 0.00344486 -0.00117651
0.454 0.00316365 -0.00110647
0.456 0.00200216 -0.00102372
0.458 0.000449841 -0.000933557
0.46 -0.000982352 -0.000841141
0.462 -0.0019096 -0.000750189
0.464 -0.00216538 -0.000662434
0.466 -0.00181411 -0.000577903
0.468 -0.00108911 -0.000495774
0.47 -0.000286973 -0.000415428
0.472 0.000338882 -0.000337269
0.474 0.000649458 -0.000262992
0.476 0.000638753 -0.000195239
0.478 0.000404225 -0.000136802
0.48 8.94744e-05 -8.97379e-05
0.482 -0.000175402 -5.47365e-05
0.484 -0.000314919 -3.09674e-05
0.486 -0.000320308 -1.63922e-05
0.488 -0.000234286 -8.37717e-06
0.49 -0.000120008 -4.36389e-06
0.492 -2.97837e-05 -2.37941e-06
0.494 1.35948e-05 -1.25215e-06
0.496 1.75863e-05 -5.15956e-07
0.498 6.01866e-06 -1.04323e-07
0.4 0.0413359 0.482585
0.8 0.0415493 0.482351
1.2 0.0419017 0.481964
1.6 0.0423883 0.481425
2 0.0430024 0.48074
2.4 0.0437358 0.479913
2.8 0.0445785 0.478951
3.2 0.0455194 0.47786
3.6 0.0465464 0.476649
4 0.0476461 0.475326
4.4 0.0488049 0.4739
4.8 0.0500085 0.472381
5.2 0.0512426 0.470779
5.6 0.0524932 0.469102
6 0.0537463 0.467363
6.4 0.0549887 0.465569
6.8 0.0562082 0.46373
7.2 0.0573932 0.461856
7.6 0.0585335 0.459955
8 0.0596203 0.458034
8.4 0.0606461 0.456101
8.8 0.0616047 0.45416
9.2 0.0624918 0.452217
9.6 0.0633043 0.450277
10 0.0640408 0.44834
10.4 0.0647013 0.44641
10.8 0.0652872 0.444487
11.2 0.0658011 0.442569
11.6 0.0662467 0.440655
12 0.0666287 0.438743
12.4 0.0669528 0.436828
12.8 0.0672252 0.434906
13.2 0.0674527 0.432971
13.6 0.0676421 0.431017
14 0.0678009 0.429039
14.4 0.067936 0.427028
14.8 0.0680547 0.424978
15.2 0.0681636 0.422882
15.6 0.0682691 0.420733
16 0.0683771 0.418524
16.4 0.0684928 0.416249
16.8 0.0686209 0.413903
17.2 0.0687654 0.41148
17.6 0.0689296 0.408977
18 0.0691162 0.406391
18.4 0.0693273 0.40372
18.8 0.0695643 0.400963
19.2 0.069828 0.398121
19.6 0.0701188 0.395195
20 0.0704368 0.392187
20.4 0.0707817 0.389102
20.8 0.0711527 0.385945
21.2 0.0715492 0.382722
21.6 0.0719703 0.379439
22 0.072415 0.376105
22.4 0.0728824 0.372728
22.8 0.0733716 0.369316
23.2 0.0738818 0.36588
23.6 0.0744123 0.362428
24 0.0749625 0.358969
24.4 0.0755318 0.355514
24.8 0.0761198 0.35207
25.2 0.0767261 0.348647
25.6 0.07735 0.345252
26 0.0779913 0.341891
26.4 0.0786491 0.338571
26.8 0.0793226 0.335297
27.2 0.0800107 0.332071
27.6 0.0807119 0.328897
28 0.0814244 0.325777
28.4 0.0821459 0.322709
28.8 0.0828735 0.319693
29.2 0.0836041 0.316728
29.6 0.0843337 0.313808
30 0.085058 0.310932
30.4 0.085772 0.308092
30.8 0.0864702 0.305284
31.2 0.0871467 0.302502
31.6 0.0877952 0.299739
32 0.0884089 0.296988
32.4 0.0889808 0.294243
32.8 0.0895038 0.291498
33.2 0.0899706 0.288746
33.6 0.0903741 0.285983
34 0.0907073 0.283204
34.4 0.0909634 0.280405
34.8 0.0911362 0.277585
35.2 0.0912198 0.274742
35.6 0.0912092 0.271875
36 0.0910999 0.268988
36.4 0.0908885 0.266082
36.8 0.0905725 0.263161
37.2 0.0901501 0.260232
37.6 0.0896208 0.257301
38 0.0889853 0.254375
38.4 0.0882452 0.251465
38.8 0.0874033 0.24858
39.2 0.0864633 0.24573
39.6 0.0854301 0.242927
40 0.0843098 0.240182
40.4 0.0831089 0.237508
40.8 0.0818351 0.234916
41.2 0.0804968 0.232417
41.6 0.079103 0.230021
42 0.077663 0.22774
42.4 0.0761869 0.225582
42.8 0.0746846 0.223555
43.2 0.0731666 0.221664
43.6 0.0716431 0.219917
44 0.0701243 0.218315
44.4 0.0686202 0.216861
44.8 0.0671404 0.215554
45.2 0.0656942 0.214392
45.6 0.0642905 0.213372
46 0.0629372 0.212488
46.4 0.0616421 0.211733
46.8 0.060412 0.211098
47.2 0.059253 0.210572
47.6 0.0581705 0.210144
48 0.0571691 0.209801
48.4 0.0562527 0.209528
48.8 0.0554244 0.20931
49.2 0.0546866 0.209134
49.6 0.0540408 0.208982
50 0.0534881 0.208839
50.4 0.0530286 0.208691
50.8 0.052662 0.20852
51.2 0.0523873 0.208314
51.6 0.052203 0.208059
52 0.0521071 0.207742
52.4 0.0520969 0.207353
52.8 0.0521695 0.206881
53.2 0.0523215 0.206318
53.6 0.0525491 0.205659
54 0.052848 0.204899
54.4 0.0532138 0.204035
54.8 0.0536416 0.203067
55.2 0.0541262 0.201994
55.6 0.0546622 0.200822
56 0.0552439 0.199553
56.4 0.0558652 0.198194
56.8 0.05652 0.196753
57.2 0.0572019 0.19524
57.6 0.0579041 0.193664
58 0.0586199 0.192037
58.4 0.0593425 0.19037
58.8 0.0600647 0.188676
59.2 0.0607795 0.186969
59.6 0.06148 0.18526
60 0.062159 0.183562
60.4 0.0628098 0.181888
60.8 0.0634256 0.180248
61.2 0.064 0.178653
61.6 0.0645268 0.177113
62 0.0650006 0.175636
62.4 0.0654159 0.174228
62.8 0.0657683 0.172893
63.2 0.0660537 0.171636
63.6 0.066269 0.170456
64 0.0664117 0.169355
64.4 0.0664802 0.168328
64.8 0.0664738 0.167371
65.2 0.066393 0.166479
65.6 0.0662391 0.165642
66 0.0660143 0.164851
66.4 0.0657222 0.164094
66.8 0.065367 0.163358
67.2 0.0649543 0.162629
67.6 0.0644905 0.161891
68 0.0639828 0.161129
68.4 0.0634396 0.160325
68.8 0.0628696 0.159463
69.2 0.0622826 0.158525
69.6 0.0616887 0.157495
70 0.0610985 0.156357
70.4 0.0605229 0.155094
70.8 0.0599729 0.153692
71.2 0.0594595 0.152138
71.6 0.0589936 0.15042
72 0.0585857 0.148528
72.4 0.058246 0.146453
72.8 0.0579837 0.144189
73.2 0.0578076 0.141733
73.6 0.0577253 0.139082
74 0.0577436 0.136237
74.4 0.0578678 0.1332
74.8 0.0581023 0.129979
75.2 0.0584498 0.126578
75.6 0.0589119 0.12301
76 0.0594884 0.119285
76.4 0.0601779 0.115417
76.8 0.0609773 0.111423
77.2 0.0618822 0.10732
77.6 0.0628867 0.103126
78 0.0639835 0.098861
78.4 0.065164 0.0945464
78.8 0.0664187 0.0902034
79.2 0.0677367 0.0858537
79.6 0.0691064 0.0815191
80 0.0705156 0.0772212
80.4 0.0719513 0.0729809
80.8 0.0734002 0.0688186
81.2 0.074849 0.0647534
81.6 0.0762841 0.0608033
82 0.0776923 0.0569848
82.4 0.0790607 0.0533126
82.8 0.0803772 0.0497999
83.2 0.0816301 0.0464575
83.6 0.082809 0.0432945
84 0.0839044 0.0403179
84.4 0.0849079 0.0375322
84.8 0.0858128 0.0349403
85.2 0.0866134 0.0325427
85.6 0.0873059 0.0303379
86 0.0878878 0.0283227
86.4 0.0883584 0.0264918
86.8 0.0887183 0.0248387
87.2 0.08897 0.0233551
87.6 0.0891172 0.0220316
88 0.0891653 0.0208578
88.4 0.0891207 0.0198225
88.8 0.0889914 0.0189138
89.2 0.0887862 0.0181194
89.6 0.0885147 0.0174271
90 0.0881876 0.0168246
90.4 0.0878157 0.0162998
90.8 0.0874104 0.0158412
91.2 0.0869831 0.0154378
91.6 0.0865453 0.0150797
92 0.086108 0.0147575
92.4 0.0856818 0.0144631
92.8 0.0852766 0.0141896
93.2 0.0849015 0.013931
93.6 0.0845645 0.0136828
94 0.0842726 0.0134415
94.4 0.0840313 0.0132048
94.8 0.0838449 0.0129718
95.2 0.0837161 0.0127425
95.6 0.0836462 0.0125179
96 0.0836348 0.0123
96.4 0.0836803 0.0120917
96.8 0.0837793 0.0118964
97.2 0.0839272 0.0117182
97.6 0.0841179 0.0115616
98 0.0843444 0.0114312
98.4 0.0845982 0.0113322
98.8 0.0848702 0.0112693
99.2 0.0851507 0.0112475
99.6 0.085429 0.0112713
100 0.0856946 0.011345
100.4 0.0859365 0.0114725
100.8 0.0861439 0.0116571
101.2 0.0863065 0.0119016
101.6 0.0864142 0.0122081
102 0.0864579 0.0125781
102.4 0.0864291 0.0130124
102.8 0.0863205 0.0135111
103.2 0.086126 0.0140736
103.6 0.0858409 0.0146986
104 0.0854616 0.0153842
104.4 0.0849864 0.0161278
104.8 0.0844148 0.0169265
105.2 0.0837479 0.0177766
105.6 0.0829883 0.0186741
106 0.0821402 0.0196146
106.4 0.081209 0.0205934
106.8 0.0802014 0.0216056
107.2 0.0791253 0.0226459
107.6 0.0779897 0.0237092
108 0.0768042 0.02479
108.4 0.0755792 0.0258831
108.8 0.0743254 0.026983
109.2 0.0730541 0.0280845
109.6 0.0717762 0.0291826
110 0.0705028 0.0302721
110.4 0.0692444 0.0313484
110.8 0.0680112 0.0324067
111.2 0.0668126 0.0334428
111.6 0.0656572 0.0344524
112 0.0645523 0.0354317
112.4 0.0635046 0.0363771
112.8 0.0625192 0.0372851
113.2 0.0616001 0.0381528
113.6 0.0607501 0.0389773
114 0.0599706 0.0397562
114.4 0.0592616 0.0404873
114.8 0.0586222 0.0411687
115.2 0.05805 0.0417989
115.6 0.0575417 0.0423768
116 0.0570931 0.0429016
116.4 0.056699 0.0433728
116.8 0.0563536 0.0437905
117.2 0.0560506 0.0441549
117.6 0.0557832 0.0444668
118 0.0555445 0.0447275
118.4 0.0553275 0.0449385
118.8 0.0551252 0.0451018
119.2 0.0549309 0.04522
119.6 0.0547383 0.0452958
120 0.0545414 0.0453326
120.4 0.054335 0.0453339
120.8 0.0541145 0.0453037
121.2 0.0538758 0.0452462
121.6 0.0536158 0.045166
122 0.0533322 0.0450676
122.4 0.0530232 0.044956
122.8 0.052688 0.044836
123.2 0.0523264 0.0447125
123.6 0.0519389 0.0445902
124 0.0515267 0.0444739
124.4 0.0510912 0.0443678
124.8 0.0506344 0.0442761
125.2 0.0501588 0.0442025
125.6 0.0496668 0.04415
126 0.049161 0.0441214
126.4 0.0486443 0.0441186
126.8 0.0481191 0.044143
127.2 0.0475882 0.0441952
127.6 0.0470537 0.0442751
128 0.0465178 0.0443818
128.4 0.0459822 0.0445137
128.8 0.0454485 0.0446684
129.2 0.0449179 0.0448426
129.6 0.0443913 0.0450326
130 0.0438693 0.0452338
130.4 0.0433524 0.045441
130.8 0.0428409 0.0456486
131.2 0.0423347 0.0458506
131.6 0.0418342 0.0460405
132 0.0413395 0.0462117
132.4 0.0408508 0.0463575
132.8 0.0403688 0.0464712
133.2 0.0398941 0.0465461
133.6 0.039428 0.0465758
134 0.0389721 0.0465545
134.4 0.0385283 0.0464765
134.8 0.0380994 0.0463369
135.2 0.0376883 0.0461314
135.6 0.0372987 0.0458565
136 0.0369347 0.0455094
136.4 0.036601 0.0450885
136.8 0.0363027 0.0445926
137.2 0.0360452 0.0440219
137.6 0.0358342 0.0433773
138 0.0356755 0.0426607
138.4 0.0355753 0.0418751
138.8 0.0355392 0.0410239
139.2 0.0355731 0.0401118
139.6 0.0356824 0.039144
140 0.0358719 0.0381263
140.4 0.036146 0.0370651
140.8 0.0365082 0.0359673
141.2 0.0369614 0.0348402
141.6 0.0375074 0.033691
142 0.0381469 0.0325274
142.4 0.0388796 0.0313567
142.8 0.039704 0.0301864
143.2 0.0406175 0.0290235
143.6 0.0416163 0.0278747
144 0.0426952 0.0267464
144.4 0.0438482 0.0256442
144.8 0.045068 0.0245734
145.2 0.0463464 0.0235383
145.6 0.0476742 0.0225427
146 0.0490418 0.0215897
146.4 0.0504386 0.0206814
146.8 0.0518538 0.0198193
147.2 0.0532762 0.0190042
147.6 0.0546946 0.018236
148 0.0560976 0.017514
148.4 0.0574743 0.016837
148.8 0.0588142 0.0162029
149.2 0.0601071 0.0156095
149.6 0.0613438 0.0150537
150 0.0625157 0.0145326
150.4 0.0636154 0.0140425
150.8 0.0646363 0.0135798
151.2 0.0655732 0.0131409
151.6 0.0664218 0.012722
152 0.0671792 0.0123193
152.4 0.0678437 0.0119295
152.8 0.0684148 0.0115491
153.2 0.0688932 0.0111751
153.6 0.0692807 0.0108048
154 0.0695801 0.0104359
154.4 0.0697952 0.0100663
154.8 0.0699308 0.00969458
155.2 0.0699922 0.00931952
155.6 0.0699853 0.00894044
156 0.0699167 0.00855707
156.4 0.0697932 0.00816953
156.8 0.0696218 0.00777832
157.2 0.0694096 0.00738429
157.6 0.0691638 0.00698857
158 0.068891 0.00659259
158.4 0.0685982 0.00619797
158.8 0.0682913 0.00580652
159.2 0.0679764 0.00542013
159.6 0.0676587 0.0050408
160 0.067343 0.00467052
160.4 0.0670334 0.00431125
160.8 0.0667334 0.00396487
161.2 0.0664461 0.00363317
161.6 0.0661735 0.00331777
162 0.0659176 0.00302009
162.4 0.0656793 0.00274136
162.8 0.0654592 0.0024826
163.2 0.0652575 0.00224454
163.6 0.0650739 0.0020277
164 0.0649076 0.00183234
164.4 0.0647576 0.00165845
164.8 0.0646226 0.00150579
165.2 0.0645012 0.00137391
165.6 0.0643918 0.00126212
166 0.0642925 0.00116955
166.4 0.0642017 0.00109515
166.8 0.0641174 0.00103775
167.2 0.064038 0.000996033
167.6 0.0639616 0.000968605
168 0.0638865 0.000954006
168.4 0.0638111 0.000950734
168.8 0.0637337 0.000957277
169.2 0.0636528 0.000972132
169.6 0.0635668 0.000993829
170 0.0634743 0.00102095
170.4 0.0633738 0.00105216
170.8 0.0632637 0.00108618
171.2 0.0631426 0.00112186
171.6 0.0630087 0.00115814
172 0.0628605 0.00119406
172.4 0.0626962 0.0012288
172.8 0.0625139 0.00126165
173.2 0.0623115 0.001292
173.6 0.0620871 0.00131938
174 0.0618383 0.0013434
174.4 0.0615629 0.0013638
174.8 0.0612583 0.00138038
175.2 0.0609221 0.00139306
175.6 0.0605516 0.00140182
176 0.0601442 0.0014067
176.4 0.0596974 0.00140781
176.8 0.0592084 0.00140531
177.2 0.058675 0.00139938
177.6 0.0580945 0.00139026
178 0.0574649 0.00137817
178.4 0.0567842 0.00136339
178.8 0.0560505 0.00134618
179.2 0.0552625 0.00132681
179.6 0.054419 0.00130554
180 0.0535193 0.00128265
180.4 0.0525629 0.00125837
180.8 0.05155 0.00123296
181.2 0.050481 0.00120663
181.6 0.0493569 0.00117961
182 0.0481792 0.00115209
182.4 0.0469497 0.00112424
182.8 0.0456708 0.00109624
183.2 0.0443453 0.00106824
183.6 0.0429764 0.00104037
184 0.0415679 0.00101276
184.4 0.0401238 0.000985523
184.8 0.0386485 0.000958758
185.2 0.0371468 0.000932553
185.6 0.0356238 0.000906988
186 0.0340846 0.000882133
186.4 0.0325349 0.000858048
186.8 0.0309802 0.000834784
187.2 0.0294264 0.000812387
187.6 0.0278793 0.000790893
188 0.0263448 0.000770329
188.4 0.0248286 0.000750717
188.8 0.0233366 0.00073207
189.2 0.0218745 0.000714395
189.6 0.0204477 0.000697691
190 0.0190615 0.000681952
190.4 0.0177212 0.000667162
190.8 0.0164314 0.000653301
191.2 0.0151967 0.000640343
191.6 0.0140213 0.000628256
192 0.0129092 0.000617001
192.4 0.0118636 0.000606536
192.8 0.0108878 0.000596815
193.2 0.00998424 0.000587787
193.6 0.00915526 0.000579399
194 0.00840255 0.000571595
194.4 0.0077274 0.000564317
194.8 0.0071306 0.000557506
195.2 0.00661249 0.000551102
195.6 0.0061729 0.000545044
196 0.00581119 0.000539274
196.4 0.00552624 0.000533733
196.8 0.00531647 0.000528363
197.2 0.00517983 0.000523109
197.6 0.00511384 0.000517918
198 0.00511559 0.000512738
198.4 0.00518177 0.000507523
198.8 0.00530869 0.000502228
199.2 0.00549232 0.000496812
199.6 0.00572831 0.000491239
200 0.00601203 0.000485476
200.4 0.00633862 0.000479497
200.8 0.006703 0.00047328
201.2 0.00709996 0.00046681
201.6 0.00752414 0.000460076
202 0.00797016 0.000453077
202.4 0.00843258 0.000445817
202.8 0.00890599 0.00043831
203.2 0.00938506 0.000430578
203.6 0.00986457 0.000422651
204 0.0103395 0.000414569
204.4 0.0108049 0.000406382
204.8 0.0112561 0.000398151
205.2 0.0116889 0.000389946
205.6 0.0120992 0.000381848
206 0.0124832 0.000373946
206.4 0.0128375 0.000366341
206.8 0.0131592 0.000359141
207.2 0.0134456 0.000352463
207.6 0.0136944 0.000346431
208 0.0139039 0.000341174
208.4 0.0140726 0.000336825
208.8 0.0141995 0.000333519
209.2 0.0142839 0.000331393
209.6 0.0143255 0.000330579
210 0.0143245 0.000331206
210.4 0.0142813 0.000333396
210.8 0.0141966 0.000337263
211.2 0.0140716 0.000342907
211.6 0.0139076 0.000350414
212 0.0137063 0.000359853
212.4 0.0134696 0.000371275
212.8 0.0131996 0.000384706
213.2 0.0128987 0.000400152
213.6 0.0125694 0.000417593
214 0.0122144 0.000436981
214.4 0.0118366 0.000458241
214.8 0.011439 0.000481273
215.2 0.0110247 0.000505946
215.6 0.010597 0.000532102
216 0.0101592 0.000559557
216.4 0.00971478 0.000588102
216.8 0.00926721 0.000617505
217.2 0.0088201 0.000647512
217.6 0.00837707 0.000677853
218 0.00794179 0.000708241
218.4 0.00751797 0.000738381
218.8 0.00710931 0.000767967
219.2 0.00671952 0.000796694
219.6 0.00635227 0.000824257
220 0.00601119 0.000850355
220.4 0.00569984 0.000874701
220.8 0.00542167 0.00089702
221.2 0.00518002 0.000917059
221.6 0.00497804 0.000934588
222 0.00481874 0.000949402
222.4 0.00470485 0.000961329
222.8 0.00463889 0.000970231
223.2 0.00462306 0.000976005
223.6 0.00465925 0.000978588
224 0.00474896 0.000977955
224.4 0.00489333 0.000974121
224.8 0.00509307 0.000967144
225.2 0.00534845 0.00095712
225.6 0.00565927 0.000944182
226 0.00602483 0.0009285
226.4 0.00644398 0.000910281
226.8 0.00691503 0.000889758
227.2 0.00743582 0.000867193
227.6 0.00800368 0.000842871
228 0.00861549 0.000817094
228.4 0.00926766 0.000790178
228.8 0.00995618 0.000762447
229.2 0.0106767 0.000734228
229.6 0.0114243 0.000705846
230 0.0121942 0.000677618
230.4 0.0129808 0.00064985
230.8 0.0137788 0.000622831
231.2 0.0145825 0.000596829
231.6 0.0153861 0.000572086
232 0.0161838 0.00054882
232.4 0.0169701 0.000527214
232.8 0.0177391 0.000507421
233.2 0.0184855 0.00048956
233.6 0.019204 0.000473716
234 0.0198894 0.00045994
234.4 0.0205372 0.000448249
234.8 0.021143 0.000438628
235.2 0.0217026 0.000431036
235.6 0.0222126 0.000425399
236 0.0226697 0.000421626
236.4 0.0230711 0.0004196
236.8 0.0234146 0.000419192
237.2 0.0236983 0.00042026
237.6 0.0239209 0.000422653
238 0.0240812 0.000426218
238.4 0.0241788 0.000430803
238.8 0.0242135 0.000436261
239.2 0.0241857 0.000442451
239.6 0.0240958 0.000449246
240 0.023945 0.000456535
240.4 0.0237344 0.000464221
240.8 0.0234658 0.000472227
241.2 0.0231411 0.000480496
241.6 0.0227624 0.000488989
242 0.0223321 0.00049769
242.4 0.021853 0.0005066
242.8 0.0213279 0.000515736
243.2 0.02076 0.000525134
243.6 0.0201527 0.00053484
244 0.0195096 0.00054491
244.4 0.0188344 0.000555406
244.8 0.0181312 0.000566394
245.2 0.0174042 0.000577938
245.6 0.0166579 0.000590098
246 0.0158971 0.000602925
246.4 0.0151265 0.000616458
246.8 0.0143514 0.000630722
247.2 0.013577 0.000645724
247.6 0.0128089 0.00066145
248 0.0120529 0.000677866
248.4 0.0113146 0.000694914
248.8 0.0106001 0.000712514
249.2 0.00991537 0.000730563
249.6 0.00926645 0.000748936
250 0.00865935 0.000767487
250.4 0.00809997 0.000786054
250.8 0.00759405 0.000804459
251.2 0.00714711 0.000822514
251.6 0.00676435 0.000840021
252 0.00645058 0.000856782
252.4 0.00621015 0.000872595
252.8 0.00604685 0.00088727
253.2 0.00596385 0.000900622
253.6 0.00596362 0.000912483
254 0.00604787 0.000922703
254.4 0.00621744 0.000931155
254.8 0.00647234 0.000937737
255.2 0.00681162 0.000942378
255.6 0.00723338 0.000945035
256 0.00773475 0.000945699
256.4 0.0083119 0.000944394
256.8 0.00896004 0.000941176
257.2 0.00967343 0.000936134
257.6 0.0104455 0.000929387
258 0.0112687 0.000921085
258.4 0.012135 0.000911399
258.8 0.0130355 0.000900525
259.2 0.0139608 0.000888677
259.6 0.0149011 0.00087608
260 0.0158463 0.000862972
260.4 0.016786 0.00084959
260.8 0.0177099 0.000836175
261.2 0.0186078 0.000822959
261.6 0.0194696 0.000810166
262 0.0202857 0.000798004
262.4 0.0210471 0.000786664
262.8 0.0217454 0.000776314
263.2 0.0223728 0.000767101
263.6 0.0229228 0.000759142
264 0.0233895 0.00075253
264.4 0.0237684 0.000747326
264.8 0.0240558 0.000743566
265.2 0.0242495 0.000741259
265.6 0.0243485 0.000740384
266 0.024353 0.000740901
266.4 0.0242642 0.000742746
266.8 0.024085 0.000745836
267.2 0.0238192 0.000750074
267.6 0.0234716 0.00075535
268 0.0230482 0.000761546
268.4 0.0225559 0.00076854
268.8 0.0220026 0.000776206
269.2 0.0213966 0.000784421
269.6 0.0207471 0.000793067
270 0.0200635 0.00080203
270.4 0.0193558 0.000811206
270.8 0.018634 0.000820499
271.2 0.0179081 0.000829825
271.6 0.017188 0.000839109
272 0.0164837 0.000848284
272.4 0.0158043 0.000857293
272.8 0.0151588 0.000866085
273.2 0.0145555 0.000874613
273.6 0.0140019 0.000882832
274 0.0135047 0.000890698
274.4 0.0130699 0.000898158
274.8 0.0127024 0.000905158
275.2 0.0124061 0.000911628
275.6 0.012184 0.000917491
276 0.012038 0.000922649
276.4 0.0119688 0.000926992
276.8 0.0119763 0.000930386
277.2 0.0120591 0.000932681
277.6 0.0122151 0.000933704
278 0.0124411 0.000933266
278.4 0.0127329 0.000931156
278.8 0.0130856 0.00092715
279.2 0.0134936 0.000921008
279.6 0.0139505 0.000912483
280 0.0144493 0.000901321
280.4 0.0149826 0.000887267
280.8 0.0155426 0.000870075
281.2 0.0161212 0.000849504
281.6 0.01671 0.000825335
282 0.0173005 0.000797368
282.4 0.0178844 0.000765436
282.8 0.0184533 0.000729403
283.2 0.018999 0.000689177
283.6 0.0195139 0.000644708
284 0.0199903 0.000595999
284.4 0.0204213 0.000543105
284.8 0.0208004 0.000486136
285.2 0.0211217 0.00042526
285.6 0.0213802 0.000360705
286 0.0215712 0.000292754
286.4 0.0216911 0.000221748
286.8 0.0217371 0.000148079
287.2 0.021707 7.21886e-05
287.6 0.0215996 -5.43667e-06
288 0.0214146 -8.42731e-05
288.4 0.0211525 -0.000163766
288.8 0.0208145 -0.000243336
289.2 0.0204029 -0.00032239
289.6 0.0199206 -0.000400327
290 0.0193712 -0.000476548
290.4 0.0187591 -0.000550467
290.8 0.0180893 -0.000621514
291.2 0.0173674 -0.000689151
291.6 0.0165994 -0.000752874
292 0.0157917 -0.000812226
292.4 0.0149511 -0.000866798
292.8 0.0140846 -0.000916239
293.2 0.0131993 -0.000960258
293.6 0.0123026 -0.000998631
294 0.0114014 -0.0010312
294.4 0.0105028 -0.00105788
294.8 0.00961363 -0.00107864
295.2 0.00874038 -0.00109355
295.6 0.00788916 -0.0011027
296 0.00706562 -0.00110629
296.4 0.00627492 -0.00110455
296.8 0.00552164 -0.00109775
297.2 0.00480975 -0.00108625
297.6 0.00414257 -0.00107042
298 0.00352274 -0.00105066
298.4 0.00295224 -0.00102741
298.8 0.00243235 -0.00100112
299.2 0.00196368 -0.000972263
299.6 0.00154619 -0.000941293
300 0.0011792 -0.000908676
300.4 0.000861468 -0.00087486
300.8 0.000591193 -0.000840276
301.2 0.000366104 -0.000805333
301.6 0.000183505 -0.000770407
302 4.03432e-05 -0.000735846
302.4 -6.67205e-05 -0.000701959
302.8 -0.000141242 -0.000669016
303.2 -0.000186922 -0.000637249
303.6 -0.000207534 -0.000606845
304 -0.000206861 -0.000577954
304.4 -0.000188623 -0.000550683
304.8 -0.000156422 -0.000525102
305.2 -0.000113688 -0.000501245
305.6 -6.36262e-05 -0.00047911
306 -9.18186e-06 -0.000458668
306.4 4.69968e-05 -0.000439862
306.8 0.000102581 -0.000422613
307.2 0.000155581 -0.000406823
307.6 0.000204349 -0.00039238
308 0.000247588 -0.000379161
308.4 0.000284335 -0.000367038
308.8 0.000313957 -0.000355879
309.2 0.000336124 -0.000345554
309.6 0.000350785 -0.000335936
310 0.000358141 -0.000326906
310.4 0.000358608 -0.00031835
310.8 0.000352784 -0.00031017
311.2 0.00034141 -0.000302277
311.6 0.000325332 -0.000294593
312 0.000305466 -0.000287058
312.4 0.00028276 -0.000279621
312.8 0.000258163 -0.000272247
313.2 0.000232594 -0.000264912
313.6 0.000206912 -0.000257604
314 0.0001819 -0.00025032
314.4 0.000158242 -0.000243067
314.8 0.00013651 -0.000235859
315.2 0.000117155 -0.000228716
315.6 0.000100505 -0.000221661
316 8.6762e-05 -0.000214723
316.4 7.6007e-05 -0.000207928
316.8 6.82079e-05 -0.000201305
317.2 6.32297e-05 -0.000194879
317.6 6.08479e-05 -0.000188676
318 6.07638e-05 -0.000182716
318.4 6.26206e-05 -0.000177015
318.8 6.60212e-05 -0.000171588
319.2 7.0545e-05 -0.000166441
319.6 7.57652e-05 -0.000161579
320 8.12642e-05 -0.000157
320.4 8.66486e-05 -0.0001527
320.8 9.1561e-05 -0.000148669
321.2 9.56914e-05 -0.000144895
321.6 9.87844e-05 -0.000141363
322 0.000100645 -0.000138056
322.4 0.000101143 -0.000134955
322.8 0.000100211 -0.00013204
323.2 9.78448e-05 -0.000129292
323.6 9.40991e-05 -0.000126692
324 8.90814e-05 -0.00012422
324.4 8.29448e-05 -0.000121861
324.8 7.58798e-05 -0.000119599
325.2 6.81045e-05 -0.00011742
325.6 5.98548e-05 -0.000115314
326 5.13747e-05 -0.000113272
326.4 4.29065e-05 -0.000111286
326.8 3.46815e-05 -0.000109353
327.2 2.69121e-05 -0.00010747
327.6 1.97843e-05 -0.000105634
328 1.34523e-05 -0.000103848
328.4 8.0339e-06 -0.000102111
328.8 3.60797e-06 -0.000100426
329.2 2.13089e-07 -9.87945e-05
329.6 -2.15207e-06 -9.72197e-05
330 -3.52695e-06 -9.57031e-05
330.4 -3.98599e-06 -9.42459e-05
330.8 -3.63443e-06 -9.28489e-05
331.2 -2.6031e-06 -9.15114e-05
331.6 -1.04255e-06 -9.02318e-05
332 8.83287e-07 -8.90075e-05
332.4 3.00364e-06 -8.78344e-05
332.8 5.14741e-06 -8.67075e-05
333.2 7.14944e-06 -8.56208e-05
333.6 8.85624e-06 -8.45673e-05
334 1.01311e-05 -8.35394e-05
334.4 1.08583e-05 -8.2529e-05
334.8 1.09465e-05 -8.1528e-05
335.2 1.03311e-05 -8.05282e-05
335.6 8.97522e-06 -7.95216e-05
336 6.87028e-06 -7.85009e-05
336.4 4.03482e-06 -7.74595e-05
336.8 5.12897e-07 -7.63919e-05
337.2 -3.62857e-06 -7.52934e-05
337.6 -8.30309e-06 -7.41609e-05
338 -1.34085e-05 -7.29922e-05
338.4 -1.88312e-05 -7.1787e-05
338.8 -2.44506e-05 -7.05457e-05
339.2 -3.01436e-05 -6.92706e-05
339.6 -3.57893e-05 -6.79647e-05
340 -4.12725e-05 -6.66324e-05
340.4 -4.64879e-05 -6.52788e-05
340.8 -5.13432e-05 -6.39097e-05
341.2 -5.57612e-05 -6.25316e-05
341.6 -5.96822e-05 -6.11511e-05
342 -6.30647e-05 -5.9775e-05
342.4 -6.58861e-05 -5.841e-05
342.8 -6.81418e-05 -5.70622e-05
343.2 -6.9845e-05 -5.57376e-05
343.6 -7.10244e-05 -5.44413e-05
344 -7.17222e-05 -5.31776e-05
344.4 -7.19919e-05 -5.195e-05
344.8 -7.18952e-05 -5.07611e-05
345.2 -7.14991e-05 -4.96124e-05
345.6 -7.08728e-05 -4.85046e-05
346 -7.00849e-05 -4.74373e-05
346.4 -6.92004e-05 -4.64094e-05
346.8 -6.82785e-05 -4.5419e-05
347.2 -6.73704e-05 -4.44636e-05
347.6 -6.65176e-05 -4.35399e-05
348 -6.57507e-05 -4.26448e-05
348.4 -6.50891e-05 -4.17743e-05
348.8 -6.45402e-05 -4.09249e-05
349.2 -6.41005e-05 -4.00929e-05
349.6 -6.3756e-05 -3.92748e-05
350 -6.34838e-05 -3.84675e-05
350.4 -6.32532e-05 -3.76682e-05
350.8 -6.30281e-05 -3.68747e-05
351.2 -6.2769e-05 -3.60852e-05
351.6 -6.24349e-05 -3.52987e-05
352 -6.19856e-05 -3.45144e-05
352.4 -6.13838e-05 -3.37325e-05
352.8 -6.05971e-05 -3.29533e-05
353.2 -5.95993e-05 -3.21778e-05
353.6 -5.8372e-05 -3.14073e-05
354 -5.69058e-05 -3.06432e-05
354.4 -5.52001e-05 -2.98874e-05
354.8 -5.32643e-05 -2.91416e-05
355.2 -5.11165e-05 -2.84077e-05
355.6 -4.87838e-05 -2.76873e-05
356 -4.63007e-05 -2.69819e-05
356.4 -4.37081e-05 -2.62928e-05
356.8 -4.10516e-05 -2.56207e-05
357.2 -3.83798e-05 -2.49661e-05
357.6 -3.57424e-05 -2.43291e-05
358 -3.31884e-05 -2.37093e-05
358.4 -3.07642e-05 -2.3106e-05
358.8 -2.85118e-05 -2.2518e-05
359.2 -2.64672e-05 -2.19438e-05
359.6 -2.46592e-05 -2.13818e-05
360 -2.3108e-05 -2.08299e-05
360.4 -2.1825e-05 -2.02861e-05
360.8 -2.0812e-05 -1.97484e-05
361.2 -2.00613e-05 -1.92147e-05
361.6 -1.95561e-05 -1.86833e-05
362 -1.92712e-05 -1.81524e-05
362.4 -1.91736e-05 -1.76208e-05
362.8 -1.92244e-05 -1.70876e-05
363.2 -1.93798e-05 -1.65523e-05
363.6 -1.95928e-05 -1.60149e-05
364 -1.98153e-05 -1.5476e-05
364.4 -1.99992e-05 -1.49365e-05
364.8 -2.00988e-05 -1.43978e-05
365.2 -2.0072e-05 -1.38619e-05
365.6 -1.9882e-05 -1.3331e-05
366 -1.94985e-05 -1.28078e-05
366.4 -1.88987e-05 -1.2295e-05
366.8 -1.80683e-05 -1.17959e-05
367.2 -1.70013e-05 -1.13133e-05
367.6 -1.57009e-05 -1.08504e-05
368 -1.41788e-05 -1.04101e-05
368.4 -1.24548e-05 -9.99515e-06
368.8 -1.0556e-05 -9.60784e-06
369.2 -8.51585e-06 -9.2502e-06
369.6 -6.37301e-06 -8.92373e-06
370 -4.16969e-06 -8.62943e-06
370.4 -1.95034e-06 -8.36772e-06
370.8 2.39905e-07 -8.13844e-06
371.2 2.35679e-06 -7.94082e-06
371.6 4.35836e-06 -7.77349e-06
372 6.20637e-06 -7.63453e-06
372.4 7.8674e-06 -7.52149e-06
372.8 9.3139e-06 -7.43145e-06
373.2 1.05249e-05 -7.36107e-06
373.6 1.14867e-05 -7.30672e-06
374 1.21927e-05 -7.26449e-06
374.4 1.26439e-05 -7.23034e-06
374.8 1.28483e-05 -7.20017e-06
375.2 1.28204e-05 -7.16992e-06
375.6 1.25807e-05 -7.13565e-06
376 1.21546e-05 -7.09363e-06
376.4 1.15714e-05 -7.0404e-06
376.8 1.08631e-05 -6.97287e-06
377.2 1.00635e-05 -6.88837e-06
377.6 9.20657e-06 -6.78467e-06
378 8.32559e-06 -6.66001e-06
378.4 7.45198e-06 -6.51317e-06
378.8 6.61429e-06 -6.34343e-06
379.2 5.83742e-06 -6.15056e-06
379.6 5.14199e-06 -5.93484e-06
380 4.54383e-06 -5.697e-06
380.4 4.05377e-06 -5.4382e-06
380.8 3.6776e-06 -5.15999e-06
381.2 3.41618e-06 -4.86425e-06
381.6 3.26584e-06 -4.55312e-06
382 3.21882e-06 -4.22899e-06
382.4 3.26398e-06 -3.89443e-06
382.8 3.38753e-06 -3.55209e-06
383.2 3.57387e-06 -3.20474e-06
383.6 3.80646e-06 -2.85512e-06
384 4.06873e-06 -2.50599e-06
384.4 4.3449e-06 -2.16004e-06
384.8 4.6208e-06 -1.81985e-06
385.2 4.88454e-06 -1.48792e-06
385.6 5.12712e-06 -1.1666e-06
386 5.34281e-06 -8.58112e-07
386.4 5.52952e-06 -5.64506e-07
386.8 5.68881e-06 -2.87686e-07
387.2 5.82597e-06 -2.93966e-08
387.6 5.94972e-06 2.08775e-07
388 6.07193e-06 4.25394e-07
388.4 6.20711e-06 6.19174e-07
388.8 6.37184e-06 7.88976e-07
389.2 6.58409e-06 9.33802e-07
389.6 6.86251e-06 1.0528e-06
390 7.22565e-06 1.14524e-06
390.4 7.69124e-06 1.21058e-06
390.8 8.27545e-06 1.24838e-06
391.2 8.99221e-06 1.25838e-06
391.6 9.85268e-06 1.24049e-06
392 1.08647e-05 1.19479e-06
392.4 1.20325e-05 1.12155e-06
392.8 1.33563e-05 1.02122e-06
393.2 1.48325e-05 8.94484e-07
393.6 1.64534e-05 7.42232e-07
394 1.82077e-05 5.65578e-07
394.4 2.00804e-05 3.65865e-07
394.8 2.20534e-05 1.44659e-07
395.2 2.41061e-05 -9.62466e-08
395.6 2.62156e-05 -3.54849e-07
396 2.83577e-05 -6.28946e-07
396.4 3.05074e-05 -9.16154e-07
396.8 3.26391e-05 -1.21394e-06
397.2 3.47281e-05 -1.51964e-06
397.6 3.67501e-05 -1.83049e-06
398 3.86825e-05 -2.14368e-06
398.4 4.05047e-05 -2.4564e-06
398.8 4.21981e-05 -2.76581e-06
399.2 4.37467e-05 -3.0692e-06
399.6 4.51369e-05 -3.36392e-06
400 4.6358e-05 -3.64747e-06
