-0.498 -4.41606e-06 5.42309e-06
-0.496 -1.29112e-05 2.14062e-05
-0.494 -1.88105e-05 4.76922e-05
-0.492 -2.43243e-05 8.39878e-05
-0.49 -4.56835e-05 0.000129511
-0.488 -0.000108295 0.000182535
-0.486 -0.000232568 0.000240096
-0.484 -0.000416582 0.000297948
-0.482 -0.00062451 0.000350798
-0.48 -0.00078832 0.000392758
-0.478 -0.000825357 0.00041789
-0.476 -0.000667768 0.000420747
-0.474 -0.000293961 0.000396812
-0.472 0.000250315 0.000342889
-0.47 0.000851673 0.000257549
-0.468 0.00135335 0.00014174
-0.466 0.00159853 -4.42549e-07
-0.464 0.0014783 -0.000160967
-0.462 0.000965982 -0.000327374
-0.46 0.000123811 -0.000482934
-0.458 -0.000920199 -0.000607719
-0.456 -0.00201468 -0.00068052
-0.454 -0.00303053 -0.000681293
-0.452 -0.00389556 -0.000593616
-0.45 -0.00460825 -0.000406676
-0.448 -0.00522441 -0.000116483
-0.446 -0.00581687 0.000273836
-0.444 -0.00642059 0.000754579
-0.442 -0.00698818 0.00131061
-0.44 -0.00738261 0.00192278
-0.438 -0.00742 0.0025691
-0.436 -0.00695061 0.00322557
-0.434 -0.00594311 0.00386638
-0.432 -0.00452841 0.00446445
-0.43 -0.00297388 0.00499278
-0.428 -0.00159098 0.00542732
-0.426 -0.000610449 0.00575103
-0.424 -7.24526e-05 0.00595782
-0.422 0.000227504 0.0060551
-0.42 0.000712164 0.00606363
-0.418 0.00190862 0.00601454
-0.416 0.00426311 0.00594366
-0.414 0.00793066 0.0058843
-0.412 0.0126108 0.00585993
-0.41 0.017505 0.00587899
-0.408 0.0214451 0.00593361
-0.406 0.0231877 0.00600313
-0.404 0.0218015 0.00606164
-0.402 0.0170221 0.00608704
-0.4 0.00944989 0.00606844
-0.398 0.000503331 0.00600918
-0.396 -0.00788744 0.0059242
-0.394 -0.013785 0.00583261
-0.392 -0.0158143 0.00574789
-0.39 -0.0136235 0.00566935
-0.388 -0.00807426 0.0055786
-0.386 -0.0010696 0.00544309
-0.384 0.00496307 0.0052267
-0.382 0.00780648 0.00490491
-0.38 0.00618945 0.00447999
-0.378 0.00028472 0.00399097
-0.376 -0.00821244 0.00351387
-0.374 -0.0164818 0.00315036
-0.372 -0.021364 0.00300737
-0.37 -0.0203297 0.00317305
-0.368 -0.0123613 0.00369665
-0.366 0.00152246 0.00457871
-0.364 0.0182975 0.00577556
-0.362 0.0335801 0.00721699
-0.36 0.0427598 0.00883209
-0.358 0.0423125 0.0105745
-0.356 0.0308992 0.012438
-0.354 0.00990595 0.0144567
-0.352 -0.0167505 0.0166864
-0.35 -0.0435089 0.0191734
-0.348 -0.0645158 0.0219177
-0.346 -0.0751046 0.0248448
-0.344 -0.0730153 0.0277962
-0.342 -0.059012 0.0305469
-0.34 -0.0366881 0.0328444
-0.338 -0.0114784 0.03446
-0.336 0.0108559 0.0352354
-0.334 0.0258174 0.0351117
-0.332 0.0313569 0.0341338
-0.33 0.0282942 0.0324287
-0.328 0.0198676 0.0301644
-0.326 0.0105753 0.0274987
-0.324 0.00468023 0.0245325
-0.322 0.00483333 0.0212847
-0.32 0.0112255 0.0176995
-0.318 0.0215256 0.0136871
-0.316 0.0316454 0.00918547
-0.314 0.0371171 0.00421924
-0.312 0.0346591 -0.00106811
-0.31 0.0234146 -0.00642417
-0.308 0.00545255 -0.0115381
-0.306 -0.0146505 -0.0161153
-0.304 -0.031048 -0.0199528
-0.302 -0.0383493 -0.0229921
-0.3 -0.0333399 -0.025335
-0.298 -0.0161544 -0.0272191
-0.296 0.00953161 -0.0289571
-0.294 0.037417 -0.0308551
-0.292 0.0603409 -0.0331305
-0.29 0.072345 -0.0358528
-0.288 0.0703968 -0.0389259
-0.286 0.0552554 -0.042122
-0.284 0.0312313 -0.0451559
-0.282 0.00491387 -0.0477799
-0.28 -0.0167493 -0.0498652
-0.278 -0.0284593 -0.0514434
-0.276 -0.0280836 -0.0526922
-0.274 -0.0172481 -0.0538676
-0.272 -0.000801193 -0.055204
-0.27 0.0147318 -0.0568141
-0.268 0.0232522 -0.0586257
-0.266 0.021086 -0.0603803
-0.264 0.00824848 -0.0617
-0.262 -0.0114151 -0.0622011
-0.26 -0.0312753 -0.0616235
-0.258 -0.0438878 -0.0599318
-0.256 -0.0433399 -0.0573561
-0.254 -0.0272556 -0.0543541
-0.252 0.00220414 -0.0515021
-0.25 0.0387078 -0.0493444
-0.248 0.0734096 -0.0482455
-0.246 0.0973951 -0.0482896
-0.244 0.104172 -0.0492599
-0.242 0.0914587 -0.0507046
-0.24 0.0617773 -0.0520748
-0.238 0.0217095 -0.0528924
-0.236 -0.0199585 -0.0528997
-0.234 -0.0547001 -0.0521436
-0.232 -0.0766179 -0.050967
-0.23 -0.0839873 -0.0499044
-0.228 -0.0794544 -0.0495141
-0.226 -0.0688207 -0.0501984
-0.224 -0.0588474 -0.0520703
-0.222 -0.0548384 -0.0549088
-0.22 -0.058794 -0.0582168
-0.218 -0.0687074 -0.0613636
-0.216 -0.0792219 -0.063766
-0.214 -0.0834848 -0.0650506
-0.212 -0.0756816 -0.0651439
-0.21 -0.0534648 -0.064264
-0.208 -0.0194224 -0.062819
-0.206 0.019048 -0.0612439
-0.204 0.0515973 -0.059832
-0.202 0.0680511 -0.0586103
-0.2 0.0618285 -0.0572999
-0.198 0.0324837 -0.0553781
-0.196 -0.0135564 -0.0522259
-0.194 -0.0643724 -0.0473251
-0.192 -0.105663 -0.0404457
-0.19 -0.124682 -0.031766
-0.188 -0.113921 -0.0218849
-0.186 -0.0735252 -0.0117175
-0.184 -0.0117705 -0.00230486
-0.182 0.0566433 0.0054048
-0.18 0.114187 0.0107388
-0.178 0.145159 0.0133963
-0.176 0.140171 0.0134377
-0.174 0.0990924 0.0111759
-0.172 0.0314091 0.00700738
-0.17 -0.0462885 0.00124334
-0.168 -0.114977 -0.00599743
-0.166 -0.158594 -0.0147872
-0.164 -0.168522 -0.025277
-0.162 -0.14588 -0.0375153
-0.16 -0.101058 -0.0512704
-0.158 -0.0506925 -0.0659275
-0.156 -0.0129247 -0.080507
-0.154 -0.00213458 -0.0938047
-0.152 -0.0245501 -0.104616
-0.15 -0.0760086 -0.111983
-0.148 -0.142717 -0.115393
-0.146 -0.204996 -0.114882
-0.144 -0.242992 -0.110997
-0.142 -0.2426 -0.104635
-0.14 -0.199806 -0.0967739
-0.138 -0.122167 -0.0882027
-0.136 -0.027053 -0.0793033
-0.134 0.0628026 -0.0699681
-0.132 0.125245 -0.0596621
-0.13 0.144581 -0.0476021
-0.128 0.115861 -0.0329889
-0.126 0.0463939 -0.0152183
-0.124 -0.0460046 0.0059895
-0.122 -0.137608 0.0305757
-0.12 -0.204983 0.0582397
-0.118 -0.231145 0.0886024
-0.116 -0.210036 0.121365
-0.114 -0.148071 0.156386
-0.112 -0.0622201 0.193645
-0.11 0.0248953 0.233077
-0.108 0.09132 0.274341
-0.106 0.121529 0.316597
-0.104 0.110041 0.358371
-0.102 0.0621533 0.397584
-0.1 -0.00809344 0.431755
-0.098 -0.0819932 0.458343
-0.096 -0.141135 0.475142
-0.094 -0.171918 0.480635
-0.092 -0.168543 0.474229
-0.09 -0.133871 0.456305
-0.088 -0.0780574 0.428097
-0.086 -0.0153244 0.391443
-0.084 0.0401651 0.348508
-0.082 0.0779489 0.301553
-0.08 0.0932413 0.252812
-0.078 0.0868875 0.204478
-0.076 0.0638188 0.158787
-0.074 0.0309128 0.118109
-0.072 -0.00493273 0.0849906
-0.07 -0.038003 0.0620764
-0.068 -0.0641013 0.0518984
-0.066 -0.0802514 0.0565469
-0.064 -0.0842336 0.0773054
-0.062 -0.0743654 0.114351
-0.06 -0.049693 0.16663
-0.058 -0.010555 0.231968
-0.056 0.0406421 0.307419
-0.054 0.0987393 0.389785
-0.052 0.155665 0.476185
-0.05 0.20117 0.56454
-0.048 0.224552 0.653874
-0.046 0.217155 0.744363
-0.044 0.175067 0.837152
-0.042 0.101185 0.934025
-0.04 0.00567888 1.03703
-0.038 -0.0956526 1.14815
-0.036 -0.184851 1.26912
-0.034 -0.246143 1.40136
-0.032 -0.269917 1.54604
-0.03 -0.255138 1.70416
-0.028 -0.209234 1.87657
-0.026 -0.14514 2.06393
-0.024 -0.0762251 2.26636
-0.022 -0.0107906 2.48307
-0.02 0.0518881 2.71196
-0.018 0.122493 2.94927
-0.016 0.219012 3.18955
-0.014 0.361093 3.42588
-0.012 0.56295 3.65045
-0.01 0.826895 3.85517
-0.008 1.1393 4.03244
-0.006 1.47014 4.17567
-0.004 1.77667 4.27961
-0.002 2.01085 4.3406
0 2.12944 4.35654
0.002 2.10433 4.32694
0.004 1.9302 4.25291
0.006 1.62717 4.13718
0.008 1.2372 3.98414
0.01 0.815307 3.79971
0.012 0.417936 3.59116
0.014 0.0914867 3.36665
0.016 -0.13621 3.13453
0.018 -0.259599 2.90264
0.02 -0.293673 2.67753
0.022 -0.267543 2.46396
0.024 -0.215241 2.26467
0.026 -0.166313 2.08056
0.028 -0.138737 1.91111
0.03 -0.13589 1.75496
0.032 -0.148024 1.61041
0.034 -0.157482 1.47582
0.036 -0.145998 1.34972
0.038 -0.101811 1.23081
0.04 -0.0244255 1.11783
0.042 0.0745179 1.00941
0.044 0.174509 0.904085
0.046 0.252442 0.800442
0.048 0.289744 0.697386
0.05 0.277994 0.594492
0.052 0.221309 0.492306
0.054 0.134941 0.3925
0.056 0.040742 0.297806
0.058 -0.0390593 0.21169
0.06 -0.0879974 0.137838
0.062 -0.0997963 0.0795427
0.064 -0.0798255 0.0391606
0.066 -0.0430866 0.0177478
0.068 -0.00928619 0.0149648
0.07 0.00345366 0.0292337
0.072 -0.0157686 0.0580724
0.074 -0.0673882 0.0984878
0.076 -0.141395 0.14732
0.078 -0.220423 0.201467
0.08 -0.284798 0.257977
0.082 -0.318055 0.314034
0.084 -0.311429 0.366899
0.086 -0.266261 0.413886
0.088 -0.19364 0.452424
0.09 -0.111303 0.480247
0.092 -0.0386452 0.495652
0.094 0.00861751 0.497789
0.096 0.0224044 0.486844
0.098 0.00371725 0.464085
0.1 -0.0386179 0.43169
0.102 -0.0912078 0.392432
0.104 -0.140104 0.349241
0.106 -0.17431 0.304783
0.108 -0.187935 0.261113
0.11 -0.180766 0.219512
0.112 -0.157406 0.180518
0.114 -0.125323 0.144127
0.116 -0.0923131 0.110108
0.118 -0.0640923 0.0782924
0.12 -0.042888 0.048765
0.122 -0.0275532 0.0218864
0.124 -0.0150773 -0.00183549
0.126 -0.00272796 -0.0219594
0.128 0.0102123 -0.0383136
0.13 0.0219062 -0.051106
0.132 0.0287803 -0.0608996
0.134 0.0272051 -0.0684615
0.136 0.0152001 -0.0745331
0.138 -0.00655844 -0.0795927
0.14 -0.0347664 -0.0836891
0.142 -0.0644609 -0.0864059
0.144 -0.0905483 -0.0869821
0.146 -0.109388 -0.0845623
0.148 -0.119957 -0.0785075
0.15 -0.124199 -0.0686719
0.152 -0.126374 -0.055559
0.154 -0.131474 -0.0403091
0.156 -0.143172 -0.0245212
0.158 -0.162029 -0.00995542
0.16 -0.18469 0.00180421
0.162 -0.204442 0.00963983
0.164 -0.213042 0.013068
0.166 -0.203242 0.0122485
0.168 -0.171272 0.00784322
0.17 -0.118484 0.00077772
0.172 -0.0516367 -0.00801322
0.174 0.0183629 -0.0177741
0.176 0.0789847 -0.0279994
0.178 0.119178 -0.0383837
0.18 0.132139 -0.0486909
0.182 0.116956 -0.0586067
0.184 0.0787001 -0.0676332
0.186 0.0270412 -0.075068
0.188 -0.0262027 -0.0800874
0.19 -0.0699345 -0.0819191
0.192 -0.0963347 -0.0800589
0.194 -0.102453 -0.074463
0.196 -0.0904336 -0.0656505
0.198 -0.0663738 -0.0546713
0.2 -0.0382004 -0.0429413
0.202 -0.0132851 -0.0319825
0.204 0.00342787 -0.0231385
0.206 0.0102286 -0.017338
0.208 0.00830846 -0.0149624
0.21 0.000659099 -0.0158428
0.212 -0.00923597 -0.0193748
0.214 -0.0184635 -0.0247117
0.216 -0.0252609 -0.030977
0.218 -0.0290644 -0.0374382
0.22 -0.0301142 -0.0435961
0.222 -0.0288233 -0.0491782
0.224 -0.0251916 -0.0540552
0.226 -0.0185243 -0.0581286
0.228 -0.00760153 -0.0612394
0.23 0.00872525 -0.0631352
0.232 0.0307047 -0.0635081
0.234 0.0569318 -0.0620896
0.236 0.0840005 -0.0587711
0.238 0.106826 -0.0537074
0.24 0.119706 -0.0473632
0.242 0.117901 -0.0404813
0.244 0.0992136 -0.0339741
0.246 0.0650002 -0.0287616
0.248 0.0201865 -0.025596
0.25 -0.0277595 -0.0249172
0.252 -0.070598 -0.0267765
0.254 -0.101293 -0.0308453
0.256 -0.115612 -0.0365051
0.258 -0.11293 -0.0429905
0.26 -0.0961136 -0.0495469
0.262 -0.0706077 -0.0555609
0.264 -0.042956 -0.0606348
0.266 -0.0191124 -0.0645956
0.268 -0.00298066 -0.0674486
0.27 0.00437696 -0.0692978
0.272 0.00462439 -0.0702609
0.274 0.00121514 -0.0704054
0.276 -0.00200483 -0.0697233
0.278 -0.00216178 -0.0681505
0.28 0.00176495 -0.0656207
0.282 0.00879771 -0.0621273
0.284 0.0165213 -0.0577682
0.286 0.0220855 -0.0527519
0.288 0.0232861 -0.047362
0.29 0.019376 -0.0418929
0.292 0.0113421 -0.0365803
0.294 0.00154616 -0.0315495
0.296 -0.00713251 -0.0267948
0.298 -0.0123026 -0.0221934
0.3 -0.0128321 -0.017545
0.302 -0.00913813 -0.0126274
0.304 -0.00294485 -0.00725297
0.306 0.00338429 -0.00131614
0.308 0.00770608 0.00517894
0.31 0.008862 0.0121142
0.312 0.00710982 0.0192771
0.314 0.00410512 0.0263965
0.316 0.00242347 0.0331841
0.318 0.00470623 0.0393689
0.32 0.0126451 0.0447165
0.322 0.02616 0.0490345
0.324 0.043133 0.0521699
0.326 0.0598612 0.0540069
0.328 0.0720963 0.0544732
0.33 0.0763053 0.0535515
0.332 0.0707341 0.0512949
0.334 0.0559481 0.047839
0.336 0.034716 0.0434057
0.338 0.0113111 0.0382952
0.34 -0.00954859 0.0328646
0.342 -0.0238434 0.0274935
0.344 -0.0292111 0.0225415
0.346 -0.0254963 0.0183046
0.348 -0.0147362 0.0149812
0.35 -0.000564116 0.0126561
0.352 0.0128111 0.0113061
0.354 0.0217461 0.0108213
0.356 0.0240771 0.0110353
0.358 0.0195454 0.0117548
0.36 0.00965373 0.0127839
0.362 -0.00294353 0.0139421
0.364 -0.0152833 0.0150744
0.366 -0.024899 0.0160552
0.368 -0.0303644 0.0167866
0.37 -0.0314592 0.0171953
0.372 -0.0289724 0.0172314
0.374 -0.0242689 0.0168698
0.376 -0.0187991 0.0161133
0.378 -0.0137049 0.014995
0.38 -0.00960761 0.0135762
0.382 -0.00659378 0.0119402
0.384 -0.00436213 0.0101821
0.386 -0.00246509 0.0083983
0.388 -0.000558138 0.00667761
0.39 0.00143207 0.00509603
0.392 0.00328301 0.00371499
0.394 0.00459984 0.0025813
0.396 0.00502647 0.00172781
0.398 0.00444506 0.0011737
0.4 0.00307447 0.000924003
0.402 0.00142835 0.000968419
0.404 0.000156133 0.00128002
0.406 -0.000167162 0.00181491
0.408 0.000771647 0.00251411
0.41 0.00291267 0.00330816
0.412 0.00581337 0.00412425
0.414 0.00874608 0.00489457
0.416 0.0108878 0.00556397
0.418 0.0115544 0.00609515
0.42 0.0104009 0.0064701
0.422 0.00751644 0.00668778
0.424 0.00338432 0.00675883
0.426 -0.00126125 0.00669922
0.428 -0.00562564 0.00652464
0.43 -0.00903403 0.00624737
0.432 -0.0110636 0.00587585
0.434 -0.0116072 0.00541686
0.436 -0.0108616 0.00487889
0.438 -0.00924705 0.00427581
0.44 -0.00727786 0.00362906
0.442 -0.00542006 0.00296775
0.444 -0.00398129 0.00232615
0.446 -0.00306706 0.00173914
0.448 -0.00260858 0.00123685
0.45 -0.00243615 0.000840039
0.452 -0.0023596 0.000557527
0.454 -0.00222804 0.000386085
0.456 -0.00195964 0.00031254
0.458 -0.00154507 0.00031718
0.46 -0.00103246 0.000377425
0.462 -0.000501804 0.000470885
0.464 -3.71621e-05 0.000577357
0.466 0.000296444 0.000679737
0.468 0.000466641 0.000764227
0.47 0.000476559 0.000820315
0.472 0.000358262 0.000840927
0.474 0.00016044 0.000822838
0.476 -6.47297e-05 0.000767125
0.478 -0.000271538 0.000679258
0.48 -0.000426261 0.000568532
0.482 -0.000509427 0.00044675
0.484 -0.00051644 0.00032635
0.486 -0.000457018 0.000218377
0.488 -0.000352773 0.000130747
0.49 -0.000232221 6.72119e-05
0.492 -0.000123524 2.72294e-05
0.494 -4.66603e-05 6.74107e-06
0.496 -7.8027e-06 -4.03957e-07
0.498 1.56595e-06 -7.94205e-07
0.4 0.0372164 0.522178
0.8 0.0373385 0.52215
1.2 0.0375414 0.522106
1.6 0.0378242 0.522046
2 0.0381857 0.521973
2.4 0.0386244 0.521891
2.8 0.0391387 0.521802
3.2 0.0397264 0.521711
3.6 0.0403855 0.521621
4 0.0411136 0.521534
4.4 0.0419082 0.521453
4.8 0.0427669 0.52138
5.2 0.0436872 0.521316
5.6 0.0446665 0.52126
6 0.0457022 0.52121
6.4 0.0467918 0.521162
6.8 0.047933 0.521112
7.2 0.0491232 0.52105
7.6 0.0503602 0.52097
8 0.0516414 0.520859
8.4 0.0529646 0.520705
8.8 0.0543272 0.520494
9.2 0.0557268 0.520209
9.6 0.0571607 0.519832
10 0.058626 0.519346
10.4 0.0601197 0.51873
10.8 0.0616385 0.517965
11.2 0.0631786 0.517031
11.6 0.0647361 0.515907
12 0.0663066 0.514574
12.4 0.0678852 0.513013
12.8 0.0694667 0.511208
13.2 0.0710454 0.509143
13.6 0.0726151 0.506804
14 0.0741695 0.50418
14.4 0.0757016 0.501263
14.8 0.0772042 0.498047
15.2 0.0786701 0.49453
15.6 0.0800915 0.490714
16 0.0814609 0.486602
16.4 0.0827706 0.482201
16.8 0.0840132 0.477524
17.2 0.0851814 0.472584
17.6 0.0862682 0.467399
18 0.0872674 0.46199
18.4 0.0881729 0.45638
18.8 0.0889796 0.450594
19.2 0.089683 0.444661
19.6 0.0902796 0.438609
20 0.0907666 0.432469
20.4 0.0911425 0.426274
20.8 0.0914064 0.420055
21.2 0.0915587 0.413844
21.6 0.091601 0.407672
22 0.0915355 0.401571
22.4 0.0913657 0.39557
22.8 0.091096 0.389695
23.2 0.0907315 0.383974
23.6 0.0902784 0.378429
24 0.0897434 0.37308
24.4 0.0891338 0.367946
24.8 0.0884573 0.363041
25.2 0.0877221 0.358376
25.6 0.0869367 0.353959
26 0.0861094 0.349796
26.4 0.0852488 0.345887
26.8 0.0843631 0.342231
27.2 0.0834605 0.338824
27.6 0.0825486 0.335658
28 0.0816347 0.332722
28.4 0.0807256 0.330003
28.8 0.0798272 0.327488
29.2 0.0789453 0.325158
29.6 0.0780845 0.322996
30 0.0772489 0.320983
30.4 0.076442 0.319097
30.8 0.0756664 0.317318
31.2 0.0749241 0.315624
31.6 0.0742165 0.313995
32 0.0735442 0.31241
32.4 0.0729073 0.31085
32.8 0.0723055 0.309294
33.2 0.071738 0.307727
33.6 0.0712035 0.306131
34 0.0707004 0.304493
34.4 0.0702269 0.302799
34.8 0.069781 0.30104
35.2 0.0693604 0.299207
35.6 0.0689628 0.297294
36 0.0685858 0.295297
36.4 0.0682271 0.293213
36.8 0.0678842 0.291043
37.2 0.067555 0.288789
37.6 0.0672371 0.286455
38 0.0669285 0.284048
38.4 0.0666272 0.281575
38.8 0.0663312 0.279047
39.2 0.066039 0.276473
39.6 0.0657488 0.273866
40 0.0654594 0.271239
40.4 0.0651696 0.268606
40.8 0.0648783 0.265982
41.2 0.0645846 0.263381
41.6 0.064288 0.260819
42 0.0639881 0.25831
42.4 0.0636846 0.25587
42.8 0.0633777 0.253511
43.2 0.0630677 0.251249
43.6 0.0627553 0.249094
44 0.0624413 0.247059
44.4 0.062127 0.245155
44.8 0.0618139 0.243388
45.2 0.0615038 0.241768
45.6 0.0611989 0.240299
46 0.0609017 0.238985
46.4 0.0606148 0.237828
46.8 0.0603412 0.236829
47.2 0.0600841 0.235985
47.6 0.0598468 0.235293
48 0.0596329 0.234747
48.4 0.0594457 0.234341
48.8 0.0592888 0.234065
49.2 0.0591655 0.233908
49.6 0.059079 0.23386
50 0.0590322 0.233905
50.4 0.0590275 0.23403
50.8 0.059067 0.23422
51.2 0.0591522 0.234457
51.6 0.0592839 0.234725
52 0.0594622 0.235006
52.4 0.0596865 0.235284
52.8 0.0599553 0.235541
53.2 0.0602663 0.235759
53.6 0.0606162 0.235923
54 0.061001 0.236016
54.4 0.0614158 0.236024
54.8 0.0618547 0.235933
55.2 0.0623114 0.235732
55.6 0.0627788 0.235408
56 0.0632491 0.234954
56.4 0.0637142 0.234361
56.8 0.064166 0.233624
57.2 0.0645958 0.23274
57.6 0.0649953 0.231706
58 0.0653563 0.230523
58.4 0.065671 0.229192
58.8 0.0659321 0.227717
59.2 0.0661332 0.226103
59.6 0.0662687 0.224358
60 0.066334 0.222489
60.4 0.0663259 0.220507
60.8 0.0662422 0.218421
61.2 0.0660821 0.216244
61.6 0.0658465 0.213988
62 0.0655373 0.211664
62.4 0.0651581 0.209286
62.8 0.0647139 0.206867
63.2 0.0642107 0.204419
63.6 0.0636562 0.201954
64 0.0630586 0.199483
64.4 0.0624274 0.197017
64.8 0.0617727 0.194565
65.2 0.061105 0.192134
65.6 0.0604353 0.189732
66 0.0597746 0.187364
66.4 0.0591335 0.185034
66.8 0.0585225 0.182744
67.2 0.0579513 0.180494
67.6 0.0574288 0.178284
68 0.0569629 0.17611
68.4 0.05656 0.17397
68.8 0.0562254 0.171858
69.2 0.0559629 0.169767
69.6 0.0557745 0.16769
70 0.0556608 0.165619
70.4 0.0556207 0.163545
70.8 0.0556513 0.161457
71.2 0.0557484 0.159346
71.6 0.0559061 0.157202
72 0.0561176 0.155015
72.4 0.0563744 0.152776
72.8 0.0566676 0.150475
73.2 0.0569872 0.148104
73.6 0.0573228 0.145656
74 0.0576641 0.143123
74.4 0.0580003 0.140501
74.8 0.0583212 0.137786
75.2 0.0586172 0.134974
75.6 0.0588792 0.132065
76 0.0590993 0.129059
76.4 0.0592707 0.125957
76.8 0.059388 0.122762
77.2 0.0594474 0.119479
77.6 0.0594463 0.116115
78 0.0593843 0.112675
78.4 0.0592623 0.109168
78.8 0.0590828 0.105605
79.2 0.0588502 0.101994
79.6 0.0585703 0.0983464
80 0.05825 0.0946748
80.4 0.0578978 0.0909908
80.8 0.057523 0.0873067
81.2 0.0571358 0.083635
81.6 0.0567468 0.0799882
82 0.0563672 0.0763784
82.4 0.056008 0.0728176
82.8 0.0556803 0.0693171
83.2 0.0553947 0.0658877
83.6 0.0551612 0.0625395
84 0.0549888 0.0592818
84.4 0.0548857 0.056123
84.8 0.0548589 0.0530705
85.2 0.0549139 0.0501308
85.6 0.055055 0.0473093
86 0.055285 0.0446104
86.4 0.0556051 0.0420376
86.8 0.0560152 0.0395932
87.2 0.0565136 0.0372787
87.6 0.0570974 0.0350945
88 0.0577623 0.0330402
88.4 0.0585031 0.0311147
88.8 0.0593135 0.029316
89.2 0.0601863 0.0276414
89.6 0.0611141 0.0260877
90 0.0620886 0.0246511
90.4 0.0631016 0.0233274
90.8 0.0641449 0.0221121
91.2 0.0652102 0.0210003
91.6 0.0662898 0.0199868
92 0.0673763 0.0190665
92.4 0.0684628 0.0182341
92.8 0.0695434 0.0174841
93.2 0.0706127 0.0168113
93.6 0.0716661 0.0162105
94 0.0726999 0.0156767
94.4 0.0737112 0.0152049
94.8 0.074698 0.0147904
95.2 0.0756587 0.0144289
95.6 0.0765925 0.0141162
96 0.0774992 0.0138484
96.4 0.0783788 0.0136221
96.8 0.0792317 0.013434
97.2 0.0800584 0.0132814
97.6 0.0808593 0.0131617
98 0.0816348 0.0130729
98.4 0.082385 0.0130132
98.8 0.0831095 0.0129813
99.2 0.0838076 0.0129762
99.6 0.0844781 0.0129973
100 0.085119 0.0130442
100.4 0.0857277 0.0131169
100.8 0.0863013 0.0132159
101.2 0.0868359 0.0133415
101.6 0.0873272 0.0134948
102 0.0877705 0.0136767
102.4 0.0881607 0.0138884
102.8 0.0884924 0.0141312
103.2 0.0887601 0.0144064
103.6 0.0889582 0.0147156
104 0.0890815 0.0150599
104.4 0.0891249 0.0154408
104.8 0.0890839 0.0158592
105.2 0.0889546 0.0163162
105.6 0.0887339 0.0168124
106 0.0884195 0.0173481
106.4 0.0880104 0.0179234
106.8 0.0875063 0.0185378
107.2 0.0869083 0.0191905
107.6 0.0862187 0.0198801
108 0.0854408 0.0206051
108.4 0.0845794 0.021363
108.8 0.0836401 0.0221511
109.2 0.0826299 0.0229661
109.6 0.0815564 0.0238045
110 0.0804284 0.0246619
110.4 0.0792552 0.025534
110.8 0.0780467 0.0264159
111.2 0.0768131 0.0273025
111.6 0.0755651 0.0281883
112 0.0743131 0.0290681
112.4 0.0730675 0.0299363
112.8 0.0718385 0.0307874
113.2 0.0706356 0.0316162
113.6 0.0694681 0.0324175
114 0.0683441 0.0331866
114.4 0.0672711 0.033919
114.8 0.0662558 0.0346109
115.2 0.0653038 0.0352588
115.6 0.0644198 0.03586
116 0.0636073 0.0364122
116.4 0.062869 0.036914
116.8 0.0622067 0.0373647
117.2 0.0616213 0.0377642
117.6 0.0611128 0.038113
118 0.0606806 0.0384125
118.4 0.0603234 0.0386647
118.8 0.0600398 0.0388722
119.2 0.0598275 0.039038
119.6 0.0596843 0.0391657
120 0.0596079 0.0392593
120.4 0.0595959 0.039323
120.8 0.0596458 0.0393612
121.2 0.0597556 0.0393785
121.6 0.0599231 0.0393794
122 0.0601467 0.0393684
122.4 0.0604248 0.0393497
122.8 0.0607561 0.0393271
123.2 0.0611396 0.0393044
123.6 0.0615744 0.0392846
124 0.0620596 0.0392704
124.4 0.0625945 0.0392638
124.8 0.0631784 0.0392664
125.2 0.0638101 0.0392789
125.6 0.0644883 0.0393018
126 0.0652115 0.0393346
126.4 0.0659773 0.0393765
126.8 0.066783 0.0394261
127.2 0.0676251 0.0394814
127.6 0.0684994 0.0395402
128 0.0694007 0.0395998
128.4 0.0703232 0.0396573
128.8 0.0712601 0.0397096
129.2 0.0722037 0.0397535
129.6 0.0731457 0.039786
130 0.0740768 0.0398039
130.4 0.0749873 0.0398044
130.8 0.0758669 0.0397849
131.2 0.076705 0.0397431
131.6 0.0774908 0.0396771
132 0.0782133 0.0395857
132.4 0.078862 0.0394678
132.8 0.0794267 0.0393231
133.2 0.0798976 0.0391518
133.6 0.0802661 0.0389544
134 0.0805243 0.0387323
134.4 0.0806657 0.0384871
134.8 0.080685 0.038221
135.2 0.0805785 0.0379364
135.6 0.0803444 0.0376363
136 0.0799822 0.0373238
136.4 0.0794936 0.0370021
136.8 0.0788819 0.0366748
137.2 0.0781522 0.0363452
137.6 0.0773116 0.0360167
138 0.0763687 0.0356926
138.4 0.0753336 0.0353758
138.8 0.0742181 0.035069
139.2 0.0730349 0.0347747
139.6 0.071798 0.0344947
140 0.070522 0.0342304
140.4 0.0692219 0.0339828
140.8 0.0679134 0.0337524
141.2 0.0666116 0.0335389
141.6 0.0653319 0.0333418
142 0.0640886 0.0331597
142.4 0.0628955 0.032991
142.8 0.0617652 0.0328335
143.2 0.060709 0.0326845
143.6 0.0597367 0.0325411
144 0.0588563 0.0323998
144.4 0.0580741 0.032257
144.8 0.0573945 0.032109
145.2 0.0568196 0.0319519
145.6 0.0563497 0.0317816
146 0.055983 0.0315942
146.4 0.0557156 0.0313859
146.8 0.0555419 0.0311531
147.2 0.0554541 0.0308922
147.6 0.0554431 0.0306001
148 0.0554982 0.030274
148.4 0.0556073 0.0299115
148.8 0.0557575 0.0295106
149.2 0.0559348 0.0290696
149.6 0.0561247 0.0285875
150 0.0563126 0.0280638
150.4 0.0564837 0.0274983
150.8 0.0566234 0.0268913
151.2 0.0567176 0.0262438
151.6 0.056753 0.025557
152 0.0567172 0.0248327
152.4 0.0565988 0.0240731
152.8 0.0563881 0.0232806
153.2 0.0560765 0.0224582
153.6 0.0556574 0.021609
154 0.0551257 0.0207365
154.4 0.0544782 0.0198442
154.8 0.0537135 0.018936
155.2 0.0528323 0.0180159
155.6 0.0518369 0.0170878
156 0.0507315 0.0161558
156.4 0.0495222 0.015224
156.8 0.0482165 0.0142964
157.2 0.0468238 0.013377
157.6 0.0453544 0.0124696
158 0.0438204 0.0115779
158.4 0.0422345 0.0107055
158.8 0.0406106 0.00985562
159.2 0.0389631 0.0090315
159.6 0.037307 0.00823597
160 0.0356574 0.00747166
160.4 0.0340297 0.00674092
160.8 0.032439 0.00604581
161.2 0.0309002 0.00538807
161.6 0.0294275 0.00476918
162 0.0280347 0.00419025
162.4 0.0267342 0.00365213
162.8 0.025538 0.00315531
163.2 0.0244565 0.0027
163.6 0.0234988 0.00228608
164 0.0226729 0.00191315
164.4 0.021985 0.00158051
164.8 0.0214398 0.00128717
165.2 0.0210405 0.00103191
165.6 0.0207886 0.000813254
166 0.0206839 0.000629494
166.4 0.0207247 0.000478735
166.8 0.0209076 0.000358907
167.2 0.0212276 0.000267791
167.6 0.0216785 0.000203048
168 0.0222524 0.000162248
168.4 0.0229404 0.000142902
168.8 0.0237324 0.000142489
169.2 0.024617 0.000158486
169.6 0.0255825 0.000188403
170 0.026616 0.000229803
170.4 0.0277044 0.000280337
170.8 0.028834 0.000337763
171.2 0.0299911 0.000399975
171.6 0.0311619 0.000465018
172 0.0323328 0.000531108
172.4 0.0334905 0.000596646
172.8 0.0346223 0.00066023
173.2 0.0357159 0.000720659
173.6 0.0367601 0.000776937
174 0.0377444 0.000828278
174.4 0.0386594 0.000874095
174.8 0.0394968 0.000913998
175.2 0.0402496 0.000947781
175.6 0.0409118 0.000975409
176 0.041479 0.000997007
176.4 0.0419479 0.00101283
176.8 0.0423166 0.00102327
177.2 0.0425843 0.0010288
177.6 0.0427518 0.00102997
178 0.0428207 0.0010274
178.4 0.0427938 0.00102173
178.8 0.0426748 0.00101363
179.2 0.0424686 0.00100375
179.6 0.0421804 0.000992732
180 0.0418163 0.000981164
180.4 0.0413828 0.000969594
180.8 0.0408867 0.000958502
181.2 0.040335 0.000948298
181.6 0.0397349 0.000939315
182 0.0390932 0.000931803
182.4 0.0384167 0.00092593
182.8 0.037712 0.000921784
183.2 0.0369849 0.000919376
183.6 0.0362409 0.000918644
184 0.035485 0.000919465
184.4 0.0347212 0.000921657
184.8 0.0339532 0.000924994
185.2 0.0331837 0.000929216
185.6 0.0324148 0.000934036
186 0.0316479 0.000939157
186.4 0.0308836 0.000944278
186.8 0.0301222 0.000949104
187.2 0.0293633 0.000953358
187.6 0.0286059 0.000956788
188 0.0278488 0.000959173
188.4 0.0270907 0.000960331
188.8 0.02633 0.000960118
189.2 0.0255649 0.000958438
189.6 0.0247942 0.000955236
190 0.0240164 0.000950505
190.4 0.0232306 0.00094428
190.8 0.0224363 0.000936635
191.2 0.0216335 0.000927683
191.6 0.0208227 0.000917568
192 0.0200052 0.000906457
192.4 0.019183 0.000894542
192.8 0.0183587 0.000882028
193.2 0.0175357 0.000869126
193.6 0.0167182 0.000856051
194 0.015911 0.000843016
194.4 0.0151196 0.00083022
194.8 0.01435 0.000817855
195.2 0.0136089 0.00080609
195.6 0.012903 0.000795076
196 0.0122396 0.000784939
196.4 0.0116259 0.000775782
196.8 0.0110692 0.000767681
197.2 0.0105765 0.000760687
197.6 0.0101545 0.000754823
198 0.00980958 0.000750091
198.4 0.00954719 0.000746469
198.8 0.00937214 0.000743915
199.2 0.00928828 0.000742369
199.6 0.00929839 0.000741758
200 0.00940407 0.000741993
200.4 0.00960565 0.00074298
200.8 0.0099021 0.000744614
201.2 0.010291 0.000746788
201.6 0.0107686 0.000749395
202 0.0113294 0.000752326
202.4 0.0119669 0.000755476
202.8 0.0126731 0.000758743
203.2 0.0134385 0.00076203
203.6 0.0142527 0.000765249
204 0.0151042 0.000768315
204.4 0.0159804 0.000771153
204.8 0.0168682 0.000773696
205.2 0.0177538 0.000775884
205.6 0.0186232 0.000777666
206 0.019462 0.000778998
206.4 0.0202561 0.000779847
206.8 0.0209916 0.000780184
207.2 0.0216553 0.000779993
207.6 0.0222345 0.000779262
208 0.0227176 0.000777991
208.4 0.0230941 0.000776187
208.8 0.0233549 0.000773868
209.2 0.0234923 0.00077106
209.6 0.0235005 0.0007678
210 0.0233752 0.000764135
210.4 0.023114 0.000760122
210.8 0.0227165 0.000755829
211.2 0.0221843 0.000751335
211.6 0.0215207 0.000746727
212 0.0207312 0.000742104
212.4 0.019823 0.000737573
212.8 0.0188049 0.000733248
213.2 0.0176877 0.000729249
213.6 0.0164832 0.000725702
214 0.0152048 0.000722735
214.4 0.013867 0.000720474
214.8 0.0124848 0.000719044
215.2 0.0110743 0.000718565
215.6 0.00965172 0.000719149
216 0.0082334 0.000720896
216.4 0.00683568 0.000723892
216.8 0.00547449 0.000728208
217.2 0.00416516 0.000733893
217.6 0.00292222 0.000740977
218 0.00175913 0.000749465
218.4 0.00068816 0.000759337
218.8 -0.000279831 0.000770546
219.2 -0.00113551 0.000783019
219.6 -0.00187119 0.000796656
220 -0.00248091 0.00081133
220.4 -0.00296049 0.000826891
220.8 -0.00330752 0.000843162
221.2 -0.0035214 0.00085995
221.6 -0.00360323 0.00087704
222 -0.00355578 0.000894205
222.4 -0.00338337 0.000911208
222.8 -0.00309174 0.000927803
223.2 -0.00268787 0.000943745
223.6 -0.00217985 0.00095879
224 -0.00157666 0.000972702
224.4 -0.000887997 0.000985257
224.8 -0.000124031 0.000996248
225.2 0.00070478 0.00100549
225.6 0.0015879 0.00101281
226 0.00251494 0.00101809
226.4 0.00347582 0.00102121
226.8 0.00446097 0.0010221
227.2 0.00546147 0.00102073
227.6 0.00646924 0.00101709
228 0.00747711 0.00101121
228.4 0.00847891 0.00100316
228.8 0.00946957 0.000993037
229.2 0.0104452 0.000980967
229.6 0.0114029 0.000967111
230 0.012341 0.000951651
230.4 0.0132589 0.000934794
230.8 0.0141571 0.000916763
231.2 0.0150367 0.000897796
231.6 0.0159 0.000878139
232 0.0167496 0.000858044
232.4 0.0175891 0.000837763
232.8 0.0184219 0.000817545
233.2 0.0192521 0.000797629
233.6 0.0200836 0.000778243
234 0.0209202 0.000759598
234.4 0.0217657 0.000741888
234.8 0.0226231 0.000725284
235.2 0.0234951 0.000709934
235.6 0.0243836 0.000695958
236 0.0252898 0.000683452
236.4 0.0262141 0.000672483
236.8 0.0271558 0.000663092
237.2 0.0281134 0.000655292
237.6 0.0290843 0.000649071
238 0.030065 0.000644392
238.4 0.0310512 0.000641194
238.8 0.0320374 0.000639398
239.2 0.0330176 0.000638904
239.6 0.0339851 0.000639598
240 0.0349325 0.000641353
240.4 0.035852 0.00064403
240.8 0.0367355 0.000647485
241.2 0.0375749 0.000651568
241.6 0.0383618 0.000656127
242 0.0390884 0.000661011
242.4 0.0397469 0.00066607
242.8 0.0403303 0.00067116
243.2 0.040832 0.000676144
243.6 0.0412462 0.000680891
244 0.0415683 0.000685279
244.4 0.0417943 0.000689199
244.8 0.0419216 0.000692549
245.2 0.0419486 0.000695239
245.6 0.0418751 0.00069719
246 0.0417018 0.000698333
246.4 0.041431 0.00069861
246.8 0.0410659 0.000697972
247.2 0.040611 0.000696379
247.6 0.0400717 0.0006938
248 0.0394546 0.00069021
248.4 0.038767 0.000685591
248.8 0.0380168 0.000679932
249.2 0.0372128 0.000673224
249.6 0.036364 0.000665464
250 0.0354797 0.000656653
250.4 0.0345693 0.000646794
250.8 0.0336422 0.000635895
251.2 0.0327074 0.000623964
251.6 0.0317736 0.000611014
252 0.0308488 0.000597062
252.4 0.0299406 0.000582127
252.8 0.0290555 0.000566235
253.2 0.028199 0.000549413
253.6 0.0273758 0.0005317
254 0.0265892 0.000513138
254.4 0.0258417 0.000493781
254.8 0.0251342 0.000473689
255.2 0.0244668 0.000452936
255.6 0.0238383 0.000431607
256 0.0232462 0.000409801
256.4 0.0226873 0.000387628
256.8 0.0221573 0.000365217
257.2 0.021651 0.00034271
257.6 0.0211626 0.000320263
258 0.0206858 0.000298051
258.4 0.020214 0.000276262
258.8 0.0197402 0.000255098
259.2 0.0192577 0.000234776
259.6 0.0187595 0.000215523
260 0.0182395 0.000197576
260.4 0.0176919 0.000181181
260.8 0.0171116 0.000166587
261.2 0.0164944 0.000154046
261.6 0.0158371 0.000143807
262 0.0151379 0.000136117
262.4 0.0143959 0.00013121
262.8 0.0136118 0.000129309
263.2 0.0127876 0.000130617
263.6 0.0119269 0.000135319
264 0.0110344 0.000143569
264.4 0.0101165 0.000155493
264.8 0.00918095 0.000171183
265.2 0.00823655 0.000190692
265.6 0.00729339 0.000214028
266 0.0063625 0.000241158
266.4 0.00545575 0.000271999
266.8 0.00458564 0.000306417
267.2 0.00376507 0.000344228
267.6 0.00300716 0.000385196
268 0.00232497 0.000429031
268.4 0.00173126 0.000475391
268.8 0.00123829 0.000523885
269.2 0.000857503 0.000574072
269.6 0.000599342 0.000625467
270 0.000473003 0.000677542
270.4 0.000486223 0.000729732
270.8 0.000645096 0.00078144
271.2 0.000953905 0.000832044
271.6 0.00141499 0.0008809
272 0.00202861 0.000927354
272.4 0.00279294 0.000970743
272.8 0.00370396 0.00101041
273.2 0.00475547 0.0010457
273.6 0.00593919 0.001076
274 0.00724473 0.00110069
274.4 0.0086598 0.0011192
274.8 0.0101703 0.00113101
275.2 0.0117605 0.00113564
275.6 0.0134132 0.00113266
276 0.0151103 0.00112172
276.4 0.0168324 0.00110253
276.8 0.0185597 0.00107487
277.2 0.020272 0.0010386
277.6 0.021949 0.000993669
278 0.0235709 0.000940092
278.4 0.0251181 0.000877983
278.8 0.026572 0.000807536
279.2 0.0279152 0.000729031
279.6 0.0291315 0.000642829
280 0.0302065 0.00054937
280.4 0.0311275 0.000449173
280.8 0.0318838 0.000342824
281.2 0.0324671 0.000230977
281.6 0.0328709 0.000114344
282 0.0330915 -6.31085e-06
282.4 0.0331272 -0.00013018
282.8 0.032979 -0.00025642
283.2 0.0326499 -0.000384163
283.6 0.0321453 -0.000512521
284 0.0314727 -0.0006406
284.4 0.0306416 -0.000767507
284.8 0.0296633 -0.000892362
285.2 0.0285505 -0.0010143
285.6 0.0273175 -0.0011325
286 0.0259796 -0.00124616
286.4 0.0245529 -0.00135454
286.8 0.0230543 -0.00145694
287.2 0.0215008 -0.00155274
287.6 0.0199096 -0.00164137
288 0.0182977 -0.00172234
288.4 0.0166816 -0.00179524
288.8 0.0150771 -0.00185972
289.2 0.0134992 -0.00191554
289.6 0.0119619 -0.00196252
290 0.0104777 -0.00200059
290.4 0.00905807 -0.00202973
290.8 0.00771276 -0.00205002
291.2 0.00645006 -0.00206163
291.6 0.00527665 -0.00206478
292 0.00419758 -0.00205977
292.4 0.00321632 -0.00204697
292.8 0.00233475 -0.00202681
293.2 0.00155327 -0.00199975
293.6 0.000870844 -0.00196632
294 0.000285157 -0.00192708
294.4 -0.000207301 -0.00188262
294.8 -0.000611076 -0.00183355
295.2 -0.000931606 -0.00178049
295.6 -0.00117506 -0.00172407
296 -0.00134819 -0.00166493
296.4 -0.00145814 -0.00160367
296.8 -0.00151234 -0.00154092
297.2 -0.0015183 -0.00147723
297.6 -0.00148351 -0.00141318
298 -0.00141527 -0.00134927
298.4 -0.00132063 -0.00128599
298.8 -0.0012062 -0.00122378
299.2 -0.00107816 -0.00116302
299.6 -0.000942106 -0.00110406
300 -0.000803053 -0.00104719
300.4 -0.000665365 -0.000992671
300.8 -0.00053275 -0.000940686
301.2 -0.00040825 -0.000891387
301.6 -0.000294251 -0.000844874
302 -0.000192508 -0.000801202
302.4 -0.000104181 -0.000760385
302.8 -2.9876e-05 -0.000722398
303.2 3.02975e-05 -0.000687181
303.6 7.6669e-05 -0.000654643
304 0.000109943 -0.000624666
304.4 0.000131132 -0.00059711
304.8 0.00014149 -0.000571817
305.2 0.000142446 -0.000548618
305.6 0.000135542 -0.000527332
306 0.000122371 -0.000507775
306.4 0.000104526 -0.000489762
306.8 8.35482e-05 -0.00047311
307.2 6.08886e-05 -0.000457644
307.6 3.7871e-05 -0.000443197
308 1.56667e-05 -0.000429612
308.4 -4.7263e-06 -0.000416747
308.8 -2.24947e-05 -0.000404474
309.2 -3.70157e-05 -0.000392682
309.6 -4.78563e-05 -0.000381275
310 -5.47661e-05 -0.000370174
310.4 -5.76661e-05 -0.000359316
310.8 -5.66327e-05 -0.000348655
311.2 -5.18787e-05 -0.000338156
311.6 -4.3732e-05 -0.000327802
312 -3.26124e-05 -0.000317586
312.4 -1.90088e-05 -0.00030751
312.8 -3.45497e-06 -0.000297587
313.2 1.3492e-05 -0.000287836
313.6 3.12733e-05 -0.00027828
314 4.93469e-05 -0.000268948
314.4 6.72041e-05 -0.000259867
314.8 8.43831e-05 -0.000251068
315.2 0.00010048 -0.000242578
315.6 0.000115156 -0.000234422
316 0.000128144 -0.000226623
316.4 0.000139246 -0.000219197
316.8 0.000148339 -0.000212158
317.2 0.000155365 -0.000205512
317.6 0.000160331 -0.000199262
318 0.0001633 -0.000193403
318.4 0.000164383 -0.000187926
318.8 0.000163731 -0.000182819
319.2 0.000161522 -0.000178062
319.6 0.000157958 -0.000173634
320 0.00015325 -0.000169509
320.4 0.000147611 -0.000165662
320.8 0.000141251 -0.000162063
321.2 0.000134366 -0.000158682
321.6 0.000127135 -0.000155492
322 0.000119714 -0.000152462
322.4 0.000112236 -0.000149567
322.8 0.000104807 -0.000146782
323.2 9.75063e-05 -0.000144084
323.6 9.03881e-05 -0.000141453
324 8.34823e-05 -0.000138874
324.4 7.67982e-05 -0.000136333
324.8 7.03275e-05 -0.00013382
325.2 6.40482e-05 -0.000131329
325.6 5.7929e-05 -0.000128857
326 5.1933e-05 -0.000126401
326.4 4.60225e-05 -0.000123965
326.8 4.01618e-05 -0.000121553
327.2 3.43214e-05 -0.00011917
327.6 2.84801e-05 -0.000116823
328 2.26274e-05 -0.000114521
328.4 1.67647e-05 -0.000112272
328.8 1.09058e-05 -0.000110084
329.2 5.07728e-06 -0.000107966
329.6 -6.8296e-07 -0.000105926
330 -6.32658e-06 -0.00010397
330.4 -1.1797e-05 -0.000102103
330.8 -1.70316e-05 -0.00010033
331.2 -2.19646e-05 -9.86525e-05
331.6 -2.65298e-05 -9.70718e-05
332 -3.06631e-05 -9.5587e-05
332.4 -3.4306e-05 -9.41959e-05
332.8 -3.74079e-05 -9.28948e-05
333.2 -3.9928e-05 -9.16785e-05
333.6 -4.18379e-05 -9.05407e-05
334 -4.31227e-05 -8.94742e-05
334.4 -4.37817e-05 -8.84709e-05
334.8 -4.38294e-05 -8.75224e-05
335.2 -4.32946e-05 -8.66196e-05
335.6 -4.22201e-05 -8.57535e-05
336 -4.06617e-05 -8.49152e-05
336.4 -3.86857e-05 -8.40961e-05
336.8 -3.63677e-05 -8.32877e-05
337.2 -3.37896e-05 -8.24825e-05
337.6 -3.10373e-05 -8.16734e-05
338 -2.81981e-05 -8.08541e-05
338.4 -2.53575e-05 -8.00192e-05
338.8 -2.25972e-05 -7.91641e-05
339.2 -1.99918e-05 -7.8285e-05
339.6 -1.76076e-05 -7.73789e-05
340 -1.54998e-05 -7.64438e-05
340.4 -1.37115e-05 -7.54783e-05
340.8 -1.22725e-05 -7.44816e-05
341.2 -1.11987e-05 -7.34537e-05
341.6 -1.0492e-05 -7.23951e-05
342 -1.01407e-05 -7.13068e-05
342.4 -1.01202e-05 -7.01902e-05
342.8 -1.0394e-05 -6.90469e-05
343.2 -1.09158e-05 -6.78791e-05
343.6 -1.16309e-05 -6.66891e-05
344 -1.24785e-05 -6.54794e-05
344.4 -1.33938e-05 -6.42528e-05
344.8 -1.43104e-05 -6.30121e-05
345.2 -1.51629e-05 -6.17604e-05
345.6 -1.58885e-05 -6.05009e-05
346 -1.64299e-05 -5.92369e-05
346.4 -1.67364e-05 -5.79718e-05
346.8 -1.67661e-05 -5.67092e-05
347.2 -1.6487e-05 -5.54528e-05
347.6 -1.58778e-05 -5.42064e-05
348 -1.49287e-05 -5.29738e-05
348.4 -1.36414e-05 -5.1759e-05
348.8 -1.20292e-05 -5.05658e-05
349.2 -1.01161e-05 -4.93981e-05
349.6 -7.93619e-06 -4.82598e-05
350 -5.53252e-06 -4.71546e-05
350.4 -2.95553e-06 -4.60859e-05
350.8 -2.6151e-07 -4.50571e-05
351.2 2.48909e-06 -4.40709e-05
351.6 5.23353e-06 -4.31299e-05
352 7.90861e-06 -4.22362e-05
352.4 1.04525e-05 -4.13912e-05
352.8 1.28063e-05 -4.05958e-05
353.2 1.4916e-05 -3.98504e-05
353.6 1.67334e-05 -3.91545e-05
354 1.82176e-05 -3.85071e-05
354.4 1.9336e-05 -3.79064e-05
354.8 2.00646e-05 -3.735e-05
355.2 2.03887e-05 -3.68347e-05
355.6 2.0303e-05 -3.63568e-05
356 1.98114e-05 -3.59119e-05
356.4 1.89268e-05 -3.54955e-05
356.8 1.76701e-05 -3.51021e-05
357.2 1.60696e-05 -3.47264e-05
357.6 1.41603e-05 -3.43627e-05
358 1.19824e-05 -3.40051e-05
358.4 9.58023e-06 -3.36479e-05
358.8 7.00117e-06 -3.32856e-05
359.2 4.29418e-06 -3.29127e-05
359.6 1.5087e-06 -3.25244e-05
360 -1.30653e-06 -3.21161e-05
360.4 -4.10459e-06 -3.16838e-05
360.8 -6.84131e-06 -3.12244e-05
361.2 -9.47614e-06 -3.07352e-05
361.6 -1.19728e-05 -3.02143e-05
362 -1.42999e-05 -2.96608e-05
362.4 -1.64311e-05 -2.90743e-05
362.8 -1.83456e-05 -2.84554e-05
363.2 -2.00281e-05 -2.78052e-05
363.6 -2.14686e-05 -2.71259e-05
364 -2.26625e-05 -2.64201e-05
364.4 -2.36097e-05 -2.5691e-05
364.8 -2.4315e-05 -2.49423e-05
365.2 -2.47871e-05 -2.41783e-05
365.6 -2.5038e-05 -2.34035e-05
366 -2.5083e-05 -2.26225e-05
366.4 -2.49394e-05 -2.18403e-05
366.8 -2.46266e-05 -2.10616e-05
367.2 -2.41652e-05 -2.02914e-05
367.6 -2.35767e-05 -1.95342e-05
368 -2.28828e-05 -1.87943e-05
368.4 -2.21051e-05 -1.80759e-05
368.8 -2.12651e-05 -1.73826e-05
369.2 -2.03833e-05 -1.67175e-05
369.6 -1.94796e-05 -1.60833e-05
370 -1.85724e-05 -1.54823e-05
370.4 -1.76794e-05 -1.4916e-05
370.8 -1.68165e-05 -1.43856e-05
371.2 -1.59988e-05 -1.38916e-05
371.6 -1.52397e-05 -1.3434e-05
372 -1.45515e-05 -1.30123e-05
372.4 -1.39449e-05 -1.26258e-05
372.8 -1.34298e-05 -1.2273e-05
373.2 -1.30143e-05 -1.19521e-05
373.6 -1.27059e-05 -1.16614e-05
374 -1.25104e-05 -1.13983e-05
374.4 -1.24328e-05 -1.11606e-05
374.8 -1.24767e-05 -1.09454e-05
375.2 -1.26447e-05 -1.07502e-05
375.6 -1.29382e-05 -1.05722e-05
376 -1.33574e-05 -1.04085e-05
376.4 -1.39015e-05 -1.02565e-05
376.8 -1.45684e-05 -1.01136e-05
377.2 -1.53548e-05 -9.97722e-06
377.6 -1.62565e-05 -9.84509e-06
378 -1.72679e-05 -9.71504e-06
378.4 -1.83827e-05 -9.5851e-06
378.8 -1.95935e-05 -9.45355e-06
379.2 -2.08922e-05 -9.31887e-06
379.6 -2.227e-05 -9.1798e-06
380 -2.37175e-05 -9.0353e-06
380.4 -2.5225e-05 -8.88458e-06
380.8 -2.67826e-05 -8.72709e-06
381.2 -2.83805e-05 -8.56251e-06
381.6 -3.00093e-05 -8.39073e-06
382 -3.16596e-05 -8.21189e-06
382.4 -3.3323e-05 -8.02631e-06
382.8 -3.49918e-05 -7.83452e-06
383.2 -3.66591e-05 -7.63722e-06
383.6 -3.83192e-05 -7.4353e-06
384 -3.99675e-05 -7.22981e-06
384.4 -4.16004e-05 -7.02193e-06
384.8 -4.32155e-05 -6.81299e-06
385.2 -4.48117e-05 -6.60443e-06
385.6 -4.63886e-05 -6.3978e-06
386 -4.79468e-05 -6.19473e-06
386.4 -4.94874e-05 -5.99694e-06
386.8 -5.1012e-05 -5.80619e-06
387.2 -5.25226e-05 -5.62428e-06
387.6 -5.40207e-05 -5.45303e-06
388 -5.55077e-05 -5.29428e-06
388.4 -5.69842e-05 -5.14983e-06
388.8 -5.845e-05 -5.02146e-06
389.2 -5.99034e-05 -4.91085e-06
389.6 -6.13415e-05 -4.81966e-06
390 -6.27597e-05 -4.74938e-06
390.4 -6.41516e-05 -4.70144e-06
390.8 -6.55088e-05 -4.67706e-06
391.2 -6.68211e-05 -4.67734e-06
391.6 -6.80763e-05 -4.70316e-06
392 -6.92604e-05 -4.75521e-06
392.4 -7.03578e-05 -4.83395e-06
392.8 -7.13514e-05 -4.93958e-06
393.2 -7.22231e-05 -5.07207e-06
393.6 -7.29538e-05 -5.23109e-06
394 -7.3524e-05 -5.41606e-06
394.4 -7.39144e-05 -5.62608e-06
394.8 -7.41061e-05 -5.85999e-06
395.2 -7.40811e-05 -6.11632e-06
395.6 -7.38229e-05 -6.39333e-06
396 -7.33169e-05 -6.68897e-06
396.4 -7.25508e-05 -7.00093e-06
396.8 -7.15151e-05 -7.32667e-06
397.2 -7.02037e-05 -7.66337e-06
397.6 -6.86138e-05 -8.00802e-06
398 -6.67462e-05 -8.3574e-06
398.4 -6.46059e-05 -8.70812e-06
398.8 -6.22018e-05 -9.05669e-06
399.2 -5.95467e-05 -9.39949e-06
399.6 -5.66578e-05 -9.73285e-06
400 -5.35557e-05 -1.00531e-05
