-0.498 1.11137e-06 4.56553e-06
-0.496 -4.95727e-06 2.03206e-05
-0.494 -3.85038e-05 4.88401e-05
-0.492 -0.000117746 8.95075e-05
-0.49 -0.000243439 0.000139744
-0.488 -0.000388116 0.000195736
-0.486 -0.000497917 0.000253478
-0.484 -0.000510208 0.000309792
-0.482 -0.000382692 0.000362977
-0.48 -0.000122716 0.000412892
-0.478 0.000197563 0.000460465
-0.476 0.000450969 0.000506924
-0.474 0.000491707 0.000553119
-0.472 0.000208822 0.000599262
-0.47 -0.000421446 0.000645236
-0.468 -0.00130472 0.000691312
-0.466 -0.00223366 0.00073893
-0.464 -0.00293263 0.000791042
-0.462 -0.00313225 0.000851591
-0.46 -0.00265427 0.000923868
-0.458 -0.00148115 0.00100797
-0.456 0.000214465 0.00109816
-0.454 0.00209609 0.00118123
-0.452 0.00374353 0.001237
-0.45 0.00476466 0.00124148
-0.448 0.00490308 0.00117248
-0.446 0.00410658 0.00101664
-0.444 0.00253483 0.000776076
-0.442 0.000507665 0.000472821
-0.44 -0.00158562 0.000149259
-0.438 -0.00338492 -0.000136272
-0.436 -0.00463703 -0.000318329
-0.434 -0.00523282 -0.000335864
-0.432 -0.00519724 -0.000143454
-0.43 -0.00463965 0.000280895
-0.428 -0.0036872 0.000933646
-0.426 -0.00243225 0.00178977
-0.424 -0.000920278 0.00281133
-0.422 0.00081569 0.00395767
-0.42 0.00269514 0.00519367
-0.418 0.00454337 0.00649318
-0.416 0.0060928 0.00783629
-0.414 0.00704342 0.0092013
-0.412 0.00716477 0.0105547
-0.41 0.00640107 0.011844
-0.408 0.00493581 0.0129968
-0.406 0.00318225 0.0139288
-0.404 0.00168736 0.0145588
-0.402 0.000962917 0.0148264
-0.4 0.00128426 0.0147076
-0.398 0.0025206 0.014224
-0.396 0.00406856 0.0134423
-0.394 0.00494062 0.0124658
-0.392 0.00401344 0.0114168
-0.39 0.000382256 0.0104173
-0.388 -0.00628075 0.00956893
-0.386 -0.0154836 0.00894003
-0.384 -0.0258827 0.0085619
-0.382 -0.0354977 0.00843624
-0.38 -0.0421392 0.0085505
-0.378 -0.0439475 0.00889491
-0.376 -0.0398975 0.0094739
-0.374 -0.0301238 0.0103068
-0.372 -0.0159566 0.0114164
-0.37 0.00035386 0.0128104
-0.368 0.0161606 0.0144614
-0.366 0.0290464 0.0162948
-0.364 0.0373774 0.0181894
-0.362 0.0406224 0.0199921
-0.36 0.0393583 0.0215455
-0.358 0.0349802 0.0227208
-0.356 0.0292198 0.0234483
-0.354 0.0236125 0.0237331
-0.352 0.0190662 0.0236534
-0.35 0.0156636 0.023338
-0.348 0.0127643 0.0229301
-0.346 0.0093688 0.0225462
-0.344 0.00462044 0.0222423
-0.342 -0.00172273 0.0219996
-0.34 -0.00901381 0.0217347
-0.338 -0.0157688 0.0213304
-0.336 -0.0200734 0.0206774
-0.334 -0.020229 0.0197114
-0.332 -0.0154022 0.0184363
-0.33 -0.00602916 0.0169251
-0.328 0.00617299 0.0153
-0.326 0.0185882 0.0136967
-0.324 0.0283561 0.012225
-0.322 0.0331159 0.0109371
-0.32 0.0316431 0.00981745
-0.318 0.0242162 0.00879486
-0.316 0.0126153 0.00777471
-0.314 -0.000264994 0.00667745
-0.312 -0.0111256 0.00546916
-0.31 -0.0171494 0.00417304
-0.308 -0.0168351 0.00285845
-0.306 -0.0105067 0.00161212
-0.304 -0.00027926 0.000501813
-0.302 0.0105696 -0.000454823
-0.3 0.0186326 -0.00130468
-0.298 0.0214348 -0.00215012
-0.296 0.0181413 -0.00311632
-0.294 0.00970186 -0.00430174
-0.292 -0.00152943 -0.0057254
-0.29 -0.0124968 -0.00728883
-0.288 -0.0202289 -0.0087695
-0.286 -0.0225349 -0.00985355
-0.284 -0.0185187 -0.0102016
-0.282 -0.00885071 -0.00952915
-0.28 0.00429383 -0.00767825
-0.278 0.0177282 -0.00465895
-0.276 0.0281516 -0.000648452
-0.274 0.0331787 0.00405199
-0.272 0.032063 0.00908945
-0.27 0.025777 0.0141386
-0.268 0.0164348 0.0189631
-0.266 0.00636357 0.0234392
-0.264 -0.00274166 0.0275337
-0.262 -0.010263 0.031244
-0.26 -0.0166236 0.0345229
-0.258 -0.0228933 0.0372183
-0.256 -0.0302315 0.0390543
-0.254 -0.0393368 0.0396681
-0.252 -0.05001 0.0386984
-0.25 -0.0609132 0.0359006
-0.248 -0.0696166 0.0312574
-0.246 -0.0730294 0.0250478
-0.244 -0.0682343 0.0178486
-0.242 -0.0535575 0.0104598
-0.24 -0.0295006 0.00376572
-0.238 0.000899876 -0.00143122
-0.236 0.0325264 -0.00455862
-0.234 0.0593395 -0.00536187
-0.232 0.0758638 -0.00391142
-0.23 0.0785613 -0.000534652
-0.228 0.0667521 0.00430124
-0.226 0.042874 0.010118
-0.224 0.0119961 0.0165292
-0.222 -0.0193376 0.0232905
-0.22 -0.0446824 0.0302859
-0.218 -0.0593022 0.0374586
-0.216 -0.0614079 0.0447158
-0.214 -0.0526916 0.0518449
-0.212 -0.0379728 0.0584812
-0.21 -0.0239756 0.064149
-0.208 -0.0174892 0.0683671
-0.206 -0.0233848 0.0707895
-0.204 -0.0430541 0.0713301
-0.202 -0.0737442 0.0702299
-0.2 -0.109032 0.0680412
-0.198 -0.140356 0.0655283
-0.196 -0.159199 0.063508
-0.194 -0.159314 0.0626678
-0.192 -0.138403 0.0634062
-0.19 -0.09887 0.0657418
-0.188 -0.0475264 0.0693148
-0.186 0.00564179 0.073486
-0.184 0.0494576 0.0774979
-0.182 0.0739644 0.0806518
-0.18 0.0727887 0.0824457
-0.178 0.0448408 0.0826363
-0.176 -0.00519125 0.0812139
-0.174 -0.067765 0.0783047
-0.172 -0.130565 0.0740406
-0.17 -0.181147 0.0684457
-0.168 -0.209503 0.0613846
-0.166 -0.210034 0.0525956
-0.164 -0.182646 0.0418031
-0.162 -0.132764 0.0288681
-0.16 -0.0702379 0.0139234
-0.158 -0.00734516 -0.00256585
-0.156 0.0436919 -0.0198439
-0.154 0.0731126 -0.0370079
-0.152 0.0754463 -0.0532098
-0.15 0.0504138 -0.0678569
-0.148 0.00277923 -0.0807431
-0.146 -0.0587437 -0.0920669
-0.144 -0.123255 -0.102323
-0.142 -0.179729 -0.112098
-0.14 -0.218973 -0.121818
-0.138 -0.235103 -0.131531
-0.136 -0.226306 -0.140773
-0.134 -0.194908 -0.14856
-0.132 -0.146847 -0.153514
-0.13 -0.0906735 -0.154091
-0.128 -0.0360841 -0.14885
-0.126 0.00792182 -0.136684
-0.124 0.0349048 -0.116971
-0.122 0.0423189 -0.0895793
-0.12 0.0318693 -0.0547784
-0.118 0.00880161 -0.01308
-0.116 -0.0195674 0.0348986
-0.114 -0.045589 0.0884914
-0.112 -0.0629097 0.146926
-0.11 -0.0678299 0.209162
-0.108 -0.0602902 0.273677
-0.106 -0.044216 0.338287
-0.104 -0.026844 0.400092
-0.102 -0.0168859 0.45559
-0.1 -0.0219103 0.500978
-0.098 -0.0457918 0.532607
-0.096 -0.087127 0.547477
-0.094 -0.13913 0.543689
-0.092 -0.190993 0.520742
-0.09 -0.230307 0.479624
-0.088 -0.246005 0.422688
-0.086 -0.2312 0.353356
-0.084 -0.18534 0.275737
-0.082 -0.115077 0.194245
-0.08 -0.0334016 0.113292
-0.078 0.0429908 0.0371082
-0.076 0.0976086 -0.0303485
-0.074 0.118283 -0.0854089
-0.072 0.100306 -0.124733
-0.07 0.0476887 -0.145421
-0.068 -0.0277438 -0.145224
-0.066 -0.109132 -0.122831
-0.064 -0.17853 -0.0781647
-0.062 -0.221054 -0.0125988
-0.06 -0.228233 0.0710037
-0.058 -0.19979 0.168488
-0.056 -0.143501 0.27485
-0.054 -0.073189 0.384854
-0.052 -0.00528237 0.493723
-0.05 0.0452551 0.597743
-0.048 0.0685472 0.694681
-0.046 0.0619307 0.783927
-0.044 0.0300002 0.86638
-0.042 -0.0173238 0.944126
-0.04 -0.0680134 1.02003
-0.038 -0.111446 1.09737
-0.036 -0.141209 1.1795
-0.034 -0.156442 1.26979
-0.032 -0.161369 1.37146
-0.03 -0.163106 1.48764
-0.028 -0.168188 1.6212
-0.026 -0.178781 1.7746
-0.024 -0.189878 1.94948
-0.022 -0.188782 2.14615
-0.02 -0.157295 2.36315
-0.018 -0.075983 2.59683
-0.016 0.0707418 2.84138
-0.014 0.289975 3.08908
-0.012 0.577046 3.33088
-0.01 0.91429 3.55721
-0.008 1.2722 3.75872
-0.006 1.61304 3.927
-0.004 1.89648 4.05505
-0.002 2.08657 4.13761
0 2.15828 4.17133
0.002 2.10196 4.15483
0.004 1.92444 4.0887
0.006 1.64738 3.97554
0.008 1.30333 3.81994
0.01 0.930481 3.62834
0.012 0.566727 3.40873
0.014 0.244273 3.17019
0.016 -0.0143176 2.92211
0.018 -0.197886 2.67346
0.02 -0.306279 2.43199
0.022 -0.348317 2.20373
0.024 -0.338869 1.99268
0.026 -0.295737 1.80093
0.028 -0.236756 1.62891
0.03 -0.177265 1.47587
0.032 -0.128133 1.34033
0.034 -0.0947403 1.2204
0.036 -0.0771837 1.11398
0.038 -0.0715717 1.01875
0.04 -0.0718419 0.932204
0.042 -0.0715019 0.851542
0.044 -0.0649944 0.773822
0.046 -0.0487162 0.69618
0.048 -0.0217839 0.616191
0.05 0.0135794 0.532272
0.052 0.0523496 0.444035
0.054 0.0878465 0.352468
0.056 0.113446 0.259905
0.058 0.1243 0.169749
0.06 0.118564 0.0860013
0.062 0.0978772 0.0126846
0.064 0.0670623 -0.0467174
0.066 0.0331469 -0.089683
0.068 0.0038697 -0.114874
0.07 -0.0140821 -0.122144
0.072 -0.0167778 -0.11238
0.074 -0.0042949 -0.0872618
0.076 0.018879 -0.0490197
0.078 0.0445362 -0.000242197
0.08 0.0624819 0.0562419
0.082 0.0629631 0.117422
0.084 0.0392425 0.180146
0.086 -0.0103266 0.241183
0.088 -0.0813098 0.297351
0.09 -0.16362 0.345716
0.092 -0.243323 0.383839
0.094 -0.30542 0.410025
0.096 -0.337023 0.423516
0.098 -0.330218 0.424547
0.1 -0.283993 0.414249
0.102 -0.204743 0.394388
0.104 -0.10524 0.367032
0.106 -0.00225436 0.3342
0.108 0.0866685 0.297612
0.11 0.146632 0.258564
0.112 0.168262 0.217963
0.114 0.1494 0.176478
0.116 0.0952985 0.134748
0.118 0.0172957 0.0935659
0.12 -0.069678 0.0539682
0.122 -0.150245 0.0171902
0.124 -0.211701 -0.0154987
0.126 -0.246417 -0.0430251
0.128 -0.252948 -0.0647254
0.13 -0.235597 -0.0804674
0.132 -0.20265 -0.0906339
0.134 -0.163824 -0.0959747
0.136 -0.127654 -0.0973746
0.138 -0.099477 -0.0956129
0.14 -0.0804963 -0.0911857
0.142 -0.0681126 -0.0842434
0.144 -0.0573226 -0.0746529
0.146 -0.0426783 -0.062162
0.148 -0.0202459 -0.0466108
0.15 0.0109024 -0.0281289
0.152 0.0480292 -0.00725812
0.154 0.085146 0.0150339
0.156 0.1145 0.0374568
0.158 0.128789 0.0585916
0.16 0.123457 0.0771267
0.162 0.0983435 0.0920728
0.164 0.0580982 0.1029
0.166 0.0112198 0.109564
0.168 -0.0320118 0.112423
0.17 -0.0620863 0.112082
0.172 -0.0726159 0.109221
0.174 -0.0619242 0.10446
0.176 -0.033513 0.0983011
0.178 0.00472439 0.0911508
0.18 0.0424139 0.0833905
0.182 0.0693179 0.0754613
0.184 0.0779801 0.0679134
0.186 0.0656309 0.0613922
0.188 0.0347924 0.0565566
0.19 -0.00754026 0.0539517
0.192 -0.0518235 0.0538741
0.194 -0.0884234 0.0562732
0.196 -0.109985 0.060725
0.198 -0.113152 0.0664918
0.2 -0.0992271 0.0726576
0.202 -0.0736142 0.0783046
0.204 -0.0442059 0.0826876
0.206 -0.0191579 0.0853577
0.208 -0.00469677 0.086205
0.21 -0.00361355 0.0854107
0.212 -0.0148565 0.0833325
0.214 -0.0342111 0.0803663
0.216 -0.0556887 0.0768321
0.218 -0.0731433 0.0729185
0.22 -0.0817461 0.0686942
0.222 -0.0790781 0.0641722
0.224 -0.065644 0.0593979
0.226 -0.0446498 0.0545236
0.228 -0.0210382 0.0498403
0.23 -2.47785e-05 0.0457496
0.232 0.0144012 0.0426784
0.234 0.0204915 0.0409604
0.236 0.0189183 0.0407206
0.238 0.0121409 0.0417995
0.24 0.00335375 0.0437462
0.242 -0.00446963 0.0458918
0.244 -0.00913655 0.0474879
0.246 -0.00943543 0.0478737
0.248 -0.00516435 0.0466248
0.25 0.00292385 0.0436401
0.252 0.01332 0.0391467
0.254 0.0241503 0.0336255
0.256 0.0336647 0.0276819
0.258 0.0406186 0.0219035
0.26 0.04439 0.0167399
0.262 0.0448253 0.0124355
0.264 0.0419679 0.0090229
0.266 0.0358867 0.00637175
0.268 0.0267439 0.00427268
0.27 0.0150594 0.0025298
0.272 0.0019709 0.00102959
0.274 -0.0107229 -0.000237123
0.276 -0.0208147 -0.00120485
0.278 -0.0261513 -0.00179831
0.28 -0.0251562 -0.00200362
0.282 -0.0172821 -0.00191683
0.284 -0.00328489 -0.00175068
0.286 0.0147856 -0.00179509
0.288 0.0339324 -0.00234275
0.29 0.0508419 -0.00360263
0.292 0.0626323 -0.00562906
0.294 0.067512 -0.00828852
0.296 0.0651763 -0.0112747
0.298 0.0568499 -0.0141674
0.3 0.04498 -0.0165187
0.302 0.0326603 -0.0179409
0.304 0.0229096 -0.0181745
0.306 0.0179537 -0.0171221
0.308 0.0186827 -0.0148464
0.31 0.024449 -0.0115392
0.312 0.0332962 -0.00747119
0.314 0.0425533 -0.00293736
0.316 0.0495768 0.00179197
0.318 0.052384 0.00650041
0.32 0.0500176 0.0110299
0.322 0.0426178 0.0152632
0.324 0.0312586 0.0190963
0.326 0.0176315 0.0224178
0.328 0.00366414 0.0251052
0.33 -0.008844 0.0270424
0.332 -0.018507 0.0281487
0.334 -0.0245232 0.0284084
0.336 -0.0267063 0.0278898
0.338 -0.0253663 0.0267469
0.34 -0.0210842 0.0252036
0.342 -0.0144882 0.0235204
0.344 -0.00614613 0.0219516
0.346 0.00339218 0.020701
0.348 0.0134659 0.0198874
0.35 0.0232013 0.01953
0.352 0.031534 0.0195562
0.354 0.037379 0.01983
0.356 0.0398822 0.02019
0.358 0.0386359 0.0204857
0.36 0.0337694 0.0206029
0.362 0.0259053 0.0204726
0.364 0.0160355 0.0200682
0.366 0.00537035 0.0193951
0.368 -0.00482584 0.0184797
0.37 -0.0134238 0.0173602
0.372 -0.0196288 0.0160816
0.374 -0.0231276 0.0146961
0.376 -0.024102 0.013266
0.378 -0.0230855 0.0118685
0.38 -0.0207175 0.0105946
0.382 -0.0175165 0.0095424
0.384 -0.0137754 0.00880097
0.386 -0.00961449 0.00843109
0.388 -0.00512887 0.00844866
0.39 -0.000525085 0.00881672
0.392 0.00383972 0.00944907
0.394 0.00752229 0.0102244
0.396 0.0101066 0.0110067
0.398 0.0113037 0.0116669
0.4 0.0110127 0.0121002
0.402 0.00935006 0.012236
0.404 0.0066568 0.0120408
0.406 0.00347223 0.0115131
0.408 0.000451062 0.0106749
0.41 -0.00178306 0.00956232
0.412 -0.0028122 0.00821852
0.414 -0.00255582 0.00669146
0.416 -0.00129419 0.00503551
0.418 0.000432855 0.00331453
0.42 0.00200745 0.00160341
0.422 0.00291859 -1.42182e-05
0.424 0.00288647 -0.00145277
0.426 0.00190258 -0.00263463
0.428 0.000198665 -0.00350117
0.43 -0.00182957 -0.00402184
0.432 -0.00372281 -0.0041992
0.434 -0.00506678 -0.00406845
0.436 -0.00559032 -0.00369142
0.438 -0.00522798 -0.00314609
0.44 -0.00412499 -0.00251412
0.442 -0.00258151 -0.00186903
0.444 -0.000957554 -0.00126782
0.446 0.000425874 -0.000747279
0.448 0.00135779 -0.00032488
0.45 0.00176536 -2.92629e-06
0.452 0.00170135 0.00022596
0.454 0.00130441 0.000373761
0.456 0.000748877 0.000453523
0.458 0.000198605 0.000477727
0.46 -0.000225677 0.000458256
0.462 -0.000461485 0.000407149
0.464 -0.000503657 0.000337157
0.466 -0.000391987 0.000261398
0.468 -0.000192542 0.000192004
0.47 2.2748e-05 0.000138313
0.472 0.000193903 0.000105387
0.474 0.000284505 9.34593e-05
0.476 0.000285272 9.84665e-05
0.478 0.000210236 0.000113466
0.48 8.8332e-05 0.000130504
0.482 -4.60716e-05 0.000142494
0.484 -0.00016126 0.000144683
0.486 -0.000234205 0.000135404
0.488 -0.000254628 0.000115999
0.49 -0.000226608 9.00053e-05
0.492 -0.000166617 6.1964e-05
0.494 -9.764e-05 3.62543e-05
0.496 -4.09518e-05 1.62634e-05
0.498 -8.63328e-06 3.99148e-06
0.4 0.0308387 0.507423
0.8 0.0309226 0.506899
1.2 0.031063 0.506033
1.6 0.0312606 0.504834
2 0.0315167 0.503314
2.4 0.0318325 0.501491
2.8 0.0322097 0.499382
3.2 0.0326501 0.497011
3.6 0.0331556 0.4944
4 0.0337282 0.491577
4.4 0.0343699 0.488568
4.8 0.0350828 0.485402
5.2 0.0358686 0.482108
5.6 0.0367291 0.478713
6 0.0376657 0.475248
6.4 0.0386794 0.471738
6.8 0.0397709 0.468209
7.2 0.0409404 0.464687
7.6 0.0421876 0.461193
8 0.0435116 0.457747
8.4 0.0449106 0.454366
8.8 0.0463823 0.451064
9.2 0.0479238 0.447854
9.6 0.0495312 0.444744
10 0.0511998 0.441739
10.4 0.0529242 0.438842
10.8 0.0546982 0.436055
11.2 0.0565149 0.433374
11.6 0.0583663 0.430795
12 0.0602442 0.428311
12.4 0.0621395 0.425914
12.8 0.0640424 0.423593
13.2 0.0659429 0.421339
13.6 0.0678304 0.419139
14 0.0696942 0.416982
14.4 0.0715232 0.414854
14.8 0.0733065 0.412746
15.2 0.0750329 0.410644
15.6 0.0766919 0.40854
16 0.078273 0.406424
16.4 0.0797662 0.404288
16.8 0.0811623 0.402126
17.2 0.0824525 0.399934
17.6 0.0836292 0.397707
18 0.0846856 0.395444
18.4 0.0856159 0.393147
18.8 0.0864156 0.390816
19.2 0.0870812 0.388456
19.6 0.0876108 0.386069
20 0.0880035 0.383663
20.4 0.08826 0.381244
20.8 0.0883822 0.378819
21.2 0.0883733 0.376396
21.6 0.0882381 0.373982
22 0.0879822 0.371586
22.4 0.0876128 0.369214
22.8 0.0871379 0.366873
23.2 0.0865666 0.36457
23.6 0.0859089 0.362308
24 0.0851756 0.360092
24.4 0.0843778 0.357923
24.8 0.0835276 0.355802
25.2 0.0826368 0.353729
25.6 0.0817177 0.3517
26 0.0807825 0.349712
26.4 0.0798432 0.34776
26.8 0.0789115 0.345836
27.2 0.0779986 0.343932
27.6 0.077115 0.342039
28 0.0762705 0.340147
28.4 0.0754741 0.338244
28.8 0.0747338 0.336319
29.2 0.0740563 0.33436
29.6 0.0734474 0.332357
30 0.0729117 0.330297
30.4 0.0724525 0.32817
30.8 0.0720718 0.325966
31.2 0.0717705 0.323676
31.6 0.0715481 0.321293
32 0.0714031 0.318812
32.4 0.0713327 0.316227
32.8 0.0713331 0.313537
33.2 0.0713996 0.31074
33.6 0.0715263 0.307839
34 0.071707 0.304837
34.4 0.0719344 0.301739
34.8 0.072201 0.298553
35.2 0.0724986 0.295288
35.6 0.072819 0.291955
36 0.0731536 0.288566
36.4 0.073494 0.285136
36.8 0.0738319 0.281679
37.2 0.0741591 0.278211
37.6 0.0744679 0.27475
38 0.074751 0.271311
38.4 0.0750017 0.267912
38.8 0.0752141 0.264571
39.2 0.0753828 0.261303
39.6 0.0755034 0.258125
40 0.0755722 0.255052
40.4 0.0755864 0.252097
40.8 0.0755443 0.249273
41.2 0.0754448 0.246592
41.6 0.075288 0.244062
42 0.0750746 0.241692
42.4 0.0748065 0.239487
42.8 0.0744859 0.237451
43.2 0.0741161 0.235586
43.6 0.073701 0.233893
44 0.073245 0.232369
44.4 0.0727529 0.231011
44.8 0.0722302 0.229814
45.2 0.0716823 0.228771
45.6 0.0711151 0.227874
46 0.0705346 0.227113
46.4 0.0699466 0.226479
46.8 0.069357 0.22596
47.2 0.0687713 0.225544
47.6 0.0681951 0.225218
48 0.0676334 0.224971
48.4 0.0670907 0.224789
48.8 0.0665713 0.22466
49.2 0.0660788 0.224571
49.6 0.0656163 0.224511
50 0.0651864 0.224468
50.4 0.0647909 0.224431
50.8 0.0644312 0.224392
51.2 0.0641082 0.22434
51.6 0.063822 0.224267
52 0.0635722 0.224168
52.4 0.0633582 0.224034
52.8 0.0631787 0.223862
53.2 0.0630321 0.223646
53.6 0.0629166 0.223384
54 0.06283 0.223073
54.4 0.06277 0.222711
54.8 0.0627342 0.222297
55.2 0.0627203 0.221831
55.6 0.0627258 0.221311
56 0.0627486 0.22074
56.4 0.0627867 0.220117
56.8 0.0628381 0.219443
57.2 0.0629013 0.21872
57.6 0.0629752 0.217949
58 0.0630589 0.21713
58.4 0.0631518 0.216265
58.8 0.0632538 0.215355
59.2 0.0633651 0.2144
59.6 0.0634864 0.213402
60 0.0636184 0.212359
60.4 0.0637625 0.211273
60.8 0.06392 0.210144
61.2 0.0640926 0.208969
61.6 0.0642821 0.20775
62 0.0644904 0.206485
62.4 0.0647192 0.205172
62.8 0.0649704 0.20381
63.2 0.0652458 0.202398
63.6 0.0655467 0.200934
64 0.0658744 0.199416
64.4 0.0662298 0.197841
64.8 0.0666135 0.196209
65.2 0.0670255 0.194517
65.6 0.0674657 0.192762
66 0.0679332 0.190943
66.4 0.0684267 0.189057
66.8 0.0689445 0.187103
67.2 0.0694844 0.185079
67.6 0.0700436 0.182982
68 0.0706191 0.18081
68.4 0.0712073 0.178562
68.8 0.0718044 0.176237
69.2 0.0724062 0.173831
69.6 0.0730084 0.171345
70 0.0736066 0.168777
70.4 0.0741962 0.166125
70.8 0.0747727 0.163388
71.2 0.0753317 0.160567
71.6 0.075869 0.157661
72 0.0763805 0.154668
72.4 0.0768626 0.151591
72.8 0.077312 0.148429
73.2 0.0777258 0.145184
73.6 0.0781018 0.141857
74 0.0784381 0.138451
74.4 0.0787333 0.134967
74.8 0.0789869 0.13141
75.2 0.0791985 0.127784
75.6 0.0793685 0.124093
76 0.0794979 0.120343
76.4 0.079588 0.11654
76.8 0.0796407 0.112691
77.2 0.0796581 0.108802
77.6 0.0796427 0.104883
78 0.0795974 0.100942
78.4 0.079525 0.0969892
78.8 0.0794286 0.0930334
79.2 0.0793113 0.0890852
79.6 0.079176 0.0851552
80 0.0790256 0.0812543
80.4 0.0788629 0.0773933
80.8 0.0786902 0.0735832
81.2 0.0785096 0.0698347
81.6 0.0783229 0.0661583
82 0.0781315 0.062564
82.4 0.0779363 0.0590615
82.8 0.077738 0.0556596
83.2 0.0775367 0.0523665
83.6 0.0773323 0.0491896
84 0.0771241 0.0461352
84.4 0.0769113 0.0432086
84.8 0.076693 0.0404142
85.2 0.0764678 0.037755
85.6 0.0762345 0.0352331
86 0.0759916 0.0328494
86.4 0.075738 0.0306036
86.8 0.0754725 0.0284944
87.2 0.0751943 0.0265196
87.6 0.0749029 0.0246758
88 0.0745981 0.0229591
88.4 0.0742804 0.0213645
88.8 0.0739505 0.0198867
89.2 0.0736101 0.0185199
89.6 0.0732613 0.0172577
90 0.0729067 0.0160938
90.4 0.0725499 0.0150218
90.8 0.0721948 0.0140354
91.2 0.0718461 0.0131284
91.6 0.071509 0.012295
92 0.071189 0.0115301
92.4 0.0708922 0.0108289
92.8 0.0706249 0.0101873
93.2 0.0703936 0.00960204
93.6 0.0702048 0.00907047
94 0.0700649 0.00859081
94.4 0.0699801 0.00816204
94.8 0.0699562 0.00778391
95.2 0.0699985 0.0074569
95.6 0.0701117 0.00718215
96 0.0702995 0.00696141
96.4 0.0705649 0.00679692
96.8 0.0709096 0.00669136
97.2 0.0713345 0.00664768
97.6 0.0718391 0.00666901
98 0.0724216 0.00675853
98.4 0.0730791 0.00691937
98.8 0.0738072 0.00715446
99.2 0.0746004 0.00746642
99.6 0.0754519 0.00785748
100 0.0763536 0.00832936
100.4 0.0772967 0.00888317
100.8 0.0782712 0.00951939
101.2 0.0792663 0.0102378
101.6 0.0802708 0.0110374
102 0.081273 0.0119166
102.4 0.0822607 0.0128728
102.8 0.0832221 0.0139028
103.2 0.0841452 0.0150028
103.6 0.0850187 0.0161684
104 0.0858317 0.0173943
104.4 0.0865741 0.0186752
104.8 0.087237 0.020005
105.2 0.0878125 0.0213776
105.6 0.0882939 0.0227866
106 0.0886763 0.0242254
106.4 0.0889561 0.0256876
106.8 0.0891313 0.0271669
107.2 0.0892015 0.0286572
107.6 0.0891682 0.0301525
108 0.0890343 0.0316474
108.4 0.0888044 0.033137
108.8 0.0884844 0.0346165
109.2 0.0880816 0.0360821
109.6 0.0876045 0.0375301
110 0.0870626 0.0389576
110.4 0.086466 0.0403621
110.8 0.0858257 0.0417416
111.2 0.0851526 0.0430946
111.6 0.084458 0.0444199
112 0.0837528 0.0457169
112.4 0.0830476 0.046985
112.8 0.0823523 0.0482238
113.2 0.0816759 0.0494333
113.6 0.0810264 0.0506133
114 0.0804104 0.0517636
114.4 0.0798331 0.0528841
114.8 0.0792983 0.0539744
115.2 0.0788082 0.0550338
115.6 0.0783631 0.0560616
116 0.0779619 0.0570567
116.4 0.0776016 0.0580176
116.8 0.077278 0.0589426
117.2 0.0769852 0.0598297
117.6 0.076716 0.0606766
118 0.0764622 0.0614808
118.4 0.0762147 0.0622394
118.8 0.0759635 0.0629496
119.2 0.0756984 0.0636084
119.6 0.075409 0.0642128
120 0.075085 0.0647597
120.4 0.0747164 0.0652465
120.8 0.0742939 0.0656704
121.2 0.0738091 0.0660291
121.6 0.0732549 0.0663207
122 0.0726253 0.0665436
122.4 0.0719159 0.0666968
122.8 0.0711242 0.0667798
123.2 0.0702492 0.0667926
123.6 0.069292 0.0667358
124 0.0682557 0.0666108
124.4 0.0671449 0.0664194
124.8 0.0659663 0.066164
125.2 0.0647285 0.0658477
125.6 0.0634413 0.0654741
126 0.0621161 0.0650472
126.4 0.0607657 0.0645714
126.8 0.0594034 0.0640515
127.2 0.0580435 0.0634925
127.6 0.0567005 0.0628996
128 0.0553892 0.062278
128.4 0.0541239 0.0616331
128.8 0.0529184 0.06097
129.2 0.0517857 0.0602937
129.6 0.0507378 0.0596089
130 0.0497851 0.05892
130.4 0.0489365 0.058231
130.8 0.0481989 0.0575455
131.2 0.0475774 0.0568665
131.6 0.0470748 0.0561966
132 0.0466918 0.0555378
132.4 0.0464269 0.0548915
132.8 0.0462764 0.0542587
133.2 0.0462343 0.0536397
133.6 0.0462928 0.0530346
134 0.0464422 0.0524427
134.4 0.0466709 0.0518633
134.8 0.0469662 0.0512951
135.2 0.0473141 0.0507365
135.6 0.0476996 0.0501859
136 0.0481075 0.0496414
136.4 0.048522 0.0491011
136.8 0.0489277 0.0485631
137.2 0.0493096 0.0480256
137.6 0.0496533 0.0474867
138 0.0499458 0.0469449
138.4 0.0501753 0.0463988
138.8 0.0503314 0.0458473
139.2 0.050406 0.0452893
139.6 0.0503927 0.0447244
140 0.0502874 0.0441521
140.4 0.0500883 0.0435723
140.8 0.0497957 0.0429851
141.2 0.0494125 0.0423908
141.6 0.0489436 0.0417901
142 0.0483963 0.0411835
142.4 0.0477797 0.0405719
142.8 0.0471049 0.039956
143.2 0.0463843 0.0393366
143.6 0.0456321 0.0387145
144 0.0448632 0.0380903
144.4 0.0440935 0.0374646
144.8 0.043339 0.0368377
145.2 0.0426163 0.0362098
145.6 0.0419414 0.0355806
146 0.04133 0.03495
146.4 0.0407967 0.0343171
146.8 0.0403553 0.0336812
147.2 0.040018 0.0330411
147.6 0.0397955 0.0323954
148 0.0396965 0.0317426
148.4 0.0397279 0.0310808
148.8 0.0398945 0.0304083
149.2 0.0401988 0.0297232
149.6 0.0406412 0.0290235
150 0.0412199 0.0283073
150.4 0.0419309 0.0275729
150.8 0.0427681 0.0268188
151.2 0.0437238 0.0260435
151.6 0.0447882 0.025246
152 0.0459501 0.0244256
152.4 0.047197 0.023582
152.8 0.0485154 0.0227154
153.2 0.0498909 0.0218262
153.6 0.0513086 0.0209156
154 0.0527532 0.0199852
154.4 0.0542096 0.0190369
154.8 0.0556629 0.0180734
155.2 0.0570987 0.0170975
155.6 0.0585034 0.0161127
156 0.0598644 0.0151227
156.4 0.0611701 0.0141317
156.8 0.0624104 0.013144
157.2 0.0635764 0.0121642
157.6 0.064661 0.0111969
158 0.0656584 0.0102469
158.4 0.0665646 0.00931884
158.8 0.0673771 0.00841737
159.2 0.0680949 0.00754689
159.6 0.0687185 0.00671155
160 0.0692497 0.00591517
160.4 0.0696917 0.00516121
160.8 0.0700486 0.00445265
161.2 0.0703253 0.00379202
161.6 0.0705277 0.00318131
162 0.070662 0.00262196
162.4 0.0707349 0.00211485
162.8 0.070753 0.00166029
163.2 0.0707232 0.00125801
163.6 0.0706517 0.000907213
164 0.0705447 0.000606559
164.4 0.0704075 0.00035423
164.8 0.0702449 0.000147959
165.2 0.0700609 -1.49191e-05
165.6 0.0698584 -0.00013741
166 0.0696395 -0.0002228
166.4 0.0694051 -0.000274597
166.8 0.0691552 -0.000296462
167.2 0.0688887 -0.000292146
167.6 0.0686037 -0.000265427
168 0.068297 -0.000220046
168.4 0.067965 -0.000159655
168.8 0.067603 -8.77605e-05
169.2 0.0672059 -7.67533e-06
169.6 0.0667682 7.75193e-05
170 0.0662838 0.00016501
170.4 0.0657467 0.000252276
170.8 0.0651508 0.000337111
171.2 0.0644903 0.000417633
171.6 0.0637597 0.000492291
172 0.0629538 0.00055986
172.4 0.0620684 0.000619434
172.8 0.0610999 0.000670412
173.2 0.0600458 0.000712475
173.6 0.0589044 0.000745567
174 0.0576755 0.000769862
174.4 0.0563597 0.000785736
174.8 0.0549592 0.000793736
175.2 0.0534772 0.000794547
175.6 0.0519185 0.000788955
176 0.0502889 0.000777821
176.4 0.0485955 0.000762047
176.8 0.0468466 0.000742548
177.2 0.0450514 0.000720228
177.6 0.0432201 0.000695954
178 0.0413638 0.00067054
178.4 0.039494 0.000644731
178.8 0.0376229 0.000619189
179.2 0.0357628 0.000594488
179.6 0.0339263 0.000571104
180 0.0321258 0.00054942
180.4 0.0303733 0.000529723
180.8 0.0286807 0.000512209
181.2 0.0270588 0.00049699
181.6 0.0255179 0.000484102
182 0.0240673 0.000473517
182.4 0.0227148 0.000465147
182.8 0.0214674 0.000458861
183.2 0.0203305 0.000454496
183.6 0.019308 0.000451862
184 0.0184022 0.00045076
184.4 0.0176141 0.000450984
184.8 0.016943 0.000452334
185.2 0.0163865 0.000454621
185.6 0.0159409 0.00045767
186 0.0156009 0.000461329
186.4 0.0153601 0.000465467
186.8 0.0152107 0.000469979
187.2 0.0151439 0.000474782
187.6 0.01515 0.000479816
188 0.0152186 0.000485043
188.4 0.0153389 0.000490444
188.8 0.0154997 0.000496012
189.2 0.0156898 0.000501754
189.6 0.015898 0.000507684
190 0.0161135 0.000513823
190.4 0.0163263 0.000520189
190.8 0.0165268 0.000526804
191.2 0.0167065 0.000533682
191.6 0.0168581 0.000540835
192 0.0169754 0.000548267
192.4 0.0170537 0.000555976
192.8 0.0170896 0.000563955
193.2 0.0170813 0.00057219
193.6 0.0170286 0.000580663
194 0.0169326 0.000589355
194.4 0.0167961 0.000598243
194.8 0.0166234 0.000607308
195.2 0.0164199 0.000616533
195.6 0.0161923 0.000625908
196 0.0159485 0.000635426
196.4 0.015697 0.00064509
196.8 0.0154472 0.000654914
197.2 0.0152088 0.000664916
197.6 0.0149918 0.000675128
198 0.0148061 0.000685585
198.4 0.0146617 0.000696333
198.8 0.0145677 0.00070742
199.2 0.0145328 0.000718897
199.6 0.0145648 0.000730816
200 0.0146702 0.000743225
200.4 0.0148544 0.000756167
200.8 0.0151215 0.000769674
201.2 0.0154739 0.000783768
201.6 0.0159125 0.000798456
202 0.0164365 0.000813728
202.4 0.0170434 0.000829556
202.8 0.0177292 0.000845892
203.2 0.0184881 0.000862667
203.6 0.0193129 0.000879793
204 0.0201949 0.000897163
204.4 0.0211241 0.000914652
204.8 0.0220897 0.000932119
205.2 0.0230796 0.000949413
205.6 0.0240812 0.000966373
206 0.0250815 0.000982835
206.4 0.026067 0.000998634
206.8 0.0270245 0.00101361
207.2 0.0279407 0.00102761
207.6 0.028803 0.00104051
208 0.0295994 0.00105217
208.4 0.0303186 0.00106252
208.8 0.0309506 0.00107147
209.2 0.0314864 0.00107899
209.6 0.0319185 0.00108507
210 0.0322406 0.00108973
210.4 0.0324482 0.00109304
210.8 0.0325383 0.00109507
211.2 0.0325093 0.00109595
211.6 0.0323613 0.00109582
212 0.032096 0.00109486
212.4 0.0317165 0.00109325
212.8 0.0312272 0.00109122
213.2 0.0306338 0.00108898
213.6 0.0299432 0.00108675
214 0.0291632 0.00108477
214.4 0.0283024 0.00108325
214.8 0.0273702 0.00108239
215.2 0.0263764 0.00108239
215.6 0.0253312 0.00108341
216 0.0242448 0.00108559
216.4 0.0231276 0.00108903
216.8 0.0219898 0.0010938
217.2 0.0208415 0.00109994
217.6 0.0196923 0.00110743
218 0.0185515 0.00111623
218.4 0.0174277 0.00112625
218.8 0.016329 0.00113737
219.2 0.0152631 0.00114943
219.6 0.0142366 0.00116223
220 0.0132559 0.00117556
220.4 0.0123266 0.00118918
220.8 0.0114536 0.00120283
221.2 0.0106414 0.00121622
221.6 0.00989375 0.00122909
222 0.00921406 0.00124116
222.4 0.00860521 0.00125214
222.8 0.00806967 0.00126178
223.2 0.00760955 0.00126982
223.6 0.00722662 0.00127604
224 0.00692237 0.00128024
224.4 0.00669799 0.00128225
224.8 0.00655442 0.00128191
225.2 0.00649234 0.00127913
225.6 0.00651217 0.00127383
226 0.00661407 0.00126597
226.4 0.00679788 0.00125554
226.8 0.00706313 0.00124258
227.2 0.00740898 0.00122715
227.6 0.00783418 0.00120934
228 0.00833705 0.00118926
228.4 0.00891539 0.00116706
228.8 0.00956648 0.0011429
229.2 0.010287 0.00111696
229.6 0.0110732 0.00108943
230 0.0119204 0.0010605
230.4 0.0128234 0.00103038
230.8 0.0137766 0.000999278
231.2 0.0147735 0.000967389
231.6 0.0158071 0.000934914
232 0.0168699 0.000902045
232.4 0.0179537 0.000868962
232.8 0.0190502 0.000835837
233.2 0.0201505 0.00080283
233.6 0.0212456 0.000770087
234 0.0223263 0.000737744
234.4 0.0233835 0.000705924
234.8 0.0244081 0.000674738
235.2 0.0253911 0.000644286
235.6 0.0263242 0.000614659
236 0.0271992 0.00058594
236.4 0.0280088 0.000558204
236.8 0.0287462 0.00053152
237.2 0.0294055 0.000505953
237.6 0.0299815 0.000481565
238 0.0304702 0.000458413
238.4 0.0308683 0.000436555
238.8 0.0311739 0.000416045
239.2 0.0313858 0.000396939
239.6 0.0315039 0.000379289
240 0.0315292 0.000363146
240.4 0.0314637 0.00034856
240.8 0.0313102 0.000335576
241.2 0.0310722 0.000324236
241.6 0.0307543 0.000314577
242 0.0303613 0.000306629
242.4 0.0298989 0.000300412
242.8 0.0293728 0.000295939
243.2 0.0287895 0.00029321
243.6 0.0281551 0.000292215
244 0.0274761 0.000292927
244.4 0.0267587 0.000295309
244.8 0.0260092 0.000299305
245.2 0.0252334 0.000304845
245.6 0.0244367 0.000311845
246 0.0236243 0.000320203
246.4 0.0228005 0.000329804
246.8 0.0219695 0.000340519
247.2 0.0211347 0.000352206
247.6 0.020299 0.000364712
248 0.0194648 0.000377876
248.4 0.0186339 0.000391528
248.8 0.0178077 0.000405496
249.2 0.0169869 0.000419602
249.6 0.0161723 0.000433671
250 0.0153639 0.00044753
250.4 0.0145618 0.00046101
250.8 0.0137658 0.000473953
251.2 0.0129758 0.000486208
251.6 0.0121915 0.000497636
252 0.0114128 0.000508114
252.4 0.0106399 0.000517535
252.8 0.00987285 0.000525806
253.2 0.00911237 0.000532857
253.6 0.00835934 0.000538632
254 0.007615 0.000543098
254.4 0.00688102 0.000546238
254.8 0.00615941 0.000548059
255.2 0.00545262 0.00054858
255.6 0.00476342 0.000547844
256 0.00409498 0.000545905
256.4 0.00345072 0.000542836
256.8 0.00283434 0.000538723
257.2 0.00224973 0.000533661
257.6 0.00170092 0.00052776
258 0.00119198 0.000521134
258.4 0.000726977 0.000513908
258.8 0.000309883 0.000506209
259.2 -5.55006e-05 0.000498168
259.6 -0.000365615 0.000489919
260 -0.00061722 0.000481596
260.4 -0.000807462 0.000473331
260.8 -0.000933939 0.000465255
261.2 -0.000994752 0.000457498
261.6 -0.000988558 0.000450182
262 -0.000914607 0.000443427
262.4 -0.000772776 0.000437347
262.8 -0.00056359 0.000432052
263.2 -0.000288235 0.000427643
263.6 5.14417e-05 0.000424216
264 0.000452932 0.00042186
264.4 0.000913086 0.000420656
264.8 0.00142813 0.000420677
265.2 0.00199372 0.000421987
265.6 0.00260493 0.00042464
266 0.00325635 0.00042868
266.4 0.00394211 0.000434139
266.8 0.00465595 0.000441038
267.2 0.00539124 0.000449381
267.6 0.00614113 0.000459158
268 0.0068985 0.000470341
268.4 0.00765613 0.000482885
268.8 0.00840672 0.000496721
269.2 0.00914297 0.000511761
269.6 0.00985767 0.000527891
270 0.0105437 0.000544971
270.4 0.0111943 0.000562838
270.8 0.0118029 0.000581296
271.2 0.0123631 0.000600124
271.6 0.0128694 0.000619073
272 0.0133162 0.000637863
272.4 0.013699 0.000656188
272.8 0.0140135 0.000673716
273.2 0.0142561 0.000690091
273.6 0.0144242 0.000704934
274 0.0145155 0.00071785
274.4 0.0145287 0.000728428
274.8 0.0144633 0.000736247
275.2 0.0143195 0.000740885
275.6 0.0140983 0.000741918
276 0.0138016 0.000738931
276.4 0.0134319 0.000731522
276.8 0.0129926 0.000719312
277.2 0.0124879 0.00070195
277.6 0.0119226 0.000679119
278 0.011302 0.000650545
278.4 0.0106322 0.000616003
278.8 0.00991963 0.000575323
279.2 0.00917134 0.000528397
279.6 0.00839455 0.000475182
280 0.00759681 0.000415705
280.4 0.00678578 0.000350069
280.8 0.00596922 0.000278451
281.2 0.00515482 0.000201106
281.6 0.00435014 0.000118364
282 0.00356248 3.06347e-05
282.4 0.0027988 -6.1603e-05
282.8 0.00206563 -0.000157799
283.2 0.00136899 -0.000257342
283.6 0.000714282 -0.000359559
284 0.000106269 -0.00046373
284.4 -0.000451022 -0.000569095
284.8 -0.000954323 -0.000674858
285.2 -0.00140117 -0.000780204
285.6 -0.0017899 -0.000884306
286 -0.00211968 -0.000986338
286.4 -0.0023905 -0.00108548
286.8 -0.00260313 -0.00118095
287.2 -0.00275909 -0.00127197
287.6 -0.00286061 -0.00135784
288 -0.00291059 -0.00143789
288.4 -0.00291247 -0.00151153
288.8 -0.00287022 -0.00157822
289.2 -0.00278823 -0.00163751
289.6 -0.0026712 -0.00168904
290 -0.00252408 -0.00173254
290.4 -0.00235197 -0.00176781
290.8 -0.00215998 -0.00179476
291.2 -0.00195322 -0.00181339
291.6 -0.00173664 -0.00182379
292 -0.00151499 -0.00182615
292.4 -0.00129274 -0.00182071
292.8 -0.00107399 -0.00180782
293.2 -0.000862443 -0.0017879
293.6 -0.00066136 -0.00176141
294 -0.000473507 -0.00172888
294.4 -0.000301147 -0.00169089
294.8 -0.000146026 -0.00164805
295.2 -9.37603e-06 -0.001601
295.6 0.000108077 -0.00155038
296 0.000206085 -0.00149685
296.4 0.000284855 -0.00144106
296.8 0.000345001 -0.00138365
297.2 0.000387503 -0.00132524
297.6 0.000413657 -0.00126641
298 0.000425013 -0.0012077
298.4 0.000423327 -0.00114962
298.8 0.000410493 -0.00109264
299.2 0.000388491 -0.00103714
299.6 0.000359327 -0.000983491
300 0.000324986 -0.000931976
300.4 0.000287374 -0.000882834
300.8 0.000248286 -0.000836248
301.2 0.000209358 -0.000792344
301.6 0.000172045 -0.0007512
302 0.000137593 -0.000712843
302.4 0.000107024 -0.000677257
302.8 8.11257e-05 -0.000644387
303.2 6.04531e-05 -0.000614141
303.6 4.53295e-05 -0.000586401
304 3.58589e-05 -0.000561023
304.4 3.19419e-05 -0.000537845
304.8 3.3296e-05 -0.000516693
305.2 3.94804e-05 -0.000497383
305.6 4.99232e-05 -0.000479728
306 6.395e-05 -0.000463544
306.4 8.0814e-05 -0.000448651
306.8 9.97258e-05 -0.000434877
307.2 0.000119882 -0.000422061
307.6 0.000140494 -0.000410057
308 0.000160808 -0.000398731
308.4 0.000180134 -0.000387969
308.8 0.000197858 -0.000377671
309.2 0.000213459 -0.000367755
309.6 0.000226519 -0.000358153
310 0.000236732 -0.000348816
310.4 0.0002439 -0.000339706
310.8 0.000247942 -0.000330797
311.2 0.000248878 -0.000322078
311.6 0.000246831 -0.000313544
312 0.000242008 -0.000305197
312.4 0.000234697 -0.000297046
312.8 0.000225242 -0.000289102
313.2 0.000214037 -0.00028138
313.6 0.000201503 -0.000273894
314 0.000188077 -0.000266657
314.4 0.000174197 -0.00025968
314.8 0.000160283 -0.000252972
315.2 0.000146729 -0.000246535
315.6 0.000133892 -0.000240372
316 0.000122078 -0.000234479
316.4 0.000111541 -0.000228847
316.8 0.000102476 -0.000223464
317.2 9.50169e-05 -0.000218315
317.6 8.92347e-05 -0.000213383
318 8.51425e-05 -0.000208645
318.4 8.26974e-05 -0.00020408
318.8 8.18061e-05 -0.000199664
319.2 8.23319e-05 -0.000195374
319.6 8.41026e-05 -0.000191188
320 8.69182e-05 -0.000187083
320.4 9.05603e-05 -0.000183041
320.8 9.48007e-05 -0.000179044
321.2 9.94097e-05 -0.000175079
321.6 0.000104164 -0.000171133
322 0.000108854 -0.0001672
322.4 0.000113291 -0.000163276
322.8 0.000117309 -0.000159358
323.2 0.000120771 -0.000155449
323.6 0.000123573 -0.000151555
324 0.00012564 -0.000147682
324.4 0.000126931 -0.000143842
324.8 0.000127435 -0.000140044
325.2 0.000127169 -0.000136303
325.6 0.000126175 -0.000132632
326 0.000124519 -0.000129044
326.4 0.00012228 -0.000125553
326.8 0.000119553 -0.000122173
327.2 0.000116436 -0.000118916
327.6 0.000113034 -0.000115792
328 0.000109449 -0.000112811
328.4 0.000105776 -0.000109981
328.8 0.000102101 -0.000107307
329.2 9.84992e-05 -0.000104792
329.6 9.50305e-05 -0.00010244
330 9.17395e-05 -0.000100249
330.4 8.86543e-05 -9.82174e-05
330.8 8.57871e-05 -9.63415e-05
331.2 8.31345e-05 -9.46159e-05
331.6 8.06797e-05 -9.30339e-05
332 7.83937e-05 -9.15877e-05
332.4 7.62382e-05 -9.02683e-05
332.8 7.4168e-05 -8.90661e-05
333.2 7.21339e-05 -8.79709e-05
333.6 7.00858e-05 -8.69723e-05
334 6.79751e-05 -8.60592e-05
334.4 6.57576e-05 -8.5221e-05
334.8 6.33957e-05 -8.44468e-05
335.2 6.08601e-05 -8.37258e-05
335.6 5.81317e-05 -8.30478e-05
336 5.52021e-05 -8.24025e-05
336.4 5.20742e-05 -8.17802e-05
336.8 4.87624e-05 -8.11716e-05
337.2 4.52914e-05 -8.05676e-05
337.6 4.16959e-05 -7.99598e-05
338 3.80188e-05 -7.93401e-05
338.4 3.43092e-05 -7.87009e-05
338.8 3.0621e-05 -7.80351e-05
339.2 2.70103e-05 -7.73362e-05
339.6 2.35334e-05 -7.65982e-05
340 2.02444e-05 -7.58157e-05
340.4 1.71932e-05 -7.4984e-05
340.8 1.44238e-05 -7.40992e-05
341.2 1.19723e-05 -7.31581e-05
341.6 9.86593e-06 -7.21582e-05
342 8.12198e-06 -7.10983e-05
342.4 6.74721e-06 -6.99777e-05
342.8 5.7378e-06 -6.87972e-05
343.2 5.07956e-06 -6.75582e-05
343.6 4.74861e-06 -6.62634e-05
344 4.71238e-06 -6.49166e-05
344.4 4.93091e-06 -6.35225e-05
344.8 5.35842e-06 -6.2087e-05
345.2 5.94503e-06 -6.06168e-05
345.6 6.63862e-06 -5.91195e-05
346 7.38676e-06 -5.76033e-05
346.4 8.13852e-06 -5.60774e-05
346.8 8.84629e-06 -5.4551e-05
347.2 9.46738e-06 -5.30338e-05
347.6 9.96539e-06 -5.15358e-05
348 1.03114e-05 -5.00666e-05
348.4 1.04847e-05 -4.86357e-05
348.8 1.04734e-05 -4.72521e-05
349.2 1.02748e-05 -4.59243e-05
349.6 9.89468e-06 -4.46597e-05
350 9.34753e-06 -4.34652e-05
350.4 8.65535e-06 -4.23463e-05
350.8 7.84685e-06 -4.13072e-05
351.2 6.95618e-06 -4.03513e-05
351.6 6.02158e-06 -3.94802e-05
352 5.08389e-06 -3.86944e-05
352.4 4.18505e-06 -3.79931e-05
352.8 3.3665e-06 -3.73739e-05
353.2 2.66781e-06 -3.68335e-05
353.6 2.12522e-06 -3.63671e-05
354 1.77047e-06 -3.59693e-05
354.4 1.62978e-06 -3.56333e-05
354.8 1.72302e-06 -3.53517e-05
355.2 2.06313e-06 -3.51166e-05
355.6 2.65584e-06 -3.49195e-05
356 3.49955e-06 -3.47515e-05
356.4 4.58555e-06 -3.46038e-05
356.8 5.89838e-06 -3.44674e-05
357.2 7.41648e-06 -3.43336e-05
357.6 9.11294e-06 -3.41939e-05
358 1.09565e-05 -3.40402e-05
358.4 1.29124e-05 -3.3865e-05
358.8 1.49437e-05 -3.36615e-05
359.2 1.70124e-05 -3.34234e-05
359.6 1.90802e-05 -3.31453e-05
360 2.11102e-05 -3.28227e-05
360.4 2.30671e-05 -3.24515e-05
360.8 2.49186e-05 -3.2029e-05
361.2 2.66361e-05 -3.15528e-05
361.6 2.8195e-05 -3.10218e-05
362 2.95753e-05 -3.04353e-05
362.4 3.07618e-05 -2.97935e-05
362.8 3.17441e-05 -2.90974e-05
363.2 3.25167e-05 -2.83487e-05
363.6 3.30787e-05 -2.75494e-05
364 3.34334e-05 -2.67026e-05
364.4 3.35879e-05 -2.58114e-05
364.8 3.35525e-05 -2.48799e-05
365.2 3.33404e-05 -2.39122e-05
365.6 3.29668e-05 -2.29131e-05
366 3.24483e-05 -2.18875e-05
366.4 3.18027e-05 -2.08406e-05
366.8 3.10479e-05 -1.9778e-05
367.2 3.02019e-05 -1.87053e-05
367.6 2.9282e-05 -1.76283e-05
368 2.8305e-05 -1.65527e-05
368.4 2.72864e-05 -1.54843e-05
368.8 2.62404e-05 -1.44288e-05
369.2 2.51801e-05 -1.33919e-05
369.6 2.41173e-05 -1.23787e-05
370 2.30626e-05 -1.13945e-05
370.4 2.20255e-05 -1.04439e-05
370.8 2.10145e-05 -9.5313e-06
371.2 2.00377e-05 -8.66052e-06
371.6 1.91024e-05 -7.83491e-06
372 1.82159e-05 -7.05725e-06
372.4 1.73852e-05 -6.32972e-06
372.8 1.66174e-05 -5.65385e-06
373.2 1.59198e-05 -5.03053e-06
373.6 1.52998e-05 -4.45997e-06
374 1.47652e-05 -3.94174e-06
374.4 1.43238e-05 -3.4748e-06
374.8 1.39834e-05 -3.05746e-06
375.2 1.37517e-05 -2.68754e-06
375.6 1.36362e-05 -2.36231e-06
376 1.36436e-05 -2.07867e-06
376.4 1.378e-05 -1.83316e-06
376.8 1.40502e-05 -1.62206e-06
377.2 1.44576e-05 -1.4415e-06
377.6 1.50042e-05 -1.28756e-06
378 1.569e-05 -1.15634e-06
378.4 1.6513e-05 -1.04408e-06
378.8 1.74689e-05 -9.47234e-07
379.2 1.85515e-05 -8.62543e-07
379.6 1.9752e-05 -7.87127e-07
380 2.10597e-05 -7.18527e-07
380.4 2.24618e-05 -6.54753e-07
380.8 2.39435e-05 -5.9431e-07
381.2 2.54887e-05 -5.36212e-07
381.6 2.70797e-05 -4.7998e-07
382 2.86981e-05 -4.25616e-07
382.4 3.03249e-05 -3.73576e-07
382.8 3.1941e-05 -3.24718e-07
383.2 3.35272e-05 -2.80242e-07
383.6 3.50655e-05 -2.41622e-07
384 3.65386e-05 -2.1053e-07
384.4 3.79304e-05 -1.88756e-07
384.8 3.92269e-05 -1.78125e-07
385.2 4.04157e-05 -1.8042e-07
385.6 4.14866e-05 -1.97304e-07
386 4.24315e-05 -2.30251e-07
386.4 4.32447e-05 -2.8049e-07
386.8 4.39227e-05 -3.48955e-07
387.2 4.44643e-05 -4.36247e-07
387.6 4.48703e-05 -5.42616e-07
388 4.51432e-05 -6.67951e-07
388.4 4.52875e-05 -8.11786e-07
388.8 4.53088e-05 -9.73317e-07
389.2 4.5214e-05 -1.15144e-06
389.6 4.50108e-05 -1.34478e-06
390 4.47075e-05 -1.55175e-06
390.4 4.43127e-05 -1.77061e-06
390.8 4.38349e-05 -1.99953e-06
391.2 4.32828e-05 -2.23663e-06
391.6 4.26643e-05 -2.48006e-06
392 4.19871e-05 -2.72806e-06
392.4 4.12584e-05 -2.97898e-06
392.8 4.04845e-05 -3.23136e-06
393.2 3.96715e-05 -3.48393e-06
393.6 3.88245e-05 -3.73566e-06
394 3.79485e-05 -3.98571e-06
394.4 3.7048e-05 -4.23352e-06
394.8 3.61271e-05 -4.47871e-06
395.2 3.51902e-05 -4.72108e-06
395.6 3.42416e-05 -4.96058e-06
396 3.32857e-05 -5.19727e-06
396.4 3.23275e-05 -5.43126e-06
396.8 3.13724e-05 -5.66264e-06
397.2 3.04265e-05 -5.89145e-06
397.6 2.94963e-05 -6.11761e-06
398 2.85892e-05 -6.34087e-06
398.4 2.77132e-05 -6.56078e-06
398.8 2.68768e-05 -6.77663e-06
399.2 2.6089e-05 -6.98744e-06
399.6 2.53591e-05 -7.19193e-06
400 2.46964e-05 -7.38855e-06
